21-Dec-2020 10:59:53.422 INFORMACIÓN [main] org.apache.catalina.startup.VersionLoggerListener.log Nombre de la versión del servidor: Apache Tomcat/9.0.41
21-Dec-2020 10:59:53.429 INFORMACIÓN [main] org.apache.catalina.startup.VersionLoggerListener.log Server built:                      Dec 3 2020 11:43:00 UTC
21-Dec-2020 10:59:53.429 INFORMACIÓN [main] org.apache.catalina.startup.VersionLoggerListener.log Número de versión de servidor:     9.0.41.0
21-Dec-2020 10:59:53.430 INFORMACIÓN [main] org.apache.catalina.startup.VersionLoggerListener.log OS Name:                           Linux
21-Dec-2020 10:59:53.430 INFORMACIÓN [main] org.apache.catalina.startup.VersionLoggerListener.log Versión de Systema Operativo:      5.4.0-58-generic
21-Dec-2020 10:59:53.430 INFORMACIÓN [main] org.apache.catalina.startup.VersionLoggerListener.log Arquitectura:                      amd64
21-Dec-2020 10:59:53.430 INFORMACIÓN [main] org.apache.catalina.startup.VersionLoggerListener.log Java Home:                         /usr/lib/jvm/java-11-openjdk-amd64
21-Dec-2020 10:59:53.430 INFORMACIÓN [main] org.apache.catalina.startup.VersionLoggerListener.log JVM Version:                       11.0.9.1+1-Ubuntu-0ubuntu1.20.04
21-Dec-2020 10:59:53.431 INFORMACIÓN [main] org.apache.catalina.startup.VersionLoggerListener.log Vededor JVM:                       Ubuntu
21-Dec-2020 10:59:53.431 INFORMACIÓN [main] org.apache.catalina.startup.VersionLoggerListener.log CATALINA_BASE:                     /home/pabpan/Repositorio_Netbeans/NetBeansProjects/apache-tomcat-9.0.41
21-Dec-2020 10:59:53.431 INFORMACIÓN [main] org.apache.catalina.startup.VersionLoggerListener.log CATALINA_HOME:                     /home/pabpan/Repositorio_Netbeans/NetBeansProjects/apache-tomcat-9.0.41
21-Dec-2020 10:59:53.463 INFORMACIÓN [main] org.apache.catalina.startup.VersionLoggerListener.log Command line argument:             --add-opens=java.base/java.lang=ALL-UNNAMED
21-Dec-2020 10:59:53.464 INFORMACIÓN [main] org.apache.catalina.startup.VersionLoggerListener.log Command line argument:             --add-opens=java.base/java.io=ALL-UNNAMED
21-Dec-2020 10:59:53.464 INFORMACIÓN [main] org.apache.catalina.startup.VersionLoggerListener.log Command line argument:             --add-opens=java.rmi/sun.rmi.transport=ALL-UNNAMED
21-Dec-2020 10:59:53.464 INFORMACIÓN [main] org.apache.catalina.startup.VersionLoggerListener.log Command line argument:             -Djava.util.logging.config.file=/home/pabpan/Repositorio_Netbeans/NetBeansProjects/apache-tomcat-9.0.41/conf/logging.properties
21-Dec-2020 10:59:53.464 INFORMACIÓN [main] org.apache.catalina.startup.VersionLoggerListener.log Command line argument:             -Djava.util.logging.manager=org.apache.juli.ClassLoaderLogManager
21-Dec-2020 10:59:53.466 INFORMACIÓN [main] org.apache.catalina.startup.VersionLoggerListener.log Command line argument:             -Dhttp.nonProxyHosts=localhost|127.0.0.1|PORTATIL-PABLO
21-Dec-2020 10:59:53.466 INFORMACIÓN [main] org.apache.catalina.startup.VersionLoggerListener.log Command line argument:             -Djdk.tls.ephemeralDHKeySize=2048
21-Dec-2020 10:59:53.466 INFORMACIÓN [main] org.apache.catalina.startup.VersionLoggerListener.log Command line argument:             -Djava.protocol.handler.pkgs=org.apache.catalina.webresources
21-Dec-2020 10:59:53.473 INFORMACIÓN [main] org.apache.catalina.startup.VersionLoggerListener.log Command line argument:             -Dorg.apache.catalina.security.SecurityListener.UMASK=0027
21-Dec-2020 10:59:53.473 INFORMACIÓN [main] org.apache.catalina.startup.VersionLoggerListener.log Command line argument:             -Dignore.endorsed.dirs=
21-Dec-2020 10:59:53.474 INFORMACIÓN [main] org.apache.catalina.startup.VersionLoggerListener.log Command line argument:             -Dcatalina.base=/home/pabpan/Repositorio_Netbeans/NetBeansProjects/apache-tomcat-9.0.41
21-Dec-2020 10:59:53.474 INFORMACIÓN [main] org.apache.catalina.startup.VersionLoggerListener.log Command line argument:             -Dcatalina.home=/home/pabpan/Repositorio_Netbeans/NetBeansProjects/apache-tomcat-9.0.41
21-Dec-2020 10:59:53.474 INFORMACIÓN [main] org.apache.catalina.startup.VersionLoggerListener.log Command line argument:             -Djava.io.tmpdir=/home/pabpan/Repositorio_Netbeans/NetBeansProjects/apache-tomcat-9.0.41/temp
21-Dec-2020 10:59:53.477 INFORMACIÓN [main] org.apache.catalina.core.AprLifecycleListener.lifecycleEvent La biblioteca nativa de Apache Tomcat basada en ARP que permite un rendimiento óptimo en entornos de desarrollo no ha sido hallada en java.library.path: [/usr/java/packages/lib:/usr/lib/x86_64-linux-gnu/jni:/lib/x86_64-linux-gnu:/usr/lib/x86_64-linux-gnu:/usr/lib/jni:/lib:/usr/lib]
21-Dec-2020 10:59:54.824 INFORMACIÓN [main] org.apache.coyote.AbstractProtocol.init Inicializando el manejador de protocolo ["http-nio-8084"]

21-Dec-2020 10:59:54.932 INFORMACIÓN [main] org.apache.catalina.startup.Catalina.load Server initialization in [2252] milliseconds
21-Dec-2020 10:59:55.153 INFORMACIÓN [main] org.apache.catalina.core.StandardService.startInternal Arrancando servicio [Catalina]
21-Dec-2020 10:59:55.154 INFORMACIÓN [main] org.apache.catalina.core.StandardEngine.startInternal Starting Servlet engine: [Apache Tomcat/9.0.41]
21-Dec-2020 10:59:55.168 INFORMACIÓN [main] org.apache.catalina.startup.HostConfig.deployDescriptor Desplieque del descriptor de configuración [/home/pabpan/Repositorio_Netbeans/NetBeansProjects/apache-tomcat-9.0.41/conf/Catalina/localhost/AgendaWebJPA.xml]
21-Dec-2020 10:59:55.231 ADVERTENCIA [main] org.apache.catalina.startup.HostConfig.deployDescriptor The path attribute with value [/AgendaWebJPA] in deployment descriptor [/home/pabpan/Repositorio_Netbeans/NetBeansProjects/apache-tomcat-9.0.41/conf/Catalina/localhost/AgendaWebJPA.xml] has been ignored
21-Dec-2020 10:59:58.070 INFORMACIÓN [main] org.apache.jasper.servlet.TldScanner.scanJars Al menos un JAR, que se ha explorado buscando TLDs, aún no contenía TLDs. Activar historial de depuración para este historiador para una completa lista de los JARs que fueron explorados y de los que nos se halló TLDs. Saltarse JARs no necesarios durante la exploración puede dar lugar a una mejora de tiempo significativa en el arranque y compilación de JSP .
21-Dec-2020 10:59:58.278 INFORMACIÓN [main] org.apache.catalina.startup.HostConfig.deployDescriptor Deployment of deployment descriptor [/home/pabpan/Repositorio_Netbeans/NetBeansProjects/apache-tomcat-9.0.41/conf/Catalina/localhost/AgendaWebJPA.xml] has finished in [3.107] ms
21-Dec-2020 10:59:58.280 INFORMACIÓN [main] org.apache.catalina.startup.HostConfig.deployDirectory Desplegando el directorio [/home/pabpan/Repositorio_Netbeans/NetBeansProjects/apache-tomcat-9.0.41/webapps/docs] de la aplicación web
21-Dec-2020 10:59:58.417 INFORMACIÓN [main] org.apache.jasper.servlet.TldScanner.scanJars Al menos un JAR, que se ha explorado buscando TLDs, aún no contenía TLDs. Activar historial de depuración para este historiador para una completa lista de los JARs que fueron explorados y de los que nos se halló TLDs. Saltarse JARs no necesarios durante la exploración puede dar lugar a una mejora de tiempo significativa en el arranque y compilación de JSP .
21-Dec-2020 10:59:58.422 INFORMACIÓN [main] org.apache.catalina.startup.HostConfig.deployDirectory Deployment of web application directory [/home/pabpan/Repositorio_Netbeans/NetBeansProjects/apache-tomcat-9.0.41/webapps/docs] has finished in [141] ms
21-Dec-2020 10:59:58.422 INFORMACIÓN [main] org.apache.catalina.startup.HostConfig.deployDirectory Desplegando el directorio [/home/pabpan/Repositorio_Netbeans/NetBeansProjects/apache-tomcat-9.0.41/webapps/ROOT] de la aplicación web
21-Dec-2020 10:59:58.551 INFORMACIÓN [main] org.apache.jasper.servlet.TldScanner.scanJars Al menos un JAR, que se ha explorado buscando TLDs, aún no contenía TLDs. Activar historial de depuración para este historiador para una completa lista de los JARs que fueron explorados y de los que nos se halló TLDs. Saltarse JARs no necesarios durante la exploración puede dar lugar a una mejora de tiempo significativa en el arranque y compilación de JSP .
21-Dec-2020 10:59:58.568 INFORMACIÓN [main] org.apache.catalina.startup.HostConfig.deployDirectory Deployment of web application directory [/home/pabpan/Repositorio_Netbeans/NetBeansProjects/apache-tomcat-9.0.41/webapps/ROOT] has finished in [145] ms
21-Dec-2020 10:59:58.568 INFORMACIÓN [main] org.apache.catalina.startup.HostConfig.deployDirectory Desplegando el directorio [/home/pabpan/Repositorio_Netbeans/NetBeansProjects/apache-tomcat-9.0.41/webapps/host-manager] de la aplicación web
21-Dec-2020 10:59:58.732 INFORMACIÓN [main] org.apache.jasper.servlet.TldScanner.scanJars Al menos un JAR, que se ha explorado buscando TLDs, aún no contenía TLDs. Activar historial de depuración para este historiador para una completa lista de los JARs que fueron explorados y de los que nos se halló TLDs. Saltarse JARs no necesarios durante la exploración puede dar lugar a una mejora de tiempo significativa en el arranque y compilación de JSP .
21-Dec-2020 10:59:58.743 INFORMACIÓN [main] org.apache.catalina.startup.HostConfig.deployDirectory Deployment of web application directory [/home/pabpan/Repositorio_Netbeans/NetBeansProjects/apache-tomcat-9.0.41/webapps/host-manager] has finished in [175] ms
21-Dec-2020 10:59:58.744 INFORMACIÓN [main] org.apache.catalina.startup.HostConfig.deployDirectory Desplegando el directorio [/home/pabpan/Repositorio_Netbeans/NetBeansProjects/apache-tomcat-9.0.41/webapps/examples] de la aplicación web
21-Dec-2020 10:59:59.366 INFORMACIÓN [main] org.apache.jasper.servlet.TldScanner.scanJars Al menos un JAR, que se ha explorado buscando TLDs, aún no contenía TLDs. Activar historial de depuración para este historiador para una completa lista de los JARs que fueron explorados y de los que nos se halló TLDs. Saltarse JARs no necesarios durante la exploración puede dar lugar a una mejora de tiempo significativa en el arranque y compilación de JSP .
21-Dec-2020 10:59:59.421 INFORMACIÓN [main] org.apache.catalina.startup.HostConfig.deployDirectory Deployment of web application directory [/home/pabpan/Repositorio_Netbeans/NetBeansProjects/apache-tomcat-9.0.41/webapps/examples] has finished in [678] ms
21-Dec-2020 10:59:59.422 INFORMACIÓN [main] org.apache.catalina.startup.HostConfig.deployDirectory Desplegando el directorio [/home/pabpan/Repositorio_Netbeans/NetBeansProjects/apache-tomcat-9.0.41/webapps/manager] de la aplicación web
21-Dec-2020 10:59:59.573 INFORMACIÓN [main] org.apache.jasper.servlet.TldScanner.scanJars Al menos un JAR, que se ha explorado buscando TLDs, aún no contenía TLDs. Activar historial de depuración para este historiador para una completa lista de los JARs que fueron explorados y de los que nos se halló TLDs. Saltarse JARs no necesarios durante la exploración puede dar lugar a una mejora de tiempo significativa en el arranque y compilación de JSP .
21-Dec-2020 10:59:59.577 INFORMACIÓN [main] org.apache.catalina.startup.HostConfig.deployDirectory Deployment of web application directory [/home/pabpan/Repositorio_Netbeans/NetBeansProjects/apache-tomcat-9.0.41/webapps/manager] has finished in [156] ms
21-Dec-2020 10:59:59.593 INFORMACIÓN [main] org.apache.coyote.AbstractProtocol.start Starting ProtocolHandler ["http-nio-8084"]
21-Dec-2020 10:59:59.708 INFORMACIÓN [main] org.apache.catalina.startup.Catalina.start Server startup in [4776] milliseconds
21-Dec-2020 11:00:06.833 INFORMACIÓN [http-nio-8084-exec-9] org.apache.catalina.startup.HostConfig.undeploy Repliegue (undeploy) de la aplicación web que tiene como trayectoria de contexto [/AgendaWebJPA]
21-Dec-2020 11:00:06.887 INFORMACIÓN [http-nio-8084-exec-10] org.apache.catalina.startup.HostConfig.deployDescriptor Desplieque del descriptor de configuración [/home/pabpan/Repositorio_Netbeans/NetBeansProjects/apache-tomcat-9.0.41/conf/Catalina/localhost/AgendaWebJPA.xml]
21-Dec-2020 11:00:06.889 ADVERTENCIA [http-nio-8084-exec-10] org.apache.catalina.startup.HostConfig.deployDescriptor The path attribute with value [/AgendaWebJPA] in deployment descriptor [/home/pabpan/Repositorio_Netbeans/NetBeansProjects/apache-tomcat-9.0.41/conf/Catalina/localhost/AgendaWebJPA.xml] has been ignored
21-Dec-2020 11:00:08.250 INFORMACIÓN [http-nio-8084-exec-10] org.apache.jasper.servlet.TldScanner.scanJars Al menos un JAR, que se ha explorado buscando TLDs, aún no contenía TLDs. Activar historial de depuración para este historiador para una completa lista de los JARs que fueron explorados y de los que nos se halló TLDs. Saltarse JARs no necesarios durante la exploración puede dar lugar a una mejora de tiempo significativa en el arranque y compilación de JSP .
21-Dec-2020 11:00:08.263 INFORMACIÓN [http-nio-8084-exec-10] org.apache.catalina.startup.HostConfig.deployDescriptor Deployment of deployment descriptor [/home/pabpan/Repositorio_Netbeans/NetBeansProjects/apache-tomcat-9.0.41/conf/Catalina/localhost/AgendaWebJPA.xml] has finished in [1.377] ms
21-Dec-2020 11:00:08.337 INFORMACIÓN [http-nio-8084-exec-12] org.apache.catalina.util.LifecycleBase.start The start() method was called on component [StandardEngine[Catalina].StandardHost[localhost].StandardContext[/AgendaWebJPA]] after start() had already been called. The second call will be ignored.
21-Dec-2020 11:00:09.796 INFORMACIÓN [http-nio-8084-exec-3] org.apache.catalina.startup.HostConfig.undeploy Repliegue (undeploy) de la aplicación web que tiene como trayectoria de contexto [/AgendaWebJPA]
21-Dec-2020 11:00:09.856 INFORMACIÓN [http-nio-8084-exec-8] org.apache.catalina.startup.HostConfig.deployDescriptor Desplieque del descriptor de configuración [/home/pabpan/Repositorio_Netbeans/NetBeansProjects/apache-tomcat-9.0.41/conf/Catalina/localhost/AgendaWebJPA.xml]
21-Dec-2020 11:00:09.859 ADVERTENCIA [http-nio-8084-exec-8] org.apache.catalina.startup.HostConfig.deployDescriptor The path attribute with value [/AgendaWebJPA] in deployment descriptor [/home/pabpan/Repositorio_Netbeans/NetBeansProjects/apache-tomcat-9.0.41/conf/Catalina/localhost/AgendaWebJPA.xml] has been ignored
21-Dec-2020 11:00:11.916 INFORMACIÓN [http-nio-8084-exec-8] org.apache.jasper.servlet.TldScanner.scanJars Al menos un JAR, que se ha explorado buscando TLDs, aún no contenía TLDs. Activar historial de depuración para este historiador para una completa lista de los JARs que fueron explorados y de los que nos se halló TLDs. Saltarse JARs no necesarios durante la exploración puede dar lugar a una mejora de tiempo significativa en el arranque y compilación de JSP .
21-Dec-2020 11:00:11.953 INFORMACIÓN [http-nio-8084-exec-8] org.apache.catalina.startup.HostConfig.deployDescriptor Deployment of deployment descriptor [/home/pabpan/Repositorio_Netbeans/NetBeansProjects/apache-tomcat-9.0.41/conf/Catalina/localhost/AgendaWebJPA.xml] has finished in [2.096] ms
21-Dec-2020 11:00:12.020 INFORMACIÓN [http-nio-8084-exec-4] org.apache.catalina.util.LifecycleBase.start The start() method was called on component [StandardEngine[Catalina].StandardHost[localhost].StandardContext[/AgendaWebJPA]] after start() had already been called. The second call will be ignored.
21-Dec-2020 12:14:36.825 INFORMACIÓN [main] org.apache.catalina.core.StandardServer.await Se ha recibido un comando de apagado a través del puerto de apagado. Parando la instancia del Servidor.
21-Dec-2020 12:14:36.826 INFORMACIÓN [main] org.apache.coyote.AbstractProtocol.pause Pausing ProtocolHandler ["http-nio-8084"]
21-Dec-2020 12:14:36.833 INFORMACIÓN [main] org.apache.catalina.core.StandardService.stopInternal Parando servicio [Catalina]
21-Dec-2020 12:14:36.850 ADVERTENCIA [main] org.apache.catalina.loader.WebappClassLoaderBase.clearReferencesJdbc La aplicación web [AgendaWebJPA] registró el conductor JDBC [com.mysql.cj.jdbc.Driver] pero falló al anular el registro mientras la aplicación web estaba parada. Para prevenir un fallo de memoria, se ha anulado el registro del conductor JDBC por la fuerza.
21-Dec-2020 12:14:36.851 ADVERTENCIA [main] org.apache.catalina.loader.WebappClassLoaderBase.clearReferencesThreads The web application [AgendaWebJPA] appears to have started a thread named [mysql-cj-abandoned-connection-cleanup] but has failed to stop it. This is very likely to create a memory leak. Stack trace of thread:
 java.base@11.0.9.1/java.lang.Object.wait(Native Method)
 java.base@11.0.9.1/java.lang.ref.ReferenceQueue.remove(ReferenceQueue.java:155)
 com.mysql.cj.jdbc.AbandonedConnectionCleanupThread.run(AbandonedConnectionCleanupThread.java:85)
 java.base@11.0.9.1/java.util.concurrent.ThreadPoolExecutor.runWorker(ThreadPoolExecutor.java:1128)
 java.base@11.0.9.1/java.util.concurrent.ThreadPoolExecutor$Worker.run(ThreadPoolExecutor.java:628)
 java.base@11.0.9.1/java.lang.Thread.run(Thread.java:834)
21-Dec-2020 12:14:36.886 INFORMACIÓN [main] org.apache.coyote.AbstractProtocol.stop Stopping ProtocolHandler ["http-nio-8084"]
21-Dec-2020 12:14:36.933 INFORMACIÓN [main] org.apache.coyote.AbstractProtocol.destroy Destroying ProtocolHandler ["http-nio-8084"]
