15-Dec-2020 11:02:01.363 INFORMACIÓN [main] org.apache.catalina.startup.VersionLoggerListener.log Nombre de la versión del servidor: Apache Tomcat/9.0.41
15-Dec-2020 11:02:01.383 INFORMACIÓN [main] org.apache.catalina.startup.VersionLoggerListener.log Server built:                      Dec 3 2020 11:43:00 UTC
15-Dec-2020 11:02:01.383 INFORMACIÓN [main] org.apache.catalina.startup.VersionLoggerListener.log Número de versión de servidor:     9.0.41.0
15-Dec-2020 11:02:01.383 INFORMACIÓN [main] org.apache.catalina.startup.VersionLoggerListener.log OS Name:                           Linux
15-Dec-2020 11:02:01.384 INFORMACIÓN [main] org.apache.catalina.startup.VersionLoggerListener.log Versión de Systema Operativo:      5.4.0-58-generic
15-Dec-2020 11:02:01.384 INFORMACIÓN [main] org.apache.catalina.startup.VersionLoggerListener.log Arquitectura:                      amd64
15-Dec-2020 11:02:01.384 INFORMACIÓN [main] org.apache.catalina.startup.VersionLoggerListener.log Java Home:                         /usr/lib/jvm/java-11-openjdk-amd64
15-Dec-2020 11:02:01.384 INFORMACIÓN [main] org.apache.catalina.startup.VersionLoggerListener.log JVM Version:                       11.0.9.1+1-Ubuntu-0ubuntu1.20.04
15-Dec-2020 11:02:01.385 INFORMACIÓN [main] org.apache.catalina.startup.VersionLoggerListener.log Vededor JVM:                       Ubuntu
15-Dec-2020 11:02:01.385 INFORMACIÓN [main] org.apache.catalina.startup.VersionLoggerListener.log CATALINA_BASE:                     /home/pabpan/Repositorio_Netbeans/NetBeansProjects/apache-tomcat-9.0.41
15-Dec-2020 11:02:01.385 INFORMACIÓN [main] org.apache.catalina.startup.VersionLoggerListener.log CATALINA_HOME:                     /home/pabpan/Repositorio_Netbeans/NetBeansProjects/apache-tomcat-9.0.41
15-Dec-2020 11:02:01.429 INFORMACIÓN [main] org.apache.catalina.startup.VersionLoggerListener.log Command line argument:             --add-opens=java.base/java.lang=ALL-UNNAMED
15-Dec-2020 11:02:01.430 INFORMACIÓN [main] org.apache.catalina.startup.VersionLoggerListener.log Command line argument:             --add-opens=java.base/java.io=ALL-UNNAMED
15-Dec-2020 11:02:01.430 INFORMACIÓN [main] org.apache.catalina.startup.VersionLoggerListener.log Command line argument:             --add-opens=java.rmi/sun.rmi.transport=ALL-UNNAMED
15-Dec-2020 11:02:01.430 INFORMACIÓN [main] org.apache.catalina.startup.VersionLoggerListener.log Command line argument:             -Djava.util.logging.config.file=/home/pabpan/Repositorio_Netbeans/NetBeansProjects/apache-tomcat-9.0.41/conf/logging.properties
15-Dec-2020 11:02:01.430 INFORMACIÓN [main] org.apache.catalina.startup.VersionLoggerListener.log Command line argument:             -Djava.util.logging.manager=org.apache.juli.ClassLoaderLogManager
15-Dec-2020 11:02:01.430 INFORMACIÓN [main] org.apache.catalina.startup.VersionLoggerListener.log Command line argument:             -Dhttp.nonProxyHosts=localhost|127.0.0.1|PORTATIL-PABLO
15-Dec-2020 11:02:01.431 INFORMACIÓN [main] org.apache.catalina.startup.VersionLoggerListener.log Command line argument:             -Djdk.tls.ephemeralDHKeySize=2048
15-Dec-2020 11:02:01.431 INFORMACIÓN [main] org.apache.catalina.startup.VersionLoggerListener.log Command line argument:             -Djava.protocol.handler.pkgs=org.apache.catalina.webresources
15-Dec-2020 11:02:01.431 INFORMACIÓN [main] org.apache.catalina.startup.VersionLoggerListener.log Command line argument:             -Dorg.apache.catalina.security.SecurityListener.UMASK=0027
15-Dec-2020 11:02:01.431 INFORMACIÓN [main] org.apache.catalina.startup.VersionLoggerListener.log Command line argument:             -Dignore.endorsed.dirs=
15-Dec-2020 11:02:01.432 INFORMACIÓN [main] org.apache.catalina.startup.VersionLoggerListener.log Command line argument:             -Dcatalina.base=/home/pabpan/Repositorio_Netbeans/NetBeansProjects/apache-tomcat-9.0.41
15-Dec-2020 11:02:01.432 INFORMACIÓN [main] org.apache.catalina.startup.VersionLoggerListener.log Command line argument:             -Dcatalina.home=/home/pabpan/Repositorio_Netbeans/NetBeansProjects/apache-tomcat-9.0.41
15-Dec-2020 11:02:01.432 INFORMACIÓN [main] org.apache.catalina.startup.VersionLoggerListener.log Command line argument:             -Djava.io.tmpdir=/home/pabpan/Repositorio_Netbeans/NetBeansProjects/apache-tomcat-9.0.41/temp
15-Dec-2020 11:02:01.441 INFORMACIÓN [main] org.apache.catalina.core.AprLifecycleListener.lifecycleEvent La biblioteca nativa de Apache Tomcat basada en ARP que permite un rendimiento óptimo en entornos de desarrollo no ha sido hallada en java.library.path: [/usr/java/packages/lib:/usr/lib/x86_64-linux-gnu/jni:/lib/x86_64-linux-gnu:/usr/lib/x86_64-linux-gnu:/usr/lib/jni:/lib:/usr/lib]
15-Dec-2020 11:02:02.314 INFORMACIÓN [main] org.apache.coyote.AbstractProtocol.init Inicializando el manejador de protocolo ["http-nio-8084"]

15-Dec-2020 11:02:02.386 INFORMACIÓN [main] org.apache.catalina.startup.Catalina.load Server initialization in [1482] milliseconds
15-Dec-2020 11:02:02.569 INFORMACIÓN [main] org.apache.catalina.core.StandardService.startInternal Arrancando servicio [Catalina]
15-Dec-2020 11:02:02.570 INFORMACIÓN [main] org.apache.catalina.core.StandardEngine.startInternal Starting Servlet engine: [Apache Tomcat/9.0.41]
15-Dec-2020 11:02:02.612 INFORMACIÓN [main] org.apache.catalina.startup.HostConfig.deployDescriptor Desplieque del descriptor de configuración [/home/pabpan/Repositorio_Netbeans/NetBeansProjects/apache-tomcat-9.0.41/conf/Catalina/localhost/AgendaWebJPA.xml]
15-Dec-2020 11:02:02.665 ADVERTENCIA [main] org.apache.catalina.startup.HostConfig.deployDescriptor The path attribute with value [/AgendaWebJPA] in deployment descriptor [/home/pabpan/Repositorio_Netbeans/NetBeansProjects/apache-tomcat-9.0.41/conf/Catalina/localhost/AgendaWebJPA.xml] has been ignored
15-Dec-2020 11:02:04.919 INFORMACIÓN [main] org.apache.jasper.servlet.TldScanner.scanJars Al menos un JAR, que se ha explorado buscando TLDs, aún no contenía TLDs. Activar historial de depuración para este historiador para una completa lista de los JARs que fueron explorados y de los que nos se halló TLDs. Saltarse JARs no necesarios durante la exploración puede dar lugar a una mejora de tiempo significativa en el arranque y compilación de JSP .
15-Dec-2020 11:02:04.980 INFORMACIÓN [main] org.apache.catalina.startup.HostConfig.deployDescriptor Deployment of deployment descriptor [/home/pabpan/Repositorio_Netbeans/NetBeansProjects/apache-tomcat-9.0.41/conf/Catalina/localhost/AgendaWebJPA.xml] has finished in [2.366] ms
15-Dec-2020 11:02:04.981 INFORMACIÓN [main] org.apache.catalina.startup.HostConfig.deployDirectory Desplegando el directorio [/home/pabpan/Repositorio_Netbeans/NetBeansProjects/apache-tomcat-9.0.41/webapps/docs] de la aplicación web
15-Dec-2020 11:02:05.041 INFORMACIÓN [main] org.apache.jasper.servlet.TldScanner.scanJars Al menos un JAR, que se ha explorado buscando TLDs, aún no contenía TLDs. Activar historial de depuración para este historiador para una completa lista de los JARs que fueron explorados y de los que nos se halló TLDs. Saltarse JARs no necesarios durante la exploración puede dar lugar a una mejora de tiempo significativa en el arranque y compilación de JSP .
15-Dec-2020 11:02:05.046 INFORMACIÓN [main] org.apache.catalina.startup.HostConfig.deployDirectory Deployment of web application directory [/home/pabpan/Repositorio_Netbeans/NetBeansProjects/apache-tomcat-9.0.41/webapps/docs] has finished in [65] ms
15-Dec-2020 11:02:05.047 INFORMACIÓN [main] org.apache.catalina.startup.HostConfig.deployDirectory Desplegando el directorio [/home/pabpan/Repositorio_Netbeans/NetBeansProjects/apache-tomcat-9.0.41/webapps/ROOT] de la aplicación web
15-Dec-2020 11:02:05.115 INFORMACIÓN [main] org.apache.jasper.servlet.TldScanner.scanJars Al menos un JAR, que se ha explorado buscando TLDs, aún no contenía TLDs. Activar historial de depuración para este historiador para una completa lista de los JARs que fueron explorados y de los que nos se halló TLDs. Saltarse JARs no necesarios durante la exploración puede dar lugar a una mejora de tiempo significativa en el arranque y compilación de JSP .
15-Dec-2020 11:02:05.118 INFORMACIÓN [main] org.apache.catalina.startup.HostConfig.deployDirectory Deployment of web application directory [/home/pabpan/Repositorio_Netbeans/NetBeansProjects/apache-tomcat-9.0.41/webapps/ROOT] has finished in [72] ms
15-Dec-2020 11:02:05.119 INFORMACIÓN [main] org.apache.catalina.startup.HostConfig.deployDirectory Desplegando el directorio [/home/pabpan/Repositorio_Netbeans/NetBeansProjects/apache-tomcat-9.0.41/webapps/host-manager] de la aplicación web
15-Dec-2020 11:02:05.205 INFORMACIÓN [main] org.apache.jasper.servlet.TldScanner.scanJars Al menos un JAR, que se ha explorado buscando TLDs, aún no contenía TLDs. Activar historial de depuración para este historiador para una completa lista de los JARs que fueron explorados y de los que nos se halló TLDs. Saltarse JARs no necesarios durante la exploración puede dar lugar a una mejora de tiempo significativa en el arranque y compilación de JSP .
15-Dec-2020 11:02:05.214 INFORMACIÓN [main] org.apache.catalina.startup.HostConfig.deployDirectory Deployment of web application directory [/home/pabpan/Repositorio_Netbeans/NetBeansProjects/apache-tomcat-9.0.41/webapps/host-manager] has finished in [95] ms
15-Dec-2020 11:02:05.214 INFORMACIÓN [main] org.apache.catalina.startup.HostConfig.deployDirectory Desplegando el directorio [/home/pabpan/Repositorio_Netbeans/NetBeansProjects/apache-tomcat-9.0.41/webapps/examples] de la aplicación web
15-Dec-2020 11:02:05.496 INFORMACIÓN [main] org.apache.jasper.servlet.TldScanner.scanJars Al menos un JAR, que se ha explorado buscando TLDs, aún no contenía TLDs. Activar historial de depuración para este historiador para una completa lista de los JARs que fueron explorados y de los que nos se halló TLDs. Saltarse JARs no necesarios durante la exploración puede dar lugar a una mejora de tiempo significativa en el arranque y compilación de JSP .
15-Dec-2020 11:02:05.519 INFORMACIÓN [main] org.apache.catalina.startup.HostConfig.deployDirectory Deployment of web application directory [/home/pabpan/Repositorio_Netbeans/NetBeansProjects/apache-tomcat-9.0.41/webapps/examples] has finished in [304] ms
15-Dec-2020 11:02:05.519 INFORMACIÓN [main] org.apache.catalina.startup.HostConfig.deployDirectory Desplegando el directorio [/home/pabpan/Repositorio_Netbeans/NetBeansProjects/apache-tomcat-9.0.41/webapps/manager] de la aplicación web
15-Dec-2020 11:02:05.598 INFORMACIÓN [main] org.apache.jasper.servlet.TldScanner.scanJars Al menos un JAR, que se ha explorado buscando TLDs, aún no contenía TLDs. Activar historial de depuración para este historiador para una completa lista de los JARs que fueron explorados y de los que nos se halló TLDs. Saltarse JARs no necesarios durante la exploración puede dar lugar a una mejora de tiempo significativa en el arranque y compilación de JSP .
15-Dec-2020 11:02:05.602 INFORMACIÓN [main] org.apache.catalina.startup.HostConfig.deployDirectory Deployment of web application directory [/home/pabpan/Repositorio_Netbeans/NetBeansProjects/apache-tomcat-9.0.41/webapps/manager] has finished in [82] ms
15-Dec-2020 11:02:05.610 INFORMACIÓN [main] org.apache.coyote.AbstractProtocol.start Starting ProtocolHandler ["http-nio-8084"]
15-Dec-2020 11:02:05.637 INFORMACIÓN [main] org.apache.catalina.startup.Catalina.start Server startup in [3249] milliseconds
15-Dec-2020 11:02:11.521 INFORMACIÓN [http-nio-8084-exec-1] org.apache.catalina.startup.HostConfig.undeploy Repliegue (undeploy) de la aplicación web que tiene como trayectoria de contexto [/AgendaWebJPA]
15-Dec-2020 11:02:11.578 INFORMACIÓN [http-nio-8084-exec-7] org.apache.catalina.startup.HostConfig.deployDescriptor Desplieque del descriptor de configuración [/home/pabpan/Repositorio_Netbeans/NetBeansProjects/apache-tomcat-9.0.41/conf/Catalina/localhost/AgendaWebJPA.xml]
15-Dec-2020 11:02:11.581 ADVERTENCIA [http-nio-8084-exec-7] org.apache.catalina.startup.HostConfig.deployDescriptor The path attribute with value [/AgendaWebJPA] in deployment descriptor [/home/pabpan/Repositorio_Netbeans/NetBeansProjects/apache-tomcat-9.0.41/conf/Catalina/localhost/AgendaWebJPA.xml] has been ignored
15-Dec-2020 11:02:12.763 INFORMACIÓN [http-nio-8084-exec-7] org.apache.jasper.servlet.TldScanner.scanJars Al menos un JAR, que se ha explorado buscando TLDs, aún no contenía TLDs. Activar historial de depuración para este historiador para una completa lista de los JARs que fueron explorados y de los que nos se halló TLDs. Saltarse JARs no necesarios durante la exploración puede dar lugar a una mejora de tiempo significativa en el arranque y compilación de JSP .
15-Dec-2020 11:02:12.780 INFORMACIÓN [http-nio-8084-exec-7] org.apache.catalina.startup.HostConfig.deployDescriptor Deployment of deployment descriptor [/home/pabpan/Repositorio_Netbeans/NetBeansProjects/apache-tomcat-9.0.41/conf/Catalina/localhost/AgendaWebJPA.xml] has finished in [1.201] ms
15-Dec-2020 11:02:12.814 INFORMACIÓN [http-nio-8084-exec-6] org.apache.catalina.util.LifecycleBase.start The start() method was called on component [StandardEngine[Catalina].StandardHost[localhost].StandardContext[/AgendaWebJPA]] after start() had already been called. The second call will be ignored.
15-Dec-2020 11:02:13.975 INFORMACIÓN [http-nio-8084-exec-2] org.apache.catalina.startup.HostConfig.undeploy Repliegue (undeploy) de la aplicación web que tiene como trayectoria de contexto [/AgendaWebJPA]
15-Dec-2020 11:02:14.042 INFORMACIÓN [http-nio-8084-exec-11] org.apache.catalina.startup.HostConfig.deployDescriptor Desplieque del descriptor de configuración [/home/pabpan/Repositorio_Netbeans/NetBeansProjects/apache-tomcat-9.0.41/conf/Catalina/localhost/AgendaWebJPA.xml]
15-Dec-2020 11:02:14.043 ADVERTENCIA [http-nio-8084-exec-11] org.apache.catalina.startup.HostConfig.deployDescriptor The path attribute with value [/AgendaWebJPA] in deployment descriptor [/home/pabpan/Repositorio_Netbeans/NetBeansProjects/apache-tomcat-9.0.41/conf/Catalina/localhost/AgendaWebJPA.xml] has been ignored
15-Dec-2020 11:02:15.183 INFORMACIÓN [http-nio-8084-exec-11] org.apache.jasper.servlet.TldScanner.scanJars Al menos un JAR, que se ha explorado buscando TLDs, aún no contenía TLDs. Activar historial de depuración para este historiador para una completa lista de los JARs que fueron explorados y de los que nos se halló TLDs. Saltarse JARs no necesarios durante la exploración puede dar lugar a una mejora de tiempo significativa en el arranque y compilación de JSP .
15-Dec-2020 11:02:15.198 INFORMACIÓN [http-nio-8084-exec-11] org.apache.catalina.startup.HostConfig.deployDescriptor Deployment of deployment descriptor [/home/pabpan/Repositorio_Netbeans/NetBeansProjects/apache-tomcat-9.0.41/conf/Catalina/localhost/AgendaWebJPA.xml] has finished in [1.156] ms
15-Dec-2020 11:02:15.262 INFORMACIÓN [http-nio-8084-exec-10] org.apache.catalina.util.LifecycleBase.start The start() method was called on component [StandardEngine[Catalina].StandardHost[localhost].StandardContext[/AgendaWebJPA]] after start() had already been called. The second call will be ignored.
15-Dec-2020 11:04:20.706 INFORMACIÓN [http-nio-8084-exec-20] org.apache.catalina.core.StandardContext.reload Ha comenzado la recarga de Contexto [/AgendaWebJPA]
15-Dec-2020 11:04:20.720 ADVERTENCIA [http-nio-8084-exec-20] org.apache.catalina.loader.WebappClassLoaderBase.clearReferencesJdbc La aplicación web [AgendaWebJPA] registró el conductor JDBC [com.mysql.cj.jdbc.Driver] pero falló al anular el registro mientras la aplicación web estaba parada. Para prevenir un fallo de memoria, se ha anulado el registro del conductor JDBC por la fuerza.
15-Dec-2020 11:04:20.725 ADVERTENCIA [http-nio-8084-exec-20] org.apache.catalina.loader.WebappClassLoaderBase.clearReferencesThreads The web application [AgendaWebJPA] appears to have started a thread named [mysql-cj-abandoned-connection-cleanup] but has failed to stop it. This is very likely to create a memory leak. Stack trace of thread:
 java.base@11.0.9.1/java.lang.Object.wait(Native Method)
 java.base@11.0.9.1/java.lang.ref.ReferenceQueue.remove(ReferenceQueue.java:155)
 com.mysql.cj.jdbc.AbandonedConnectionCleanupThread.run(AbandonedConnectionCleanupThread.java:85)
 java.base@11.0.9.1/java.util.concurrent.ThreadPoolExecutor.runWorker(ThreadPoolExecutor.java:1128)
 java.base@11.0.9.1/java.util.concurrent.ThreadPoolExecutor$Worker.run(ThreadPoolExecutor.java:628)
 java.base@11.0.9.1/java.lang.Thread.run(Thread.java:834)
15-Dec-2020 11:04:21.904 INFORMACIÓN [http-nio-8084-exec-20] org.apache.jasper.servlet.TldScanner.scanJars Al menos un JAR, que se ha explorado buscando TLDs, aún no contenía TLDs. Activar historial de depuración para este historiador para una completa lista de los JARs que fueron explorados y de los que nos se halló TLDs. Saltarse JARs no necesarios durante la exploración puede dar lugar a una mejora de tiempo significativa en el arranque y compilación de JSP .
15-Dec-2020 11:04:21.914 INFORMACIÓN [http-nio-8084-exec-20] org.apache.catalina.core.StandardContext.reload Se ha completado la recarga de este Contexto
15-Dec-2020 11:04:24.488 INFORMACIÓN [mysql-cj-abandoned-connection-cleanup] org.apache.catalina.loader.WebappClassLoaderBase.checkStateForResourceLoading Acceso ilegal: esta instancia de aplicación web ya ha sido parada.  Could not load [].  La eventual traza de pila que sigue ha sido motivada por un error lanzado con motivos de depuración así como para intentar terminar el hilo que motivó el acceso ilegal y no tiene impacto funcional.
	java.lang.IllegalStateException: Acceso ilegal: esta instancia de aplicación web ya ha sido parada.  Could not load [].  La eventual traza de pila que sigue ha sido motivada por un error lanzado con motivos de depuración así como para intentar terminar el hilo que motivó el acceso ilegal y no tiene impacto funcional.
		at org.apache.catalina.loader.WebappClassLoaderBase.checkStateForResourceLoading(WebappClassLoaderBase.java:1385)
		at org.apache.catalina.loader.WebappClassLoaderBase.getResource(WebappClassLoaderBase.java:1038)
		at com.mysql.cj.jdbc.AbandonedConnectionCleanupThread.checkThreadContextClassLoader(AbandonedConnectionCleanupThread.java:117)
		at com.mysql.cj.jdbc.AbandonedConnectionCleanupThread.run(AbandonedConnectionCleanupThread.java:84)
		at java.base/java.util.concurrent.ThreadPoolExecutor.runWorker(ThreadPoolExecutor.java:1128)
		at java.base/java.util.concurrent.ThreadPoolExecutor$Worker.run(ThreadPoolExecutor.java:628)
		at java.base/java.lang.Thread.run(Thread.java:834)
15-Dec-2020 11:04:35.099 INFORMACIÓN [http-nio-8084-exec-20] org.apache.catalina.startup.HostConfig.undeploy Repliegue (undeploy) de la aplicación web que tiene como trayectoria de contexto [/AgendaWebJPA]
15-Dec-2020 11:04:35.135 INFORMACIÓN [http-nio-8084-exec-23] org.apache.catalina.startup.HostConfig.deployDescriptor Desplieque del descriptor de configuración [/home/pabpan/Repositorio_Netbeans/NetBeansProjects/apache-tomcat-9.0.41/conf/Catalina/localhost/AgendaWebJPA.xml]
15-Dec-2020 11:04:35.136 ADVERTENCIA [http-nio-8084-exec-23] org.apache.catalina.startup.HostConfig.deployDescriptor The path attribute with value [/AgendaWebJPA] in deployment descriptor [/home/pabpan/Repositorio_Netbeans/NetBeansProjects/apache-tomcat-9.0.41/conf/Catalina/localhost/AgendaWebJPA.xml] has been ignored
15-Dec-2020 11:04:36.746 INFORMACIÓN [http-nio-8084-exec-23] org.apache.jasper.servlet.TldScanner.scanJars Al menos un JAR, que se ha explorado buscando TLDs, aún no contenía TLDs. Activar historial de depuración para este historiador para una completa lista de los JARs que fueron explorados y de los que nos se halló TLDs. Saltarse JARs no necesarios durante la exploración puede dar lugar a una mejora de tiempo significativa en el arranque y compilación de JSP .
15-Dec-2020 11:04:36.757 INFORMACIÓN [http-nio-8084-exec-23] org.apache.catalina.startup.HostConfig.deployDescriptor Deployment of deployment descriptor [/home/pabpan/Repositorio_Netbeans/NetBeansProjects/apache-tomcat-9.0.41/conf/Catalina/localhost/AgendaWebJPA.xml] has finished in [1.623] ms
15-Dec-2020 11:04:36.842 INFORMACIÓN [http-nio-8084-exec-21] org.apache.catalina.util.LifecycleBase.start The start() method was called on component [StandardEngine[Catalina].StandardHost[localhost].StandardContext[/AgendaWebJPA]] after start() had already been called. The second call will be ignored.
15-Dec-2020 11:04:37.694 INFORMACIÓN [http-nio-8084-exec-19] org.apache.catalina.startup.HostConfig.undeploy Repliegue (undeploy) de la aplicación web que tiene como trayectoria de contexto [/AgendaWebJPA]
15-Dec-2020 11:04:37.769 INFORMACIÓN [http-nio-8084-exec-3] org.apache.catalina.startup.HostConfig.deployDescriptor Desplieque del descriptor de configuración [/home/pabpan/Repositorio_Netbeans/NetBeansProjects/apache-tomcat-9.0.41/conf/Catalina/localhost/AgendaWebJPA.xml]
15-Dec-2020 11:04:37.771 ADVERTENCIA [http-nio-8084-exec-3] org.apache.catalina.startup.HostConfig.deployDescriptor The path attribute with value [/AgendaWebJPA] in deployment descriptor [/home/pabpan/Repositorio_Netbeans/NetBeansProjects/apache-tomcat-9.0.41/conf/Catalina/localhost/AgendaWebJPA.xml] has been ignored
15-Dec-2020 11:04:38.840 INFORMACIÓN [http-nio-8084-exec-3] org.apache.jasper.servlet.TldScanner.scanJars Al menos un JAR, que se ha explorado buscando TLDs, aún no contenía TLDs. Activar historial de depuración para este historiador para una completa lista de los JARs que fueron explorados y de los que nos se halló TLDs. Saltarse JARs no necesarios durante la exploración puede dar lugar a una mejora de tiempo significativa en el arranque y compilación de JSP .
15-Dec-2020 11:04:38.850 INFORMACIÓN [http-nio-8084-exec-3] org.apache.catalina.startup.HostConfig.deployDescriptor Deployment of deployment descriptor [/home/pabpan/Repositorio_Netbeans/NetBeansProjects/apache-tomcat-9.0.41/conf/Catalina/localhost/AgendaWebJPA.xml] has finished in [1.080] ms
15-Dec-2020 11:04:38.883 INFORMACIÓN [http-nio-8084-exec-17] org.apache.catalina.util.LifecycleBase.start The start() method was called on component [StandardEngine[Catalina].StandardHost[localhost].StandardContext[/AgendaWebJPA]] after start() had already been called. The second call will be ignored.
15-Dec-2020 11:08:14.698 ADVERTENCIA [http-nio-8084-exec-25] org.apache.catalina.loader.WebappClassLoaderBase.clearReferencesJdbc La aplicación web [AgendaWebJPA] registró el conductor JDBC [com.mysql.cj.jdbc.Driver] pero falló al anular el registro mientras la aplicación web estaba parada. Para prevenir un fallo de memoria, se ha anulado el registro del conductor JDBC por la fuerza.
15-Dec-2020 11:08:14.700 ADVERTENCIA [http-nio-8084-exec-25] org.apache.catalina.loader.WebappClassLoaderBase.clearReferencesThreads The web application [AgendaWebJPA] appears to have started a thread named [mysql-cj-abandoned-connection-cleanup] but has failed to stop it. This is very likely to create a memory leak. Stack trace of thread:
 java.base@11.0.9.1/java.lang.Object.wait(Native Method)
 java.base@11.0.9.1/java.lang.ref.ReferenceQueue.remove(ReferenceQueue.java:155)
 com.mysql.cj.jdbc.AbandonedConnectionCleanupThread.run(AbandonedConnectionCleanupThread.java:85)
 java.base@11.0.9.1/java.util.concurrent.ThreadPoolExecutor.runWorker(ThreadPoolExecutor.java:1128)
 java.base@11.0.9.1/java.util.concurrent.ThreadPoolExecutor$Worker.run(ThreadPoolExecutor.java:628)
 java.base@11.0.9.1/java.lang.Thread.run(Thread.java:834)
15-Dec-2020 11:08:15.211 INFORMACIÓN [http-nio-8084-exec-25] org.apache.catalina.startup.HostConfig.undeploy Repliegue (undeploy) de la aplicación web que tiene como trayectoria de contexto [/AgendaWebJPA]
15-Dec-2020 11:08:15.240 INFORMACIÓN [http-nio-8084-exec-28] org.apache.catalina.startup.HostConfig.deployDescriptor Desplieque del descriptor de configuración [/home/pabpan/Repositorio_Netbeans/NetBeansProjects/apache-tomcat-9.0.41/conf/Catalina/localhost/AgendaWebJPA.xml]
15-Dec-2020 11:08:15.241 ADVERTENCIA [http-nio-8084-exec-28] org.apache.catalina.startup.HostConfig.deployDescriptor The path attribute with value [/AgendaWebJPA] in deployment descriptor [/home/pabpan/Repositorio_Netbeans/NetBeansProjects/apache-tomcat-9.0.41/conf/Catalina/localhost/AgendaWebJPA.xml] has been ignored
15-Dec-2020 11:08:15.376 INFORMACIÓN [mysql-cj-abandoned-connection-cleanup] org.apache.catalina.loader.WebappClassLoaderBase.checkStateForResourceLoading Acceso ilegal: esta instancia de aplicación web ya ha sido parada.  Could not load [].  La eventual traza de pila que sigue ha sido motivada por un error lanzado con motivos de depuración así como para intentar terminar el hilo que motivó el acceso ilegal y no tiene impacto funcional.
	java.lang.IllegalStateException: Acceso ilegal: esta instancia de aplicación web ya ha sido parada.  Could not load [].  La eventual traza de pila que sigue ha sido motivada por un error lanzado con motivos de depuración así como para intentar terminar el hilo que motivó el acceso ilegal y no tiene impacto funcional.
		at org.apache.catalina.loader.WebappClassLoaderBase.checkStateForResourceLoading(WebappClassLoaderBase.java:1385)
		at org.apache.catalina.loader.WebappClassLoaderBase.getResource(WebappClassLoaderBase.java:1038)
		at com.mysql.cj.jdbc.AbandonedConnectionCleanupThread.checkThreadContextClassLoader(AbandonedConnectionCleanupThread.java:117)
		at com.mysql.cj.jdbc.AbandonedConnectionCleanupThread.run(AbandonedConnectionCleanupThread.java:84)
		at java.base/java.util.concurrent.ThreadPoolExecutor.runWorker(ThreadPoolExecutor.java:1128)
		at java.base/java.util.concurrent.ThreadPoolExecutor$Worker.run(ThreadPoolExecutor.java:628)
		at java.base/java.lang.Thread.run(Thread.java:834)
15-Dec-2020 11:08:16.184 INFORMACIÓN [http-nio-8084-exec-28] org.apache.jasper.servlet.TldScanner.scanJars Al menos un JAR, que se ha explorado buscando TLDs, aún no contenía TLDs. Activar historial de depuración para este historiador para una completa lista de los JARs que fueron explorados y de los que nos se halló TLDs. Saltarse JARs no necesarios durante la exploración puede dar lugar a una mejora de tiempo significativa en el arranque y compilación de JSP .
15-Dec-2020 11:08:16.193 INFORMACIÓN [http-nio-8084-exec-28] org.apache.catalina.startup.HostConfig.deployDescriptor Deployment of deployment descriptor [/home/pabpan/Repositorio_Netbeans/NetBeansProjects/apache-tomcat-9.0.41/conf/Catalina/localhost/AgendaWebJPA.xml] has finished in [952] ms
15-Dec-2020 11:08:16.220 INFORMACIÓN [http-nio-8084-exec-26] org.apache.catalina.util.LifecycleBase.start The start() method was called on component [StandardEngine[Catalina].StandardHost[localhost].StandardContext[/AgendaWebJPA]] after start() had already been called. The second call will be ignored.
15-Dec-2020 11:08:17.041 INFORMACIÓN [http-nio-8084-exec-31] org.apache.catalina.startup.HostConfig.undeploy Repliegue (undeploy) de la aplicación web que tiene como trayectoria de contexto [/AgendaWebJPA]
15-Dec-2020 11:08:17.085 INFORMACIÓN [http-nio-8084-exec-33] org.apache.catalina.startup.HostConfig.deployDescriptor Desplieque del descriptor de configuración [/home/pabpan/Repositorio_Netbeans/NetBeansProjects/apache-tomcat-9.0.41/conf/Catalina/localhost/AgendaWebJPA.xml]
15-Dec-2020 11:08:17.088 ADVERTENCIA [http-nio-8084-exec-33] org.apache.catalina.startup.HostConfig.deployDescriptor The path attribute with value [/AgendaWebJPA] in deployment descriptor [/home/pabpan/Repositorio_Netbeans/NetBeansProjects/apache-tomcat-9.0.41/conf/Catalina/localhost/AgendaWebJPA.xml] has been ignored
15-Dec-2020 11:08:18.089 INFORMACIÓN [http-nio-8084-exec-33] org.apache.jasper.servlet.TldScanner.scanJars Al menos un JAR, que se ha explorado buscando TLDs, aún no contenía TLDs. Activar historial de depuración para este historiador para una completa lista de los JARs que fueron explorados y de los que nos se halló TLDs. Saltarse JARs no necesarios durante la exploración puede dar lugar a una mejora de tiempo significativa en el arranque y compilación de JSP .
15-Dec-2020 11:08:18.098 INFORMACIÓN [http-nio-8084-exec-33] org.apache.catalina.startup.HostConfig.deployDescriptor Deployment of deployment descriptor [/home/pabpan/Repositorio_Netbeans/NetBeansProjects/apache-tomcat-9.0.41/conf/Catalina/localhost/AgendaWebJPA.xml] has finished in [1.013] ms
15-Dec-2020 11:08:18.132 INFORMACIÓN [http-nio-8084-exec-25] org.apache.catalina.util.LifecycleBase.start The start() method was called on component [StandardEngine[Catalina].StandardHost[localhost].StandardContext[/AgendaWebJPA]] after start() had already been called. The second call will be ignored.
15-Dec-2020 11:09:54.954 INFORMACIÓN [http-nio-8084-exec-39] org.apache.catalina.startup.HostConfig.undeploy Repliegue (undeploy) de la aplicación web que tiene como trayectoria de contexto [/AgendaWebJPA]
15-Dec-2020 11:09:54.984 INFORMACIÓN [http-nio-8084-exec-36] org.apache.catalina.startup.HostConfig.deployDescriptor Desplieque del descriptor de configuración [/home/pabpan/Repositorio_Netbeans/NetBeansProjects/apache-tomcat-9.0.41/conf/Catalina/localhost/AgendaWebJPA.xml]
15-Dec-2020 11:09:54.985 ADVERTENCIA [http-nio-8084-exec-36] org.apache.catalina.startup.HostConfig.deployDescriptor The path attribute with value [/AgendaWebJPA] in deployment descriptor [/home/pabpan/Repositorio_Netbeans/NetBeansProjects/apache-tomcat-9.0.41/conf/Catalina/localhost/AgendaWebJPA.xml] has been ignored
15-Dec-2020 11:09:55.785 INFORMACIÓN [http-nio-8084-exec-36] org.apache.jasper.servlet.TldScanner.scanJars Al menos un JAR, que se ha explorado buscando TLDs, aún no contenía TLDs. Activar historial de depuración para este historiador para una completa lista de los JARs que fueron explorados y de los que nos se halló TLDs. Saltarse JARs no necesarios durante la exploración puede dar lugar a una mejora de tiempo significativa en el arranque y compilación de JSP .
15-Dec-2020 11:09:55.795 INFORMACIÓN [http-nio-8084-exec-36] org.apache.catalina.startup.HostConfig.deployDescriptor Deployment of deployment descriptor [/home/pabpan/Repositorio_Netbeans/NetBeansProjects/apache-tomcat-9.0.41/conf/Catalina/localhost/AgendaWebJPA.xml] has finished in [811] ms
15-Dec-2020 11:09:55.828 INFORMACIÓN [http-nio-8084-exec-30] org.apache.catalina.util.LifecycleBase.start The start() method was called on component [StandardEngine[Catalina].StandardHost[localhost].StandardContext[/AgendaWebJPA]] after start() had already been called. The second call will be ignored.
15-Dec-2020 11:09:56.579 INFORMACIÓN [http-nio-8084-exec-40] org.apache.catalina.startup.HostConfig.undeploy Repliegue (undeploy) de la aplicación web que tiene como trayectoria de contexto [/AgendaWebJPA]
15-Dec-2020 11:09:56.640 INFORMACIÓN [http-nio-8084-exec-25] org.apache.catalina.startup.HostConfig.deployDescriptor Desplieque del descriptor de configuración [/home/pabpan/Repositorio_Netbeans/NetBeansProjects/apache-tomcat-9.0.41/conf/Catalina/localhost/AgendaWebJPA.xml]
15-Dec-2020 11:09:56.646 ADVERTENCIA [http-nio-8084-exec-25] org.apache.catalina.startup.HostConfig.deployDescriptor The path attribute with value [/AgendaWebJPA] in deployment descriptor [/home/pabpan/Repositorio_Netbeans/NetBeansProjects/apache-tomcat-9.0.41/conf/Catalina/localhost/AgendaWebJPA.xml] has been ignored
15-Dec-2020 11:09:57.653 INFORMACIÓN [http-nio-8084-exec-25] org.apache.jasper.servlet.TldScanner.scanJars Al menos un JAR, que se ha explorado buscando TLDs, aún no contenía TLDs. Activar historial de depuración para este historiador para una completa lista de los JARs que fueron explorados y de los que nos se halló TLDs. Saltarse JARs no necesarios durante la exploración puede dar lugar a una mejora de tiempo significativa en el arranque y compilación de JSP .
15-Dec-2020 11:09:57.663 INFORMACIÓN [http-nio-8084-exec-25] org.apache.catalina.startup.HostConfig.deployDescriptor Deployment of deployment descriptor [/home/pabpan/Repositorio_Netbeans/NetBeansProjects/apache-tomcat-9.0.41/conf/Catalina/localhost/AgendaWebJPA.xml] has finished in [1.029] ms
15-Dec-2020 11:09:57.690 INFORMACIÓN [http-nio-8084-exec-31] org.apache.catalina.util.LifecycleBase.start The start() method was called on component [StandardEngine[Catalina].StandardHost[localhost].StandardContext[/AgendaWebJPA]] after start() had already been called. The second call will be ignored.
15-Dec-2020 11:13:36.734 INFORMACIÓN [http-nio-8084-exec-43] org.apache.catalina.startup.HostConfig.undeploy Repliegue (undeploy) de la aplicación web que tiene como trayectoria de contexto [/AgendaWebJPA]
15-Dec-2020 11:13:50.746 INFORMACIÓN [http-nio-8084-exec-53] org.apache.catalina.startup.HostConfig.deployDescriptor Desplieque del descriptor de configuración [/home/pabpan/Repositorio_Netbeans/NetBeansProjects/apache-tomcat-9.0.41/conf/Catalina/localhost/AgendaWebJPA.xml]
15-Dec-2020 11:13:50.748 ADVERTENCIA [http-nio-8084-exec-53] org.apache.catalina.startup.HostConfig.deployDescriptor The path attribute with value [/AgendaWebJPA] in deployment descriptor [/home/pabpan/Repositorio_Netbeans/NetBeansProjects/apache-tomcat-9.0.41/conf/Catalina/localhost/AgendaWebJPA.xml] has been ignored
15-Dec-2020 11:13:51.583 INFORMACIÓN [http-nio-8084-exec-53] org.apache.jasper.servlet.TldScanner.scanJars Al menos un JAR, que se ha explorado buscando TLDs, aún no contenía TLDs. Activar historial de depuración para este historiador para una completa lista de los JARs que fueron explorados y de los que nos se halló TLDs. Saltarse JARs no necesarios durante la exploración puede dar lugar a una mejora de tiempo significativa en el arranque y compilación de JSP .
15-Dec-2020 11:13:51.595 INFORMACIÓN [http-nio-8084-exec-53] org.apache.catalina.startup.HostConfig.deployDescriptor Deployment of deployment descriptor [/home/pabpan/Repositorio_Netbeans/NetBeansProjects/apache-tomcat-9.0.41/conf/Catalina/localhost/AgendaWebJPA.xml] has finished in [849] ms
15-Dec-2020 11:13:51.627 INFORMACIÓN [http-nio-8084-exec-47] org.apache.catalina.util.LifecycleBase.start The start() method was called on component [StandardEngine[Catalina].StandardHost[localhost].StandardContext[/AgendaWebJPA]] after start() had already been called. The second call will be ignored.
15-Dec-2020 11:14:47.909 INFORMACIÓN [http-nio-8084-exec-50] org.apache.catalina.core.StandardContext.reload Ha comenzado la recarga de Contexto [/AgendaWebJPA]
15-Dec-2020 11:14:47.927 ADVERTENCIA [http-nio-8084-exec-50] org.apache.catalina.loader.WebappClassLoaderBase.clearReferencesJdbc La aplicación web [AgendaWebJPA] registró el conductor JDBC [com.mysql.cj.jdbc.Driver] pero falló al anular el registro mientras la aplicación web estaba parada. Para prevenir un fallo de memoria, se ha anulado el registro del conductor JDBC por la fuerza.
15-Dec-2020 11:14:47.932 ADVERTENCIA [http-nio-8084-exec-50] org.apache.catalina.loader.WebappClassLoaderBase.clearReferencesThreads The web application [AgendaWebJPA] appears to have started a thread named [mysql-cj-abandoned-connection-cleanup] but has failed to stop it. This is very likely to create a memory leak. Stack trace of thread:
 java.base@11.0.9.1/java.lang.Object.wait(Native Method)
 java.base@11.0.9.1/java.lang.ref.ReferenceQueue.remove(ReferenceQueue.java:155)
 com.mysql.cj.jdbc.AbandonedConnectionCleanupThread.run(AbandonedConnectionCleanupThread.java:85)
 java.base@11.0.9.1/java.util.concurrent.ThreadPoolExecutor.runWorker(ThreadPoolExecutor.java:1128)
 java.base@11.0.9.1/java.util.concurrent.ThreadPoolExecutor$Worker.run(ThreadPoolExecutor.java:628)
 java.base@11.0.9.1/java.lang.Thread.run(Thread.java:834)
15-Dec-2020 11:14:48.225 INFORMACIÓN [228] org.apache.catalina.loader.WebappClassLoaderBase.checkStateForResourceLoading Acceso ilegal: esta instancia de aplicación web ya ha sido parada.  Could not load [].  La eventual traza de pila que sigue ha sido motivada por un error lanzado con motivos de depuración así como para intentar terminar el hilo que motivó el acceso ilegal y no tiene impacto funcional.
	java.lang.IllegalStateException: Acceso ilegal: esta instancia de aplicación web ya ha sido parada.  Could not load [].  La eventual traza de pila que sigue ha sido motivada por un error lanzado con motivos de depuración así como para intentar terminar el hilo que motivó el acceso ilegal y no tiene impacto funcional.
		at org.apache.catalina.loader.WebappClassLoaderBase.checkStateForResourceLoading(WebappClassLoaderBase.java:1385)
		at org.apache.catalina.loader.WebappClassLoaderBase.getResource(WebappClassLoaderBase.java:1038)
		at com.mysql.cj.jdbc.AbandonedConnectionCleanupThread.checkThreadContextClassLoader(AbandonedConnectionCleanupThread.java:117)
		at com.mysql.cj.jdbc.AbandonedConnectionCleanupThread.run(AbandonedConnectionCleanupThread.java:84)
		at java.base/java.util.concurrent.ThreadPoolExecutor.runWorker(ThreadPoolExecutor.java:1128)
		at java.base/java.util.concurrent.ThreadPoolExecutor$Worker.run(ThreadPoolExecutor.java:628)
		at java.base/java.lang.Thread.run(Thread.java:834)
15-Dec-2020 11:14:49.376 INFORMACIÓN [http-nio-8084-exec-50] org.apache.jasper.servlet.TldScanner.scanJars Al menos un JAR, que se ha explorado buscando TLDs, aún no contenía TLDs. Activar historial de depuración para este historiador para una completa lista de los JARs que fueron explorados y de los que nos se halló TLDs. Saltarse JARs no necesarios durante la exploración puede dar lugar a una mejora de tiempo significativa en el arranque y compilación de JSP .
15-Dec-2020 11:14:49.384 INFORMACIÓN [http-nio-8084-exec-50] org.apache.catalina.core.StandardContext.reload Se ha completado la recarga de este Contexto
15-Dec-2020 11:15:01.777 INFORMACIÓN [http-nio-8084-exec-52] org.apache.catalina.core.StandardContext.reload Ha comenzado la recarga de Contexto [/AgendaWebJPA]
15-Dec-2020 11:15:02.824 INFORMACIÓN [http-nio-8084-exec-52] org.apache.jasper.servlet.TldScanner.scanJars Al menos un JAR, que se ha explorado buscando TLDs, aún no contenía TLDs. Activar historial de depuración para este historiador para una completa lista de los JARs que fueron explorados y de los que nos se halló TLDs. Saltarse JARs no necesarios durante la exploración puede dar lugar a una mejora de tiempo significativa en el arranque y compilación de JSP .
15-Dec-2020 11:15:02.832 INFORMACIÓN [http-nio-8084-exec-52] org.apache.catalina.core.StandardContext.reload Se ha completado la recarga de este Contexto
15-Dec-2020 11:15:10.644 INFORMACIÓN [http-nio-8084-exec-61] org.apache.catalina.startup.HostConfig.undeploy Repliegue (undeploy) de la aplicación web que tiene como trayectoria de contexto [/AgendaWebJPA]
15-Dec-2020 11:15:23.441 INFORMACIÓN [http-nio-8084-exec-57] org.apache.catalina.startup.HostConfig.deployDescriptor Desplieque del descriptor de configuración [/home/pabpan/Repositorio_Netbeans/NetBeansProjects/apache-tomcat-9.0.41/conf/Catalina/localhost/AgendaWebJPA.xml]
15-Dec-2020 11:15:23.442 ADVERTENCIA [http-nio-8084-exec-57] org.apache.catalina.startup.HostConfig.deployDescriptor The path attribute with value [/AgendaWebJPA] in deployment descriptor [/home/pabpan/Repositorio_Netbeans/NetBeansProjects/apache-tomcat-9.0.41/conf/Catalina/localhost/AgendaWebJPA.xml] has been ignored
15-Dec-2020 11:15:24.210 INFORMACIÓN [http-nio-8084-exec-57] org.apache.jasper.servlet.TldScanner.scanJars Al menos un JAR, que se ha explorado buscando TLDs, aún no contenía TLDs. Activar historial de depuración para este historiador para una completa lista de los JARs que fueron explorados y de los que nos se halló TLDs. Saltarse JARs no necesarios durante la exploración puede dar lugar a una mejora de tiempo significativa en el arranque y compilación de JSP .
15-Dec-2020 11:15:24.218 INFORMACIÓN [http-nio-8084-exec-57] org.apache.catalina.startup.HostConfig.deployDescriptor Deployment of deployment descriptor [/home/pabpan/Repositorio_Netbeans/NetBeansProjects/apache-tomcat-9.0.41/conf/Catalina/localhost/AgendaWebJPA.xml] has finished in [777] ms
15-Dec-2020 11:15:24.245 INFORMACIÓN [http-nio-8084-exec-59] org.apache.catalina.util.LifecycleBase.start The start() method was called on component [StandardEngine[Catalina].StandardHost[localhost].StandardContext[/AgendaWebJPA]] after start() had already been called. The second call will be ignored.
15-Dec-2020 11:17:35.626 INFORMACIÓN [http-nio-8084-exec-68] org.apache.catalina.core.StandardContext.reload Ha comenzado la recarga de Contexto [/AgendaWebJPA]
15-Dec-2020 11:17:35.658 ADVERTENCIA [http-nio-8084-exec-68] org.apache.catalina.loader.WebappClassLoaderBase.clearReferencesJdbc La aplicación web [AgendaWebJPA] registró el conductor JDBC [com.mysql.cj.jdbc.Driver] pero falló al anular el registro mientras la aplicación web estaba parada. Para prevenir un fallo de memoria, se ha anulado el registro del conductor JDBC por la fuerza.
15-Dec-2020 11:17:35.664 ADVERTENCIA [http-nio-8084-exec-68] org.apache.catalina.loader.WebappClassLoaderBase.clearReferencesThreads The web application [AgendaWebJPA] appears to have started a thread named [mysql-cj-abandoned-connection-cleanup] but has failed to stop it. This is very likely to create a memory leak. Stack trace of thread:
 java.base@11.0.9.1/java.lang.Object.wait(Native Method)
 java.base@11.0.9.1/java.lang.ref.ReferenceQueue.remove(ReferenceQueue.java:155)
 com.mysql.cj.jdbc.AbandonedConnectionCleanupThread.run(AbandonedConnectionCleanupThread.java:85)
 java.base@11.0.9.1/java.util.concurrent.ThreadPoolExecutor.runWorker(ThreadPoolExecutor.java:1128)
 java.base@11.0.9.1/java.util.concurrent.ThreadPoolExecutor$Worker.run(ThreadPoolExecutor.java:628)
 java.base@11.0.9.1/java.lang.Thread.run(Thread.java:834)
15-Dec-2020 11:17:36.451 INFORMACIÓN [274] org.apache.catalina.loader.WebappClassLoaderBase.checkStateForResourceLoading Acceso ilegal: esta instancia de aplicación web ya ha sido parada.  Could not load [].  La eventual traza de pila que sigue ha sido motivada por un error lanzado con motivos de depuración así como para intentar terminar el hilo que motivó el acceso ilegal y no tiene impacto funcional.
	java.lang.IllegalStateException: Acceso ilegal: esta instancia de aplicación web ya ha sido parada.  Could not load [].  La eventual traza de pila que sigue ha sido motivada por un error lanzado con motivos de depuración así como para intentar terminar el hilo que motivó el acceso ilegal y no tiene impacto funcional.
		at org.apache.catalina.loader.WebappClassLoaderBase.checkStateForResourceLoading(WebappClassLoaderBase.java:1385)
		at org.apache.catalina.loader.WebappClassLoaderBase.getResource(WebappClassLoaderBase.java:1038)
		at com.mysql.cj.jdbc.AbandonedConnectionCleanupThread.checkThreadContextClassLoader(AbandonedConnectionCleanupThread.java:117)
		at com.mysql.cj.jdbc.AbandonedConnectionCleanupThread.run(AbandonedConnectionCleanupThread.java:84)
		at java.base/java.util.concurrent.ThreadPoolExecutor.runWorker(ThreadPoolExecutor.java:1128)
		at java.base/java.util.concurrent.ThreadPoolExecutor$Worker.run(ThreadPoolExecutor.java:628)
		at java.base/java.lang.Thread.run(Thread.java:834)
15-Dec-2020 11:17:36.795 INFORMACIÓN [http-nio-8084-exec-68] org.apache.jasper.servlet.TldScanner.scanJars Al menos un JAR, que se ha explorado buscando TLDs, aún no contenía TLDs. Activar historial de depuración para este historiador para una completa lista de los JARs que fueron explorados y de los que nos se halló TLDs. Saltarse JARs no necesarios durante la exploración puede dar lugar a una mejora de tiempo significativa en el arranque y compilación de JSP .
15-Dec-2020 11:17:36.802 INFORMACIÓN [http-nio-8084-exec-68] org.apache.catalina.core.StandardContext.reload Se ha completado la recarga de este Contexto
15-Dec-2020 11:17:40.614 INFORMACIÓN [http-nio-8084-exec-63] org.apache.catalina.startup.HostConfig.undeploy Repliegue (undeploy) de la aplicación web que tiene como trayectoria de contexto [/AgendaWebJPA]
15-Dec-2020 11:18:01.475 INFORMACIÓN [http-nio-8084-exec-70] org.apache.catalina.startup.HostConfig.deployDescriptor Desplieque del descriptor de configuración [/home/pabpan/Repositorio_Netbeans/NetBeansProjects/apache-tomcat-9.0.41/conf/Catalina/localhost/AgendaWebJPA.xml]
15-Dec-2020 11:18:01.477 ADVERTENCIA [http-nio-8084-exec-70] org.apache.catalina.startup.HostConfig.deployDescriptor The path attribute with value [/AgendaWebJPA] in deployment descriptor [/home/pabpan/Repositorio_Netbeans/NetBeansProjects/apache-tomcat-9.0.41/conf/Catalina/localhost/AgendaWebJPA.xml] has been ignored
15-Dec-2020 11:18:02.273 INFORMACIÓN [http-nio-8084-exec-70] org.apache.jasper.servlet.TldScanner.scanJars Al menos un JAR, que se ha explorado buscando TLDs, aún no contenía TLDs. Activar historial de depuración para este historiador para una completa lista de los JARs que fueron explorados y de los que nos se halló TLDs. Saltarse JARs no necesarios durante la exploración puede dar lugar a una mejora de tiempo significativa en el arranque y compilación de JSP .
15-Dec-2020 11:18:02.281 INFORMACIÓN [http-nio-8084-exec-70] org.apache.catalina.startup.HostConfig.deployDescriptor Deployment of deployment descriptor [/home/pabpan/Repositorio_Netbeans/NetBeansProjects/apache-tomcat-9.0.41/conf/Catalina/localhost/AgendaWebJPA.xml] has finished in [805] ms
15-Dec-2020 11:18:02.339 INFORMACIÓN [http-nio-8084-exec-62] org.apache.catalina.util.LifecycleBase.start The start() method was called on component [StandardEngine[Catalina].StandardHost[localhost].StandardContext[/AgendaWebJPA]] after start() had already been called. The second call will be ignored.
15-Dec-2020 11:18:53.595 INFORMACIÓN [http-nio-8084-exec-57] org.apache.catalina.core.StandardContext.reload Ha comenzado la recarga de Contexto [/AgendaWebJPA]
15-Dec-2020 11:18:53.605 ADVERTENCIA [http-nio-8084-exec-57] org.apache.catalina.loader.WebappClassLoaderBase.clearReferencesJdbc La aplicación web [AgendaWebJPA] registró el conductor JDBC [com.mysql.cj.jdbc.Driver] pero falló al anular el registro mientras la aplicación web estaba parada. Para prevenir un fallo de memoria, se ha anulado el registro del conductor JDBC por la fuerza.
15-Dec-2020 11:18:53.605 ADVERTENCIA [http-nio-8084-exec-57] org.apache.catalina.loader.WebappClassLoaderBase.clearReferencesThreads The web application [AgendaWebJPA] appears to have started a thread named [mysql-cj-abandoned-connection-cleanup] but has failed to stop it. This is very likely to create a memory leak. Stack trace of thread:
 java.base@11.0.9.1/java.lang.Object.wait(Native Method)
 java.base@11.0.9.1/java.lang.ref.ReferenceQueue.remove(ReferenceQueue.java:155)
 com.mysql.cj.jdbc.AbandonedConnectionCleanupThread.run(AbandonedConnectionCleanupThread.java:85)
 java.base@11.0.9.1/java.util.concurrent.ThreadPoolExecutor.runWorker(ThreadPoolExecutor.java:1128)
 java.base@11.0.9.1/java.util.concurrent.ThreadPoolExecutor$Worker.run(ThreadPoolExecutor.java:628)
 java.base@11.0.9.1/java.lang.Thread.run(Thread.java:834)
15-Dec-2020 11:18:53.831 INFORMACIÓN [mysql-cj-abandoned-connection-cleanup] org.apache.catalina.loader.WebappClassLoaderBase.checkStateForResourceLoading Acceso ilegal: esta instancia de aplicación web ya ha sido parada.  Could not load [].  La eventual traza de pila que sigue ha sido motivada por un error lanzado con motivos de depuración así como para intentar terminar el hilo que motivó el acceso ilegal y no tiene impacto funcional.
	java.lang.IllegalStateException: Acceso ilegal: esta instancia de aplicación web ya ha sido parada.  Could not load [].  La eventual traza de pila que sigue ha sido motivada por un error lanzado con motivos de depuración así como para intentar terminar el hilo que motivó el acceso ilegal y no tiene impacto funcional.
		at org.apache.catalina.loader.WebappClassLoaderBase.checkStateForResourceLoading(WebappClassLoaderBase.java:1385)
		at org.apache.catalina.loader.WebappClassLoaderBase.getResource(WebappClassLoaderBase.java:1038)
		at com.mysql.cj.jdbc.AbandonedConnectionCleanupThread.checkThreadContextClassLoader(AbandonedConnectionCleanupThread.java:117)
		at com.mysql.cj.jdbc.AbandonedConnectionCleanupThread.run(AbandonedConnectionCleanupThread.java:84)
		at java.base/java.util.concurrent.ThreadPoolExecutor.runWorker(ThreadPoolExecutor.java:1128)
		at java.base/java.util.concurrent.ThreadPoolExecutor$Worker.run(ThreadPoolExecutor.java:628)
		at java.base/java.lang.Thread.run(Thread.java:834)
15-Dec-2020 11:18:54.592 INFORMACIÓN [http-nio-8084-exec-57] org.apache.jasper.servlet.TldScanner.scanJars Al menos un JAR, que se ha explorado buscando TLDs, aún no contenía TLDs. Activar historial de depuración para este historiador para una completa lista de los JARs que fueron explorados y de los que nos se halló TLDs. Saltarse JARs no necesarios durante la exploración puede dar lugar a una mejora de tiempo significativa en el arranque y compilación de JSP .
15-Dec-2020 11:18:54.612 INFORMACIÓN [http-nio-8084-exec-57] org.apache.catalina.core.StandardContext.reload Se ha completado la recarga de este Contexto
15-Dec-2020 11:18:58.065 INFORMACIÓN [http-nio-8084-exec-59] org.apache.catalina.startup.HostConfig.undeploy Repliegue (undeploy) de la aplicación web que tiene como trayectoria de contexto [/AgendaWebJPA]
15-Dec-2020 11:18:58.094 INFORMACIÓN [http-nio-8084-exec-62] org.apache.catalina.startup.HostConfig.deployDescriptor Desplieque del descriptor de configuración [/home/pabpan/Repositorio_Netbeans/NetBeansProjects/apache-tomcat-9.0.41/conf/Catalina/localhost/AgendaWebJPA.xml]
15-Dec-2020 11:18:58.095 ADVERTENCIA [http-nio-8084-exec-62] org.apache.catalina.startup.HostConfig.deployDescriptor The path attribute with value [/AgendaWebJPA] in deployment descriptor [/home/pabpan/Repositorio_Netbeans/NetBeansProjects/apache-tomcat-9.0.41/conf/Catalina/localhost/AgendaWebJPA.xml] has been ignored
15-Dec-2020 11:18:58.871 INFORMACIÓN [http-nio-8084-exec-62] org.apache.jasper.servlet.TldScanner.scanJars Al menos un JAR, que se ha explorado buscando TLDs, aún no contenía TLDs. Activar historial de depuración para este historiador para una completa lista de los JARs que fueron explorados y de los que nos se halló TLDs. Saltarse JARs no necesarios durante la exploración puede dar lugar a una mejora de tiempo significativa en el arranque y compilación de JSP .
15-Dec-2020 11:18:58.877 INFORMACIÓN [http-nio-8084-exec-62] org.apache.catalina.startup.HostConfig.deployDescriptor Deployment of deployment descriptor [/home/pabpan/Repositorio_Netbeans/NetBeansProjects/apache-tomcat-9.0.41/conf/Catalina/localhost/AgendaWebJPA.xml] has finished in [783] ms
15-Dec-2020 11:18:58.897 INFORMACIÓN [http-nio-8084-exec-71] org.apache.catalina.util.LifecycleBase.start The start() method was called on component [StandardEngine[Catalina].StandardHost[localhost].StandardContext[/AgendaWebJPA]] after start() had already been called. The second call will be ignored.
15-Dec-2020 11:19:20.357 INFORMACIÓN [http-nio-8084-exec-78] org.apache.catalina.core.StandardContext.reload Ha comenzado la recarga de Contexto [/AgendaWebJPA]
15-Dec-2020 11:19:20.371 ADVERTENCIA [http-nio-8084-exec-78] org.apache.catalina.loader.WebappClassLoaderBase.clearReferencesJdbc La aplicación web [AgendaWebJPA] registró el conductor JDBC [com.mysql.cj.jdbc.Driver] pero falló al anular el registro mientras la aplicación web estaba parada. Para prevenir un fallo de memoria, se ha anulado el registro del conductor JDBC por la fuerza.
15-Dec-2020 11:19:20.376 ADVERTENCIA [http-nio-8084-exec-78] org.apache.catalina.loader.WebappClassLoaderBase.clearReferencesThreads The web application [AgendaWebJPA] appears to have started a thread named [mysql-cj-abandoned-connection-cleanup] but has failed to stop it. This is very likely to create a memory leak. Stack trace of thread:
 java.base@11.0.9.1/java.lang.Object.wait(Native Method)
 java.base@11.0.9.1/java.lang.ref.ReferenceQueue.remove(ReferenceQueue.java:155)
 com.mysql.cj.jdbc.AbandonedConnectionCleanupThread.run(AbandonedConnectionCleanupThread.java:85)
 java.base@11.0.9.1/java.util.concurrent.ThreadPoolExecutor.runWorker(ThreadPoolExecutor.java:1128)
 java.base@11.0.9.1/java.util.concurrent.ThreadPoolExecutor$Worker.run(ThreadPoolExecutor.java:628)
 java.base@11.0.9.1/java.lang.Thread.run(Thread.java:834)
15-Dec-2020 11:19:21.102 INFORMACIÓN [mysql-cj-abandoned-connection-cleanup] org.apache.catalina.loader.WebappClassLoaderBase.checkStateForResourceLoading Acceso ilegal: esta instancia de aplicación web ya ha sido parada.  Could not load [].  La eventual traza de pila que sigue ha sido motivada por un error lanzado con motivos de depuración así como para intentar terminar el hilo que motivó el acceso ilegal y no tiene impacto funcional.
	java.lang.IllegalStateException: Acceso ilegal: esta instancia de aplicación web ya ha sido parada.  Could not load [].  La eventual traza de pila que sigue ha sido motivada por un error lanzado con motivos de depuración así como para intentar terminar el hilo que motivó el acceso ilegal y no tiene impacto funcional.
		at org.apache.catalina.loader.WebappClassLoaderBase.checkStateForResourceLoading(WebappClassLoaderBase.java:1385)
		at org.apache.catalina.loader.WebappClassLoaderBase.getResource(WebappClassLoaderBase.java:1038)
		at com.mysql.cj.jdbc.AbandonedConnectionCleanupThread.checkThreadContextClassLoader(AbandonedConnectionCleanupThread.java:117)
		at com.mysql.cj.jdbc.AbandonedConnectionCleanupThread.run(AbandonedConnectionCleanupThread.java:84)
		at java.base/java.util.concurrent.ThreadPoolExecutor.runWorker(ThreadPoolExecutor.java:1128)
		at java.base/java.util.concurrent.ThreadPoolExecutor$Worker.run(ThreadPoolExecutor.java:628)
		at java.base/java.lang.Thread.run(Thread.java:834)
15-Dec-2020 11:19:21.308 INFORMACIÓN [http-nio-8084-exec-78] org.apache.jasper.servlet.TldScanner.scanJars Al menos un JAR, que se ha explorado buscando TLDs, aún no contenía TLDs. Activar historial de depuración para este historiador para una completa lista de los JARs que fueron explorados y de los que nos se halló TLDs. Saltarse JARs no necesarios durante la exploración puede dar lugar a una mejora de tiempo significativa en el arranque y compilación de JSP .
15-Dec-2020 11:19:21.313 INFORMACIÓN [http-nio-8084-exec-78] org.apache.catalina.core.StandardContext.reload Se ha completado la recarga de este Contexto
15-Dec-2020 11:19:51.316 INFORMACIÓN [http-nio-8084-exec-82] org.apache.catalina.startup.HostConfig.undeploy Repliegue (undeploy) de la aplicación web que tiene como trayectoria de contexto [/AgendaWebJPA]
15-Dec-2020 11:19:51.343 INFORMACIÓN [http-nio-8084-exec-59] org.apache.catalina.startup.HostConfig.deployDescriptor Desplieque del descriptor de configuración [/home/pabpan/Repositorio_Netbeans/NetBeansProjects/apache-tomcat-9.0.41/conf/Catalina/localhost/AgendaWebJPA.xml]
15-Dec-2020 11:19:51.343 ADVERTENCIA [http-nio-8084-exec-59] org.apache.catalina.startup.HostConfig.deployDescriptor The path attribute with value [/AgendaWebJPA] in deployment descriptor [/home/pabpan/Repositorio_Netbeans/NetBeansProjects/apache-tomcat-9.0.41/conf/Catalina/localhost/AgendaWebJPA.xml] has been ignored
15-Dec-2020 11:19:52.134 INFORMACIÓN [http-nio-8084-exec-59] org.apache.jasper.servlet.TldScanner.scanJars Al menos un JAR, que se ha explorado buscando TLDs, aún no contenía TLDs. Activar historial de depuración para este historiador para una completa lista de los JARs que fueron explorados y de los que nos se halló TLDs. Saltarse JARs no necesarios durante la exploración puede dar lugar a una mejora de tiempo significativa en el arranque y compilación de JSP .
15-Dec-2020 11:19:52.140 INFORMACIÓN [http-nio-8084-exec-59] org.apache.catalina.startup.HostConfig.deployDescriptor Deployment of deployment descriptor [/home/pabpan/Repositorio_Netbeans/NetBeansProjects/apache-tomcat-9.0.41/conf/Catalina/localhost/AgendaWebJPA.xml] has finished in [798] ms
15-Dec-2020 11:19:52.162 INFORMACIÓN [http-nio-8084-exec-78] org.apache.catalina.util.LifecycleBase.start The start() method was called on component [StandardEngine[Catalina].StandardHost[localhost].StandardContext[/AgendaWebJPA]] after start() had already been called. The second call will be ignored.
15-Dec-2020 11:22:06.703 INFORMACIÓN [http-nio-8084-exec-91] org.apache.catalina.core.StandardContext.reload Ha comenzado la recarga de Contexto [/AgendaWebJPA]
15-Dec-2020 11:22:06.713 ADVERTENCIA [http-nio-8084-exec-91] org.apache.catalina.loader.WebappClassLoaderBase.clearReferencesJdbc La aplicación web [AgendaWebJPA] registró el conductor JDBC [com.mysql.cj.jdbc.Driver] pero falló al anular el registro mientras la aplicación web estaba parada. Para prevenir un fallo de memoria, se ha anulado el registro del conductor JDBC por la fuerza.
15-Dec-2020 11:22:06.713 ADVERTENCIA [http-nio-8084-exec-91] org.apache.catalina.loader.WebappClassLoaderBase.clearReferencesThreads The web application [AgendaWebJPA] appears to have started a thread named [mysql-cj-abandoned-connection-cleanup] but has failed to stop it. This is very likely to create a memory leak. Stack trace of thread:
 java.base@11.0.9.1/java.lang.Object.wait(Native Method)
 java.base@11.0.9.1/java.lang.ref.ReferenceQueue.remove(ReferenceQueue.java:155)
 com.mysql.cj.jdbc.AbandonedConnectionCleanupThread.run(AbandonedConnectionCleanupThread.java:85)
 java.base@11.0.9.1/java.util.concurrent.ThreadPoolExecutor.runWorker(ThreadPoolExecutor.java:1128)
 java.base@11.0.9.1/java.util.concurrent.ThreadPoolExecutor$Worker.run(ThreadPoolExecutor.java:628)
 java.base@11.0.9.1/java.lang.Thread.run(Thread.java:834)
15-Dec-2020 11:22:07.376 INFORMACIÓN [mysql-cj-abandoned-connection-cleanup] org.apache.catalina.loader.WebappClassLoaderBase.checkStateForResourceLoading Acceso ilegal: esta instancia de aplicación web ya ha sido parada.  Could not load [].  La eventual traza de pila que sigue ha sido motivada por un error lanzado con motivos de depuración así como para intentar terminar el hilo que motivó el acceso ilegal y no tiene impacto funcional.
	java.lang.IllegalStateException: Acceso ilegal: esta instancia de aplicación web ya ha sido parada.  Could not load [].  La eventual traza de pila que sigue ha sido motivada por un error lanzado con motivos de depuración así como para intentar terminar el hilo que motivó el acceso ilegal y no tiene impacto funcional.
		at org.apache.catalina.loader.WebappClassLoaderBase.checkStateForResourceLoading(WebappClassLoaderBase.java:1385)
		at org.apache.catalina.loader.WebappClassLoaderBase.getResource(WebappClassLoaderBase.java:1038)
		at com.mysql.cj.jdbc.AbandonedConnectionCleanupThread.checkThreadContextClassLoader(AbandonedConnectionCleanupThread.java:117)
		at com.mysql.cj.jdbc.AbandonedConnectionCleanupThread.run(AbandonedConnectionCleanupThread.java:84)
		at java.base/java.util.concurrent.ThreadPoolExecutor.runWorker(ThreadPoolExecutor.java:1128)
		at java.base/java.util.concurrent.ThreadPoolExecutor$Worker.run(ThreadPoolExecutor.java:628)
		at java.base/java.lang.Thread.run(Thread.java:834)
15-Dec-2020 11:22:07.627 INFORMACIÓN [http-nio-8084-exec-91] org.apache.jasper.servlet.TldScanner.scanJars Al menos un JAR, que se ha explorado buscando TLDs, aún no contenía TLDs. Activar historial de depuración para este historiador para una completa lista de los JARs que fueron explorados y de los que nos se halló TLDs. Saltarse JARs no necesarios durante la exploración puede dar lugar a una mejora de tiempo significativa en el arranque y compilación de JSP .
15-Dec-2020 11:22:07.633 INFORMACIÓN [http-nio-8084-exec-91] org.apache.catalina.core.StandardContext.reload Se ha completado la recarga de este Contexto
15-Dec-2020 11:22:20.198 INFORMACIÓN [http-nio-8084-exec-85] org.apache.catalina.startup.HostConfig.undeploy Repliegue (undeploy) de la aplicación web que tiene como trayectoria de contexto [/AgendaWebJPA]
15-Dec-2020 11:22:20.223 INFORMACIÓN [http-nio-8084-exec-89] org.apache.catalina.startup.HostConfig.deployDescriptor Desplieque del descriptor de configuración [/home/pabpan/Repositorio_Netbeans/NetBeansProjects/apache-tomcat-9.0.41/conf/Catalina/localhost/AgendaWebJPA.xml]
15-Dec-2020 11:22:20.224 ADVERTENCIA [http-nio-8084-exec-89] org.apache.catalina.startup.HostConfig.deployDescriptor The path attribute with value [/AgendaWebJPA] in deployment descriptor [/home/pabpan/Repositorio_Netbeans/NetBeansProjects/apache-tomcat-9.0.41/conf/Catalina/localhost/AgendaWebJPA.xml] has been ignored
15-Dec-2020 11:22:20.990 INFORMACIÓN [http-nio-8084-exec-89] org.apache.jasper.servlet.TldScanner.scanJars Al menos un JAR, que se ha explorado buscando TLDs, aún no contenía TLDs. Activar historial de depuración para este historiador para una completa lista de los JARs que fueron explorados y de los que nos se halló TLDs. Saltarse JARs no necesarios durante la exploración puede dar lugar a una mejora de tiempo significativa en el arranque y compilación de JSP .
15-Dec-2020 11:22:20.996 INFORMACIÓN [http-nio-8084-exec-89] org.apache.catalina.startup.HostConfig.deployDescriptor Deployment of deployment descriptor [/home/pabpan/Repositorio_Netbeans/NetBeansProjects/apache-tomcat-9.0.41/conf/Catalina/localhost/AgendaWebJPA.xml] has finished in [773] ms
15-Dec-2020 11:22:21.021 INFORMACIÓN [http-nio-8084-exec-78] org.apache.catalina.util.LifecycleBase.start The start() method was called on component [StandardEngine[Catalina].StandardHost[localhost].StandardContext[/AgendaWebJPA]] after start() had already been called. The second call will be ignored.
15-Dec-2020 12:09:02.184 INFORMACIÓN [main] org.apache.catalina.core.StandardServer.await Se ha recibido un comando de apagado a través del puerto de apagado. Parando la instancia del Servidor.
15-Dec-2020 12:09:02.185 INFORMACIÓN [main] org.apache.coyote.AbstractProtocol.pause Pausing ProtocolHandler ["http-nio-8084"]
15-Dec-2020 12:09:02.191 INFORMACIÓN [main] org.apache.catalina.core.StandardService.stopInternal Parando servicio [Catalina]
15-Dec-2020 12:09:02.215 ADVERTENCIA [main] org.apache.catalina.loader.WebappClassLoaderBase.clearReferencesJdbc La aplicación web [AgendaWebJPA] registró el conductor JDBC [com.mysql.cj.jdbc.Driver] pero falló al anular el registro mientras la aplicación web estaba parada. Para prevenir un fallo de memoria, se ha anulado el registro del conductor JDBC por la fuerza.
15-Dec-2020 12:09:02.215 ADVERTENCIA [main] org.apache.catalina.loader.WebappClassLoaderBase.clearReferencesThreads The web application [AgendaWebJPA] appears to have started a thread named [mysql-cj-abandoned-connection-cleanup] but has failed to stop it. This is very likely to create a memory leak. Stack trace of thread:
 java.base@11.0.9.1/java.lang.Object.wait(Native Method)
 java.base@11.0.9.1/java.lang.ref.ReferenceQueue.remove(ReferenceQueue.java:155)
 com.mysql.cj.jdbc.AbandonedConnectionCleanupThread.run(AbandonedConnectionCleanupThread.java:85)
 java.base@11.0.9.1/java.util.concurrent.ThreadPoolExecutor.runWorker(ThreadPoolExecutor.java:1128)
 java.base@11.0.9.1/java.util.concurrent.ThreadPoolExecutor$Worker.run(ThreadPoolExecutor.java:628)
 java.base@11.0.9.1/java.lang.Thread.run(Thread.java:834)
15-Dec-2020 12:09:02.238 INFORMACIÓN [main] org.apache.coyote.AbstractProtocol.stop Stopping ProtocolHandler ["http-nio-8084"]
15-Dec-2020 12:09:02.289 INFORMACIÓN [main] org.apache.coyote.AbstractProtocol.destroy Destroying ProtocolHandler ["http-nio-8084"]
