04-Jan-2021 12:42:27.341 INFORMACIÓN [main] org.apache.catalina.startup.VersionLoggerListener.log Nombre de la versión del servidor: Apache Tomcat/9.0.41
04-Jan-2021 12:42:27.348 INFORMACIÓN [main] org.apache.catalina.startup.VersionLoggerListener.log Server built:                      Dec 3 2020 11:43:00 UTC
04-Jan-2021 12:42:27.349 INFORMACIÓN [main] org.apache.catalina.startup.VersionLoggerListener.log Número de versión de servidor:     9.0.41.0
04-Jan-2021 12:42:27.349 INFORMACIÓN [main] org.apache.catalina.startup.VersionLoggerListener.log OS Name:                           Linux
04-Jan-2021 12:42:27.349 INFORMACIÓN [main] org.apache.catalina.startup.VersionLoggerListener.log Versión de Systema Operativo:      5.4.0-58-generic
04-Jan-2021 12:42:27.350 INFORMACIÓN [main] org.apache.catalina.startup.VersionLoggerListener.log Arquitectura:                      amd64
04-Jan-2021 12:42:27.350 INFORMACIÓN [main] org.apache.catalina.startup.VersionLoggerListener.log Java Home:                         /usr/lib/jvm/java-11-openjdk-amd64
04-Jan-2021 12:42:27.350 INFORMACIÓN [main] org.apache.catalina.startup.VersionLoggerListener.log JVM Version:                       11.0.9.1+1-Ubuntu-0ubuntu1.20.04
04-Jan-2021 12:42:27.350 INFORMACIÓN [main] org.apache.catalina.startup.VersionLoggerListener.log Vededor JVM:                       Ubuntu
04-Jan-2021 12:42:27.351 INFORMACIÓN [main] org.apache.catalina.startup.VersionLoggerListener.log CATALINA_BASE:                     /home/pabpan/Repositorio_Netbeans/NetBeansProjects/apache-tomcat-9.0.41
04-Jan-2021 12:42:27.351 INFORMACIÓN [main] org.apache.catalina.startup.VersionLoggerListener.log CATALINA_HOME:                     /home/pabpan/Repositorio_Netbeans/NetBeansProjects/apache-tomcat-9.0.41
04-Jan-2021 12:42:27.375 INFORMACIÓN [main] org.apache.catalina.startup.VersionLoggerListener.log Command line argument:             --add-opens=java.base/java.lang=ALL-UNNAMED
04-Jan-2021 12:42:27.377 INFORMACIÓN [main] org.apache.catalina.startup.VersionLoggerListener.log Command line argument:             --add-opens=java.base/java.io=ALL-UNNAMED
04-Jan-2021 12:42:27.378 INFORMACIÓN [main] org.apache.catalina.startup.VersionLoggerListener.log Command line argument:             --add-opens=java.rmi/sun.rmi.transport=ALL-UNNAMED
04-Jan-2021 12:42:27.378 INFORMACIÓN [main] org.apache.catalina.startup.VersionLoggerListener.log Command line argument:             -Djava.util.logging.config.file=/home/pabpan/Repositorio_Netbeans/NetBeansProjects/apache-tomcat-9.0.41/conf/logging.properties
04-Jan-2021 12:42:27.378 INFORMACIÓN [main] org.apache.catalina.startup.VersionLoggerListener.log Command line argument:             -Djava.util.logging.manager=org.apache.juli.ClassLoaderLogManager
04-Jan-2021 12:42:27.378 INFORMACIÓN [main] org.apache.catalina.startup.VersionLoggerListener.log Command line argument:             -Dhttp.nonProxyHosts=localhost|127.0.0.1|PORTATIL-PABLO
04-Jan-2021 12:42:27.378 INFORMACIÓN [main] org.apache.catalina.startup.VersionLoggerListener.log Command line argument:             -Djdk.tls.ephemeralDHKeySize=2048
04-Jan-2021 12:42:27.379 INFORMACIÓN [main] org.apache.catalina.startup.VersionLoggerListener.log Command line argument:             -Djava.protocol.handler.pkgs=org.apache.catalina.webresources
04-Jan-2021 12:42:27.379 INFORMACIÓN [main] org.apache.catalina.startup.VersionLoggerListener.log Command line argument:             -Dorg.apache.catalina.security.SecurityListener.UMASK=0027
04-Jan-2021 12:42:27.379 INFORMACIÓN [main] org.apache.catalina.startup.VersionLoggerListener.log Command line argument:             -Dignore.endorsed.dirs=
04-Jan-2021 12:42:27.379 INFORMACIÓN [main] org.apache.catalina.startup.VersionLoggerListener.log Command line argument:             -Dcatalina.base=/home/pabpan/Repositorio_Netbeans/NetBeansProjects/apache-tomcat-9.0.41
04-Jan-2021 12:42:27.380 INFORMACIÓN [main] org.apache.catalina.startup.VersionLoggerListener.log Command line argument:             -Dcatalina.home=/home/pabpan/Repositorio_Netbeans/NetBeansProjects/apache-tomcat-9.0.41
04-Jan-2021 12:42:27.380 INFORMACIÓN [main] org.apache.catalina.startup.VersionLoggerListener.log Command line argument:             -Djava.io.tmpdir=/home/pabpan/Repositorio_Netbeans/NetBeansProjects/apache-tomcat-9.0.41/temp
04-Jan-2021 12:42:27.385 INFORMACIÓN [main] org.apache.catalina.core.AprLifecycleListener.lifecycleEvent La biblioteca nativa de Apache Tomcat basada en ARP que permite un rendimiento óptimo en entornos de desarrollo no ha sido hallada en java.library.path: [/usr/java/packages/lib:/usr/lib/x86_64-linux-gnu/jni:/lib/x86_64-linux-gnu:/usr/lib/x86_64-linux-gnu:/usr/lib/jni:/lib:/usr/lib]
04-Jan-2021 12:42:28.136 INFORMACIÓN [main] org.apache.coyote.AbstractProtocol.init Inicializando el manejador de protocolo ["http-nio-8084"]

04-Jan-2021 12:42:28.223 INFORMACIÓN [main] org.apache.catalina.startup.Catalina.load Server initialization in [1334] milliseconds
04-Jan-2021 12:42:28.362 INFORMACIÓN [main] org.apache.catalina.core.StandardService.startInternal Arrancando servicio [Catalina]
04-Jan-2021 12:42:28.374 INFORMACIÓN [main] org.apache.catalina.core.StandardEngine.startInternal Starting Servlet engine: [Apache Tomcat/9.0.41]
04-Jan-2021 12:42:28.391 INFORMACIÓN [main] org.apache.catalina.startup.HostConfig.deployDescriptor Desplieque del descriptor de configuración [/home/pabpan/Repositorio_Netbeans/NetBeansProjects/apache-tomcat-9.0.41/conf/Catalina/localhost/AgendaWebJPA.xml]
04-Jan-2021 12:42:28.432 ADVERTENCIA [main] org.apache.catalina.startup.HostConfig.deployDescriptor The path attribute with value [/AgendaWebJPA] in deployment descriptor [/home/pabpan/Repositorio_Netbeans/NetBeansProjects/apache-tomcat-9.0.41/conf/Catalina/localhost/AgendaWebJPA.xml] has been ignored
04-Jan-2021 12:42:31.462 INFORMACIÓN [main] org.apache.jasper.servlet.TldScanner.scanJars Al menos un JAR, que se ha explorado buscando TLDs, aún no contenía TLDs. Activar historial de depuración para este historiador para una completa lista de los JARs que fueron explorados y de los que nos se halló TLDs. Saltarse JARs no necesarios durante la exploración puede dar lugar a una mejora de tiempo significativa en el arranque y compilación de JSP .
04-Jan-2021 12:42:31.600 INFORMACIÓN [main] org.apache.catalina.startup.HostConfig.deployDescriptor Deployment of deployment descriptor [/home/pabpan/Repositorio_Netbeans/NetBeansProjects/apache-tomcat-9.0.41/conf/Catalina/localhost/AgendaWebJPA.xml] has finished in [3.206] ms
04-Jan-2021 12:42:31.600 INFORMACIÓN [main] org.apache.catalina.startup.HostConfig.deployDirectory Desplegando el directorio [/home/pabpan/Repositorio_Netbeans/NetBeansProjects/apache-tomcat-9.0.41/webapps/docs] de la aplicación web
04-Jan-2021 12:42:31.689 INFORMACIÓN [main] org.apache.jasper.servlet.TldScanner.scanJars Al menos un JAR, que se ha explorado buscando TLDs, aún no contenía TLDs. Activar historial de depuración para este historiador para una completa lista de los JARs que fueron explorados y de los que nos se halló TLDs. Saltarse JARs no necesarios durante la exploración puede dar lugar a una mejora de tiempo significativa en el arranque y compilación de JSP .
04-Jan-2021 12:42:31.696 INFORMACIÓN [main] org.apache.catalina.startup.HostConfig.deployDirectory Deployment of web application directory [/home/pabpan/Repositorio_Netbeans/NetBeansProjects/apache-tomcat-9.0.41/webapps/docs] has finished in [96] ms
04-Jan-2021 12:42:31.697 INFORMACIÓN [main] org.apache.catalina.startup.HostConfig.deployDirectory Desplegando el directorio [/home/pabpan/Repositorio_Netbeans/NetBeansProjects/apache-tomcat-9.0.41/webapps/ROOT] de la aplicación web
04-Jan-2021 12:42:31.816 INFORMACIÓN [main] org.apache.jasper.servlet.TldScanner.scanJars Al menos un JAR, que se ha explorado buscando TLDs, aún no contenía TLDs. Activar historial de depuración para este historiador para una completa lista de los JARs que fueron explorados y de los que nos se halló TLDs. Saltarse JARs no necesarios durante la exploración puede dar lugar a una mejora de tiempo significativa en el arranque y compilación de JSP .
04-Jan-2021 12:42:31.825 INFORMACIÓN [main] org.apache.catalina.startup.HostConfig.deployDirectory Deployment of web application directory [/home/pabpan/Repositorio_Netbeans/NetBeansProjects/apache-tomcat-9.0.41/webapps/ROOT] has finished in [128] ms
04-Jan-2021 12:42:31.826 INFORMACIÓN [main] org.apache.catalina.startup.HostConfig.deployDirectory Desplegando el directorio [/home/pabpan/Repositorio_Netbeans/NetBeansProjects/apache-tomcat-9.0.41/webapps/host-manager] de la aplicación web
04-Jan-2021 12:42:31.921 INFORMACIÓN [main] org.apache.jasper.servlet.TldScanner.scanJars Al menos un JAR, que se ha explorado buscando TLDs, aún no contenía TLDs. Activar historial de depuración para este historiador para una completa lista de los JARs que fueron explorados y de los que nos se halló TLDs. Saltarse JARs no necesarios durante la exploración puede dar lugar a una mejora de tiempo significativa en el arranque y compilación de JSP .
04-Jan-2021 12:42:31.935 INFORMACIÓN [main] org.apache.catalina.startup.HostConfig.deployDirectory Deployment of web application directory [/home/pabpan/Repositorio_Netbeans/NetBeansProjects/apache-tomcat-9.0.41/webapps/host-manager] has finished in [108] ms
04-Jan-2021 12:42:31.935 INFORMACIÓN [main] org.apache.catalina.startup.HostConfig.deployDirectory Desplegando el directorio [/home/pabpan/Repositorio_Netbeans/NetBeansProjects/apache-tomcat-9.0.41/webapps/examples] de la aplicación web
04-Jan-2021 12:42:32.354 INFORMACIÓN [main] org.apache.jasper.servlet.TldScanner.scanJars Al menos un JAR, que se ha explorado buscando TLDs, aún no contenía TLDs. Activar historial de depuración para este historiador para una completa lista de los JARs que fueron explorados y de los que nos se halló TLDs. Saltarse JARs no necesarios durante la exploración puede dar lugar a una mejora de tiempo significativa en el arranque y compilación de JSP .
04-Jan-2021 12:42:32.393 INFORMACIÓN [main] org.apache.catalina.startup.HostConfig.deployDirectory Deployment of web application directory [/home/pabpan/Repositorio_Netbeans/NetBeansProjects/apache-tomcat-9.0.41/webapps/examples] has finished in [458] ms
04-Jan-2021 12:42:32.393 INFORMACIÓN [main] org.apache.catalina.startup.HostConfig.deployDirectory Desplegando el directorio [/home/pabpan/Repositorio_Netbeans/NetBeansProjects/apache-tomcat-9.0.41/webapps/manager] de la aplicación web
04-Jan-2021 12:42:32.514 INFORMACIÓN [main] org.apache.jasper.servlet.TldScanner.scanJars Al menos un JAR, que se ha explorado buscando TLDs, aún no contenía TLDs. Activar historial de depuración para este historiador para una completa lista de los JARs que fueron explorados y de los que nos se halló TLDs. Saltarse JARs no necesarios durante la exploración puede dar lugar a una mejora de tiempo significativa en el arranque y compilación de JSP .
04-Jan-2021 12:42:32.520 INFORMACIÓN [main] org.apache.catalina.startup.HostConfig.deployDirectory Deployment of web application directory [/home/pabpan/Repositorio_Netbeans/NetBeansProjects/apache-tomcat-9.0.41/webapps/manager] has finished in [127] ms
04-Jan-2021 12:42:32.529 INFORMACIÓN [main] org.apache.coyote.AbstractProtocol.start Starting ProtocolHandler ["http-nio-8084"]
04-Jan-2021 12:42:32.616 INFORMACIÓN [main] org.apache.catalina.startup.Catalina.start Server startup in [4392] milliseconds
04-Jan-2021 12:42:36.460 INFORMACIÓN [http-nio-8084-exec-2] org.apache.catalina.startup.HostConfig.deployDescriptor Desplieque del descriptor de configuración [/home/pabpan/Repositorio_Netbeans/NetBeansProjects/apache-tomcat-9.0.41/conf/Catalina/localhost/SuperComprinJPA.xml]
04-Jan-2021 12:42:36.469 ADVERTENCIA [http-nio-8084-exec-2] org.apache.catalina.startup.HostConfig.deployDescriptor The path attribute with value [/SuperComprinJPA] in deployment descriptor [/home/pabpan/Repositorio_Netbeans/NetBeansProjects/apache-tomcat-9.0.41/conf/Catalina/localhost/SuperComprinJPA.xml] has been ignored
04-Jan-2021 12:42:36.632 INFORMACIÓN [http-nio-8084-exec-2] org.apache.jasper.servlet.TldScanner.scanJars Al menos un JAR, que se ha explorado buscando TLDs, aún no contenía TLDs. Activar historial de depuración para este historiador para una completa lista de los JARs que fueron explorados y de los que nos se halló TLDs. Saltarse JARs no necesarios durante la exploración puede dar lugar a una mejora de tiempo significativa en el arranque y compilación de JSP .
04-Jan-2021 12:42:36.647 INFORMACIÓN [http-nio-8084-exec-2] org.apache.catalina.startup.HostConfig.deployDescriptor Deployment of deployment descriptor [/home/pabpan/Repositorio_Netbeans/NetBeansProjects/apache-tomcat-9.0.41/conf/Catalina/localhost/SuperComprinJPA.xml] has finished in [187] ms
04-Jan-2021 12:42:36.723 INFORMACIÓN [http-nio-8084-exec-4] org.apache.catalina.util.LifecycleBase.start The start() method was called on component [StandardEngine[Catalina].StandardHost[localhost].StandardContext[/SuperComprinJPA]] after start() had already been called. The second call will be ignored.
04-Jan-2021 12:42:37.698 INFORMACIÓN [http-nio-8084-exec-7] org.apache.catalina.startup.HostConfig.undeploy Repliegue (undeploy) de la aplicación web que tiene como trayectoria de contexto [/SuperComprinJPA]
04-Jan-2021 12:42:37.739 INFORMACIÓN [http-nio-8084-exec-1] org.apache.catalina.startup.HostConfig.deployDescriptor Desplieque del descriptor de configuración [/home/pabpan/Repositorio_Netbeans/NetBeansProjects/apache-tomcat-9.0.41/conf/Catalina/localhost/SuperComprinJPA.xml]
04-Jan-2021 12:42:37.741 ADVERTENCIA [http-nio-8084-exec-1] org.apache.catalina.startup.HostConfig.deployDescriptor The path attribute with value [/SuperComprinJPA] in deployment descriptor [/home/pabpan/Repositorio_Netbeans/NetBeansProjects/apache-tomcat-9.0.41/conf/Catalina/localhost/SuperComprinJPA.xml] has been ignored
04-Jan-2021 12:42:37.897 INFORMACIÓN [http-nio-8084-exec-1] org.apache.jasper.servlet.TldScanner.scanJars Al menos un JAR, que se ha explorado buscando TLDs, aún no contenía TLDs. Activar historial de depuración para este historiador para una completa lista de los JARs que fueron explorados y de los que nos se halló TLDs. Saltarse JARs no necesarios durante la exploración puede dar lugar a una mejora de tiempo significativa en el arranque y compilación de JSP .
04-Jan-2021 12:42:37.912 INFORMACIÓN [http-nio-8084-exec-1] org.apache.catalina.startup.HostConfig.deployDescriptor Deployment of deployment descriptor [/home/pabpan/Repositorio_Netbeans/NetBeansProjects/apache-tomcat-9.0.41/conf/Catalina/localhost/SuperComprinJPA.xml] has finished in [172] ms
04-Jan-2021 12:42:37.972 INFORMACIÓN [http-nio-8084-exec-4] org.apache.catalina.util.LifecycleBase.start The start() method was called on component [StandardEngine[Catalina].StandardHost[localhost].StandardContext[/SuperComprinJPA]] after start() had already been called. The second call will be ignored.
04-Jan-2021 12:47:49.029 INFORMACIÓN [http-nio-8084-exec-16] org.apache.catalina.core.StandardContext.reload Ha comenzado la recarga de Contexto [/SuperComprinJPA]
04-Jan-2021 12:47:49.145 INFORMACIÓN [http-nio-8084-exec-16] org.apache.jasper.servlet.TldScanner.scanJars Al menos un JAR, que se ha explorado buscando TLDs, aún no contenía TLDs. Activar historial de depuración para este historiador para una completa lista de los JARs que fueron explorados y de los que nos se halló TLDs. Saltarse JARs no necesarios durante la exploración puede dar lugar a una mejora de tiempo significativa en el arranque y compilación de JSP .
04-Jan-2021 12:47:49.158 INFORMACIÓN [http-nio-8084-exec-16] org.apache.catalina.core.StandardContext.reload Se ha completado la recarga de este Contexto
04-Jan-2021 12:48:32.363 INFORMACIÓN [http-nio-8084-exec-11] org.apache.catalina.core.StandardContext.reload Ha comenzado la recarga de Contexto [/SuperComprinJPA]
04-Jan-2021 12:48:32.543 INFORMACIÓN [http-nio-8084-exec-11] org.apache.jasper.servlet.TldScanner.scanJars Al menos un JAR, que se ha explorado buscando TLDs, aún no contenía TLDs. Activar historial de depuración para este historiador para una completa lista de los JARs que fueron explorados y de los que nos se halló TLDs. Saltarse JARs no necesarios durante la exploración puede dar lugar a una mejora de tiempo significativa en el arranque y compilación de JSP .
04-Jan-2021 12:48:32.549 INFORMACIÓN [http-nio-8084-exec-11] org.apache.catalina.core.StandardContext.reload Se ha completado la recarga de este Contexto
04-Jan-2021 12:48:35.272 INFORMACIÓN [http-nio-8084-exec-21] org.apache.catalina.core.StandardContext.reload Ha comenzado la recarga de Contexto [/SuperComprinJPA]
04-Jan-2021 12:48:35.345 INFORMACIÓN [http-nio-8084-exec-21] org.apache.jasper.servlet.TldScanner.scanJars Al menos un JAR, que se ha explorado buscando TLDs, aún no contenía TLDs. Activar historial de depuración para este historiador para una completa lista de los JARs que fueron explorados y de los que nos se halló TLDs. Saltarse JARs no necesarios durante la exploración puede dar lugar a una mejora de tiempo significativa en el arranque y compilación de JSP .
04-Jan-2021 12:48:35.350 INFORMACIÓN [http-nio-8084-exec-21] org.apache.catalina.core.StandardContext.reload Se ha completado la recarga de este Contexto
04-Jan-2021 12:48:36.493 INFORMACIÓN [http-nio-8084-exec-18] org.apache.catalina.core.StandardContext.reload Ha comenzado la recarga de Contexto [/SuperComprinJPA]
04-Jan-2021 12:48:36.565 INFORMACIÓN [http-nio-8084-exec-18] org.apache.jasper.servlet.TldScanner.scanJars Al menos un JAR, que se ha explorado buscando TLDs, aún no contenía TLDs. Activar historial de depuración para este historiador para una completa lista de los JARs que fueron explorados y de los que nos se halló TLDs. Saltarse JARs no necesarios durante la exploración puede dar lugar a una mejora de tiempo significativa en el arranque y compilación de JSP .
04-Jan-2021 12:48:36.569 INFORMACIÓN [http-nio-8084-exec-18] org.apache.catalina.core.StandardContext.reload Se ha completado la recarga de este Contexto
04-Jan-2021 12:48:37.426 INFORMACIÓN [http-nio-8084-exec-18] org.apache.catalina.core.StandardContext.reload Ha comenzado la recarga de Contexto [/SuperComprinJPA]
04-Jan-2021 12:48:37.483 INFORMACIÓN [http-nio-8084-exec-18] org.apache.jasper.servlet.TldScanner.scanJars Al menos un JAR, que se ha explorado buscando TLDs, aún no contenía TLDs. Activar historial de depuración para este historiador para una completa lista de los JARs que fueron explorados y de los que nos se halló TLDs. Saltarse JARs no necesarios durante la exploración puede dar lugar a una mejora de tiempo significativa en el arranque y compilación de JSP .
04-Jan-2021 12:48:37.488 INFORMACIÓN [http-nio-8084-exec-18] org.apache.catalina.core.StandardContext.reload Se ha completado la recarga de este Contexto
04-Jan-2021 12:49:28.379 INFORMACIÓN [http-nio-8084-exec-20] org.apache.catalina.core.StandardContext.reload Ha comenzado la recarga de Contexto [/SuperComprinJPA]
04-Jan-2021 12:49:28.447 INFORMACIÓN [http-nio-8084-exec-20] org.apache.jasper.servlet.TldScanner.scanJars Al menos un JAR, que se ha explorado buscando TLDs, aún no contenía TLDs. Activar historial de depuración para este historiador para una completa lista de los JARs que fueron explorados y de los que nos se halló TLDs. Saltarse JARs no necesarios durante la exploración puede dar lugar a una mejora de tiempo significativa en el arranque y compilación de JSP .
04-Jan-2021 12:49:28.450 INFORMACIÓN [http-nio-8084-exec-20] org.apache.catalina.core.StandardContext.reload Se ha completado la recarga de este Contexto
04-Jan-2021 12:49:48.411 INFORMACIÓN [http-nio-8084-exec-16] org.apache.catalina.core.StandardContext.reload Ha comenzado la recarga de Contexto [/SuperComprinJPA]
04-Jan-2021 12:49:48.456 INFORMACIÓN [http-nio-8084-exec-16] org.apache.jasper.servlet.TldScanner.scanJars Al menos un JAR, que se ha explorado buscando TLDs, aún no contenía TLDs. Activar historial de depuración para este historiador para una completa lista de los JARs que fueron explorados y de los que nos se halló TLDs. Saltarse JARs no necesarios durante la exploración puede dar lugar a una mejora de tiempo significativa en el arranque y compilación de JSP .
04-Jan-2021 12:49:48.459 INFORMACIÓN [http-nio-8084-exec-16] org.apache.catalina.core.StandardContext.reload Se ha completado la recarga de este Contexto
04-Jan-2021 12:49:49.842 INFORMACIÓN [http-nio-8084-exec-28] org.apache.catalina.core.StandardContext.reload Ha comenzado la recarga de Contexto [/SuperComprinJPA]
04-Jan-2021 12:49:49.946 INFORMACIÓN [http-nio-8084-exec-28] org.apache.jasper.servlet.TldScanner.scanJars Al menos un JAR, que se ha explorado buscando TLDs, aún no contenía TLDs. Activar historial de depuración para este historiador para una completa lista de los JARs que fueron explorados y de los que nos se halló TLDs. Saltarse JARs no necesarios durante la exploración puede dar lugar a una mejora de tiempo significativa en el arranque y compilación de JSP .
04-Jan-2021 12:49:49.958 INFORMACIÓN [http-nio-8084-exec-28] org.apache.catalina.core.StandardContext.reload Se ha completado la recarga de este Contexto
04-Jan-2021 12:49:50.762 INFORMACIÓN [http-nio-8084-exec-22] org.apache.catalina.core.StandardContext.reload Ha comenzado la recarga de Contexto [/SuperComprinJPA]
04-Jan-2021 12:49:50.815 INFORMACIÓN [http-nio-8084-exec-22] org.apache.jasper.servlet.TldScanner.scanJars Al menos un JAR, que se ha explorado buscando TLDs, aún no contenía TLDs. Activar historial de depuración para este historiador para una completa lista de los JARs que fueron explorados y de los que nos se halló TLDs. Saltarse JARs no necesarios durante la exploración puede dar lugar a una mejora de tiempo significativa en el arranque y compilación de JSP .
04-Jan-2021 12:49:50.831 INFORMACIÓN [http-nio-8084-exec-22] org.apache.catalina.core.StandardContext.reload Se ha completado la recarga de este Contexto
04-Jan-2021 12:50:47.053 INFORMACIÓN [http-nio-8084-exec-16] org.apache.catalina.core.StandardContext.reload Ha comenzado la recarga de Contexto [/SuperComprinJPA]
04-Jan-2021 12:50:47.124 INFORMACIÓN [http-nio-8084-exec-16] org.apache.jasper.servlet.TldScanner.scanJars Al menos un JAR, que se ha explorado buscando TLDs, aún no contenía TLDs. Activar historial de depuración para este historiador para una completa lista de los JARs que fueron explorados y de los que nos se halló TLDs. Saltarse JARs no necesarios durante la exploración puede dar lugar a una mejora de tiempo significativa en el arranque y compilación de JSP .
04-Jan-2021 12:50:47.126 INFORMACIÓN [http-nio-8084-exec-16] org.apache.catalina.core.StandardContext.reload Se ha completado la recarga de este Contexto
04-Jan-2021 12:52:04.438 INFORMACIÓN [http-nio-8084-exec-11] org.apache.catalina.core.StandardContext.reload Ha comenzado la recarga de Contexto [/SuperComprinJPA]
04-Jan-2021 12:52:04.530 INFORMACIÓN [http-nio-8084-exec-11] org.apache.jasper.servlet.TldScanner.scanJars Al menos un JAR, que se ha explorado buscando TLDs, aún no contenía TLDs. Activar historial de depuración para este historiador para una completa lista de los JARs que fueron explorados y de los que nos se halló TLDs. Saltarse JARs no necesarios durante la exploración puede dar lugar a una mejora de tiempo significativa en el arranque y compilación de JSP .
04-Jan-2021 12:52:04.533 INFORMACIÓN [http-nio-8084-exec-11] org.apache.catalina.core.StandardContext.reload Se ha completado la recarga de este Contexto
04-Jan-2021 12:52:16.791 INFORMACIÓN [http-nio-8084-exec-32] org.apache.catalina.core.StandardContext.reload Ha comenzado la recarga de Contexto [/SuperComprinJPA]
04-Jan-2021 12:52:16.832 INFORMACIÓN [http-nio-8084-exec-32] org.apache.jasper.servlet.TldScanner.scanJars Al menos un JAR, que se ha explorado buscando TLDs, aún no contenía TLDs. Activar historial de depuración para este historiador para una completa lista de los JARs que fueron explorados y de los que nos se halló TLDs. Saltarse JARs no necesarios durante la exploración puede dar lugar a una mejora de tiempo significativa en el arranque y compilación de JSP .
04-Jan-2021 12:52:16.835 INFORMACIÓN [http-nio-8084-exec-32] org.apache.catalina.core.StandardContext.reload Se ha completado la recarga de este Contexto
04-Jan-2021 12:52:25.920 INFORMACIÓN [http-nio-8084-exec-20] org.apache.catalina.core.StandardContext.reload Ha comenzado la recarga de Contexto [/SuperComprinJPA]
04-Jan-2021 12:52:25.966 INFORMACIÓN [http-nio-8084-exec-20] org.apache.jasper.servlet.TldScanner.scanJars Al menos un JAR, que se ha explorado buscando TLDs, aún no contenía TLDs. Activar historial de depuración para este historiador para una completa lista de los JARs que fueron explorados y de los que nos se halló TLDs. Saltarse JARs no necesarios durante la exploración puede dar lugar a una mejora de tiempo significativa en el arranque y compilación de JSP .
04-Jan-2021 12:52:25.969 INFORMACIÓN [http-nio-8084-exec-20] org.apache.catalina.core.StandardContext.reload Se ha completado la recarga de este Contexto
04-Jan-2021 12:53:21.093 INFORMACIÓN [http-nio-8084-exec-31] org.apache.catalina.core.StandardContext.reload Ha comenzado la recarga de Contexto [/SuperComprinJPA]
04-Jan-2021 12:53:21.176 INFORMACIÓN [http-nio-8084-exec-31] org.apache.jasper.servlet.TldScanner.scanJars Al menos un JAR, que se ha explorado buscando TLDs, aún no contenía TLDs. Activar historial de depuración para este historiador para una completa lista de los JARs que fueron explorados y de los que nos se halló TLDs. Saltarse JARs no necesarios durante la exploración puede dar lugar a una mejora de tiempo significativa en el arranque y compilación de JSP .
04-Jan-2021 12:53:21.179 INFORMACIÓN [http-nio-8084-exec-31] org.apache.catalina.core.StandardContext.reload Se ha completado la recarga de este Contexto
04-Jan-2021 12:56:12.870 INFORMACIÓN [http-nio-8084-exec-35] org.apache.catalina.core.StandardContext.reload Ha comenzado la recarga de Contexto [/SuperComprinJPA]
04-Jan-2021 12:56:12.916 INFORMACIÓN [http-nio-8084-exec-35] org.apache.jasper.servlet.TldScanner.scanJars Al menos un JAR, que se ha explorado buscando TLDs, aún no contenía TLDs. Activar historial de depuración para este historiador para una completa lista de los JARs que fueron explorados y de los que nos se halló TLDs. Saltarse JARs no necesarios durante la exploración puede dar lugar a una mejora de tiempo significativa en el arranque y compilación de JSP .
04-Jan-2021 12:56:12.918 INFORMACIÓN [http-nio-8084-exec-35] org.apache.catalina.core.StandardContext.reload Se ha completado la recarga de este Contexto
04-Jan-2021 12:59:11.068 INFORMACIÓN [http-nio-8084-exec-31] org.apache.catalina.core.StandardContext.reload Ha comenzado la recarga de Contexto [/SuperComprinJPA]
04-Jan-2021 12:59:11.145 INFORMACIÓN [http-nio-8084-exec-31] org.apache.jasper.servlet.TldScanner.scanJars Al menos un JAR, que se ha explorado buscando TLDs, aún no contenía TLDs. Activar historial de depuración para este historiador para una completa lista de los JARs que fueron explorados y de los que nos se halló TLDs. Saltarse JARs no necesarios durante la exploración puede dar lugar a una mejora de tiempo significativa en el arranque y compilación de JSP .
04-Jan-2021 12:59:11.148 INFORMACIÓN [http-nio-8084-exec-31] org.apache.catalina.core.StandardContext.reload Se ha completado la recarga de este Contexto
04-Jan-2021 13:02:49.507 INFORMACIÓN [http-nio-8084-exec-45] org.apache.catalina.core.StandardContext.reload Ha comenzado la recarga de Contexto [/SuperComprinJPA]
04-Jan-2021 13:02:49.616 INFORMACIÓN [http-nio-8084-exec-45] org.apache.jasper.servlet.TldScanner.scanJars Al menos un JAR, que se ha explorado buscando TLDs, aún no contenía TLDs. Activar historial de depuración para este historiador para una completa lista de los JARs que fueron explorados y de los que nos se halló TLDs. Saltarse JARs no necesarios durante la exploración puede dar lugar a una mejora de tiempo significativa en el arranque y compilación de JSP .
04-Jan-2021 13:02:49.619 INFORMACIÓN [http-nio-8084-exec-45] org.apache.catalina.core.StandardContext.reload Se ha completado la recarga de este Contexto
04-Jan-2021 13:19:59.438 INFORMACIÓN [http-nio-8084-exec-51] org.apache.catalina.core.StandardContext.reload Ha comenzado la recarga de Contexto [/SuperComprinJPA]
04-Jan-2021 13:19:59.587 INFORMACIÓN [http-nio-8084-exec-51] org.apache.jasper.servlet.TldScanner.scanJars Al menos un JAR, que se ha explorado buscando TLDs, aún no contenía TLDs. Activar historial de depuración para este historiador para una completa lista de los JARs que fueron explorados y de los que nos se halló TLDs. Saltarse JARs no necesarios durante la exploración puede dar lugar a una mejora de tiempo significativa en el arranque y compilación de JSP .
04-Jan-2021 13:19:59.597 INFORMACIÓN [http-nio-8084-exec-51] org.apache.catalina.core.StandardContext.reload Se ha completado la recarga de este Contexto
04-Jan-2021 13:20:00.057 INFORMACIÓN [http-nio-8084-exec-52] org.apache.catalina.core.StandardContext.reload Ha comenzado la recarga de Contexto [/SuperComprinJPA]
04-Jan-2021 13:20:00.195 INFORMACIÓN [http-nio-8084-exec-52] org.apache.jasper.servlet.TldScanner.scanJars Al menos un JAR, que se ha explorado buscando TLDs, aún no contenía TLDs. Activar historial de depuración para este historiador para una completa lista de los JARs que fueron explorados y de los que nos se halló TLDs. Saltarse JARs no necesarios durante la exploración puede dar lugar a una mejora de tiempo significativa en el arranque y compilación de JSP .
04-Jan-2021 13:20:00.198 INFORMACIÓN [http-nio-8084-exec-52] org.apache.catalina.core.StandardContext.reload Se ha completado la recarga de este Contexto
04-Jan-2021 13:20:29.827 INFORMACIÓN [http-nio-8084-exec-54] org.apache.catalina.core.StandardContext.reload Ha comenzado la recarga de Contexto [/SuperComprinJPA]
04-Jan-2021 13:20:29.879 INFORMACIÓN [http-nio-8084-exec-54] org.apache.jasper.servlet.TldScanner.scanJars Al menos un JAR, que se ha explorado buscando TLDs, aún no contenía TLDs. Activar historial de depuración para este historiador para una completa lista de los JARs que fueron explorados y de los que nos se halló TLDs. Saltarse JARs no necesarios durante la exploración puede dar lugar a una mejora de tiempo significativa en el arranque y compilación de JSP .
04-Jan-2021 13:20:29.881 INFORMACIÓN [http-nio-8084-exec-54] org.apache.catalina.core.StandardContext.reload Se ha completado la recarga de este Contexto
04-Jan-2021 13:22:16.303 INFORMACIÓN [http-nio-8084-exec-48] org.apache.catalina.core.StandardContext.reload Ha comenzado la recarga de Contexto [/SuperComprinJPA]
04-Jan-2021 13:22:16.349 INFORMACIÓN [http-nio-8084-exec-48] org.apache.jasper.servlet.TldScanner.scanJars Al menos un JAR, que se ha explorado buscando TLDs, aún no contenía TLDs. Activar historial de depuración para este historiador para una completa lista de los JARs que fueron explorados y de los que nos se halló TLDs. Saltarse JARs no necesarios durante la exploración puede dar lugar a una mejora de tiempo significativa en el arranque y compilación de JSP .
04-Jan-2021 13:22:16.351 INFORMACIÓN [http-nio-8084-exec-48] org.apache.catalina.core.StandardContext.reload Se ha completado la recarga de este Contexto
04-Jan-2021 13:22:43.482 INFORMACIÓN [http-nio-8084-exec-57] org.apache.catalina.core.StandardContext.reload Ha comenzado la recarga de Contexto [/SuperComprinJPA]
04-Jan-2021 13:22:43.562 INFORMACIÓN [http-nio-8084-exec-57] org.apache.jasper.servlet.TldScanner.scanJars Al menos un JAR, que se ha explorado buscando TLDs, aún no contenía TLDs. Activar historial de depuración para este historiador para una completa lista de los JARs que fueron explorados y de los que nos se halló TLDs. Saltarse JARs no necesarios durante la exploración puede dar lugar a una mejora de tiempo significativa en el arranque y compilación de JSP .
04-Jan-2021 13:22:43.566 INFORMACIÓN [http-nio-8084-exec-57] org.apache.catalina.core.StandardContext.reload Se ha completado la recarga de este Contexto
04-Jan-2021 13:22:43.963 INFORMACIÓN [http-nio-8084-exec-54] org.apache.catalina.core.StandardContext.reload Ha comenzado la recarga de Contexto [/SuperComprinJPA]
04-Jan-2021 13:22:43.996 INFORMACIÓN [http-nio-8084-exec-54] org.apache.jasper.servlet.TldScanner.scanJars Al menos un JAR, que se ha explorado buscando TLDs, aún no contenía TLDs. Activar historial de depuración para este historiador para una completa lista de los JARs que fueron explorados y de los que nos se halló TLDs. Saltarse JARs no necesarios durante la exploración puede dar lugar a una mejora de tiempo significativa en el arranque y compilación de JSP .
04-Jan-2021 13:22:44.000 INFORMACIÓN [http-nio-8084-exec-54] org.apache.catalina.core.StandardContext.reload Se ha completado la recarga de este Contexto
04-Jan-2021 13:23:50.422 INFORMACIÓN [http-nio-8084-exec-59] org.apache.catalina.core.StandardContext.reload Ha comenzado la recarga de Contexto [/SuperComprinJPA]
04-Jan-2021 13:23:50.470 INFORMACIÓN [http-nio-8084-exec-59] org.apache.jasper.servlet.TldScanner.scanJars Al menos un JAR, que se ha explorado buscando TLDs, aún no contenía TLDs. Activar historial de depuración para este historiador para una completa lista de los JARs que fueron explorados y de los que nos se halló TLDs. Saltarse JARs no necesarios durante la exploración puede dar lugar a una mejora de tiempo significativa en el arranque y compilación de JSP .
04-Jan-2021 13:23:50.473 INFORMACIÓN [http-nio-8084-exec-59] org.apache.catalina.core.StandardContext.reload Se ha completado la recarga de este Contexto
04-Jan-2021 13:24:41.763 INFORMACIÓN [http-nio-8084-exec-58] org.apache.catalina.core.StandardContext.reload Ha comenzado la recarga de Contexto [/SuperComprinJPA]
04-Jan-2021 13:24:41.824 INFORMACIÓN [http-nio-8084-exec-58] org.apache.jasper.servlet.TldScanner.scanJars Al menos un JAR, que se ha explorado buscando TLDs, aún no contenía TLDs. Activar historial de depuración para este historiador para una completa lista de los JARs que fueron explorados y de los que nos se halló TLDs. Saltarse JARs no necesarios durante la exploración puede dar lugar a una mejora de tiempo significativa en el arranque y compilación de JSP .
04-Jan-2021 13:24:41.827 INFORMACIÓN [http-nio-8084-exec-58] org.apache.catalina.core.StandardContext.reload Se ha completado la recarga de este Contexto
04-Jan-2021 13:25:16.415 INFORMACIÓN [http-nio-8084-exec-62] org.apache.catalina.core.StandardContext.reload Ha comenzado la recarga de Contexto [/SuperComprinJPA]
04-Jan-2021 13:25:16.496 INFORMACIÓN [http-nio-8084-exec-62] org.apache.jasper.servlet.TldScanner.scanJars Al menos un JAR, que se ha explorado buscando TLDs, aún no contenía TLDs. Activar historial de depuración para este historiador para una completa lista de los JARs que fueron explorados y de los que nos se halló TLDs. Saltarse JARs no necesarios durante la exploración puede dar lugar a una mejora de tiempo significativa en el arranque y compilación de JSP .
04-Jan-2021 13:25:16.498 INFORMACIÓN [http-nio-8084-exec-62] org.apache.catalina.core.StandardContext.reload Se ha completado la recarga de este Contexto
04-Jan-2021 13:25:55.541 INFORMACIÓN [http-nio-8084-exec-48] org.apache.catalina.core.StandardContext.reload Ha comenzado la recarga de Contexto [/SuperComprinJPA]
04-Jan-2021 13:25:55.608 INFORMACIÓN [http-nio-8084-exec-48] org.apache.jasper.servlet.TldScanner.scanJars Al menos un JAR, que se ha explorado buscando TLDs, aún no contenía TLDs. Activar historial de depuración para este historiador para una completa lista de los JARs que fueron explorados y de los que nos se halló TLDs. Saltarse JARs no necesarios durante la exploración puede dar lugar a una mejora de tiempo significativa en el arranque y compilación de JSP .
04-Jan-2021 13:25:55.610 INFORMACIÓN [http-nio-8084-exec-48] org.apache.catalina.core.StandardContext.reload Se ha completado la recarga de este Contexto
04-Jan-2021 13:27:10.594 INFORMACIÓN [http-nio-8084-exec-54] org.apache.catalina.core.StandardContext.reload Ha comenzado la recarga de Contexto [/SuperComprinJPA]
04-Jan-2021 13:27:10.676 INFORMACIÓN [http-nio-8084-exec-54] org.apache.jasper.servlet.TldScanner.scanJars Al menos un JAR, que se ha explorado buscando TLDs, aún no contenía TLDs. Activar historial de depuración para este historiador para una completa lista de los JARs que fueron explorados y de los que nos se halló TLDs. Saltarse JARs no necesarios durante la exploración puede dar lugar a una mejora de tiempo significativa en el arranque y compilación de JSP .
04-Jan-2021 13:27:10.679 INFORMACIÓN [http-nio-8084-exec-54] org.apache.catalina.core.StandardContext.reload Se ha completado la recarga de este Contexto
04-Jan-2021 13:27:11.060 INFORMACIÓN [http-nio-8084-exec-48] org.apache.catalina.core.StandardContext.reload Ha comenzado la recarga de Contexto [/SuperComprinJPA]
04-Jan-2021 13:27:11.103 INFORMACIÓN [http-nio-8084-exec-48] org.apache.jasper.servlet.TldScanner.scanJars Al menos un JAR, que se ha explorado buscando TLDs, aún no contenía TLDs. Activar historial de depuración para este historiador para una completa lista de los JARs que fueron explorados y de los que nos se halló TLDs. Saltarse JARs no necesarios durante la exploración puede dar lugar a una mejora de tiempo significativa en el arranque y compilación de JSP .
04-Jan-2021 13:27:11.105 INFORMACIÓN [http-nio-8084-exec-48] org.apache.catalina.core.StandardContext.reload Se ha completado la recarga de este Contexto
04-Jan-2021 13:28:04.851 INFORMACIÓN [http-nio-8084-exec-56] org.apache.catalina.core.StandardContext.reload Ha comenzado la recarga de Contexto [/SuperComprinJPA]
04-Jan-2021 13:28:04.906 INFORMACIÓN [http-nio-8084-exec-56] org.apache.jasper.servlet.TldScanner.scanJars Al menos un JAR, que se ha explorado buscando TLDs, aún no contenía TLDs. Activar historial de depuración para este historiador para una completa lista de los JARs que fueron explorados y de los que nos se halló TLDs. Saltarse JARs no necesarios durante la exploración puede dar lugar a una mejora de tiempo significativa en el arranque y compilación de JSP .
04-Jan-2021 13:28:04.908 INFORMACIÓN [http-nio-8084-exec-56] org.apache.catalina.core.StandardContext.reload Se ha completado la recarga de este Contexto
04-Jan-2021 13:28:30.414 INFORMACIÓN [http-nio-8084-exec-65] org.apache.catalina.core.StandardContext.reload Ha comenzado la recarga de Contexto [/SuperComprinJPA]
04-Jan-2021 13:28:30.459 INFORMACIÓN [http-nio-8084-exec-65] org.apache.jasper.servlet.TldScanner.scanJars Al menos un JAR, que se ha explorado buscando TLDs, aún no contenía TLDs. Activar historial de depuración para este historiador para una completa lista de los JARs que fueron explorados y de los que nos se halló TLDs. Saltarse JARs no necesarios durante la exploración puede dar lugar a una mejora de tiempo significativa en el arranque y compilación de JSP .
04-Jan-2021 13:28:30.461 INFORMACIÓN [http-nio-8084-exec-65] org.apache.catalina.core.StandardContext.reload Se ha completado la recarga de este Contexto
04-Jan-2021 13:37:54.776 INFORMACIÓN [http-nio-8084-exec-75] org.apache.catalina.core.StandardContext.reload Ha comenzado la recarga de Contexto [/SuperComprinJPA]
04-Jan-2021 13:37:54.846 INFORMACIÓN [http-nio-8084-exec-75] org.apache.jasper.servlet.TldScanner.scanJars Al menos un JAR, que se ha explorado buscando TLDs, aún no contenía TLDs. Activar historial de depuración para este historiador para una completa lista de los JARs que fueron explorados y de los que nos se halló TLDs. Saltarse JARs no necesarios durante la exploración puede dar lugar a una mejora de tiempo significativa en el arranque y compilación de JSP .
04-Jan-2021 13:37:54.848 INFORMACIÓN [http-nio-8084-exec-75] org.apache.catalina.core.StandardContext.reload Se ha completado la recarga de este Contexto
04-Jan-2021 13:37:55.671 INFORMACIÓN [http-nio-8084-exec-78] org.apache.catalina.core.StandardContext.reload Ha comenzado la recarga de Contexto [/SuperComprinJPA]
04-Jan-2021 13:37:55.717 INFORMACIÓN [http-nio-8084-exec-78] org.apache.jasper.servlet.TldScanner.scanJars Al menos un JAR, que se ha explorado buscando TLDs, aún no contenía TLDs. Activar historial de depuración para este historiador para una completa lista de los JARs que fueron explorados y de los que nos se halló TLDs. Saltarse JARs no necesarios durante la exploración puede dar lugar a una mejora de tiempo significativa en el arranque y compilación de JSP .
04-Jan-2021 13:37:55.720 INFORMACIÓN [http-nio-8084-exec-78] org.apache.catalina.core.StandardContext.reload Se ha completado la recarga de este Contexto
04-Jan-2021 13:37:56.748 INFORMACIÓN [http-nio-8084-exec-79] org.apache.catalina.core.StandardContext.reload Ha comenzado la recarga de Contexto [/SuperComprinJPA]
04-Jan-2021 13:37:56.794 INFORMACIÓN [http-nio-8084-exec-79] org.apache.jasper.servlet.TldScanner.scanJars Al menos un JAR, que se ha explorado buscando TLDs, aún no contenía TLDs. Activar historial de depuración para este historiador para una completa lista de los JARs que fueron explorados y de los que nos se halló TLDs. Saltarse JARs no necesarios durante la exploración puede dar lugar a una mejora de tiempo significativa en el arranque y compilación de JSP .
04-Jan-2021 13:37:56.795 INFORMACIÓN [http-nio-8084-exec-79] org.apache.catalina.core.StandardContext.reload Se ha completado la recarga de este Contexto
04-Jan-2021 13:46:11.144 INFORMACIÓN [http-nio-8084-exec-88] org.apache.catalina.core.StandardContext.reload Ha comenzado la recarga de Contexto [/SuperComprinJPA]
04-Jan-2021 13:46:11.195 INFORMACIÓN [http-nio-8084-exec-88] org.apache.jasper.servlet.TldScanner.scanJars Al menos un JAR, que se ha explorado buscando TLDs, aún no contenía TLDs. Activar historial de depuración para este historiador para una completa lista de los JARs que fueron explorados y de los que nos se halló TLDs. Saltarse JARs no necesarios durante la exploración puede dar lugar a una mejora de tiempo significativa en el arranque y compilación de JSP .
04-Jan-2021 13:46:11.197 INFORMACIÓN [http-nio-8084-exec-88] org.apache.catalina.core.StandardContext.reload Se ha completado la recarga de este Contexto
04-Jan-2021 13:46:22.463 INFORMACIÓN [http-nio-8084-exec-90] org.apache.catalina.core.StandardContext.reload Ha comenzado la recarga de Contexto [/SuperComprinJPA]
04-Jan-2021 13:46:22.505 INFORMACIÓN [http-nio-8084-exec-90] org.apache.jasper.servlet.TldScanner.scanJars Al menos un JAR, que se ha explorado buscando TLDs, aún no contenía TLDs. Activar historial de depuración para este historiador para una completa lista de los JARs que fueron explorados y de los que nos se halló TLDs. Saltarse JARs no necesarios durante la exploración puede dar lugar a una mejora de tiempo significativa en el arranque y compilación de JSP .
04-Jan-2021 13:46:22.508 INFORMACIÓN [http-nio-8084-exec-90] org.apache.catalina.core.StandardContext.reload Se ha completado la recarga de este Contexto
04-Jan-2021 13:47:24.379 INFORMACIÓN [http-nio-8084-exec-92] org.apache.catalina.core.StandardContext.reload Ha comenzado la recarga de Contexto [/SuperComprinJPA]
04-Jan-2021 13:47:24.429 INFORMACIÓN [http-nio-8084-exec-92] org.apache.jasper.servlet.TldScanner.scanJars Al menos un JAR, que se ha explorado buscando TLDs, aún no contenía TLDs. Activar historial de depuración para este historiador para una completa lista de los JARs que fueron explorados y de los que nos se halló TLDs. Saltarse JARs no necesarios durante la exploración puede dar lugar a una mejora de tiempo significativa en el arranque y compilación de JSP .
04-Jan-2021 13:47:24.431 INFORMACIÓN [http-nio-8084-exec-92] org.apache.catalina.core.StandardContext.reload Se ha completado la recarga de este Contexto
04-Jan-2021 13:49:01.906 INFORMACIÓN [http-nio-8084-exec-85] org.apache.catalina.core.StandardContext.reload Ha comenzado la recarga de Contexto [/SuperComprinJPA]
04-Jan-2021 13:49:01.975 INFORMACIÓN [http-nio-8084-exec-85] org.apache.jasper.servlet.TldScanner.scanJars Al menos un JAR, que se ha explorado buscando TLDs, aún no contenía TLDs. Activar historial de depuración para este historiador para una completa lista de los JARs que fueron explorados y de los que nos se halló TLDs. Saltarse JARs no necesarios durante la exploración puede dar lugar a una mejora de tiempo significativa en el arranque y compilación de JSP .
04-Jan-2021 13:49:01.977 INFORMACIÓN [http-nio-8084-exec-85] org.apache.catalina.core.StandardContext.reload Se ha completado la recarga de este Contexto
04-Jan-2021 13:49:02.945 INFORMACIÓN [http-nio-8084-exec-95] org.apache.catalina.core.StandardContext.reload Ha comenzado la recarga de Contexto [/SuperComprinJPA]
04-Jan-2021 13:49:02.994 INFORMACIÓN [http-nio-8084-exec-95] org.apache.jasper.servlet.TldScanner.scanJars Al menos un JAR, que se ha explorado buscando TLDs, aún no contenía TLDs. Activar historial de depuración para este historiador para una completa lista de los JARs que fueron explorados y de los que nos se halló TLDs. Saltarse JARs no necesarios durante la exploración puede dar lugar a una mejora de tiempo significativa en el arranque y compilación de JSP .
04-Jan-2021 13:49:02.995 INFORMACIÓN [http-nio-8084-exec-95] org.apache.catalina.core.StandardContext.reload Se ha completado la recarga de este Contexto
04-Jan-2021 13:49:04.201 INFORMACIÓN [http-nio-8084-exec-97] org.apache.catalina.core.StandardContext.reload Ha comenzado la recarga de Contexto [/SuperComprinJPA]
04-Jan-2021 13:49:04.274 INFORMACIÓN [http-nio-8084-exec-97] org.apache.jasper.servlet.TldScanner.scanJars Al menos un JAR, que se ha explorado buscando TLDs, aún no contenía TLDs. Activar historial de depuración para este historiador para una completa lista de los JARs que fueron explorados y de los que nos se halló TLDs. Saltarse JARs no necesarios durante la exploración puede dar lugar a una mejora de tiempo significativa en el arranque y compilación de JSP .
04-Jan-2021 13:49:04.276 INFORMACIÓN [http-nio-8084-exec-97] org.apache.catalina.core.StandardContext.reload Se ha completado la recarga de este Contexto
04-Jan-2021 13:49:07.945 INFORMACIÓN [http-nio-8084-exec-85] org.apache.catalina.core.StandardContext.reload Ha comenzado la recarga de Contexto [/SuperComprinJPA]
04-Jan-2021 13:49:07.995 INFORMACIÓN [http-nio-8084-exec-85] org.apache.jasper.servlet.TldScanner.scanJars Al menos un JAR, que se ha explorado buscando TLDs, aún no contenía TLDs. Activar historial de depuración para este historiador para una completa lista de los JARs que fueron explorados y de los que nos se halló TLDs. Saltarse JARs no necesarios durante la exploración puede dar lugar a una mejora de tiempo significativa en el arranque y compilación de JSP .
04-Jan-2021 13:49:07.997 INFORMACIÓN [http-nio-8084-exec-85] org.apache.catalina.core.StandardContext.reload Se ha completado la recarga de este Contexto
04-Jan-2021 13:49:11.231 INFORMACIÓN [http-nio-8084-exec-97] org.apache.catalina.core.StandardContext.reload Ha comenzado la recarga de Contexto [/SuperComprinJPA]
04-Jan-2021 13:49:11.278 INFORMACIÓN [http-nio-8084-exec-97] org.apache.jasper.servlet.TldScanner.scanJars Al menos un JAR, que se ha explorado buscando TLDs, aún no contenía TLDs. Activar historial de depuración para este historiador para una completa lista de los JARs que fueron explorados y de los que nos se halló TLDs. Saltarse JARs no necesarios durante la exploración puede dar lugar a una mejora de tiempo significativa en el arranque y compilación de JSP .
04-Jan-2021 13:49:11.280 INFORMACIÓN [http-nio-8084-exec-97] org.apache.catalina.core.StandardContext.reload Se ha completado la recarga de este Contexto
04-Jan-2021 13:49:14.490 INFORMACIÓN [http-nio-8084-exec-92] org.apache.catalina.core.StandardContext.reload Ha comenzado la recarga de Contexto [/SuperComprinJPA]
04-Jan-2021 13:49:14.551 INFORMACIÓN [http-nio-8084-exec-92] org.apache.jasper.servlet.TldScanner.scanJars Al menos un JAR, que se ha explorado buscando TLDs, aún no contenía TLDs. Activar historial de depuración para este historiador para una completa lista de los JARs que fueron explorados y de los que nos se halló TLDs. Saltarse JARs no necesarios durante la exploración puede dar lugar a una mejora de tiempo significativa en el arranque y compilación de JSP .
04-Jan-2021 13:49:14.554 INFORMACIÓN [http-nio-8084-exec-92] org.apache.catalina.core.StandardContext.reload Se ha completado la recarga de este Contexto
04-Jan-2021 13:56:30.146 INFORMACIÓN [http-nio-8084-exec-106] org.apache.catalina.core.StandardContext.reload Ha comenzado la recarga de Contexto [/SuperComprinJPA]
04-Jan-2021 13:56:30.187 INFORMACIÓN [http-nio-8084-exec-106] org.apache.jasper.servlet.TldScanner.scanJars Al menos un JAR, que se ha explorado buscando TLDs, aún no contenía TLDs. Activar historial de depuración para este historiador para una completa lista de los JARs que fueron explorados y de los que nos se halló TLDs. Saltarse JARs no necesarios durante la exploración puede dar lugar a una mejora de tiempo significativa en el arranque y compilación de JSP .
04-Jan-2021 13:56:30.189 INFORMACIÓN [http-nio-8084-exec-106] org.apache.catalina.core.StandardContext.reload Se ha completado la recarga de este Contexto
04-Jan-2021 13:57:09.168 INFORMACIÓN [http-nio-8084-exec-92] org.apache.catalina.core.StandardContext.reload Ha comenzado la recarga de Contexto [/SuperComprinJPA]
04-Jan-2021 13:57:09.213 INFORMACIÓN [http-nio-8084-exec-92] org.apache.jasper.servlet.TldScanner.scanJars Al menos un JAR, que se ha explorado buscando TLDs, aún no contenía TLDs. Activar historial de depuración para este historiador para una completa lista de los JARs que fueron explorados y de los que nos se halló TLDs. Saltarse JARs no necesarios durante la exploración puede dar lugar a una mejora de tiempo significativa en el arranque y compilación de JSP .
04-Jan-2021 13:57:09.215 INFORMACIÓN [http-nio-8084-exec-92] org.apache.catalina.core.StandardContext.reload Se ha completado la recarga de este Contexto
04-Jan-2021 14:49:53.765 INFORMACIÓN [http-nio-8084-exec-114] org.apache.catalina.core.StandardContext.reload Ha comenzado la recarga de Contexto [/SuperComprinJPA]
04-Jan-2021 14:49:53.870 INFORMACIÓN [http-nio-8084-exec-114] org.apache.jasper.servlet.TldScanner.scanJars Al menos un JAR, que se ha explorado buscando TLDs, aún no contenía TLDs. Activar historial de depuración para este historiador para una completa lista de los JARs que fueron explorados y de los que nos se halló TLDs. Saltarse JARs no necesarios durante la exploración puede dar lugar a una mejora de tiempo significativa en el arranque y compilación de JSP .
04-Jan-2021 14:49:53.875 INFORMACIÓN [http-nio-8084-exec-114] org.apache.catalina.core.StandardContext.reload Se ha completado la recarga de este Contexto
04-Jan-2021 14:50:18.905 INFORMACIÓN [http-nio-8084-exec-115] org.apache.catalina.core.StandardContext.reload Ha comenzado la recarga de Contexto [/SuperComprinJPA]
04-Jan-2021 14:50:18.961 INFORMACIÓN [http-nio-8084-exec-115] org.apache.jasper.servlet.TldScanner.scanJars Al menos un JAR, que se ha explorado buscando TLDs, aún no contenía TLDs. Activar historial de depuración para este historiador para una completa lista de los JARs que fueron explorados y de los que nos se halló TLDs. Saltarse JARs no necesarios durante la exploración puede dar lugar a una mejora de tiempo significativa en el arranque y compilación de JSP .
04-Jan-2021 14:50:18.963 INFORMACIÓN [http-nio-8084-exec-115] org.apache.catalina.core.StandardContext.reload Se ha completado la recarga de este Contexto
04-Jan-2021 14:50:42.775 INFORMACIÓN [http-nio-8084-exec-121] org.apache.catalina.core.StandardContext.reload Ha comenzado la recarga de Contexto [/SuperComprinJPA]
04-Jan-2021 14:50:42.872 INFORMACIÓN [http-nio-8084-exec-121] org.apache.jasper.servlet.TldScanner.scanJars Al menos un JAR, que se ha explorado buscando TLDs, aún no contenía TLDs. Activar historial de depuración para este historiador para una completa lista de los JARs que fueron explorados y de los que nos se halló TLDs. Saltarse JARs no necesarios durante la exploración puede dar lugar a una mejora de tiempo significativa en el arranque y compilación de JSP .
04-Jan-2021 14:50:42.878 INFORMACIÓN [http-nio-8084-exec-121] org.apache.catalina.core.StandardContext.reload Se ha completado la recarga de este Contexto
04-Jan-2021 14:51:05.068 INFORMACIÓN [http-nio-8084-exec-123] org.apache.catalina.core.StandardContext.reload Ha comenzado la recarga de Contexto [/SuperComprinJPA]
04-Jan-2021 14:51:05.217 INFORMACIÓN [http-nio-8084-exec-123] org.apache.jasper.servlet.TldScanner.scanJars Al menos un JAR, que se ha explorado buscando TLDs, aún no contenía TLDs. Activar historial de depuración para este historiador para una completa lista de los JARs que fueron explorados y de los que nos se halló TLDs. Saltarse JARs no necesarios durante la exploración puede dar lugar a una mejora de tiempo significativa en el arranque y compilación de JSP .
04-Jan-2021 14:51:05.226 INFORMACIÓN [http-nio-8084-exec-123] org.apache.catalina.core.StandardContext.reload Se ha completado la recarga de este Contexto
04-Jan-2021 14:51:05.409 INFORMACIÓN [http-nio-8084-exec-114] org.apache.catalina.core.StandardContext.reload Ha comenzado la recarga de Contexto [/SuperComprinJPA]
04-Jan-2021 14:51:05.507 INFORMACIÓN [http-nio-8084-exec-114] org.apache.jasper.servlet.TldScanner.scanJars Al menos un JAR, que se ha explorado buscando TLDs, aún no contenía TLDs. Activar historial de depuración para este historiador para una completa lista de los JARs que fueron explorados y de los que nos se halló TLDs. Saltarse JARs no necesarios durante la exploración puede dar lugar a una mejora de tiempo significativa en el arranque y compilación de JSP .
04-Jan-2021 14:51:05.513 INFORMACIÓN [http-nio-8084-exec-114] org.apache.catalina.core.StandardContext.reload Se ha completado la recarga de este Contexto
04-Jan-2021 14:52:22.960 INFORMACIÓN [http-nio-8084-exec-124] org.apache.catalina.core.StandardContext.reload Ha comenzado la recarga de Contexto [/SuperComprinJPA]
04-Jan-2021 14:52:23.091 INFORMACIÓN [http-nio-8084-exec-124] org.apache.jasper.servlet.TldScanner.scanJars Al menos un JAR, que se ha explorado buscando TLDs, aún no contenía TLDs. Activar historial de depuración para este historiador para una completa lista de los JARs que fueron explorados y de los que nos se halló TLDs. Saltarse JARs no necesarios durante la exploración puede dar lugar a una mejora de tiempo significativa en el arranque y compilación de JSP .
04-Jan-2021 14:52:23.094 INFORMACIÓN [http-nio-8084-exec-124] org.apache.catalina.core.StandardContext.reload Se ha completado la recarga de este Contexto
04-Jan-2021 14:52:23.472 INFORMACIÓN [http-nio-8084-exec-114] org.apache.catalina.core.StandardContext.reload Ha comenzado la recarga de Contexto [/SuperComprinJPA]
04-Jan-2021 14:52:23.529 INFORMACIÓN [http-nio-8084-exec-114] org.apache.jasper.servlet.TldScanner.scanJars Al menos un JAR, que se ha explorado buscando TLDs, aún no contenía TLDs. Activar historial de depuración para este historiador para una completa lista de los JARs que fueron explorados y de los que nos se halló TLDs. Saltarse JARs no necesarios durante la exploración puede dar lugar a una mejora de tiempo significativa en el arranque y compilación de JSP .
04-Jan-2021 14:52:23.532 INFORMACIÓN [http-nio-8084-exec-114] org.apache.catalina.core.StandardContext.reload Se ha completado la recarga de este Contexto
04-Jan-2021 14:52:52.968 INFORMACIÓN [http-nio-8084-exec-121] org.apache.catalina.core.StandardContext.reload Ha comenzado la recarga de Contexto [/SuperComprinJPA]
04-Jan-2021 14:52:53.057 INFORMACIÓN [http-nio-8084-exec-121] org.apache.jasper.servlet.TldScanner.scanJars Al menos un JAR, que se ha explorado buscando TLDs, aún no contenía TLDs. Activar historial de depuración para este historiador para una completa lista de los JARs que fueron explorados y de los que nos se halló TLDs. Saltarse JARs no necesarios durante la exploración puede dar lugar a una mejora de tiempo significativa en el arranque y compilación de JSP .
04-Jan-2021 14:52:53.059 INFORMACIÓN [http-nio-8084-exec-121] org.apache.catalina.core.StandardContext.reload Se ha completado la recarga de este Contexto
04-Jan-2021 14:52:53.950 INFORMACIÓN [http-nio-8084-exec-127] org.apache.catalina.core.StandardContext.reload Ha comenzado la recarga de Contexto [/SuperComprinJPA]
04-Jan-2021 14:52:54.042 INFORMACIÓN [http-nio-8084-exec-127] org.apache.jasper.servlet.TldScanner.scanJars Al menos un JAR, que se ha explorado buscando TLDs, aún no contenía TLDs. Activar historial de depuración para este historiador para una completa lista de los JARs que fueron explorados y de los que nos se halló TLDs. Saltarse JARs no necesarios durante la exploración puede dar lugar a una mejora de tiempo significativa en el arranque y compilación de JSP .
04-Jan-2021 14:52:54.044 INFORMACIÓN [http-nio-8084-exec-127] org.apache.catalina.core.StandardContext.reload Se ha completado la recarga de este Contexto
04-Jan-2021 14:52:55.057 INFORMACIÓN [http-nio-8084-exec-114] org.apache.catalina.core.StandardContext.reload Ha comenzado la recarga de Contexto [/SuperComprinJPA]
04-Jan-2021 14:52:55.137 INFORMACIÓN [http-nio-8084-exec-114] org.apache.jasper.servlet.TldScanner.scanJars Al menos un JAR, que se ha explorado buscando TLDs, aún no contenía TLDs. Activar historial de depuración para este historiador para una completa lista de los JARs que fueron explorados y de los que nos se halló TLDs. Saltarse JARs no necesarios durante la exploración puede dar lugar a una mejora de tiempo significativa en el arranque y compilación de JSP .
04-Jan-2021 14:52:55.139 INFORMACIÓN [http-nio-8084-exec-114] org.apache.catalina.core.StandardContext.reload Se ha completado la recarga de este Contexto
04-Jan-2021 14:53:08.150 INFORMACIÓN [http-nio-8084-exec-110] org.apache.catalina.core.StandardContext.reload Ha comenzado la recarga de Contexto [/SuperComprinJPA]
04-Jan-2021 14:53:08.257 INFORMACIÓN [http-nio-8084-exec-110] org.apache.jasper.servlet.TldScanner.scanJars Al menos un JAR, que se ha explorado buscando TLDs, aún no contenía TLDs. Activar historial de depuración para este historiador para una completa lista de los JARs que fueron explorados y de los que nos se halló TLDs. Saltarse JARs no necesarios durante la exploración puede dar lugar a una mejora de tiempo significativa en el arranque y compilación de JSP .
04-Jan-2021 14:53:08.272 INFORMACIÓN [http-nio-8084-exec-110] org.apache.catalina.core.StandardContext.reload Se ha completado la recarga de este Contexto
04-Jan-2021 14:53:08.520 INFORMACIÓN [http-nio-8084-exec-128] org.apache.catalina.core.StandardContext.reload Ha comenzado la recarga de Contexto [/SuperComprinJPA]
04-Jan-2021 14:53:08.626 INFORMACIÓN [http-nio-8084-exec-128] org.apache.jasper.servlet.TldScanner.scanJars Al menos un JAR, que se ha explorado buscando TLDs, aún no contenía TLDs. Activar historial de depuración para este historiador para una completa lista de los JARs que fueron explorados y de los que nos se halló TLDs. Saltarse JARs no necesarios durante la exploración puede dar lugar a una mejora de tiempo significativa en el arranque y compilación de JSP .
04-Jan-2021 14:53:08.633 INFORMACIÓN [http-nio-8084-exec-128] org.apache.catalina.core.StandardContext.reload Se ha completado la recarga de este Contexto
04-Jan-2021 14:53:09.153 INFORMACIÓN [http-nio-8084-exec-130] org.apache.catalina.core.StandardContext.reload Ha comenzado la recarga de Contexto [/SuperComprinJPA]
04-Jan-2021 14:53:09.260 INFORMACIÓN [http-nio-8084-exec-130] org.apache.jasper.servlet.TldScanner.scanJars Al menos un JAR, que se ha explorado buscando TLDs, aún no contenía TLDs. Activar historial de depuración para este historiador para una completa lista de los JARs que fueron explorados y de los que nos se halló TLDs. Saltarse JARs no necesarios durante la exploración puede dar lugar a una mejora de tiempo significativa en el arranque y compilación de JSP .
04-Jan-2021 14:53:09.267 INFORMACIÓN [http-nio-8084-exec-130] org.apache.catalina.core.StandardContext.reload Se ha completado la recarga de este Contexto
04-Jan-2021 14:53:19.238 INFORMACIÓN [http-nio-8084-exec-121] org.apache.catalina.core.StandardContext.reload Ha comenzado la recarga de Contexto [/SuperComprinJPA]
04-Jan-2021 14:53:19.308 INFORMACIÓN [http-nio-8084-exec-121] org.apache.jasper.servlet.TldScanner.scanJars Al menos un JAR, que se ha explorado buscando TLDs, aún no contenía TLDs. Activar historial de depuración para este historiador para una completa lista de los JARs que fueron explorados y de los que nos se halló TLDs. Saltarse JARs no necesarios durante la exploración puede dar lugar a una mejora de tiempo significativa en el arranque y compilación de JSP .
04-Jan-2021 14:53:19.311 INFORMACIÓN [http-nio-8084-exec-121] org.apache.catalina.core.StandardContext.reload Se ha completado la recarga de este Contexto
04-Jan-2021 14:53:20.179 INFORMACIÓN [http-nio-8084-exec-132] org.apache.catalina.core.StandardContext.reload Ha comenzado la recarga de Contexto [/SuperComprinJPA]
04-Jan-2021 14:53:20.255 INFORMACIÓN [http-nio-8084-exec-132] org.apache.jasper.servlet.TldScanner.scanJars Al menos un JAR, que se ha explorado buscando TLDs, aún no contenía TLDs. Activar historial de depuración para este historiador para una completa lista de los JARs que fueron explorados y de los que nos se halló TLDs. Saltarse JARs no necesarios durante la exploración puede dar lugar a una mejora de tiempo significativa en el arranque y compilación de JSP .
04-Jan-2021 14:53:20.258 INFORMACIÓN [http-nio-8084-exec-132] org.apache.catalina.core.StandardContext.reload Se ha completado la recarga de este Contexto
04-Jan-2021 14:53:20.474 INFORMACIÓN [http-nio-8084-exec-122] org.apache.catalina.core.StandardContext.reload Ha comenzado la recarga de Contexto [/SuperComprinJPA]
04-Jan-2021 14:53:20.516 INFORMACIÓN [http-nio-8084-exec-122] org.apache.jasper.servlet.TldScanner.scanJars Al menos un JAR, que se ha explorado buscando TLDs, aún no contenía TLDs. Activar historial de depuración para este historiador para una completa lista de los JARs que fueron explorados y de los que nos se halló TLDs. Saltarse JARs no necesarios durante la exploración puede dar lugar a una mejora de tiempo significativa en el arranque y compilación de JSP .
04-Jan-2021 14:53:20.518 INFORMACIÓN [http-nio-8084-exec-122] org.apache.catalina.core.StandardContext.reload Se ha completado la recarga de este Contexto
04-Jan-2021 14:53:33.727 INFORMACIÓN [http-nio-8084-exec-130] org.apache.catalina.core.StandardContext.reload Ha comenzado la recarga de Contexto [/SuperComprinJPA]
04-Jan-2021 14:53:33.814 INFORMACIÓN [http-nio-8084-exec-130] org.apache.jasper.servlet.TldScanner.scanJars Al menos un JAR, que se ha explorado buscando TLDs, aún no contenía TLDs. Activar historial de depuración para este historiador para una completa lista de los JARs que fueron explorados y de los que nos se halló TLDs. Saltarse JARs no necesarios durante la exploración puede dar lugar a una mejora de tiempo significativa en el arranque y compilación de JSP .
04-Jan-2021 14:53:33.818 INFORMACIÓN [http-nio-8084-exec-130] org.apache.catalina.core.StandardContext.reload Se ha completado la recarga de este Contexto
04-Jan-2021 16:20:53.066 INFORMACIÓN [http-nio-8084-exec-140] org.apache.catalina.core.StandardContext.reload Ha comenzado la recarga de Contexto [/SuperComprinJPA]
04-Jan-2021 16:20:53.144 INFORMACIÓN [http-nio-8084-exec-140] org.apache.jasper.servlet.TldScanner.scanJars Al menos un JAR, que se ha explorado buscando TLDs, aún no contenía TLDs. Activar historial de depuración para este historiador para una completa lista de los JARs que fueron explorados y de los que nos se halló TLDs. Saltarse JARs no necesarios durante la exploración puede dar lugar a una mejora de tiempo significativa en el arranque y compilación de JSP .
04-Jan-2021 16:20:53.146 INFORMACIÓN [http-nio-8084-exec-140] org.apache.catalina.core.StandardContext.reload Se ha completado la recarga de este Contexto
04-Jan-2021 18:34:25.115 INFORMACIÓN [http-nio-8084-exec-138] org.apache.catalina.core.StandardContext.reload Ha comenzado la recarga de Contexto [/SuperComprinJPA]
04-Jan-2021 18:34:25.172 INFORMACIÓN [http-nio-8084-exec-138] org.apache.jasper.servlet.TldScanner.scanJars Al menos un JAR, que se ha explorado buscando TLDs, aún no contenía TLDs. Activar historial de depuración para este historiador para una completa lista de los JARs que fueron explorados y de los que nos se halló TLDs. Saltarse JARs no necesarios durante la exploración puede dar lugar a una mejora de tiempo significativa en el arranque y compilación de JSP .
04-Jan-2021 18:34:25.173 INFORMACIÓN [http-nio-8084-exec-138] org.apache.catalina.core.StandardContext.reload Se ha completado la recarga de este Contexto
04-Jan-2021 18:38:44.927 INFORMACIÓN [http-nio-8084-exec-152] org.apache.catalina.core.StandardContext.reload Ha comenzado la recarga de Contexto [/SuperComprinJPA]
04-Jan-2021 18:38:44.985 INFORMACIÓN [http-nio-8084-exec-152] org.apache.jasper.servlet.TldScanner.scanJars Al menos un JAR, que se ha explorado buscando TLDs, aún no contenía TLDs. Activar historial de depuración para este historiador para una completa lista de los JARs que fueron explorados y de los que nos se halló TLDs. Saltarse JARs no necesarios durante la exploración puede dar lugar a una mejora de tiempo significativa en el arranque y compilación de JSP .
04-Jan-2021 18:38:44.986 INFORMACIÓN [http-nio-8084-exec-152] org.apache.catalina.core.StandardContext.reload Se ha completado la recarga de este Contexto
04-Jan-2021 18:41:01.178 INFORMACIÓN [http-nio-8084-exec-155] org.apache.catalina.core.StandardContext.reload Ha comenzado la recarga de Contexto [/SuperComprinJPA]
04-Jan-2021 18:41:01.219 INFORMACIÓN [http-nio-8084-exec-155] org.apache.jasper.servlet.TldScanner.scanJars Al menos un JAR, que se ha explorado buscando TLDs, aún no contenía TLDs. Activar historial de depuración para este historiador para una completa lista de los JARs que fueron explorados y de los que nos se halló TLDs. Saltarse JARs no necesarios durante la exploración puede dar lugar a una mejora de tiempo significativa en el arranque y compilación de JSP .
04-Jan-2021 18:41:01.221 INFORMACIÓN [http-nio-8084-exec-155] org.apache.catalina.core.StandardContext.reload Se ha completado la recarga de este Contexto
04-Jan-2021 18:42:23.257 INFORMACIÓN [http-nio-8084-exec-157] org.apache.catalina.core.StandardContext.reload Ha comenzado la recarga de Contexto [/SuperComprinJPA]
04-Jan-2021 18:42:23.307 INFORMACIÓN [http-nio-8084-exec-157] org.apache.jasper.servlet.TldScanner.scanJars Al menos un JAR, que se ha explorado buscando TLDs, aún no contenía TLDs. Activar historial de depuración para este historiador para una completa lista de los JARs que fueron explorados y de los que nos se halló TLDs. Saltarse JARs no necesarios durante la exploración puede dar lugar a una mejora de tiempo significativa en el arranque y compilación de JSP .
04-Jan-2021 18:42:23.309 INFORMACIÓN [http-nio-8084-exec-157] org.apache.catalina.core.StandardContext.reload Se ha completado la recarga de este Contexto
04-Jan-2021 18:43:19.137 INFORMACIÓN [http-nio-8084-exec-158] org.apache.catalina.core.StandardContext.reload Ha comenzado la recarga de Contexto [/SuperComprinJPA]
04-Jan-2021 18:43:19.176 INFORMACIÓN [http-nio-8084-exec-158] org.apache.jasper.servlet.TldScanner.scanJars Al menos un JAR, que se ha explorado buscando TLDs, aún no contenía TLDs. Activar historial de depuración para este historiador para una completa lista de los JARs que fueron explorados y de los que nos se halló TLDs. Saltarse JARs no necesarios durante la exploración puede dar lugar a una mejora de tiempo significativa en el arranque y compilación de JSP .
04-Jan-2021 18:43:19.177 INFORMACIÓN [http-nio-8084-exec-158] org.apache.catalina.core.StandardContext.reload Se ha completado la recarga de este Contexto
04-Jan-2021 18:44:37.996 INFORMACIÓN [http-nio-8084-exec-160] org.apache.catalina.core.StandardContext.reload Ha comenzado la recarga de Contexto [/SuperComprinJPA]
04-Jan-2021 18:44:38.044 INFORMACIÓN [http-nio-8084-exec-160] org.apache.jasper.servlet.TldScanner.scanJars Al menos un JAR, que se ha explorado buscando TLDs, aún no contenía TLDs. Activar historial de depuración para este historiador para una completa lista de los JARs que fueron explorados y de los que nos se halló TLDs. Saltarse JARs no necesarios durante la exploración puede dar lugar a una mejora de tiempo significativa en el arranque y compilación de JSP .
04-Jan-2021 18:44:38.046 INFORMACIÓN [http-nio-8084-exec-160] org.apache.catalina.core.StandardContext.reload Se ha completado la recarga de este Contexto
04-Jan-2021 18:45:25.721 INFORMACIÓN [http-nio-8084-exec-158] org.apache.catalina.core.StandardContext.reload Ha comenzado la recarga de Contexto [/SuperComprinJPA]
04-Jan-2021 18:45:25.769 INFORMACIÓN [http-nio-8084-exec-158] org.apache.jasper.servlet.TldScanner.scanJars Al menos un JAR, que se ha explorado buscando TLDs, aún no contenía TLDs. Activar historial de depuración para este historiador para una completa lista de los JARs que fueron explorados y de los que nos se halló TLDs. Saltarse JARs no necesarios durante la exploración puede dar lugar a una mejora de tiempo significativa en el arranque y compilación de JSP .
04-Jan-2021 18:45:25.771 INFORMACIÓN [http-nio-8084-exec-158] org.apache.catalina.core.StandardContext.reload Se ha completado la recarga de este Contexto
04-Jan-2021 18:49:13.083 INFORMACIÓN [http-nio-8084-exec-165] org.apache.catalina.core.StandardContext.reload Ha comenzado la recarga de Contexto [/SuperComprinJPA]
04-Jan-2021 18:49:13.130 INFORMACIÓN [http-nio-8084-exec-165] org.apache.jasper.servlet.TldScanner.scanJars Al menos un JAR, que se ha explorado buscando TLDs, aún no contenía TLDs. Activar historial de depuración para este historiador para una completa lista de los JARs que fueron explorados y de los que nos se halló TLDs. Saltarse JARs no necesarios durante la exploración puede dar lugar a una mejora de tiempo significativa en el arranque y compilación de JSP .
04-Jan-2021 18:49:13.131 INFORMACIÓN [http-nio-8084-exec-165] org.apache.catalina.core.StandardContext.reload Se ha completado la recarga de este Contexto
04-Jan-2021 18:49:25.846 INFORMACIÓN [http-nio-8084-exec-166] org.apache.catalina.core.StandardContext.reload Ha comenzado la recarga de Contexto [/SuperComprinJPA]
04-Jan-2021 18:49:25.884 INFORMACIÓN [http-nio-8084-exec-166] org.apache.jasper.servlet.TldScanner.scanJars Al menos un JAR, que se ha explorado buscando TLDs, aún no contenía TLDs. Activar historial de depuración para este historiador para una completa lista de los JARs que fueron explorados y de los que nos se halló TLDs. Saltarse JARs no necesarios durante la exploración puede dar lugar a una mejora de tiempo significativa en el arranque y compilación de JSP .
04-Jan-2021 18:49:25.886 INFORMACIÓN [http-nio-8084-exec-166] org.apache.catalina.core.StandardContext.reload Se ha completado la recarga de este Contexto
04-Jan-2021 18:50:48.787 INFORMACIÓN [http-nio-8084-exec-168] org.apache.catalina.core.StandardContext.reload Ha comenzado la recarga de Contexto [/SuperComprinJPA]
04-Jan-2021 18:50:48.854 INFORMACIÓN [http-nio-8084-exec-168] org.apache.jasper.servlet.TldScanner.scanJars Al menos un JAR, que se ha explorado buscando TLDs, aún no contenía TLDs. Activar historial de depuración para este historiador para una completa lista de los JARs que fueron explorados y de los que nos se halló TLDs. Saltarse JARs no necesarios durante la exploración puede dar lugar a una mejora de tiempo significativa en el arranque y compilación de JSP .
04-Jan-2021 18:50:48.856 INFORMACIÓN [http-nio-8084-exec-168] org.apache.catalina.core.StandardContext.reload Se ha completado la recarga de este Contexto
04-Jan-2021 18:54:31.727 INFORMACIÓN [http-nio-8084-exec-172] org.apache.catalina.core.StandardContext.reload Ha comenzado la recarga de Contexto [/SuperComprinJPA]
04-Jan-2021 18:54:31.774 INFORMACIÓN [http-nio-8084-exec-172] org.apache.jasper.servlet.TldScanner.scanJars Al menos un JAR, que se ha explorado buscando TLDs, aún no contenía TLDs. Activar historial de depuración para este historiador para una completa lista de los JARs que fueron explorados y de los que nos se halló TLDs. Saltarse JARs no necesarios durante la exploración puede dar lugar a una mejora de tiempo significativa en el arranque y compilación de JSP .
04-Jan-2021 18:54:31.776 INFORMACIÓN [http-nio-8084-exec-172] org.apache.catalina.core.StandardContext.reload Se ha completado la recarga de este Contexto
04-Jan-2021 18:55:00.510 INFORMACIÓN [http-nio-8084-exec-158] org.apache.catalina.core.StandardContext.reload Ha comenzado la recarga de Contexto [/SuperComprinJPA]
04-Jan-2021 18:55:00.574 GRAVE [http-nio-8084-exec-158] org.apache.catalina.core.StandardContext.reload Excepción arrancando Contexto con nombre [/SuperComprinJPA]
	org.apache.catalina.LifecycleException: Failed to start component [StandardEngine[Catalina].StandardHost[localhost].StandardContext[/SuperComprinJPA]]
		at org.apache.catalina.util.LifecycleBase.handleSubClassException(LifecycleBase.java:440)
		at org.apache.catalina.util.LifecycleBase.start(LifecycleBase.java:198)
		at org.apache.catalina.core.StandardContext.reload(StandardContext.java:3792)
		at org.apache.catalina.manager.ManagerServlet.reload(ManagerServlet.java:1127)
		at org.apache.catalina.manager.ManagerServlet.doGet(ManagerServlet.java:366)
		at javax.servlet.http.HttpServlet.service(HttpServlet.java:626)
		at javax.servlet.http.HttpServlet.service(HttpServlet.java:733)
		at org.apache.catalina.core.ApplicationFilterChain.internalDoFilter(ApplicationFilterChain.java:231)
		at org.apache.catalina.core.ApplicationFilterChain.doFilter(ApplicationFilterChain.java:166)
		at org.apache.tomcat.websocket.server.WsFilter.doFilter(WsFilter.java:53)
		at org.apache.catalina.core.ApplicationFilterChain.internalDoFilter(ApplicationFilterChain.java:193)
		at org.apache.catalina.core.ApplicationFilterChain.doFilter(ApplicationFilterChain.java:166)
		at org.netbeans.modules.web.monitor.server.MonitorFilter.doFilter(MonitorFilter.java:368)
		at org.apache.catalina.core.ApplicationFilterChain.internalDoFilter(ApplicationFilterChain.java:193)
		at org.apache.catalina.core.ApplicationFilterChain.doFilter(ApplicationFilterChain.java:166)
		at org.apache.catalina.filters.HttpHeaderSecurityFilter.doFilter(HttpHeaderSecurityFilter.java:126)
		at org.apache.catalina.core.ApplicationFilterChain.internalDoFilter(ApplicationFilterChain.java:193)
		at org.apache.catalina.core.ApplicationFilterChain.doFilter(ApplicationFilterChain.java:166)
		at org.apache.catalina.core.StandardWrapperValve.invoke(StandardWrapperValve.java:202)
		at org.apache.catalina.core.StandardContextValve.invoke(StandardContextValve.java:97)
		at org.apache.catalina.authenticator.AuthenticatorBase.invoke(AuthenticatorBase.java:667)
		at org.apache.catalina.valves.RequestFilterValve.process(RequestFilterValve.java:348)
		at org.apache.catalina.valves.RemoteAddrValve.invoke(RemoteAddrValve.java:53)
		at org.apache.catalina.core.StandardHostValve.invoke(StandardHostValve.java:143)
		at org.apache.catalina.valves.ErrorReportValve.invoke(ErrorReportValve.java:92)
		at org.apache.catalina.valves.AbstractAccessLogValve.invoke(AbstractAccessLogValve.java:690)
		at org.apache.catalina.core.StandardEngineValve.invoke(StandardEngineValve.java:78)
		at org.apache.catalina.connector.CoyoteAdapter.service(CoyoteAdapter.java:343)
		at org.apache.coyote.http11.Http11Processor.service(Http11Processor.java:374)
		at org.apache.coyote.AbstractProcessorLight.process(AbstractProcessorLight.java:65)
		at org.apache.coyote.AbstractProtocol$ConnectionHandler.process(AbstractProtocol.java:888)
		at org.apache.tomcat.util.net.NioEndpoint$SocketProcessor.doRun(NioEndpoint.java:1597)
		at org.apache.tomcat.util.net.SocketProcessorBase.run(SocketProcessorBase.java:49)
		at java.base/java.util.concurrent.ThreadPoolExecutor.runWorker(ThreadPoolExecutor.java:1128)
		at java.base/java.util.concurrent.ThreadPoolExecutor$Worker.run(ThreadPoolExecutor.java:628)
		at org.apache.tomcat.util.threads.TaskThread$WrappingRunnable.run(TaskThread.java:61)
		at java.base/java.lang.Thread.run(Thread.java:834)
	Caused by: java.lang.VerifyError: Bad local variable type
Exception Details:
  Location:
    Servlets/AltaAction.service(Ljavax/servlet/http/HttpServletRequest;Ljavax/servlet/http/HttpServletResponse;)V @121: aload
  Reason:
    Type top (current frame, locals[11]) is not assignable to reference type
  Current Frame:
    bci: @121
    flags: { }
    locals: { 'Servlets/AltaAction', 'javax/servlet/http/HttpServletRequest', 'javax/servlet/http/HttpServletResponse', 'java/lang/String', 'java/lang/String', 'java/lang/String', 'java/lang/String', 'java/lang/String', integer, integer, 'java/text/SimpleDateFormat' }
    stack: { uninitialized 117, uninitialized 117 }
  Bytecode:
    0000000: 2b12 07b9 0009 0200 4e2b 120f b900 0902
    0000010: 003a 042b 1211 b900 0902 003a 052b 1213
    0000020: b900 0902 003a 062b 1215 b900 0902 003a
    0000030: 072b 1217 b900 0902 00b8 0019 3608 2b12
    0000040: 1fb9 0009 0200 b800 1936 09bb 0021 5912
    0000050: 23b7 0025 3a0a 190a 1906 b600 283a 0ba7
    0000060: 0016 3a0c 122e b600 30b8 0036 b200 3c01
    0000070: 190c b600 42bb 0046 5919 0bb6 0048 190b
    0000080: b600 4e19 0bb6 0051 b700 543a 0cbb 0057
    0000090: 59b7 0059 3a0d 190d 572d 1904 1905 190c
    00000a0: 1907 1508 1509 b800 5a2b 125e b900 6002
    00000b0: 002b 2cb9 0064 0300 b1                 
  Exception Handler Table:
    bci [86, 95] => handler: 98
  Stackmap Table:
    full_frame(@98,{Object[#46],Object[#10],Object[#135],Object[#137],Object[#137],Object[#137],Object[#137],Object[#137],Integer,Integer,Object[#33]},{Object[#44]})
    same_frame(@117)

		at java.base/java.lang.Class.getDeclaredFields0(Native Method)
		at java.base/java.lang.Class.privateGetDeclaredFields(Class.java:3061)
		at java.base/java.lang.Class.getDeclaredFields(Class.java:2248)
		at org.apache.catalina.util.Introspection.getDeclaredFields(Introspection.java:110)
		at org.apache.catalina.startup.WebAnnotationSet.loadFieldsAnnotation(WebAnnotationSet.java:269)
		at org.apache.catalina.startup.WebAnnotationSet.loadApplicationServletAnnotations(WebAnnotationSet.java:137)
		at org.apache.catalina.startup.WebAnnotationSet.loadApplicationAnnotations(WebAnnotationSet.java:69)
		at org.apache.catalina.startup.ContextConfig.applicationAnnotationsConfig(ContextConfig.java:332)
		at org.apache.catalina.startup.ContextConfig.configureStart(ContextConfig.java:988)
		at org.apache.catalina.startup.ContextConfig.lifecycleEvent(ContextConfig.java:303)
		at org.apache.catalina.util.LifecycleBase.fireLifecycleEvent(LifecycleBase.java:123)
		at org.apache.catalina.core.StandardContext.startInternal(StandardContext.java:5082)
		at org.apache.catalina.util.LifecycleBase.start(LifecycleBase.java:183)
		... 35 more
04-Jan-2021 18:55:00.583 INFORMACIÓN [http-nio-8084-exec-158] org.apache.catalina.core.StandardContext.reload Se ha completado la recarga de este Contexto
04-Jan-2021 19:24:18.215 INFORMACIÓN [http-nio-8084-exec-179] org.apache.catalina.startup.HostConfig.undeploy Repliegue (undeploy) de la aplicación web que tiene como trayectoria de contexto [/SuperComprinJPA]
04-Jan-2021 19:24:18.256 INFORMACIÓN [http-nio-8084-exec-176] org.apache.catalina.startup.HostConfig.deployDescriptor Desplieque del descriptor de configuración [/home/pabpan/Repositorio_Netbeans/NetBeansProjects/apache-tomcat-9.0.41/conf/Catalina/localhost/SuperComprinJPA.xml]
04-Jan-2021 19:24:18.257 ADVERTENCIA [http-nio-8084-exec-176] org.apache.catalina.startup.HostConfig.deployDescriptor The path attribute with value [/SuperComprinJPA] in deployment descriptor [/home/pabpan/Repositorio_Netbeans/NetBeansProjects/apache-tomcat-9.0.41/conf/Catalina/localhost/SuperComprinJPA.xml] has been ignored
04-Jan-2021 19:24:18.334 INFORMACIÓN [http-nio-8084-exec-176] org.apache.jasper.servlet.TldScanner.scanJars Al menos un JAR, que se ha explorado buscando TLDs, aún no contenía TLDs. Activar historial de depuración para este historiador para una completa lista de los JARs que fueron explorados y de los que nos se halló TLDs. Saltarse JARs no necesarios durante la exploración puede dar lugar a una mejora de tiempo significativa en el arranque y compilación de JSP .
04-Jan-2021 19:24:18.337 INFORMACIÓN [http-nio-8084-exec-176] org.apache.catalina.startup.HostConfig.deployDescriptor Deployment of deployment descriptor [/home/pabpan/Repositorio_Netbeans/NetBeansProjects/apache-tomcat-9.0.41/conf/Catalina/localhost/SuperComprinJPA.xml] has finished in [81] ms
04-Jan-2021 19:24:18.370 INFORMACIÓN [http-nio-8084-exec-177] org.apache.catalina.util.LifecycleBase.start The start() method was called on component [StandardEngine[Catalina].StandardHost[localhost].StandardContext[/SuperComprinJPA]] after start() had already been called. The second call will be ignored.
04-Jan-2021 19:25:28.115 INFORMACIÓN [http-nio-8084-exec-181] org.apache.catalina.core.StandardContext.reload Ha comenzado la recarga de Contexto [/SuperComprinJPA]
04-Jan-2021 19:25:28.153 INFORMACIÓN [http-nio-8084-exec-181] org.apache.jasper.servlet.TldScanner.scanJars Al menos un JAR, que se ha explorado buscando TLDs, aún no contenía TLDs. Activar historial de depuración para este historiador para una completa lista de los JARs que fueron explorados y de los que nos se halló TLDs. Saltarse JARs no necesarios durante la exploración puede dar lugar a una mejora de tiempo significativa en el arranque y compilación de JSP .
04-Jan-2021 19:25:28.155 INFORMACIÓN [http-nio-8084-exec-181] org.apache.catalina.core.StandardContext.reload Se ha completado la recarga de este Contexto
04-Jan-2021 19:25:48.274 INFORMACIÓN [http-nio-8084-exec-186] org.apache.catalina.core.StandardContext.reload Ha comenzado la recarga de Contexto [/SuperComprinJPA]
04-Jan-2021 19:25:48.319 INFORMACIÓN [http-nio-8084-exec-186] org.apache.jasper.servlet.TldScanner.scanJars Al menos un JAR, que se ha explorado buscando TLDs, aún no contenía TLDs. Activar historial de depuración para este historiador para una completa lista de los JARs que fueron explorados y de los que nos se halló TLDs. Saltarse JARs no necesarios durante la exploración puede dar lugar a una mejora de tiempo significativa en el arranque y compilación de JSP .
04-Jan-2021 19:25:48.321 INFORMACIÓN [http-nio-8084-exec-186] org.apache.catalina.core.StandardContext.reload Se ha completado la recarga de este Contexto
04-Jan-2021 21:45:57.656 INFORMACIÓN [http-nio-8084-exec-195] org.apache.catalina.core.StandardContext.reload Ha comenzado la recarga de Contexto [/SuperComprinJPA]
04-Jan-2021 21:45:57.698 INFORMACIÓN [http-nio-8084-exec-195] org.apache.jasper.servlet.TldScanner.scanJars Al menos un JAR, que se ha explorado buscando TLDs, aún no contenía TLDs. Activar historial de depuración para este historiador para una completa lista de los JARs que fueron explorados y de los que nos se halló TLDs. Saltarse JARs no necesarios durante la exploración puede dar lugar a una mejora de tiempo significativa en el arranque y compilación de JSP .
04-Jan-2021 21:45:57.700 INFORMACIÓN [http-nio-8084-exec-195] org.apache.catalina.core.StandardContext.reload Se ha completado la recarga de este Contexto
04-Jan-2021 21:46:11.919 INFORMACIÓN [http-nio-8084-exec-192] org.apache.catalina.core.StandardContext.reload Ha comenzado la recarga de Contexto [/SuperComprinJPA]
04-Jan-2021 21:46:11.960 INFORMACIÓN [http-nio-8084-exec-192] org.apache.jasper.servlet.TldScanner.scanJars Al menos un JAR, que se ha explorado buscando TLDs, aún no contenía TLDs. Activar historial de depuración para este historiador para una completa lista de los JARs que fueron explorados y de los que nos se halló TLDs. Saltarse JARs no necesarios durante la exploración puede dar lugar a una mejora de tiempo significativa en el arranque y compilación de JSP .
04-Jan-2021 21:46:11.962 INFORMACIÓN [http-nio-8084-exec-192] org.apache.catalina.core.StandardContext.reload Se ha completado la recarga de este Contexto
