12-Jan-2021 10:04:12.129 INFORMACIÓN [main] org.apache.catalina.startup.VersionLoggerListener.log Nombre de la versión del servidor: Apache Tomcat/9.0.41
12-Jan-2021 10:04:12.142 INFORMACIÓN [main] org.apache.catalina.startup.VersionLoggerListener.log Server built:                      Dec 3 2020 11:43:00 UTC
12-Jan-2021 10:04:12.142 INFORMACIÓN [main] org.apache.catalina.startup.VersionLoggerListener.log Número de versión de servidor:     9.0.41.0
12-Jan-2021 10:04:12.142 INFORMACIÓN [main] org.apache.catalina.startup.VersionLoggerListener.log OS Name:                           Linux
12-Jan-2021 10:04:12.143 INFORMACIÓN [main] org.apache.catalina.startup.VersionLoggerListener.log Versión de Systema Operativo:      5.8.0-36-generic
12-Jan-2021 10:04:12.143 INFORMACIÓN [main] org.apache.catalina.startup.VersionLoggerListener.log Arquitectura:                      amd64
12-Jan-2021 10:04:12.143 INFORMACIÓN [main] org.apache.catalina.startup.VersionLoggerListener.log Java Home:                         /usr/lib/jvm/java-11-openjdk-amd64
12-Jan-2021 10:04:12.143 INFORMACIÓN [main] org.apache.catalina.startup.VersionLoggerListener.log JVM Version:                       11.0.9.1+1-Ubuntu-0ubuntu1.20.04
12-Jan-2021 10:04:12.143 INFORMACIÓN [main] org.apache.catalina.startup.VersionLoggerListener.log Vededor JVM:                       Ubuntu
12-Jan-2021 10:04:12.144 INFORMACIÓN [main] org.apache.catalina.startup.VersionLoggerListener.log CATALINA_BASE:                     /home/pabpan/Repositorio_Netbeans/NetBeansProjects/apache-tomcat-9.0.41
12-Jan-2021 10:04:12.144 INFORMACIÓN [main] org.apache.catalina.startup.VersionLoggerListener.log CATALINA_HOME:                     /home/pabpan/Repositorio_Netbeans/NetBeansProjects/apache-tomcat-9.0.41
12-Jan-2021 10:04:12.174 INFORMACIÓN [main] org.apache.catalina.startup.VersionLoggerListener.log Command line argument:             --add-opens=java.base/java.lang=ALL-UNNAMED
12-Jan-2021 10:04:12.175 INFORMACIÓN [main] org.apache.catalina.startup.VersionLoggerListener.log Command line argument:             --add-opens=java.base/java.io=ALL-UNNAMED
12-Jan-2021 10:04:12.175 INFORMACIÓN [main] org.apache.catalina.startup.VersionLoggerListener.log Command line argument:             --add-opens=java.rmi/sun.rmi.transport=ALL-UNNAMED
12-Jan-2021 10:04:12.175 INFORMACIÓN [main] org.apache.catalina.startup.VersionLoggerListener.log Command line argument:             -Djava.util.logging.config.file=/home/pabpan/Repositorio_Netbeans/NetBeansProjects/apache-tomcat-9.0.41/conf/logging.properties
12-Jan-2021 10:04:12.175 INFORMACIÓN [main] org.apache.catalina.startup.VersionLoggerListener.log Command line argument:             -Djava.util.logging.manager=org.apache.juli.ClassLoaderLogManager
12-Jan-2021 10:04:12.176 INFORMACIÓN [main] org.apache.catalina.startup.VersionLoggerListener.log Command line argument:             -Dhttp.nonProxyHosts=localhost|127.0.0.1|PORTATIL-PABLO
12-Jan-2021 10:04:12.176 INFORMACIÓN [main] org.apache.catalina.startup.VersionLoggerListener.log Command line argument:             -Djdk.tls.ephemeralDHKeySize=2048
12-Jan-2021 10:04:12.176 INFORMACIÓN [main] org.apache.catalina.startup.VersionLoggerListener.log Command line argument:             -Djava.protocol.handler.pkgs=org.apache.catalina.webresources
12-Jan-2021 10:04:12.176 INFORMACIÓN [main] org.apache.catalina.startup.VersionLoggerListener.log Command line argument:             -Dorg.apache.catalina.security.SecurityListener.UMASK=0027
12-Jan-2021 10:04:12.176 INFORMACIÓN [main] org.apache.catalina.startup.VersionLoggerListener.log Command line argument:             -Dignore.endorsed.dirs=
12-Jan-2021 10:04:12.177 INFORMACIÓN [main] org.apache.catalina.startup.VersionLoggerListener.log Command line argument:             -Dcatalina.base=/home/pabpan/Repositorio_Netbeans/NetBeansProjects/apache-tomcat-9.0.41
12-Jan-2021 10:04:12.177 INFORMACIÓN [main] org.apache.catalina.startup.VersionLoggerListener.log Command line argument:             -Dcatalina.home=/home/pabpan/Repositorio_Netbeans/NetBeansProjects/apache-tomcat-9.0.41
12-Jan-2021 10:04:12.177 INFORMACIÓN [main] org.apache.catalina.startup.VersionLoggerListener.log Command line argument:             -Djava.io.tmpdir=/home/pabpan/Repositorio_Netbeans/NetBeansProjects/apache-tomcat-9.0.41/temp
12-Jan-2021 10:04:12.183 INFORMACIÓN [main] org.apache.catalina.core.AprLifecycleListener.lifecycleEvent La biblioteca nativa de Apache Tomcat basada en ARP que permite un rendimiento óptimo en entornos de desarrollo no ha sido hallada en java.library.path: [/usr/java/packages/lib:/usr/lib/x86_64-linux-gnu/jni:/lib/x86_64-linux-gnu:/usr/lib/x86_64-linux-gnu:/usr/lib/jni:/lib:/usr/lib]
12-Jan-2021 10:04:13.096 INFORMACIÓN [main] org.apache.coyote.AbstractProtocol.init Inicializando el manejador de protocolo ["http-nio-8084"]

12-Jan-2021 10:04:13.181 INFORMACIÓN [main] org.apache.catalina.startup.Catalina.load Server initialization in [1964] milliseconds
12-Jan-2021 10:04:13.330 INFORMACIÓN [main] org.apache.catalina.core.StandardService.startInternal Arrancando servicio [Catalina]
12-Jan-2021 10:04:13.331 INFORMACIÓN [main] org.apache.catalina.core.StandardEngine.startInternal Starting Servlet engine: [Apache Tomcat/9.0.41]
12-Jan-2021 10:04:13.346 INFORMACIÓN [main] org.apache.catalina.startup.HostConfig.deployDescriptor Desplieque del descriptor de configuración [/home/pabpan/Repositorio_Netbeans/NetBeansProjects/apache-tomcat-9.0.41/conf/Catalina/localhost/SuperComprinJPA.xml]
12-Jan-2021 10:04:13.382 ADVERTENCIA [main] org.apache.catalina.startup.HostConfig.deployDescriptor The path attribute with value [/SuperComprinJPA] in deployment descriptor [/home/pabpan/Repositorio_Netbeans/NetBeansProjects/apache-tomcat-9.0.41/conf/Catalina/localhost/SuperComprinJPA.xml] has been ignored
12-Jan-2021 10:04:15.776 INFORMACIÓN [main] org.apache.jasper.servlet.TldScanner.scanJars Al menos un JAR, que se ha explorado buscando TLDs, aún no contenía TLDs. Activar historial de depuración para este historiador para una completa lista de los JARs que fueron explorados y de los que nos se halló TLDs. Saltarse JARs no necesarios durante la exploración puede dar lugar a una mejora de tiempo significativa en el arranque y compilación de JSP .
12-Jan-2021 10:04:15.876 INFORMACIÓN [main] org.apache.catalina.startup.HostConfig.deployDescriptor Deployment of deployment descriptor [/home/pabpan/Repositorio_Netbeans/NetBeansProjects/apache-tomcat-9.0.41/conf/Catalina/localhost/SuperComprinJPA.xml] has finished in [2.526] ms
12-Jan-2021 10:04:15.878 INFORMACIÓN [main] org.apache.catalina.startup.HostConfig.deployDescriptor Desplieque del descriptor de configuración [/home/pabpan/Repositorio_Netbeans/NetBeansProjects/apache-tomcat-9.0.41/conf/Catalina/localhost/AgendaWebJPA.xml]
12-Jan-2021 10:04:15.883 ADVERTENCIA [main] org.apache.catalina.startup.HostConfig.deployDescriptor The path attribute with value [/AgendaWebJPA] in deployment descriptor [/home/pabpan/Repositorio_Netbeans/NetBeansProjects/apache-tomcat-9.0.41/conf/Catalina/localhost/AgendaWebJPA.xml] has been ignored
12-Jan-2021 10:04:17.253 INFORMACIÓN [main] org.apache.jasper.servlet.TldScanner.scanJars Al menos un JAR, que se ha explorado buscando TLDs, aún no contenía TLDs. Activar historial de depuración para este historiador para una completa lista de los JARs que fueron explorados y de los que nos se halló TLDs. Saltarse JARs no necesarios durante la exploración puede dar lugar a una mejora de tiempo significativa en el arranque y compilación de JSP .
12-Jan-2021 10:04:17.295 INFORMACIÓN [main] org.apache.catalina.startup.HostConfig.deployDescriptor Deployment of deployment descriptor [/home/pabpan/Repositorio_Netbeans/NetBeansProjects/apache-tomcat-9.0.41/conf/Catalina/localhost/AgendaWebJPA.xml] has finished in [1.418] ms
12-Jan-2021 10:04:17.307 INFORMACIÓN [main] org.apache.catalina.startup.HostConfig.deployDirectory Desplegando el directorio [/home/pabpan/Repositorio_Netbeans/NetBeansProjects/apache-tomcat-9.0.41/webapps/docs] de la aplicación web
12-Jan-2021 10:04:17.413 INFORMACIÓN [main] org.apache.jasper.servlet.TldScanner.scanJars Al menos un JAR, que se ha explorado buscando TLDs, aún no contenía TLDs. Activar historial de depuración para este historiador para una completa lista de los JARs que fueron explorados y de los que nos se halló TLDs. Saltarse JARs no necesarios durante la exploración puede dar lugar a una mejora de tiempo significativa en el arranque y compilación de JSP .
12-Jan-2021 10:04:17.420 INFORMACIÓN [main] org.apache.catalina.startup.HostConfig.deployDirectory Deployment of web application directory [/home/pabpan/Repositorio_Netbeans/NetBeansProjects/apache-tomcat-9.0.41/webapps/docs] has finished in [112] ms
12-Jan-2021 10:04:17.420 INFORMACIÓN [main] org.apache.catalina.startup.HostConfig.deployDirectory Desplegando el directorio [/home/pabpan/Repositorio_Netbeans/NetBeansProjects/apache-tomcat-9.0.41/webapps/ROOT] de la aplicación web
12-Jan-2021 10:04:17.488 INFORMACIÓN [main] org.apache.jasper.servlet.TldScanner.scanJars Al menos un JAR, que se ha explorado buscando TLDs, aún no contenía TLDs. Activar historial de depuración para este historiador para una completa lista de los JARs que fueron explorados y de los que nos se halló TLDs. Saltarse JARs no necesarios durante la exploración puede dar lugar a una mejora de tiempo significativa en el arranque y compilación de JSP .
12-Jan-2021 10:04:17.492 INFORMACIÓN [main] org.apache.catalina.startup.HostConfig.deployDirectory Deployment of web application directory [/home/pabpan/Repositorio_Netbeans/NetBeansProjects/apache-tomcat-9.0.41/webapps/ROOT] has finished in [71] ms
12-Jan-2021 10:04:17.492 INFORMACIÓN [main] org.apache.catalina.startup.HostConfig.deployDirectory Desplegando el directorio [/home/pabpan/Repositorio_Netbeans/NetBeansProjects/apache-tomcat-9.0.41/webapps/host-manager] de la aplicación web
12-Jan-2021 10:04:17.648 INFORMACIÓN [main] org.apache.jasper.servlet.TldScanner.scanJars Al menos un JAR, que se ha explorado buscando TLDs, aún no contenía TLDs. Activar historial de depuración para este historiador para una completa lista de los JARs que fueron explorados y de los que nos se halló TLDs. Saltarse JARs no necesarios durante la exploración puede dar lugar a una mejora de tiempo significativa en el arranque y compilación de JSP .
12-Jan-2021 10:04:17.660 INFORMACIÓN [main] org.apache.catalina.startup.HostConfig.deployDirectory Deployment of web application directory [/home/pabpan/Repositorio_Netbeans/NetBeansProjects/apache-tomcat-9.0.41/webapps/host-manager] has finished in [168] ms
12-Jan-2021 10:04:17.660 INFORMACIÓN [main] org.apache.catalina.startup.HostConfig.deployDirectory Desplegando el directorio [/home/pabpan/Repositorio_Netbeans/NetBeansProjects/apache-tomcat-9.0.41/webapps/examples] de la aplicación web
12-Jan-2021 10:04:18.039 INFORMACIÓN [main] org.apache.jasper.servlet.TldScanner.scanJars Al menos un JAR, que se ha explorado buscando TLDs, aún no contenía TLDs. Activar historial de depuración para este historiador para una completa lista de los JARs que fueron explorados y de los que nos se halló TLDs. Saltarse JARs no necesarios durante la exploración puede dar lugar a una mejora de tiempo significativa en el arranque y compilación de JSP .
12-Jan-2021 10:04:18.067 INFORMACIÓN [main] org.apache.catalina.startup.HostConfig.deployDirectory Deployment of web application directory [/home/pabpan/Repositorio_Netbeans/NetBeansProjects/apache-tomcat-9.0.41/webapps/examples] has finished in [407] ms
12-Jan-2021 10:04:18.068 INFORMACIÓN [main] org.apache.catalina.startup.HostConfig.deployDirectory Desplegando el directorio [/home/pabpan/Repositorio_Netbeans/NetBeansProjects/apache-tomcat-9.0.41/webapps/manager] de la aplicación web
12-Jan-2021 10:04:18.187 INFORMACIÓN [main] org.apache.jasper.servlet.TldScanner.scanJars Al menos un JAR, que se ha explorado buscando TLDs, aún no contenía TLDs. Activar historial de depuración para este historiador para una completa lista de los JARs que fueron explorados y de los que nos se halló TLDs. Saltarse JARs no necesarios durante la exploración puede dar lugar a una mejora de tiempo significativa en el arranque y compilación de JSP .
12-Jan-2021 10:04:18.195 INFORMACIÓN [main] org.apache.catalina.startup.HostConfig.deployDirectory Deployment of web application directory [/home/pabpan/Repositorio_Netbeans/NetBeansProjects/apache-tomcat-9.0.41/webapps/manager] has finished in [128] ms
12-Jan-2021 10:04:18.205 INFORMACIÓN [main] org.apache.coyote.AbstractProtocol.start Starting ProtocolHandler ["http-nio-8084"]
12-Jan-2021 10:04:18.264 INFORMACIÓN [main] org.apache.catalina.startup.Catalina.start Server startup in [5082] milliseconds
12-Jan-2021 10:06:22.498 INFORMACIÓN [http-nio-8084-exec-5] org.apache.catalina.startup.HostConfig.undeploy Repliegue (undeploy) de la aplicación web que tiene como trayectoria de contexto [/SuperComprinJPA]
12-Jan-2021 10:06:22.558 INFORMACIÓN [http-nio-8084-exec-2] org.apache.catalina.startup.HostConfig.deployDescriptor Desplieque del descriptor de configuración [/home/pabpan/Repositorio_Netbeans/NetBeansProjects/apache-tomcat-9.0.41/conf/Catalina/localhost/SuperComprinJPA.xml]
12-Jan-2021 10:06:22.560 ADVERTENCIA [http-nio-8084-exec-2] org.apache.catalina.startup.HostConfig.deployDescriptor The path attribute with value [/SuperComprinJPA] in deployment descriptor [/home/pabpan/Repositorio_Netbeans/NetBeansProjects/apache-tomcat-9.0.41/conf/Catalina/localhost/SuperComprinJPA.xml] has been ignored
12-Jan-2021 10:06:23.807 INFORMACIÓN [http-nio-8084-exec-2] org.apache.jasper.servlet.TldScanner.scanJars Al menos un JAR, que se ha explorado buscando TLDs, aún no contenía TLDs. Activar historial de depuración para este historiador para una completa lista de los JARs que fueron explorados y de los que nos se halló TLDs. Saltarse JARs no necesarios durante la exploración puede dar lugar a una mejora de tiempo significativa en el arranque y compilación de JSP .
12-Jan-2021 10:06:23.820 INFORMACIÓN [http-nio-8084-exec-2] org.apache.catalina.startup.HostConfig.deployDescriptor Deployment of deployment descriptor [/home/pabpan/Repositorio_Netbeans/NetBeansProjects/apache-tomcat-9.0.41/conf/Catalina/localhost/SuperComprinJPA.xml] has finished in [1.262] ms
12-Jan-2021 10:06:23.861 INFORMACIÓN [http-nio-8084-exec-6] org.apache.catalina.util.LifecycleBase.start The start() method was called on component [StandardEngine[Catalina].StandardHost[localhost].StandardContext[/SuperComprinJPA]] after start() had already been called. The second call will be ignored.
12-Jan-2021 10:06:24.723 INFORMACIÓN [http-nio-8084-exec-8] org.apache.catalina.startup.HostConfig.undeploy Repliegue (undeploy) de la aplicación web que tiene como trayectoria de contexto [/SuperComprinJPA]
12-Jan-2021 10:06:24.815 INFORMACIÓN [http-nio-8084-exec-3] org.apache.catalina.startup.HostConfig.deployDescriptor Desplieque del descriptor de configuración [/home/pabpan/Repositorio_Netbeans/NetBeansProjects/apache-tomcat-9.0.41/conf/Catalina/localhost/SuperComprinJPA.xml]
12-Jan-2021 10:06:24.817 ADVERTENCIA [http-nio-8084-exec-3] org.apache.catalina.startup.HostConfig.deployDescriptor The path attribute with value [/SuperComprinJPA] in deployment descriptor [/home/pabpan/Repositorio_Netbeans/NetBeansProjects/apache-tomcat-9.0.41/conf/Catalina/localhost/SuperComprinJPA.xml] has been ignored
12-Jan-2021 10:06:26.159 INFORMACIÓN [http-nio-8084-exec-3] org.apache.jasper.servlet.TldScanner.scanJars Al menos un JAR, que se ha explorado buscando TLDs, aún no contenía TLDs. Activar historial de depuración para este historiador para una completa lista de los JARs que fueron explorados y de los que nos se halló TLDs. Saltarse JARs no necesarios durante la exploración puede dar lugar a una mejora de tiempo significativa en el arranque y compilación de JSP .
12-Jan-2021 10:06:26.170 INFORMACIÓN [http-nio-8084-exec-3] org.apache.catalina.startup.HostConfig.deployDescriptor Deployment of deployment descriptor [/home/pabpan/Repositorio_Netbeans/NetBeansProjects/apache-tomcat-9.0.41/conf/Catalina/localhost/SuperComprinJPA.xml] has finished in [1.355] ms
12-Jan-2021 10:06:26.213 INFORMACIÓN [http-nio-8084-exec-9] org.apache.catalina.util.LifecycleBase.start The start() method was called on component [StandardEngine[Catalina].StandardHost[localhost].StandardContext[/SuperComprinJPA]] after start() had already been called. The second call will be ignored.
12-Jan-2021 10:07:17.693 INFORMACIÓN [http-nio-8084-exec-14] org.apache.catalina.startup.HostConfig.undeploy Repliegue (undeploy) de la aplicación web que tiene como trayectoria de contexto [/SuperComprinJPA]
12-Jan-2021 10:07:17.724 INFORMACIÓN [http-nio-8084-exec-9] org.apache.catalina.startup.HostConfig.deployDescriptor Desplieque del descriptor de configuración [/home/pabpan/Repositorio_Netbeans/NetBeansProjects/apache-tomcat-9.0.41/conf/Catalina/localhost/SuperComprinJPA.xml]
12-Jan-2021 10:07:17.725 ADVERTENCIA [http-nio-8084-exec-9] org.apache.catalina.startup.HostConfig.deployDescriptor The path attribute with value [/SuperComprinJPA] in deployment descriptor [/home/pabpan/Repositorio_Netbeans/NetBeansProjects/apache-tomcat-9.0.41/conf/Catalina/localhost/SuperComprinJPA.xml] has been ignored
12-Jan-2021 10:07:18.817 INFORMACIÓN [http-nio-8084-exec-9] org.apache.jasper.servlet.TldScanner.scanJars Al menos un JAR, que se ha explorado buscando TLDs, aún no contenía TLDs. Activar historial de depuración para este historiador para una completa lista de los JARs que fueron explorados y de los que nos se halló TLDs. Saltarse JARs no necesarios durante la exploración puede dar lugar a una mejora de tiempo significativa en el arranque y compilación de JSP .
12-Jan-2021 10:07:18.827 INFORMACIÓN [http-nio-8084-exec-9] org.apache.catalina.startup.HostConfig.deployDescriptor Deployment of deployment descriptor [/home/pabpan/Repositorio_Netbeans/NetBeansProjects/apache-tomcat-9.0.41/conf/Catalina/localhost/SuperComprinJPA.xml] has finished in [1.103] ms
12-Jan-2021 10:07:18.859 INFORMACIÓN [http-nio-8084-exec-13] org.apache.catalina.util.LifecycleBase.start The start() method was called on component [StandardEngine[Catalina].StandardHost[localhost].StandardContext[/SuperComprinJPA]] after start() had already been called. The second call will be ignored.
12-Jan-2021 10:07:19.649 INFORMACIÓN [http-nio-8084-exec-13] org.apache.catalina.startup.HostConfig.undeploy Repliegue (undeploy) de la aplicación web que tiene como trayectoria de contexto [/SuperComprinJPA]
12-Jan-2021 10:07:19.714 INFORMACIÓN [http-nio-8084-exec-1] org.apache.catalina.startup.HostConfig.deployDescriptor Desplieque del descriptor de configuración [/home/pabpan/Repositorio_Netbeans/NetBeansProjects/apache-tomcat-9.0.41/conf/Catalina/localhost/SuperComprinJPA.xml]
12-Jan-2021 10:07:19.715 ADVERTENCIA [http-nio-8084-exec-1] org.apache.catalina.startup.HostConfig.deployDescriptor The path attribute with value [/SuperComprinJPA] in deployment descriptor [/home/pabpan/Repositorio_Netbeans/NetBeansProjects/apache-tomcat-9.0.41/conf/Catalina/localhost/SuperComprinJPA.xml] has been ignored
12-Jan-2021 10:07:20.968 INFORMACIÓN [http-nio-8084-exec-1] org.apache.jasper.servlet.TldScanner.scanJars Al menos un JAR, que se ha explorado buscando TLDs, aún no contenía TLDs. Activar historial de depuración para este historiador para una completa lista de los JARs que fueron explorados y de los que nos se halló TLDs. Saltarse JARs no necesarios durante la exploración puede dar lugar a una mejora de tiempo significativa en el arranque y compilación de JSP .
12-Jan-2021 10:07:20.977 INFORMACIÓN [http-nio-8084-exec-1] org.apache.catalina.startup.HostConfig.deployDescriptor Deployment of deployment descriptor [/home/pabpan/Repositorio_Netbeans/NetBeansProjects/apache-tomcat-9.0.41/conf/Catalina/localhost/SuperComprinJPA.xml] has finished in [1.263] ms
12-Jan-2021 10:07:21.019 INFORMACIÓN [http-nio-8084-exec-10] org.apache.catalina.util.LifecycleBase.start The start() method was called on component [StandardEngine[Catalina].StandardHost[localhost].StandardContext[/SuperComprinJPA]] after start() had already been called. The second call will be ignored.
12-Jan-2021 10:47:53.780 INFORMACIÓN [main] org.apache.catalina.core.StandardServer.await Se ha recibido un comando de apagado a través del puerto de apagado. Parando la instancia del Servidor.
12-Jan-2021 10:47:53.781 INFORMACIÓN [main] org.apache.coyote.AbstractProtocol.pause Pausing ProtocolHandler ["http-nio-8084"]
12-Jan-2021 10:47:53.783 INFORMACIÓN [main] org.apache.catalina.core.StandardService.stopInternal Parando servicio [Catalina]
12-Jan-2021 10:47:53.823 INFORMACIÓN [main] org.apache.coyote.AbstractProtocol.stop Stopping ProtocolHandler ["http-nio-8084"]
12-Jan-2021 10:47:53.836 INFORMACIÓN [main] org.apache.coyote.AbstractProtocol.destroy Destroying ProtocolHandler ["http-nio-8084"]
12-Jan-2021 12:19:23.737 INFORMACIÓN [main] org.apache.catalina.startup.VersionLoggerListener.log Nombre de la versión del servidor: Apache Tomcat/9.0.41
12-Jan-2021 12:19:23.743 INFORMACIÓN [main] org.apache.catalina.startup.VersionLoggerListener.log Server built:                      Dec 3 2020 11:43:00 UTC
12-Jan-2021 12:19:23.745 INFORMACIÓN [main] org.apache.catalina.startup.VersionLoggerListener.log Número de versión de servidor:     9.0.41.0
12-Jan-2021 12:19:23.745 INFORMACIÓN [main] org.apache.catalina.startup.VersionLoggerListener.log OS Name:                           Linux
12-Jan-2021 12:19:23.745 INFORMACIÓN [main] org.apache.catalina.startup.VersionLoggerListener.log Versión de Systema Operativo:      5.8.0-36-generic
12-Jan-2021 12:19:23.745 INFORMACIÓN [main] org.apache.catalina.startup.VersionLoggerListener.log Arquitectura:                      amd64
12-Jan-2021 12:19:23.746 INFORMACIÓN [main] org.apache.catalina.startup.VersionLoggerListener.log Java Home:                         /usr/lib/jvm/java-11-openjdk-amd64
12-Jan-2021 12:19:23.746 INFORMACIÓN [main] org.apache.catalina.startup.VersionLoggerListener.log JVM Version:                       11.0.9.1+1-Ubuntu-0ubuntu1.20.04
12-Jan-2021 12:19:23.746 INFORMACIÓN [main] org.apache.catalina.startup.VersionLoggerListener.log Vededor JVM:                       Ubuntu
12-Jan-2021 12:19:23.746 INFORMACIÓN [main] org.apache.catalina.startup.VersionLoggerListener.log CATALINA_BASE:                     /home/pabpan/Repositorio_Netbeans/NetBeansProjects/apache-tomcat-9.0.41
12-Jan-2021 12:19:23.747 INFORMACIÓN [main] org.apache.catalina.startup.VersionLoggerListener.log CATALINA_HOME:                     /home/pabpan/Repositorio_Netbeans/NetBeansProjects/apache-tomcat-9.0.41
12-Jan-2021 12:19:23.766 INFORMACIÓN [main] org.apache.catalina.startup.VersionLoggerListener.log Command line argument:             --add-opens=java.base/java.lang=ALL-UNNAMED
12-Jan-2021 12:19:23.766 INFORMACIÓN [main] org.apache.catalina.startup.VersionLoggerListener.log Command line argument:             --add-opens=java.base/java.io=ALL-UNNAMED
12-Jan-2021 12:19:23.767 INFORMACIÓN [main] org.apache.catalina.startup.VersionLoggerListener.log Command line argument:             --add-opens=java.rmi/sun.rmi.transport=ALL-UNNAMED
12-Jan-2021 12:19:23.767 INFORMACIÓN [main] org.apache.catalina.startup.VersionLoggerListener.log Command line argument:             -Djava.util.logging.config.file=/home/pabpan/Repositorio_Netbeans/NetBeansProjects/apache-tomcat-9.0.41/conf/logging.properties
12-Jan-2021 12:19:23.767 INFORMACIÓN [main] org.apache.catalina.startup.VersionLoggerListener.log Command line argument:             -Djava.util.logging.manager=org.apache.juli.ClassLoaderLogManager
12-Jan-2021 12:19:23.767 INFORMACIÓN [main] org.apache.catalina.startup.VersionLoggerListener.log Command line argument:             -Dhttp.nonProxyHosts=localhost|127.0.0.1|PORTATIL-PABLO
12-Jan-2021 12:19:23.768 INFORMACIÓN [main] org.apache.catalina.startup.VersionLoggerListener.log Command line argument:             -Djdk.tls.ephemeralDHKeySize=2048
12-Jan-2021 12:19:23.768 INFORMACIÓN [main] org.apache.catalina.startup.VersionLoggerListener.log Command line argument:             -Djava.protocol.handler.pkgs=org.apache.catalina.webresources
12-Jan-2021 12:19:23.768 INFORMACIÓN [main] org.apache.catalina.startup.VersionLoggerListener.log Command line argument:             -Dorg.apache.catalina.security.SecurityListener.UMASK=0027
12-Jan-2021 12:19:23.768 INFORMACIÓN [main] org.apache.catalina.startup.VersionLoggerListener.log Command line argument:             -Dignore.endorsed.dirs=
12-Jan-2021 12:19:23.768 INFORMACIÓN [main] org.apache.catalina.startup.VersionLoggerListener.log Command line argument:             -Dcatalina.base=/home/pabpan/Repositorio_Netbeans/NetBeansProjects/apache-tomcat-9.0.41
12-Jan-2021 12:19:23.769 INFORMACIÓN [main] org.apache.catalina.startup.VersionLoggerListener.log Command line argument:             -Dcatalina.home=/home/pabpan/Repositorio_Netbeans/NetBeansProjects/apache-tomcat-9.0.41
12-Jan-2021 12:19:23.769 INFORMACIÓN [main] org.apache.catalina.startup.VersionLoggerListener.log Command line argument:             -Djava.io.tmpdir=/home/pabpan/Repositorio_Netbeans/NetBeansProjects/apache-tomcat-9.0.41/temp
12-Jan-2021 12:19:23.772 INFORMACIÓN [main] org.apache.catalina.core.AprLifecycleListener.lifecycleEvent La biblioteca nativa de Apache Tomcat basada en ARP que permite un rendimiento óptimo en entornos de desarrollo no ha sido hallada en java.library.path: [/usr/java/packages/lib:/usr/lib/x86_64-linux-gnu/jni:/lib/x86_64-linux-gnu:/usr/lib/x86_64-linux-gnu:/usr/lib/jni:/lib:/usr/lib]
12-Jan-2021 12:19:24.701 INFORMACIÓN [main] org.apache.coyote.AbstractProtocol.init Inicializando el manejador de protocolo ["http-nio-8084"]

12-Jan-2021 12:19:24.788 INFORMACIÓN [main] org.apache.catalina.startup.Catalina.load Server initialization in [1875] milliseconds
12-Jan-2021 12:19:25.111 INFORMACIÓN [main] org.apache.catalina.core.StandardService.startInternal Arrancando servicio [Catalina]
12-Jan-2021 12:19:25.111 INFORMACIÓN [main] org.apache.catalina.core.StandardEngine.startInternal Starting Servlet engine: [Apache Tomcat/9.0.41]
12-Jan-2021 12:19:25.138 INFORMACIÓN [main] org.apache.catalina.startup.HostConfig.deployDescriptor Desplieque del descriptor de configuración [/home/pabpan/Repositorio_Netbeans/NetBeansProjects/apache-tomcat-9.0.41/conf/Catalina/localhost/SuperComprinJPA.xml]
12-Jan-2021 12:19:25.216 ADVERTENCIA [main] org.apache.catalina.startup.HostConfig.deployDescriptor The path attribute with value [/SuperComprinJPA] in deployment descriptor [/home/pabpan/Repositorio_Netbeans/NetBeansProjects/apache-tomcat-9.0.41/conf/Catalina/localhost/SuperComprinJPA.xml] has been ignored
12-Jan-2021 12:19:27.652 INFORMACIÓN [main] org.apache.jasper.servlet.TldScanner.scanJars Al menos un JAR, que se ha explorado buscando TLDs, aún no contenía TLDs. Activar historial de depuración para este historiador para una completa lista de los JARs que fueron explorados y de los que nos se halló TLDs. Saltarse JARs no necesarios durante la exploración puede dar lugar a una mejora de tiempo significativa en el arranque y compilación de JSP .
12-Jan-2021 12:19:27.730 INFORMACIÓN [main] org.apache.catalina.startup.HostConfig.deployDescriptor Deployment of deployment descriptor [/home/pabpan/Repositorio_Netbeans/NetBeansProjects/apache-tomcat-9.0.41/conf/Catalina/localhost/SuperComprinJPA.xml] has finished in [2.589] ms
12-Jan-2021 12:19:27.731 INFORMACIÓN [main] org.apache.catalina.startup.HostConfig.deployDescriptor Desplieque del descriptor de configuración [/home/pabpan/Repositorio_Netbeans/NetBeansProjects/apache-tomcat-9.0.41/conf/Catalina/localhost/AgendaWebJPA.xml]
12-Jan-2021 12:19:27.733 ADVERTENCIA [main] org.apache.catalina.startup.HostConfig.deployDescriptor The path attribute with value [/AgendaWebJPA] in deployment descriptor [/home/pabpan/Repositorio_Netbeans/NetBeansProjects/apache-tomcat-9.0.41/conf/Catalina/localhost/AgendaWebJPA.xml] has been ignored
12-Jan-2021 12:19:28.968 INFORMACIÓN [main] org.apache.jasper.servlet.TldScanner.scanJars Al menos un JAR, que se ha explorado buscando TLDs, aún no contenía TLDs. Activar historial de depuración para este historiador para una completa lista de los JARs que fueron explorados y de los que nos se halló TLDs. Saltarse JARs no necesarios durante la exploración puede dar lugar a una mejora de tiempo significativa en el arranque y compilación de JSP .
12-Jan-2021 12:19:28.986 INFORMACIÓN [main] org.apache.catalina.startup.HostConfig.deployDescriptor Deployment of deployment descriptor [/home/pabpan/Repositorio_Netbeans/NetBeansProjects/apache-tomcat-9.0.41/conf/Catalina/localhost/AgendaWebJPA.xml] has finished in [1.255] ms
12-Jan-2021 12:19:28.987 INFORMACIÓN [main] org.apache.catalina.startup.HostConfig.deployDirectory Desplegando el directorio [/home/pabpan/Repositorio_Netbeans/NetBeansProjects/apache-tomcat-9.0.41/webapps/docs] de la aplicación web
12-Jan-2021 12:19:29.052 INFORMACIÓN [main] org.apache.jasper.servlet.TldScanner.scanJars Al menos un JAR, que se ha explorado buscando TLDs, aún no contenía TLDs. Activar historial de depuración para este historiador para una completa lista de los JARs que fueron explorados y de los que nos se halló TLDs. Saltarse JARs no necesarios durante la exploración puede dar lugar a una mejora de tiempo significativa en el arranque y compilación de JSP .
12-Jan-2021 12:19:29.056 INFORMACIÓN [main] org.apache.catalina.startup.HostConfig.deployDirectory Deployment of web application directory [/home/pabpan/Repositorio_Netbeans/NetBeansProjects/apache-tomcat-9.0.41/webapps/docs] has finished in [69] ms
12-Jan-2021 12:19:29.057 INFORMACIÓN [main] org.apache.catalina.startup.HostConfig.deployDirectory Desplegando el directorio [/home/pabpan/Repositorio_Netbeans/NetBeansProjects/apache-tomcat-9.0.41/webapps/ROOT] de la aplicación web
12-Jan-2021 12:19:29.241 INFORMACIÓN [main] org.apache.jasper.servlet.TldScanner.scanJars Al menos un JAR, que se ha explorado buscando TLDs, aún no contenía TLDs. Activar historial de depuración para este historiador para una completa lista de los JARs que fueron explorados y de los que nos se halló TLDs. Saltarse JARs no necesarios durante la exploración puede dar lugar a una mejora de tiempo significativa en el arranque y compilación de JSP .
12-Jan-2021 12:19:29.244 INFORMACIÓN [main] org.apache.catalina.startup.HostConfig.deployDirectory Deployment of web application directory [/home/pabpan/Repositorio_Netbeans/NetBeansProjects/apache-tomcat-9.0.41/webapps/ROOT] has finished in [187] ms
12-Jan-2021 12:19:29.245 INFORMACIÓN [main] org.apache.catalina.startup.HostConfig.deployDirectory Desplegando el directorio [/home/pabpan/Repositorio_Netbeans/NetBeansProjects/apache-tomcat-9.0.41/webapps/host-manager] de la aplicación web
12-Jan-2021 12:19:29.343 INFORMACIÓN [main] org.apache.jasper.servlet.TldScanner.scanJars Al menos un JAR, que se ha explorado buscando TLDs, aún no contenía TLDs. Activar historial de depuración para este historiador para una completa lista de los JARs que fueron explorados y de los que nos se halló TLDs. Saltarse JARs no necesarios durante la exploración puede dar lugar a una mejora de tiempo significativa en el arranque y compilación de JSP .
12-Jan-2021 12:19:29.365 INFORMACIÓN [main] org.apache.catalina.startup.HostConfig.deployDirectory Deployment of web application directory [/home/pabpan/Repositorio_Netbeans/NetBeansProjects/apache-tomcat-9.0.41/webapps/host-manager] has finished in [120] ms
12-Jan-2021 12:19:29.366 INFORMACIÓN [main] org.apache.catalina.startup.HostConfig.deployDirectory Desplegando el directorio [/home/pabpan/Repositorio_Netbeans/NetBeansProjects/apache-tomcat-9.0.41/webapps/examples] de la aplicación web
12-Jan-2021 12:19:29.753 INFORMACIÓN [main] org.apache.jasper.servlet.TldScanner.scanJars Al menos un JAR, que se ha explorado buscando TLDs, aún no contenía TLDs. Activar historial de depuración para este historiador para una completa lista de los JARs que fueron explorados y de los que nos se halló TLDs. Saltarse JARs no necesarios durante la exploración puede dar lugar a una mejora de tiempo significativa en el arranque y compilación de JSP .
12-Jan-2021 12:19:29.807 INFORMACIÓN [main] org.apache.catalina.startup.HostConfig.deployDirectory Deployment of web application directory [/home/pabpan/Repositorio_Netbeans/NetBeansProjects/apache-tomcat-9.0.41/webapps/examples] has finished in [442] ms
12-Jan-2021 12:19:29.808 INFORMACIÓN [main] org.apache.catalina.startup.HostConfig.deployDirectory Desplegando el directorio [/home/pabpan/Repositorio_Netbeans/NetBeansProjects/apache-tomcat-9.0.41/webapps/manager] de la aplicación web
12-Jan-2021 12:19:29.964 INFORMACIÓN [main] org.apache.jasper.servlet.TldScanner.scanJars Al menos un JAR, que se ha explorado buscando TLDs, aún no contenía TLDs. Activar historial de depuración para este historiador para una completa lista de los JARs que fueron explorados y de los que nos se halló TLDs. Saltarse JARs no necesarios durante la exploración puede dar lugar a una mejora de tiempo significativa en el arranque y compilación de JSP .
12-Jan-2021 12:19:29.969 INFORMACIÓN [main] org.apache.catalina.startup.HostConfig.deployDirectory Deployment of web application directory [/home/pabpan/Repositorio_Netbeans/NetBeansProjects/apache-tomcat-9.0.41/webapps/manager] has finished in [161] ms
12-Jan-2021 12:19:29.980 INFORMACIÓN [main] org.apache.coyote.AbstractProtocol.start Starting ProtocolHandler ["http-nio-8084"]
12-Jan-2021 12:19:30.049 INFORMACIÓN [main] org.apache.catalina.startup.Catalina.start Server startup in [5254] milliseconds
12-Jan-2021 12:19:33.556 INFORMACIÓN [http-nio-8084-exec-10] org.apache.catalina.startup.HostConfig.undeploy Repliegue (undeploy) de la aplicación web que tiene como trayectoria de contexto [/SuperComprinJPA]
12-Jan-2021 12:19:33.612 INFORMACIÓN [http-nio-8084-exec-7] org.apache.catalina.startup.HostConfig.deployDescriptor Desplieque del descriptor de configuración [/home/pabpan/Repositorio_Netbeans/NetBeansProjects/apache-tomcat-9.0.41/conf/Catalina/localhost/SuperComprinJPA.xml]
12-Jan-2021 12:19:33.614 ADVERTENCIA [http-nio-8084-exec-7] org.apache.catalina.startup.HostConfig.deployDescriptor The path attribute with value [/SuperComprinJPA] in deployment descriptor [/home/pabpan/Repositorio_Netbeans/NetBeansProjects/apache-tomcat-9.0.41/conf/Catalina/localhost/SuperComprinJPA.xml] has been ignored
12-Jan-2021 12:19:34.977 INFORMACIÓN [http-nio-8084-exec-7] org.apache.jasper.servlet.TldScanner.scanJars Al menos un JAR, que se ha explorado buscando TLDs, aún no contenía TLDs. Activar historial de depuración para este historiador para una completa lista de los JARs que fueron explorados y de los que nos se halló TLDs. Saltarse JARs no necesarios durante la exploración puede dar lugar a una mejora de tiempo significativa en el arranque y compilación de JSP .
12-Jan-2021 12:19:34.990 INFORMACIÓN [http-nio-8084-exec-7] org.apache.catalina.startup.HostConfig.deployDescriptor Deployment of deployment descriptor [/home/pabpan/Repositorio_Netbeans/NetBeansProjects/apache-tomcat-9.0.41/conf/Catalina/localhost/SuperComprinJPA.xml] has finished in [1.378] ms
12-Jan-2021 12:19:35.073 INFORMACIÓN [http-nio-8084-exec-12] org.apache.catalina.util.LifecycleBase.start The start() method was called on component [StandardEngine[Catalina].StandardHost[localhost].StandardContext[/SuperComprinJPA]] after start() had already been called. The second call will be ignored.
12-Jan-2021 12:19:36.463 INFORMACIÓN [http-nio-8084-exec-4] org.apache.catalina.startup.HostConfig.undeploy Repliegue (undeploy) de la aplicación web que tiene como trayectoria de contexto [/SuperComprinJPA]
12-Jan-2021 12:19:36.533 INFORMACIÓN [http-nio-8084-exec-11] org.apache.catalina.startup.HostConfig.deployDescriptor Desplieque del descriptor de configuración [/home/pabpan/Repositorio_Netbeans/NetBeansProjects/apache-tomcat-9.0.41/conf/Catalina/localhost/SuperComprinJPA.xml]
12-Jan-2021 12:19:36.534 ADVERTENCIA [http-nio-8084-exec-11] org.apache.catalina.startup.HostConfig.deployDescriptor The path attribute with value [/SuperComprinJPA] in deployment descriptor [/home/pabpan/Repositorio_Netbeans/NetBeansProjects/apache-tomcat-9.0.41/conf/Catalina/localhost/SuperComprinJPA.xml] has been ignored
12-Jan-2021 12:19:38.377 INFORMACIÓN [http-nio-8084-exec-11] org.apache.jasper.servlet.TldScanner.scanJars Al menos un JAR, que se ha explorado buscando TLDs, aún no contenía TLDs. Activar historial de depuración para este historiador para una completa lista de los JARs que fueron explorados y de los que nos se halló TLDs. Saltarse JARs no necesarios durante la exploración puede dar lugar a una mejora de tiempo significativa en el arranque y compilación de JSP .
12-Jan-2021 12:19:38.403 INFORMACIÓN [http-nio-8084-exec-11] org.apache.catalina.startup.HostConfig.deployDescriptor Deployment of deployment descriptor [/home/pabpan/Repositorio_Netbeans/NetBeansProjects/apache-tomcat-9.0.41/conf/Catalina/localhost/SuperComprinJPA.xml] has finished in [1.869] ms
12-Jan-2021 12:19:38.459 INFORMACIÓN [http-nio-8084-exec-8] org.apache.catalina.util.LifecycleBase.start The start() method was called on component [StandardEngine[Catalina].StandardHost[localhost].StandardContext[/SuperComprinJPA]] after start() had already been called. The second call will be ignored.
12-Jan-2021 12:21:01.204 INFORMACIÓN [http-nio-8084-exec-20] org.apache.catalina.startup.HostConfig.undeploy Repliegue (undeploy) de la aplicación web que tiene como trayectoria de contexto [/SuperComprinJPA]
12-Jan-2021 12:21:01.241 INFORMACIÓN [http-nio-8084-exec-16] org.apache.catalina.startup.HostConfig.deployDescriptor Desplieque del descriptor de configuración [/home/pabpan/Repositorio_Netbeans/NetBeansProjects/apache-tomcat-9.0.41/conf/Catalina/localhost/SuperComprinJPA.xml]
12-Jan-2021 12:21:01.243 ADVERTENCIA [http-nio-8084-exec-16] org.apache.catalina.startup.HostConfig.deployDescriptor The path attribute with value [/SuperComprinJPA] in deployment descriptor [/home/pabpan/Repositorio_Netbeans/NetBeansProjects/apache-tomcat-9.0.41/conf/Catalina/localhost/SuperComprinJPA.xml] has been ignored
12-Jan-2021 12:21:02.129 INFORMACIÓN [http-nio-8084-exec-16] org.apache.jasper.servlet.TldScanner.scanJars Al menos un JAR, que se ha explorado buscando TLDs, aún no contenía TLDs. Activar historial de depuración para este historiador para una completa lista de los JARs que fueron explorados y de los que nos se halló TLDs. Saltarse JARs no necesarios durante la exploración puede dar lugar a una mejora de tiempo significativa en el arranque y compilación de JSP .
12-Jan-2021 12:21:02.140 INFORMACIÓN [http-nio-8084-exec-16] org.apache.catalina.startup.HostConfig.deployDescriptor Deployment of deployment descriptor [/home/pabpan/Repositorio_Netbeans/NetBeansProjects/apache-tomcat-9.0.41/conf/Catalina/localhost/SuperComprinJPA.xml] has finished in [899] ms
12-Jan-2021 12:21:02.185 INFORMACIÓN [http-nio-8084-exec-18] org.apache.catalina.util.LifecycleBase.start The start() method was called on component [StandardEngine[Catalina].StandardHost[localhost].StandardContext[/SuperComprinJPA]] after start() had already been called. The second call will be ignored.
12-Jan-2021 12:21:03.000 INFORMACIÓN [http-nio-8084-exec-19] org.apache.catalina.startup.HostConfig.undeploy Repliegue (undeploy) de la aplicación web que tiene como trayectoria de contexto [/SuperComprinJPA]
12-Jan-2021 12:21:03.035 INFORMACIÓN [http-nio-8084-exec-8] org.apache.catalina.startup.HostConfig.deployDescriptor Desplieque del descriptor de configuración [/home/pabpan/Repositorio_Netbeans/NetBeansProjects/apache-tomcat-9.0.41/conf/Catalina/localhost/SuperComprinJPA.xml]
12-Jan-2021 12:21:03.036 ADVERTENCIA [http-nio-8084-exec-8] org.apache.catalina.startup.HostConfig.deployDescriptor The path attribute with value [/SuperComprinJPA] in deployment descriptor [/home/pabpan/Repositorio_Netbeans/NetBeansProjects/apache-tomcat-9.0.41/conf/Catalina/localhost/SuperComprinJPA.xml] has been ignored
12-Jan-2021 12:21:04.440 INFORMACIÓN [http-nio-8084-exec-8] org.apache.jasper.servlet.TldScanner.scanJars Al menos un JAR, que se ha explorado buscando TLDs, aún no contenía TLDs. Activar historial de depuración para este historiador para una completa lista de los JARs que fueron explorados y de los que nos se halló TLDs. Saltarse JARs no necesarios durante la exploración puede dar lugar a una mejora de tiempo significativa en el arranque y compilación de JSP .
12-Jan-2021 12:21:04.461 INFORMACIÓN [http-nio-8084-exec-8] org.apache.catalina.startup.HostConfig.deployDescriptor Deployment of deployment descriptor [/home/pabpan/Repositorio_Netbeans/NetBeansProjects/apache-tomcat-9.0.41/conf/Catalina/localhost/SuperComprinJPA.xml] has finished in [1.426] ms
12-Jan-2021 12:21:04.519 INFORMACIÓN [http-nio-8084-exec-18] org.apache.catalina.util.LifecycleBase.start The start() method was called on component [StandardEngine[Catalina].StandardHost[localhost].StandardContext[/SuperComprinJPA]] after start() had already been called. The second call will be ignored.
12-Jan-2021 12:24:48.338 ADVERTENCIA [http-nio-8084-exec-27] org.apache.catalina.loader.WebappClassLoaderBase.clearReferencesJdbc La aplicación web [SuperComprinJPA] registró el conductor JDBC [com.mysql.cj.jdbc.Driver] pero falló al anular el registro mientras la aplicación web estaba parada. Para prevenir un fallo de memoria, se ha anulado el registro del conductor JDBC por la fuerza.
12-Jan-2021 12:24:48.347 ADVERTENCIA [http-nio-8084-exec-27] org.apache.catalina.loader.WebappClassLoaderBase.clearReferencesThreads The web application [SuperComprinJPA] appears to have started a thread named [mysql-cj-abandoned-connection-cleanup] but has failed to stop it. This is very likely to create a memory leak. Stack trace of thread:
 java.base@11.0.9.1/java.lang.Object.wait(Native Method)
 java.base@11.0.9.1/java.lang.ref.ReferenceQueue.remove(ReferenceQueue.java:155)
 com.mysql.cj.jdbc.AbandonedConnectionCleanupThread.run(AbandonedConnectionCleanupThread.java:85)
 java.base@11.0.9.1/java.util.concurrent.ThreadPoolExecutor.runWorker(ThreadPoolExecutor.java:1128)
 java.base@11.0.9.1/java.util.concurrent.ThreadPoolExecutor$Worker.run(ThreadPoolExecutor.java:628)
 java.base@11.0.9.1/java.lang.Thread.run(Thread.java:834)
12-Jan-2021 12:24:48.852 INFORMACIÓN [http-nio-8084-exec-27] org.apache.catalina.startup.HostConfig.undeploy Repliegue (undeploy) de la aplicación web que tiene como trayectoria de contexto [/SuperComprinJPA]
12-Jan-2021 12:24:48.885 INFORMACIÓN [http-nio-8084-exec-28] org.apache.catalina.startup.HostConfig.deployDescriptor Desplieque del descriptor de configuración [/home/pabpan/Repositorio_Netbeans/NetBeansProjects/apache-tomcat-9.0.41/conf/Catalina/localhost/SuperComprinJPA.xml]
12-Jan-2021 12:24:48.886 ADVERTENCIA [http-nio-8084-exec-28] org.apache.catalina.startup.HostConfig.deployDescriptor The path attribute with value [/SuperComprinJPA] in deployment descriptor [/home/pabpan/Repositorio_Netbeans/NetBeansProjects/apache-tomcat-9.0.41/conf/Catalina/localhost/SuperComprinJPA.xml] has been ignored
12-Jan-2021 12:24:49.074 INFORMACIÓN [mysql-cj-abandoned-connection-cleanup] org.apache.catalina.loader.WebappClassLoaderBase.checkStateForResourceLoading Acceso ilegal: esta instancia de aplicación web ya ha sido parada.  Could not load [].  La eventual traza de pila que sigue ha sido motivada por un error lanzado con motivos de depuración así como para intentar terminar el hilo que motivó el acceso ilegal y no tiene impacto funcional.
	java.lang.IllegalStateException: Acceso ilegal: esta instancia de aplicación web ya ha sido parada.  Could not load [].  La eventual traza de pila que sigue ha sido motivada por un error lanzado con motivos de depuración así como para intentar terminar el hilo que motivó el acceso ilegal y no tiene impacto funcional.
		at org.apache.catalina.loader.WebappClassLoaderBase.checkStateForResourceLoading(WebappClassLoaderBase.java:1385)
		at org.apache.catalina.loader.WebappClassLoaderBase.getResource(WebappClassLoaderBase.java:1038)
		at com.mysql.cj.jdbc.AbandonedConnectionCleanupThread.checkThreadContextClassLoader(AbandonedConnectionCleanupThread.java:117)
		at com.mysql.cj.jdbc.AbandonedConnectionCleanupThread.run(AbandonedConnectionCleanupThread.java:84)
		at java.base/java.util.concurrent.ThreadPoolExecutor.runWorker(ThreadPoolExecutor.java:1128)
		at java.base/java.util.concurrent.ThreadPoolExecutor$Worker.run(ThreadPoolExecutor.java:628)
		at java.base/java.lang.Thread.run(Thread.java:834)
12-Jan-2021 12:24:50.028 INFORMACIÓN [http-nio-8084-exec-28] org.apache.jasper.servlet.TldScanner.scanJars Al menos un JAR, que se ha explorado buscando TLDs, aún no contenía TLDs. Activar historial de depuración para este historiador para una completa lista de los JARs que fueron explorados y de los que nos se halló TLDs. Saltarse JARs no necesarios durante la exploración puede dar lugar a una mejora de tiempo significativa en el arranque y compilación de JSP .
12-Jan-2021 12:24:50.037 INFORMACIÓN [http-nio-8084-exec-28] org.apache.catalina.startup.HostConfig.deployDescriptor Deployment of deployment descriptor [/home/pabpan/Repositorio_Netbeans/NetBeansProjects/apache-tomcat-9.0.41/conf/Catalina/localhost/SuperComprinJPA.xml] has finished in [1.151] ms
12-Jan-2021 12:24:50.089 INFORMACIÓN [http-nio-8084-exec-25] org.apache.catalina.util.LifecycleBase.start The start() method was called on component [StandardEngine[Catalina].StandardHost[localhost].StandardContext[/SuperComprinJPA]] after start() had already been called. The second call will be ignored.
12-Jan-2021 12:24:50.822 INFORMACIÓN [http-nio-8084-exec-33] org.apache.catalina.startup.HostConfig.undeploy Repliegue (undeploy) de la aplicación web que tiene como trayectoria de contexto [/SuperComprinJPA]
12-Jan-2021 12:24:50.877 INFORMACIÓN [http-nio-8084-exec-29] org.apache.catalina.startup.HostConfig.deployDescriptor Desplieque del descriptor de configuración [/home/pabpan/Repositorio_Netbeans/NetBeansProjects/apache-tomcat-9.0.41/conf/Catalina/localhost/SuperComprinJPA.xml]
12-Jan-2021 12:24:50.884 ADVERTENCIA [http-nio-8084-exec-29] org.apache.catalina.startup.HostConfig.deployDescriptor The path attribute with value [/SuperComprinJPA] in deployment descriptor [/home/pabpan/Repositorio_Netbeans/NetBeansProjects/apache-tomcat-9.0.41/conf/Catalina/localhost/SuperComprinJPA.xml] has been ignored
12-Jan-2021 12:24:51.955 INFORMACIÓN [http-nio-8084-exec-29] org.apache.jasper.servlet.TldScanner.scanJars Al menos un JAR, que se ha explorado buscando TLDs, aún no contenía TLDs. Activar historial de depuración para este historiador para una completa lista de los JARs que fueron explorados y de los que nos se halló TLDs. Saltarse JARs no necesarios durante la exploración puede dar lugar a una mejora de tiempo significativa en el arranque y compilación de JSP .
12-Jan-2021 12:24:51.965 INFORMACIÓN [http-nio-8084-exec-29] org.apache.catalina.startup.HostConfig.deployDescriptor Deployment of deployment descriptor [/home/pabpan/Repositorio_Netbeans/NetBeansProjects/apache-tomcat-9.0.41/conf/Catalina/localhost/SuperComprinJPA.xml] has finished in [1.088] ms
12-Jan-2021 12:24:51.998 INFORMACIÓN [http-nio-8084-exec-25] org.apache.catalina.util.LifecycleBase.start The start() method was called on component [StandardEngine[Catalina].StandardHost[localhost].StandardContext[/SuperComprinJPA]] after start() had already been called. The second call will be ignored.
12-Jan-2021 12:26:09.379 ADVERTENCIA [http-nio-8084-exec-31] org.apache.catalina.loader.WebappClassLoaderBase.clearReferencesJdbc La aplicación web [SuperComprinJPA] registró el conductor JDBC [com.mysql.cj.jdbc.Driver] pero falló al anular el registro mientras la aplicación web estaba parada. Para prevenir un fallo de memoria, se ha anulado el registro del conductor JDBC por la fuerza.
12-Jan-2021 12:26:09.380 ADVERTENCIA [http-nio-8084-exec-31] org.apache.catalina.loader.WebappClassLoaderBase.clearReferencesThreads The web application [SuperComprinJPA] appears to have started a thread named [mysql-cj-abandoned-connection-cleanup] but has failed to stop it. This is very likely to create a memory leak. Stack trace of thread:
 java.base@11.0.9.1/java.lang.Object.wait(Native Method)
 java.base@11.0.9.1/java.lang.ref.ReferenceQueue.remove(ReferenceQueue.java:155)
 com.mysql.cj.jdbc.AbandonedConnectionCleanupThread.run(AbandonedConnectionCleanupThread.java:85)
 java.base@11.0.9.1/java.util.concurrent.ThreadPoolExecutor.runWorker(ThreadPoolExecutor.java:1128)
 java.base@11.0.9.1/java.util.concurrent.ThreadPoolExecutor$Worker.run(ThreadPoolExecutor.java:628)
 java.base@11.0.9.1/java.lang.Thread.run(Thread.java:834)
12-Jan-2021 12:26:09.895 INFORMACIÓN [http-nio-8084-exec-31] org.apache.catalina.startup.HostConfig.undeploy Repliegue (undeploy) de la aplicación web que tiene como trayectoria de contexto [/SuperComprinJPA]
12-Jan-2021 12:26:09.921 INFORMACIÓN [http-nio-8084-exec-38] org.apache.catalina.startup.HostConfig.deployDescriptor Desplieque del descriptor de configuración [/home/pabpan/Repositorio_Netbeans/NetBeansProjects/apache-tomcat-9.0.41/conf/Catalina/localhost/SuperComprinJPA.xml]
12-Jan-2021 12:26:09.922 ADVERTENCIA [http-nio-8084-exec-38] org.apache.catalina.startup.HostConfig.deployDescriptor The path attribute with value [/SuperComprinJPA] in deployment descriptor [/home/pabpan/Repositorio_Netbeans/NetBeansProjects/apache-tomcat-9.0.41/conf/Catalina/localhost/SuperComprinJPA.xml] has been ignored
12-Jan-2021 12:26:10.035 INFORMACIÓN [mysql-cj-abandoned-connection-cleanup] org.apache.catalina.loader.WebappClassLoaderBase.checkStateForResourceLoading Acceso ilegal: esta instancia de aplicación web ya ha sido parada.  Could not load [].  La eventual traza de pila que sigue ha sido motivada por un error lanzado con motivos de depuración así como para intentar terminar el hilo que motivó el acceso ilegal y no tiene impacto funcional.
	java.lang.IllegalStateException: Acceso ilegal: esta instancia de aplicación web ya ha sido parada.  Could not load [].  La eventual traza de pila que sigue ha sido motivada por un error lanzado con motivos de depuración así como para intentar terminar el hilo que motivó el acceso ilegal y no tiene impacto funcional.
		at org.apache.catalina.loader.WebappClassLoaderBase.checkStateForResourceLoading(WebappClassLoaderBase.java:1385)
		at org.apache.catalina.loader.WebappClassLoaderBase.getResource(WebappClassLoaderBase.java:1038)
		at com.mysql.cj.jdbc.AbandonedConnectionCleanupThread.checkThreadContextClassLoader(AbandonedConnectionCleanupThread.java:117)
		at com.mysql.cj.jdbc.AbandonedConnectionCleanupThread.run(AbandonedConnectionCleanupThread.java:84)
		at java.base/java.util.concurrent.ThreadPoolExecutor.runWorker(ThreadPoolExecutor.java:1128)
		at java.base/java.util.concurrent.ThreadPoolExecutor$Worker.run(ThreadPoolExecutor.java:628)
		at java.base/java.lang.Thread.run(Thread.java:834)
12-Jan-2021 12:26:10.757 INFORMACIÓN [http-nio-8084-exec-38] org.apache.jasper.servlet.TldScanner.scanJars Al menos un JAR, que se ha explorado buscando TLDs, aún no contenía TLDs. Activar historial de depuración para este historiador para una completa lista de los JARs que fueron explorados y de los que nos se halló TLDs. Saltarse JARs no necesarios durante la exploración puede dar lugar a una mejora de tiempo significativa en el arranque y compilación de JSP .
12-Jan-2021 12:26:10.766 INFORMACIÓN [http-nio-8084-exec-38] org.apache.catalina.startup.HostConfig.deployDescriptor Deployment of deployment descriptor [/home/pabpan/Repositorio_Netbeans/NetBeansProjects/apache-tomcat-9.0.41/conf/Catalina/localhost/SuperComprinJPA.xml] has finished in [845] ms
12-Jan-2021 12:26:10.799 INFORMACIÓN [http-nio-8084-exec-34] org.apache.catalina.util.LifecycleBase.start The start() method was called on component [StandardEngine[Catalina].StandardHost[localhost].StandardContext[/SuperComprinJPA]] after start() had already been called. The second call will be ignored.
12-Jan-2021 12:26:11.570 INFORMACIÓN [http-nio-8084-exec-40] org.apache.catalina.startup.HostConfig.undeploy Repliegue (undeploy) de la aplicación web que tiene como trayectoria de contexto [/SuperComprinJPA]
12-Jan-2021 12:26:11.597 INFORMACIÓN [http-nio-8084-exec-34] org.apache.catalina.startup.HostConfig.deployDescriptor Desplieque del descriptor de configuración [/home/pabpan/Repositorio_Netbeans/NetBeansProjects/apache-tomcat-9.0.41/conf/Catalina/localhost/SuperComprinJPA.xml]
12-Jan-2021 12:26:11.598 ADVERTENCIA [http-nio-8084-exec-34] org.apache.catalina.startup.HostConfig.deployDescriptor The path attribute with value [/SuperComprinJPA] in deployment descriptor [/home/pabpan/Repositorio_Netbeans/NetBeansProjects/apache-tomcat-9.0.41/conf/Catalina/localhost/SuperComprinJPA.xml] has been ignored
12-Jan-2021 12:26:12.826 INFORMACIÓN [http-nio-8084-exec-34] org.apache.jasper.servlet.TldScanner.scanJars Al menos un JAR, que se ha explorado buscando TLDs, aún no contenía TLDs. Activar historial de depuración para este historiador para una completa lista de los JARs que fueron explorados y de los que nos se halló TLDs. Saltarse JARs no necesarios durante la exploración puede dar lugar a una mejora de tiempo significativa en el arranque y compilación de JSP .
12-Jan-2021 12:26:12.842 INFORMACIÓN [http-nio-8084-exec-34] org.apache.catalina.startup.HostConfig.deployDescriptor Deployment of deployment descriptor [/home/pabpan/Repositorio_Netbeans/NetBeansProjects/apache-tomcat-9.0.41/conf/Catalina/localhost/SuperComprinJPA.xml] has finished in [1.245] ms
12-Jan-2021 12:26:12.995 INFORMACIÓN [http-nio-8084-exec-39] org.apache.catalina.util.LifecycleBase.start The start() method was called on component [StandardEngine[Catalina].StandardHost[localhost].StandardContext[/SuperComprinJPA]] after start() had already been called. The second call will be ignored.
12-Jan-2021 12:30:36.676 ADVERTENCIA [http-nio-8084-exec-51] org.apache.catalina.loader.WebappClassLoaderBase.clearReferencesJdbc La aplicación web [SuperComprinJPA] registró el conductor JDBC [com.mysql.cj.jdbc.Driver] pero falló al anular el registro mientras la aplicación web estaba parada. Para prevenir un fallo de memoria, se ha anulado el registro del conductor JDBC por la fuerza.
12-Jan-2021 12:30:36.677 ADVERTENCIA [http-nio-8084-exec-51] org.apache.catalina.loader.WebappClassLoaderBase.clearReferencesThreads The web application [SuperComprinJPA] appears to have started a thread named [mysql-cj-abandoned-connection-cleanup] but has failed to stop it. This is very likely to create a memory leak. Stack trace of thread:
 java.base@11.0.9.1/java.lang.Object.wait(Native Method)
 java.base@11.0.9.1/java.lang.ref.ReferenceQueue.remove(ReferenceQueue.java:155)
 com.mysql.cj.jdbc.AbandonedConnectionCleanupThread.run(AbandonedConnectionCleanupThread.java:85)
 java.base@11.0.9.1/java.util.concurrent.ThreadPoolExecutor.runWorker(ThreadPoolExecutor.java:1128)
 java.base@11.0.9.1/java.util.concurrent.ThreadPoolExecutor$Worker.run(ThreadPoolExecutor.java:628)
 java.base@11.0.9.1/java.lang.Thread.run(Thread.java:834)
12-Jan-2021 12:30:37.182 INFORMACIÓN [http-nio-8084-exec-51] org.apache.catalina.startup.HostConfig.undeploy Repliegue (undeploy) de la aplicación web que tiene como trayectoria de contexto [/SuperComprinJPA]
12-Jan-2021 12:30:37.206 INFORMACIÓN [http-nio-8084-exec-48] org.apache.catalina.startup.HostConfig.deployDescriptor Desplieque del descriptor de configuración [/home/pabpan/Repositorio_Netbeans/NetBeansProjects/apache-tomcat-9.0.41/conf/Catalina/localhost/SuperComprinJPA.xml]
12-Jan-2021 12:30:37.208 ADVERTENCIA [http-nio-8084-exec-48] org.apache.catalina.startup.HostConfig.deployDescriptor The path attribute with value [/SuperComprinJPA] in deployment descriptor [/home/pabpan/Repositorio_Netbeans/NetBeansProjects/apache-tomcat-9.0.41/conf/Catalina/localhost/SuperComprinJPA.xml] has been ignored
12-Jan-2021 12:30:37.286 INFORMACIÓN [mysql-cj-abandoned-connection-cleanup] org.apache.catalina.loader.WebappClassLoaderBase.checkStateForResourceLoading Acceso ilegal: esta instancia de aplicación web ya ha sido parada.  Could not load [].  La eventual traza de pila que sigue ha sido motivada por un error lanzado con motivos de depuración así como para intentar terminar el hilo que motivó el acceso ilegal y no tiene impacto funcional.
	java.lang.IllegalStateException: Acceso ilegal: esta instancia de aplicación web ya ha sido parada.  Could not load [].  La eventual traza de pila que sigue ha sido motivada por un error lanzado con motivos de depuración así como para intentar terminar el hilo que motivó el acceso ilegal y no tiene impacto funcional.
		at org.apache.catalina.loader.WebappClassLoaderBase.checkStateForResourceLoading(WebappClassLoaderBase.java:1385)
		at org.apache.catalina.loader.WebappClassLoaderBase.getResource(WebappClassLoaderBase.java:1038)
		at com.mysql.cj.jdbc.AbandonedConnectionCleanupThread.checkThreadContextClassLoader(AbandonedConnectionCleanupThread.java:117)
		at com.mysql.cj.jdbc.AbandonedConnectionCleanupThread.run(AbandonedConnectionCleanupThread.java:84)
		at java.base/java.util.concurrent.ThreadPoolExecutor.runWorker(ThreadPoolExecutor.java:1128)
		at java.base/java.util.concurrent.ThreadPoolExecutor$Worker.run(ThreadPoolExecutor.java:628)
		at java.base/java.lang.Thread.run(Thread.java:834)
12-Jan-2021 12:30:38.100 INFORMACIÓN [http-nio-8084-exec-48] org.apache.jasper.servlet.TldScanner.scanJars Al menos un JAR, que se ha explorado buscando TLDs, aún no contenía TLDs. Activar historial de depuración para este historiador para una completa lista de los JARs que fueron explorados y de los que nos se halló TLDs. Saltarse JARs no necesarios durante la exploración puede dar lugar a una mejora de tiempo significativa en el arranque y compilación de JSP .
12-Jan-2021 12:30:38.109 INFORMACIÓN [http-nio-8084-exec-48] org.apache.catalina.startup.HostConfig.deployDescriptor Deployment of deployment descriptor [/home/pabpan/Repositorio_Netbeans/NetBeansProjects/apache-tomcat-9.0.41/conf/Catalina/localhost/SuperComprinJPA.xml] has finished in [903] ms
12-Jan-2021 12:30:38.146 INFORMACIÓN [http-nio-8084-exec-46] org.apache.catalina.util.LifecycleBase.start The start() method was called on component [StandardEngine[Catalina].StandardHost[localhost].StandardContext[/SuperComprinJPA]] after start() had already been called. The second call will be ignored.
12-Jan-2021 12:30:38.987 INFORMACIÓN [http-nio-8084-exec-46] org.apache.catalina.startup.HostConfig.undeploy Repliegue (undeploy) de la aplicación web que tiene como trayectoria de contexto [/SuperComprinJPA]
12-Jan-2021 12:30:39.163 INFORMACIÓN [http-nio-8084-exec-48] org.apache.catalina.startup.HostConfig.deployDescriptor Desplieque del descriptor de configuración [/home/pabpan/Repositorio_Netbeans/NetBeansProjects/apache-tomcat-9.0.41/conf/Catalina/localhost/SuperComprinJPA.xml]
12-Jan-2021 12:30:39.164 ADVERTENCIA [http-nio-8084-exec-48] org.apache.catalina.startup.HostConfig.deployDescriptor The path attribute with value [/SuperComprinJPA] in deployment descriptor [/home/pabpan/Repositorio_Netbeans/NetBeansProjects/apache-tomcat-9.0.41/conf/Catalina/localhost/SuperComprinJPA.xml] has been ignored
12-Jan-2021 12:30:40.176 INFORMACIÓN [http-nio-8084-exec-48] org.apache.jasper.servlet.TldScanner.scanJars Al menos un JAR, que se ha explorado buscando TLDs, aún no contenía TLDs. Activar historial de depuración para este historiador para una completa lista de los JARs que fueron explorados y de los que nos se halló TLDs. Saltarse JARs no necesarios durante la exploración puede dar lugar a una mejora de tiempo significativa en el arranque y compilación de JSP .
12-Jan-2021 12:30:40.182 INFORMACIÓN [http-nio-8084-exec-48] org.apache.catalina.startup.HostConfig.deployDescriptor Deployment of deployment descriptor [/home/pabpan/Repositorio_Netbeans/NetBeansProjects/apache-tomcat-9.0.41/conf/Catalina/localhost/SuperComprinJPA.xml] has finished in [1.019] ms
12-Jan-2021 12:30:40.205 INFORMACIÓN [http-nio-8084-exec-43] org.apache.catalina.util.LifecycleBase.start The start() method was called on component [StandardEngine[Catalina].StandardHost[localhost].StandardContext[/SuperComprinJPA]] after start() had already been called. The second call will be ignored.
12-Jan-2021 12:33:03.964 ADVERTENCIA [http-nio-8084-exec-54] org.apache.catalina.loader.WebappClassLoaderBase.clearReferencesJdbc La aplicación web [SuperComprinJPA] registró el conductor JDBC [com.mysql.cj.jdbc.Driver] pero falló al anular el registro mientras la aplicación web estaba parada. Para prevenir un fallo de memoria, se ha anulado el registro del conductor JDBC por la fuerza.
12-Jan-2021 12:33:03.967 ADVERTENCIA [http-nio-8084-exec-54] org.apache.catalina.loader.WebappClassLoaderBase.clearReferencesThreads The web application [SuperComprinJPA] appears to have started a thread named [mysql-cj-abandoned-connection-cleanup] but has failed to stop it. This is very likely to create a memory leak. Stack trace of thread:
 java.base@11.0.9.1/java.lang.Object.wait(Native Method)
 java.base@11.0.9.1/java.lang.ref.ReferenceQueue.remove(ReferenceQueue.java:155)
 com.mysql.cj.jdbc.AbandonedConnectionCleanupThread.run(AbandonedConnectionCleanupThread.java:85)
 java.base@11.0.9.1/java.util.concurrent.ThreadPoolExecutor.runWorker(ThreadPoolExecutor.java:1128)
 java.base@11.0.9.1/java.util.concurrent.ThreadPoolExecutor$Worker.run(ThreadPoolExecutor.java:628)
 java.base@11.0.9.1/java.lang.Thread.run(Thread.java:834)
12-Jan-2021 12:33:04.472 INFORMACIÓN [http-nio-8084-exec-54] org.apache.catalina.startup.HostConfig.undeploy Repliegue (undeploy) de la aplicación web que tiene como trayectoria de contexto [/SuperComprinJPA]
12-Jan-2021 12:33:04.496 INFORMACIÓN [http-nio-8084-exec-55] org.apache.catalina.startup.HostConfig.deployDescriptor Desplieque del descriptor de configuración [/home/pabpan/Repositorio_Netbeans/NetBeansProjects/apache-tomcat-9.0.41/conf/Catalina/localhost/SuperComprinJPA.xml]
12-Jan-2021 12:33:04.497 ADVERTENCIA [http-nio-8084-exec-55] org.apache.catalina.startup.HostConfig.deployDescriptor The path attribute with value [/SuperComprinJPA] in deployment descriptor [/home/pabpan/Repositorio_Netbeans/NetBeansProjects/apache-tomcat-9.0.41/conf/Catalina/localhost/SuperComprinJPA.xml] has been ignored
12-Jan-2021 12:33:04.642 INFORMACIÓN [mysql-cj-abandoned-connection-cleanup] org.apache.catalina.loader.WebappClassLoaderBase.checkStateForResourceLoading Acceso ilegal: esta instancia de aplicación web ya ha sido parada.  Could not load [].  La eventual traza de pila que sigue ha sido motivada por un error lanzado con motivos de depuración así como para intentar terminar el hilo que motivó el acceso ilegal y no tiene impacto funcional.
	java.lang.IllegalStateException: Acceso ilegal: esta instancia de aplicación web ya ha sido parada.  Could not load [].  La eventual traza de pila que sigue ha sido motivada por un error lanzado con motivos de depuración así como para intentar terminar el hilo que motivó el acceso ilegal y no tiene impacto funcional.
		at org.apache.catalina.loader.WebappClassLoaderBase.checkStateForResourceLoading(WebappClassLoaderBase.java:1385)
		at org.apache.catalina.loader.WebappClassLoaderBase.getResource(WebappClassLoaderBase.java:1038)
		at com.mysql.cj.jdbc.AbandonedConnectionCleanupThread.checkThreadContextClassLoader(AbandonedConnectionCleanupThread.java:117)
		at com.mysql.cj.jdbc.AbandonedConnectionCleanupThread.run(AbandonedConnectionCleanupThread.java:84)
		at java.base/java.util.concurrent.ThreadPoolExecutor.runWorker(ThreadPoolExecutor.java:1128)
		at java.base/java.util.concurrent.ThreadPoolExecutor$Worker.run(ThreadPoolExecutor.java:628)
		at java.base/java.lang.Thread.run(Thread.java:834)
12-Jan-2021 12:33:05.326 INFORMACIÓN [http-nio-8084-exec-55] org.apache.jasper.servlet.TldScanner.scanJars Al menos un JAR, que se ha explorado buscando TLDs, aún no contenía TLDs. Activar historial de depuración para este historiador para una completa lista de los JARs que fueron explorados y de los que nos se halló TLDs. Saltarse JARs no necesarios durante la exploración puede dar lugar a una mejora de tiempo significativa en el arranque y compilación de JSP .
12-Jan-2021 12:33:05.332 INFORMACIÓN [http-nio-8084-exec-55] org.apache.catalina.startup.HostConfig.deployDescriptor Deployment of deployment descriptor [/home/pabpan/Repositorio_Netbeans/NetBeansProjects/apache-tomcat-9.0.41/conf/Catalina/localhost/SuperComprinJPA.xml] has finished in [836] ms
12-Jan-2021 12:33:05.360 INFORMACIÓN [http-nio-8084-exec-47] org.apache.catalina.util.LifecycleBase.start The start() method was called on component [StandardEngine[Catalina].StandardHost[localhost].StandardContext[/SuperComprinJPA]] after start() had already been called. The second call will be ignored.
12-Jan-2021 12:33:06.127 INFORMACIÓN [http-nio-8084-exec-62] org.apache.catalina.startup.HostConfig.undeploy Repliegue (undeploy) de la aplicación web que tiene como trayectoria de contexto [/SuperComprinJPA]
12-Jan-2021 12:33:06.154 INFORMACIÓN [http-nio-8084-exec-53] org.apache.catalina.startup.HostConfig.deployDescriptor Desplieque del descriptor de configuración [/home/pabpan/Repositorio_Netbeans/NetBeansProjects/apache-tomcat-9.0.41/conf/Catalina/localhost/SuperComprinJPA.xml]
12-Jan-2021 12:33:06.155 ADVERTENCIA [http-nio-8084-exec-53] org.apache.catalina.startup.HostConfig.deployDescriptor The path attribute with value [/SuperComprinJPA] in deployment descriptor [/home/pabpan/Repositorio_Netbeans/NetBeansProjects/apache-tomcat-9.0.41/conf/Catalina/localhost/SuperComprinJPA.xml] has been ignored
12-Jan-2021 12:33:07.144 INFORMACIÓN [http-nio-8084-exec-53] org.apache.jasper.servlet.TldScanner.scanJars Al menos un JAR, que se ha explorado buscando TLDs, aún no contenía TLDs. Activar historial de depuración para este historiador para una completa lista de los JARs que fueron explorados y de los que nos se halló TLDs. Saltarse JARs no necesarios durante la exploración puede dar lugar a una mejora de tiempo significativa en el arranque y compilación de JSP .
12-Jan-2021 12:33:07.152 INFORMACIÓN [http-nio-8084-exec-53] org.apache.catalina.startup.HostConfig.deployDescriptor Deployment of deployment descriptor [/home/pabpan/Repositorio_Netbeans/NetBeansProjects/apache-tomcat-9.0.41/conf/Catalina/localhost/SuperComprinJPA.xml] has finished in [998] ms
12-Jan-2021 12:33:07.199 INFORMACIÓN [http-nio-8084-exec-56] org.apache.catalina.util.LifecycleBase.start The start() method was called on component [StandardEngine[Catalina].StandardHost[localhost].StandardContext[/SuperComprinJPA]] after start() had already been called. The second call will be ignored.
12-Jan-2021 12:34:03.501 ADVERTENCIA [http-nio-8084-exec-65] org.apache.catalina.loader.WebappClassLoaderBase.clearReferencesJdbc La aplicación web [SuperComprinJPA] registró el conductor JDBC [com.mysql.cj.jdbc.Driver] pero falló al anular el registro mientras la aplicación web estaba parada. Para prevenir un fallo de memoria, se ha anulado el registro del conductor JDBC por la fuerza.
12-Jan-2021 12:34:03.503 ADVERTENCIA [http-nio-8084-exec-65] org.apache.catalina.loader.WebappClassLoaderBase.clearReferencesThreads The web application [SuperComprinJPA] appears to have started a thread named [mysql-cj-abandoned-connection-cleanup] but has failed to stop it. This is very likely to create a memory leak. Stack trace of thread:
 java.base@11.0.9.1/java.lang.Object.wait(Native Method)
 java.base@11.0.9.1/java.lang.ref.ReferenceQueue.remove(ReferenceQueue.java:155)
 com.mysql.cj.jdbc.AbandonedConnectionCleanupThread.run(AbandonedConnectionCleanupThread.java:85)
 java.base@11.0.9.1/java.util.concurrent.ThreadPoolExecutor.runWorker(ThreadPoolExecutor.java:1128)
 java.base@11.0.9.1/java.util.concurrent.ThreadPoolExecutor$Worker.run(ThreadPoolExecutor.java:628)
 java.base@11.0.9.1/java.lang.Thread.run(Thread.java:834)
12-Jan-2021 12:34:04.012 INFORMACIÓN [http-nio-8084-exec-65] org.apache.catalina.startup.HostConfig.undeploy Repliegue (undeploy) de la aplicación web que tiene como trayectoria de contexto [/SuperComprinJPA]
12-Jan-2021 12:34:04.052 INFORMACIÓN [http-nio-8084-exec-66] org.apache.catalina.startup.HostConfig.deployDescriptor Desplieque del descriptor de configuración [/home/pabpan/Repositorio_Netbeans/NetBeansProjects/apache-tomcat-9.0.41/conf/Catalina/localhost/SuperComprinJPA.xml]
12-Jan-2021 12:34:04.053 ADVERTENCIA [http-nio-8084-exec-66] org.apache.catalina.startup.HostConfig.deployDescriptor The path attribute with value [/SuperComprinJPA] in deployment descriptor [/home/pabpan/Repositorio_Netbeans/NetBeansProjects/apache-tomcat-9.0.41/conf/Catalina/localhost/SuperComprinJPA.xml] has been ignored
12-Jan-2021 12:34:04.923 INFORMACIÓN [http-nio-8084-exec-66] org.apache.jasper.servlet.TldScanner.scanJars Al menos un JAR, que se ha explorado buscando TLDs, aún no contenía TLDs. Activar historial de depuración para este historiador para una completa lista de los JARs que fueron explorados y de los que nos se halló TLDs. Saltarse JARs no necesarios durante la exploración puede dar lugar a una mejora de tiempo significativa en el arranque y compilación de JSP .
12-Jan-2021 12:34:04.930 INFORMACIÓN [http-nio-8084-exec-66] org.apache.catalina.startup.HostConfig.deployDescriptor Deployment of deployment descriptor [/home/pabpan/Repositorio_Netbeans/NetBeansProjects/apache-tomcat-9.0.41/conf/Catalina/localhost/SuperComprinJPA.xml] has finished in [878] ms
12-Jan-2021 12:34:04.954 INFORMACIÓN [http-nio-8084-exec-67] org.apache.catalina.util.LifecycleBase.start The start() method was called on component [StandardEngine[Catalina].StandardHost[localhost].StandardContext[/SuperComprinJPA]] after start() had already been called. The second call will be ignored.
12-Jan-2021 12:34:05.716 INFORMACIÓN [http-nio-8084-exec-47] org.apache.catalina.startup.HostConfig.undeploy Repliegue (undeploy) de la aplicación web que tiene como trayectoria de contexto [/SuperComprinJPA]
12-Jan-2021 12:34:05.772 INFORMACIÓN [http-nio-8084-exec-60] org.apache.catalina.startup.HostConfig.deployDescriptor Desplieque del descriptor de configuración [/home/pabpan/Repositorio_Netbeans/NetBeansProjects/apache-tomcat-9.0.41/conf/Catalina/localhost/SuperComprinJPA.xml]
12-Jan-2021 12:34:05.776 ADVERTENCIA [http-nio-8084-exec-60] org.apache.catalina.startup.HostConfig.deployDescriptor The path attribute with value [/SuperComprinJPA] in deployment descriptor [/home/pabpan/Repositorio_Netbeans/NetBeansProjects/apache-tomcat-9.0.41/conf/Catalina/localhost/SuperComprinJPA.xml] has been ignored
12-Jan-2021 12:34:06.882 INFORMACIÓN [http-nio-8084-exec-60] org.apache.jasper.servlet.TldScanner.scanJars Al menos un JAR, que se ha explorado buscando TLDs, aún no contenía TLDs. Activar historial de depuración para este historiador para una completa lista de los JARs que fueron explorados y de los que nos se halló TLDs. Saltarse JARs no necesarios durante la exploración puede dar lugar a una mejora de tiempo significativa en el arranque y compilación de JSP .
12-Jan-2021 12:34:06.890 INFORMACIÓN [http-nio-8084-exec-60] org.apache.catalina.startup.HostConfig.deployDescriptor Deployment of deployment descriptor [/home/pabpan/Repositorio_Netbeans/NetBeansProjects/apache-tomcat-9.0.41/conf/Catalina/localhost/SuperComprinJPA.xml] has finished in [1.118] ms
12-Jan-2021 12:34:06.919 INFORMACIÓN [http-nio-8084-exec-64] org.apache.catalina.util.LifecycleBase.start The start() method was called on component [StandardEngine[Catalina].StandardHost[localhost].StandardContext[/SuperComprinJPA]] after start() had already been called. The second call will be ignored.
12-Jan-2021 12:34:07.226 INFORMACIÓN [274] org.apache.catalina.loader.WebappClassLoaderBase.checkStateForResourceLoading Acceso ilegal: esta instancia de aplicación web ya ha sido parada.  Could not load [].  La eventual traza de pila que sigue ha sido motivada por un error lanzado con motivos de depuración así como para intentar terminar el hilo que motivó el acceso ilegal y no tiene impacto funcional.
	java.lang.IllegalStateException: Acceso ilegal: esta instancia de aplicación web ya ha sido parada.  Could not load [].  La eventual traza de pila que sigue ha sido motivada por un error lanzado con motivos de depuración así como para intentar terminar el hilo que motivó el acceso ilegal y no tiene impacto funcional.
		at org.apache.catalina.loader.WebappClassLoaderBase.checkStateForResourceLoading(WebappClassLoaderBase.java:1385)
		at org.apache.catalina.loader.WebappClassLoaderBase.getResource(WebappClassLoaderBase.java:1038)
		at com.mysql.cj.jdbc.AbandonedConnectionCleanupThread.checkThreadContextClassLoader(AbandonedConnectionCleanupThread.java:117)
		at com.mysql.cj.jdbc.AbandonedConnectionCleanupThread.run(AbandonedConnectionCleanupThread.java:84)
		at java.base/java.util.concurrent.ThreadPoolExecutor.runWorker(ThreadPoolExecutor.java:1128)
		at java.base/java.util.concurrent.ThreadPoolExecutor$Worker.run(ThreadPoolExecutor.java:628)
		at java.base/java.lang.Thread.run(Thread.java:834)
12-Jan-2021 13:10:04.839 ADVERTENCIA [http-nio-8084-exec-69] org.apache.catalina.loader.WebappClassLoaderBase.clearReferencesJdbc La aplicación web [SuperComprinJPA] registró el conductor JDBC [com.mysql.cj.jdbc.Driver] pero falló al anular el registro mientras la aplicación web estaba parada. Para prevenir un fallo de memoria, se ha anulado el registro del conductor JDBC por la fuerza.
12-Jan-2021 13:10:04.840 ADVERTENCIA [http-nio-8084-exec-69] org.apache.catalina.loader.WebappClassLoaderBase.clearReferencesThreads The web application [SuperComprinJPA] appears to have started a thread named [mysql-cj-abandoned-connection-cleanup] but has failed to stop it. This is very likely to create a memory leak. Stack trace of thread:
 java.base@11.0.9.1/java.lang.Object.wait(Native Method)
 java.base@11.0.9.1/java.lang.ref.ReferenceQueue.remove(ReferenceQueue.java:155)
 com.mysql.cj.jdbc.AbandonedConnectionCleanupThread.run(AbandonedConnectionCleanupThread.java:85)
 java.base@11.0.9.1/java.util.concurrent.ThreadPoolExecutor.runWorker(ThreadPoolExecutor.java:1128)
 java.base@11.0.9.1/java.util.concurrent.ThreadPoolExecutor$Worker.run(ThreadPoolExecutor.java:628)
 java.base@11.0.9.1/java.lang.Thread.run(Thread.java:834)
12-Jan-2021 13:10:05.155 INFORMACIÓN [mysql-cj-abandoned-connection-cleanup] org.apache.catalina.loader.WebappClassLoaderBase.checkStateForResourceLoading Acceso ilegal: esta instancia de aplicación web ya ha sido parada.  Could not load [].  La eventual traza de pila que sigue ha sido motivada por un error lanzado con motivos de depuración así como para intentar terminar el hilo que motivó el acceso ilegal y no tiene impacto funcional.
	java.lang.IllegalStateException: Acceso ilegal: esta instancia de aplicación web ya ha sido parada.  Could not load [].  La eventual traza de pila que sigue ha sido motivada por un error lanzado con motivos de depuración así como para intentar terminar el hilo que motivó el acceso ilegal y no tiene impacto funcional.
		at org.apache.catalina.loader.WebappClassLoaderBase.checkStateForResourceLoading(WebappClassLoaderBase.java:1385)
		at org.apache.catalina.loader.WebappClassLoaderBase.getResource(WebappClassLoaderBase.java:1038)
		at com.mysql.cj.jdbc.AbandonedConnectionCleanupThread.checkThreadContextClassLoader(AbandonedConnectionCleanupThread.java:117)
		at com.mysql.cj.jdbc.AbandonedConnectionCleanupThread.run(AbandonedConnectionCleanupThread.java:84)
		at java.base/java.util.concurrent.ThreadPoolExecutor.runWorker(ThreadPoolExecutor.java:1128)
		at java.base/java.util.concurrent.ThreadPoolExecutor$Worker.run(ThreadPoolExecutor.java:628)
		at java.base/java.lang.Thread.run(Thread.java:834)
12-Jan-2021 13:10:05.344 INFORMACIÓN [http-nio-8084-exec-69] org.apache.catalina.startup.HostConfig.undeploy Repliegue (undeploy) de la aplicación web que tiene como trayectoria de contexto [/SuperComprinJPA]
12-Jan-2021 13:10:05.394 INFORMACIÓN [http-nio-8084-exec-74] org.apache.catalina.startup.HostConfig.deployDescriptor Desplieque del descriptor de configuración [/home/pabpan/Repositorio_Netbeans/NetBeansProjects/apache-tomcat-9.0.41/conf/Catalina/localhost/SuperComprinJPA.xml]
12-Jan-2021 13:10:05.395 ADVERTENCIA [http-nio-8084-exec-74] org.apache.catalina.startup.HostConfig.deployDescriptor The path attribute with value [/SuperComprinJPA] in deployment descriptor [/home/pabpan/Repositorio_Netbeans/NetBeansProjects/apache-tomcat-9.0.41/conf/Catalina/localhost/SuperComprinJPA.xml] has been ignored
12-Jan-2021 13:10:06.431 INFORMACIÓN [http-nio-8084-exec-74] org.apache.jasper.servlet.TldScanner.scanJars Al menos un JAR, que se ha explorado buscando TLDs, aún no contenía TLDs. Activar historial de depuración para este historiador para una completa lista de los JARs que fueron explorados y de los que nos se halló TLDs. Saltarse JARs no necesarios durante la exploración puede dar lugar a una mejora de tiempo significativa en el arranque y compilación de JSP .
12-Jan-2021 13:10:06.439 INFORMACIÓN [http-nio-8084-exec-74] org.apache.catalina.startup.HostConfig.deployDescriptor Deployment of deployment descriptor [/home/pabpan/Repositorio_Netbeans/NetBeansProjects/apache-tomcat-9.0.41/conf/Catalina/localhost/SuperComprinJPA.xml] has finished in [1.044] ms
12-Jan-2021 13:10:06.478 INFORMACIÓN [http-nio-8084-exec-76] org.apache.catalina.util.LifecycleBase.start The start() method was called on component [StandardEngine[Catalina].StandardHost[localhost].StandardContext[/SuperComprinJPA]] after start() had already been called. The second call will be ignored.
12-Jan-2021 13:10:07.308 INFORMACIÓN [http-nio-8084-exec-70] org.apache.catalina.startup.HostConfig.undeploy Repliegue (undeploy) de la aplicación web que tiene como trayectoria de contexto [/SuperComprinJPA]
12-Jan-2021 13:10:07.332 INFORMACIÓN [http-nio-8084-exec-75] org.apache.catalina.startup.HostConfig.deployDescriptor Desplieque del descriptor de configuración [/home/pabpan/Repositorio_Netbeans/NetBeansProjects/apache-tomcat-9.0.41/conf/Catalina/localhost/SuperComprinJPA.xml]
12-Jan-2021 13:10:07.333 ADVERTENCIA [http-nio-8084-exec-75] org.apache.catalina.startup.HostConfig.deployDescriptor The path attribute with value [/SuperComprinJPA] in deployment descriptor [/home/pabpan/Repositorio_Netbeans/NetBeansProjects/apache-tomcat-9.0.41/conf/Catalina/localhost/SuperComprinJPA.xml] has been ignored
12-Jan-2021 13:10:08.717 INFORMACIÓN [http-nio-8084-exec-75] org.apache.jasper.servlet.TldScanner.scanJars Al menos un JAR, que se ha explorado buscando TLDs, aún no contenía TLDs. Activar historial de depuración para este historiador para una completa lista de los JARs que fueron explorados y de los que nos se halló TLDs. Saltarse JARs no necesarios durante la exploración puede dar lugar a una mejora de tiempo significativa en el arranque y compilación de JSP .
12-Jan-2021 13:10:08.740 INFORMACIÓN [http-nio-8084-exec-75] org.apache.catalina.startup.HostConfig.deployDescriptor Deployment of deployment descriptor [/home/pabpan/Repositorio_Netbeans/NetBeansProjects/apache-tomcat-9.0.41/conf/Catalina/localhost/SuperComprinJPA.xml] has finished in [1.407] ms
12-Jan-2021 13:10:08.789 INFORMACIÓN [http-nio-8084-exec-78] org.apache.catalina.util.LifecycleBase.start The start() method was called on component [StandardEngine[Catalina].StandardHost[localhost].StandardContext[/SuperComprinJPA]] after start() had already been called. The second call will be ignored.
12-Jan-2021 13:37:29.840 INFORMACIÓN [main] org.apache.catalina.core.StandardServer.await Se ha recibido un comando de apagado a través del puerto de apagado. Parando la instancia del Servidor.
12-Jan-2021 13:37:29.841 INFORMACIÓN [main] org.apache.coyote.AbstractProtocol.pause Pausing ProtocolHandler ["http-nio-8084"]
12-Jan-2021 13:37:29.848 INFORMACIÓN [main] org.apache.catalina.core.StandardService.stopInternal Parando servicio [Catalina]
12-Jan-2021 13:37:29.879 ADVERTENCIA [main] org.apache.catalina.loader.WebappClassLoaderBase.clearReferencesThreads The web application [AgendaWebJPA] appears to have started a thread named [mysql-cj-abandoned-connection-cleanup] but has failed to stop it. This is very likely to create a memory leak. Stack trace of thread:
 java.base@11.0.9.1/java.lang.Object.wait(Native Method)
 java.base@11.0.9.1/java.lang.ref.ReferenceQueue.remove(ReferenceQueue.java:155)
 com.mysql.cj.jdbc.AbandonedConnectionCleanupThread.run(AbandonedConnectionCleanupThread.java:85)
 java.base@11.0.9.1/java.util.concurrent.ThreadPoolExecutor.runWorker(ThreadPoolExecutor.java:1128)
 java.base@11.0.9.1/java.util.concurrent.ThreadPoolExecutor$Worker.run(ThreadPoolExecutor.java:628)
 java.base@11.0.9.1/java.lang.Thread.run(Thread.java:834)
12-Jan-2021 13:37:29.899 ADVERTENCIA [main] org.apache.catalina.loader.WebappClassLoaderBase.clearReferencesJdbc La aplicación web [SuperComprinJPA] registró el conductor JDBC [com.mysql.cj.jdbc.Driver] pero falló al anular el registro mientras la aplicación web estaba parada. Para prevenir un fallo de memoria, se ha anulado el registro del conductor JDBC por la fuerza.
12-Jan-2021 13:37:29.900 ADVERTENCIA [main] org.apache.catalina.loader.WebappClassLoaderBase.clearReferencesThreads The web application [SuperComprinJPA] appears to have started a thread named [mysql-cj-abandoned-connection-cleanup] but has failed to stop it. This is very likely to create a memory leak. Stack trace of thread:
 java.base@11.0.9.1/java.lang.Object.wait(Native Method)
 java.base@11.0.9.1/java.lang.ref.ReferenceQueue.remove(ReferenceQueue.java:155)
 com.mysql.cj.jdbc.AbandonedConnectionCleanupThread.run(AbandonedConnectionCleanupThread.java:85)
 java.base@11.0.9.1/java.util.concurrent.ThreadPoolExecutor.runWorker(ThreadPoolExecutor.java:1128)
 java.base@11.0.9.1/java.util.concurrent.ThreadPoolExecutor$Worker.run(ThreadPoolExecutor.java:628)
 java.base@11.0.9.1/java.lang.Thread.run(Thread.java:834)
12-Jan-2021 13:37:29.917 INFORMACIÓN [main] org.apache.coyote.AbstractProtocol.stop Stopping ProtocolHandler ["http-nio-8084"]
12-Jan-2021 13:37:29.946 INFORMACIÓN [main] org.apache.coyote.AbstractProtocol.destroy Destroying ProtocolHandler ["http-nio-8084"]
