14-Jan-2021 09:51:31.604 INFORMACIÓN [main] org.apache.catalina.startup.VersionLoggerListener.log Nombre de la versión del servidor: Apache Tomcat/9.0.41
14-Jan-2021 09:51:31.620 INFORMACIÓN [main] org.apache.catalina.startup.VersionLoggerListener.log Server built:                      Dec 3 2020 11:43:00 UTC
14-Jan-2021 09:51:31.621 INFORMACIÓN [main] org.apache.catalina.startup.VersionLoggerListener.log Número de versión de servidor:     9.0.41.0
14-Jan-2021 09:51:31.622 INFORMACIÓN [main] org.apache.catalina.startup.VersionLoggerListener.log OS Name:                           Linux
14-Jan-2021 09:51:31.622 INFORMACIÓN [main] org.apache.catalina.startup.VersionLoggerListener.log Versión de Systema Operativo:      5.8.0-36-generic
14-Jan-2021 09:51:31.622 INFORMACIÓN [main] org.apache.catalina.startup.VersionLoggerListener.log Arquitectura:                      amd64
14-Jan-2021 09:51:31.623 INFORMACIÓN [main] org.apache.catalina.startup.VersionLoggerListener.log Java Home:                         /usr/lib/jvm/java-11-openjdk-amd64
14-Jan-2021 09:51:31.623 INFORMACIÓN [main] org.apache.catalina.startup.VersionLoggerListener.log JVM Version:                       11.0.9.1+1-Ubuntu-0ubuntu1.20.04
14-Jan-2021 09:51:31.623 INFORMACIÓN [main] org.apache.catalina.startup.VersionLoggerListener.log Vededor JVM:                       Ubuntu
14-Jan-2021 09:51:31.624 INFORMACIÓN [main] org.apache.catalina.startup.VersionLoggerListener.log CATALINA_BASE:                     /home/pabpan/Repositorio_Netbeans/NetBeansProjects/apache-tomcat-9.0.41
14-Jan-2021 09:51:31.624 INFORMACIÓN [main] org.apache.catalina.startup.VersionLoggerListener.log CATALINA_HOME:                     /home/pabpan/Repositorio_Netbeans/NetBeansProjects/apache-tomcat-9.0.41
14-Jan-2021 09:51:31.652 INFORMACIÓN [main] org.apache.catalina.startup.VersionLoggerListener.log Command line argument:             --add-opens=java.base/java.lang=ALL-UNNAMED
14-Jan-2021 09:51:31.654 INFORMACIÓN [main] org.apache.catalina.startup.VersionLoggerListener.log Command line argument:             --add-opens=java.base/java.io=ALL-UNNAMED
14-Jan-2021 09:51:31.654 INFORMACIÓN [main] org.apache.catalina.startup.VersionLoggerListener.log Command line argument:             --add-opens=java.rmi/sun.rmi.transport=ALL-UNNAMED
14-Jan-2021 09:51:31.654 INFORMACIÓN [main] org.apache.catalina.startup.VersionLoggerListener.log Command line argument:             -Djava.util.logging.config.file=/home/pabpan/Repositorio_Netbeans/NetBeansProjects/apache-tomcat-9.0.41/conf/logging.properties
14-Jan-2021 09:51:31.654 INFORMACIÓN [main] org.apache.catalina.startup.VersionLoggerListener.log Command line argument:             -Djava.util.logging.manager=org.apache.juli.ClassLoaderLogManager
14-Jan-2021 09:51:31.656 INFORMACIÓN [main] org.apache.catalina.startup.VersionLoggerListener.log Command line argument:             -Dhttp.nonProxyHosts=localhost|127.0.0.1|PORTATIL-PABLO
14-Jan-2021 09:51:31.657 INFORMACIÓN [main] org.apache.catalina.startup.VersionLoggerListener.log Command line argument:             -Djdk.tls.ephemeralDHKeySize=2048
14-Jan-2021 09:51:31.660 INFORMACIÓN [main] org.apache.catalina.startup.VersionLoggerListener.log Command line argument:             -Djava.protocol.handler.pkgs=org.apache.catalina.webresources
14-Jan-2021 09:51:31.661 INFORMACIÓN [main] org.apache.catalina.startup.VersionLoggerListener.log Command line argument:             -Dorg.apache.catalina.security.SecurityListener.UMASK=0027
14-Jan-2021 09:51:31.661 INFORMACIÓN [main] org.apache.catalina.startup.VersionLoggerListener.log Command line argument:             -Dignore.endorsed.dirs=
14-Jan-2021 09:51:31.662 INFORMACIÓN [main] org.apache.catalina.startup.VersionLoggerListener.log Command line argument:             -Dcatalina.base=/home/pabpan/Repositorio_Netbeans/NetBeansProjects/apache-tomcat-9.0.41
14-Jan-2021 09:51:31.662 INFORMACIÓN [main] org.apache.catalina.startup.VersionLoggerListener.log Command line argument:             -Dcatalina.home=/home/pabpan/Repositorio_Netbeans/NetBeansProjects/apache-tomcat-9.0.41
14-Jan-2021 09:51:31.662 INFORMACIÓN [main] org.apache.catalina.startup.VersionLoggerListener.log Command line argument:             -Djava.io.tmpdir=/home/pabpan/Repositorio_Netbeans/NetBeansProjects/apache-tomcat-9.0.41/temp
14-Jan-2021 09:51:31.665 INFORMACIÓN [main] org.apache.catalina.core.AprLifecycleListener.lifecycleEvent La biblioteca nativa de Apache Tomcat basada en ARP que permite un rendimiento óptimo en entornos de desarrollo no ha sido hallada en java.library.path: [/usr/java/packages/lib:/usr/lib/x86_64-linux-gnu/jni:/lib/x86_64-linux-gnu:/usr/lib/x86_64-linux-gnu:/usr/lib/jni:/lib:/usr/lib]
14-Jan-2021 09:51:32.484 INFORMACIÓN [main] org.apache.coyote.AbstractProtocol.init Inicializando el manejador de protocolo ["http-nio-8084"]

14-Jan-2021 09:51:32.581 INFORMACIÓN [main] org.apache.catalina.startup.Catalina.load Server initialization in [1737] milliseconds
14-Jan-2021 09:51:32.792 INFORMACIÓN [main] org.apache.catalina.core.StandardService.startInternal Arrancando servicio [Catalina]
14-Jan-2021 09:51:32.793 INFORMACIÓN [main] org.apache.catalina.core.StandardEngine.startInternal Starting Servlet engine: [Apache Tomcat/9.0.41]
14-Jan-2021 09:51:32.810 INFORMACIÓN [main] org.apache.catalina.startup.HostConfig.deployDescriptor Desplieque del descriptor de configuración [/home/pabpan/Repositorio_Netbeans/NetBeansProjects/apache-tomcat-9.0.41/conf/Catalina/localhost/SuperComprinJPA.xml]
14-Jan-2021 09:51:32.846 ADVERTENCIA [main] org.apache.catalina.startup.HostConfig.deployDescriptor The path attribute with value [/SuperComprinJPA] in deployment descriptor [/home/pabpan/Repositorio_Netbeans/NetBeansProjects/apache-tomcat-9.0.41/conf/Catalina/localhost/SuperComprinJPA.xml] has been ignored
14-Jan-2021 09:51:35.516 INFORMACIÓN [main] org.apache.jasper.servlet.TldScanner.scanJars Al menos un JAR, que se ha explorado buscando TLDs, aún no contenía TLDs. Activar historial de depuración para este historiador para una completa lista de los JARs que fueron explorados y de los que nos se halló TLDs. Saltarse JARs no necesarios durante la exploración puede dar lugar a una mejora de tiempo significativa en el arranque y compilación de JSP .
14-Jan-2021 09:51:35.607 INFORMACIÓN [main] org.apache.catalina.startup.HostConfig.deployDescriptor Deployment of deployment descriptor [/home/pabpan/Repositorio_Netbeans/NetBeansProjects/apache-tomcat-9.0.41/conf/Catalina/localhost/SuperComprinJPA.xml] has finished in [2.793] ms
14-Jan-2021 09:51:35.607 INFORMACIÓN [main] org.apache.catalina.startup.HostConfig.deployDescriptor Desplieque del descriptor de configuración [/home/pabpan/Repositorio_Netbeans/NetBeansProjects/apache-tomcat-9.0.41/conf/Catalina/localhost/AgendaWebJPA.xml]
14-Jan-2021 09:51:35.609 ADVERTENCIA [main] org.apache.catalina.startup.HostConfig.deployDescriptor The path attribute with value [/AgendaWebJPA] in deployment descriptor [/home/pabpan/Repositorio_Netbeans/NetBeansProjects/apache-tomcat-9.0.41/conf/Catalina/localhost/AgendaWebJPA.xml] has been ignored
14-Jan-2021 09:51:36.991 INFORMACIÓN [main] org.apache.jasper.servlet.TldScanner.scanJars Al menos un JAR, que se ha explorado buscando TLDs, aún no contenía TLDs. Activar historial de depuración para este historiador para una completa lista de los JARs que fueron explorados y de los que nos se halló TLDs. Saltarse JARs no necesarios durante la exploración puede dar lugar a una mejora de tiempo significativa en el arranque y compilación de JSP .
14-Jan-2021 09:51:37.014 INFORMACIÓN [main] org.apache.catalina.startup.HostConfig.deployDescriptor Deployment of deployment descriptor [/home/pabpan/Repositorio_Netbeans/NetBeansProjects/apache-tomcat-9.0.41/conf/Catalina/localhost/AgendaWebJPA.xml] has finished in [1.407] ms
14-Jan-2021 09:51:37.015 INFORMACIÓN [main] org.apache.catalina.startup.HostConfig.deployDirectory Desplegando el directorio [/home/pabpan/Repositorio_Netbeans/NetBeansProjects/apache-tomcat-9.0.41/webapps/docs] de la aplicación web
14-Jan-2021 09:51:37.111 INFORMACIÓN [main] org.apache.jasper.servlet.TldScanner.scanJars Al menos un JAR, que se ha explorado buscando TLDs, aún no contenía TLDs. Activar historial de depuración para este historiador para una completa lista de los JARs que fueron explorados y de los que nos se halló TLDs. Saltarse JARs no necesarios durante la exploración puede dar lugar a una mejora de tiempo significativa en el arranque y compilación de JSP .
14-Jan-2021 09:51:37.132 INFORMACIÓN [main] org.apache.catalina.startup.HostConfig.deployDirectory Deployment of web application directory [/home/pabpan/Repositorio_Netbeans/NetBeansProjects/apache-tomcat-9.0.41/webapps/docs] has finished in [117] ms
14-Jan-2021 09:51:37.133 INFORMACIÓN [main] org.apache.catalina.startup.HostConfig.deployDirectory Desplegando el directorio [/home/pabpan/Repositorio_Netbeans/NetBeansProjects/apache-tomcat-9.0.41/webapps/ROOT] de la aplicación web
14-Jan-2021 09:51:37.197 INFORMACIÓN [main] org.apache.jasper.servlet.TldScanner.scanJars Al menos un JAR, que se ha explorado buscando TLDs, aún no contenía TLDs. Activar historial de depuración para este historiador para una completa lista de los JARs que fueron explorados y de los que nos se halló TLDs. Saltarse JARs no necesarios durante la exploración puede dar lugar a una mejora de tiempo significativa en el arranque y compilación de JSP .
14-Jan-2021 09:51:37.200 INFORMACIÓN [main] org.apache.catalina.startup.HostConfig.deployDirectory Deployment of web application directory [/home/pabpan/Repositorio_Netbeans/NetBeansProjects/apache-tomcat-9.0.41/webapps/ROOT] has finished in [68] ms
14-Jan-2021 09:51:37.201 INFORMACIÓN [main] org.apache.catalina.startup.HostConfig.deployDirectory Desplegando el directorio [/home/pabpan/Repositorio_Netbeans/NetBeansProjects/apache-tomcat-9.0.41/webapps/host-manager] de la aplicación web
14-Jan-2021 09:51:37.293 INFORMACIÓN [main] org.apache.jasper.servlet.TldScanner.scanJars Al menos un JAR, que se ha explorado buscando TLDs, aún no contenía TLDs. Activar historial de depuración para este historiador para una completa lista de los JARs que fueron explorados y de los que nos se halló TLDs. Saltarse JARs no necesarios durante la exploración puede dar lugar a una mejora de tiempo significativa en el arranque y compilación de JSP .
14-Jan-2021 09:51:37.311 INFORMACIÓN [main] org.apache.catalina.startup.HostConfig.deployDirectory Deployment of web application directory [/home/pabpan/Repositorio_Netbeans/NetBeansProjects/apache-tomcat-9.0.41/webapps/host-manager] has finished in [110] ms
14-Jan-2021 09:51:37.312 INFORMACIÓN [main] org.apache.catalina.startup.HostConfig.deployDirectory Desplegando el directorio [/home/pabpan/Repositorio_Netbeans/NetBeansProjects/apache-tomcat-9.0.41/webapps/examples] de la aplicación web
14-Jan-2021 09:51:37.695 INFORMACIÓN [main] org.apache.jasper.servlet.TldScanner.scanJars Al menos un JAR, que se ha explorado buscando TLDs, aún no contenía TLDs. Activar historial de depuración para este historiador para una completa lista de los JARs que fueron explorados y de los que nos se halló TLDs. Saltarse JARs no necesarios durante la exploración puede dar lugar a una mejora de tiempo significativa en el arranque y compilación de JSP .
14-Jan-2021 09:51:37.728 INFORMACIÓN [main] org.apache.catalina.startup.HostConfig.deployDirectory Deployment of web application directory [/home/pabpan/Repositorio_Netbeans/NetBeansProjects/apache-tomcat-9.0.41/webapps/examples] has finished in [416] ms
14-Jan-2021 09:51:37.729 INFORMACIÓN [main] org.apache.catalina.startup.HostConfig.deployDirectory Desplegando el directorio [/home/pabpan/Repositorio_Netbeans/NetBeansProjects/apache-tomcat-9.0.41/webapps/manager] de la aplicación web
14-Jan-2021 09:51:37.832 INFORMACIÓN [main] org.apache.jasper.servlet.TldScanner.scanJars Al menos un JAR, que se ha explorado buscando TLDs, aún no contenía TLDs. Activar historial de depuración para este historiador para una completa lista de los JARs que fueron explorados y de los que nos se halló TLDs. Saltarse JARs no necesarios durante la exploración puede dar lugar a una mejora de tiempo significativa en el arranque y compilación de JSP .
14-Jan-2021 09:51:37.837 INFORMACIÓN [main] org.apache.catalina.startup.HostConfig.deployDirectory Deployment of web application directory [/home/pabpan/Repositorio_Netbeans/NetBeansProjects/apache-tomcat-9.0.41/webapps/manager] has finished in [108] ms
14-Jan-2021 09:51:37.850 INFORMACIÓN [main] org.apache.coyote.AbstractProtocol.start Starting ProtocolHandler ["http-nio-8084"]
14-Jan-2021 09:51:37.921 INFORMACIÓN [main] org.apache.catalina.startup.Catalina.start Server startup in [5339] milliseconds
14-Jan-2021 09:51:41.921 INFORMACIÓN [http-nio-8084-exec-3] org.apache.catalina.startup.HostConfig.undeploy Repliegue (undeploy) de la aplicación web que tiene como trayectoria de contexto [/SuperComprinJPA]
14-Jan-2021 09:51:41.999 INFORMACIÓN [http-nio-8084-exec-7] org.apache.catalina.startup.HostConfig.deployDescriptor Desplieque del descriptor de configuración [/home/pabpan/Repositorio_Netbeans/NetBeansProjects/apache-tomcat-9.0.41/conf/Catalina/localhost/SuperComprinJPA.xml]
14-Jan-2021 09:51:42.001 ADVERTENCIA [http-nio-8084-exec-7] org.apache.catalina.startup.HostConfig.deployDescriptor The path attribute with value [/SuperComprinJPA] in deployment descriptor [/home/pabpan/Repositorio_Netbeans/NetBeansProjects/apache-tomcat-9.0.41/conf/Catalina/localhost/SuperComprinJPA.xml] has been ignored
14-Jan-2021 09:51:43.126 INFORMACIÓN [http-nio-8084-exec-7] org.apache.jasper.servlet.TldScanner.scanJars Al menos un JAR, que se ha explorado buscando TLDs, aún no contenía TLDs. Activar historial de depuración para este historiador para una completa lista de los JARs que fueron explorados y de los que nos se halló TLDs. Saltarse JARs no necesarios durante la exploración puede dar lugar a una mejora de tiempo significativa en el arranque y compilación de JSP .
14-Jan-2021 09:51:43.139 INFORMACIÓN [http-nio-8084-exec-7] org.apache.catalina.startup.HostConfig.deployDescriptor Deployment of deployment descriptor [/home/pabpan/Repositorio_Netbeans/NetBeansProjects/apache-tomcat-9.0.41/conf/Catalina/localhost/SuperComprinJPA.xml] has finished in [1.140] ms
14-Jan-2021 09:51:43.190 INFORMACIÓN [http-nio-8084-exec-10] org.apache.catalina.util.LifecycleBase.start The start() method was called on component [StandardEngine[Catalina].StandardHost[localhost].StandardContext[/SuperComprinJPA]] after start() had already been called. The second call will be ignored.
14-Jan-2021 09:51:44.807 INFORMACIÓN [http-nio-8084-exec-11] org.apache.catalina.startup.HostConfig.undeploy Repliegue (undeploy) de la aplicación web que tiene como trayectoria de contexto [/SuperComprinJPA]
14-Jan-2021 09:51:44.854 INFORMACIÓN [http-nio-8084-exec-6] org.apache.catalina.startup.HostConfig.deployDescriptor Desplieque del descriptor de configuración [/home/pabpan/Repositorio_Netbeans/NetBeansProjects/apache-tomcat-9.0.41/conf/Catalina/localhost/SuperComprinJPA.xml]
14-Jan-2021 09:51:44.857 ADVERTENCIA [http-nio-8084-exec-6] org.apache.catalina.startup.HostConfig.deployDescriptor The path attribute with value [/SuperComprinJPA] in deployment descriptor [/home/pabpan/Repositorio_Netbeans/NetBeansProjects/apache-tomcat-9.0.41/conf/Catalina/localhost/SuperComprinJPA.xml] has been ignored
14-Jan-2021 09:51:46.557 INFORMACIÓN [http-nio-8084-exec-6] org.apache.jasper.servlet.TldScanner.scanJars Al menos un JAR, que se ha explorado buscando TLDs, aún no contenía TLDs. Activar historial de depuración para este historiador para una completa lista de los JARs que fueron explorados y de los que nos se halló TLDs. Saltarse JARs no necesarios durante la exploración puede dar lugar a una mejora de tiempo significativa en el arranque y compilación de JSP .
14-Jan-2021 09:51:46.607 INFORMACIÓN [http-nio-8084-exec-6] org.apache.catalina.startup.HostConfig.deployDescriptor Deployment of deployment descriptor [/home/pabpan/Repositorio_Netbeans/NetBeansProjects/apache-tomcat-9.0.41/conf/Catalina/localhost/SuperComprinJPA.xml] has finished in [1.753] ms
14-Jan-2021 09:51:46.695 INFORMACIÓN [http-nio-8084-exec-13] org.apache.catalina.util.LifecycleBase.start The start() method was called on component [StandardEngine[Catalina].StandardHost[localhost].StandardContext[/SuperComprinJPA]] after start() had already been called. The second call will be ignored.
14-Jan-2021 13:56:31.296 INFORMACIÓN [main] org.apache.catalina.core.StandardServer.await Se ha recibido un comando de apagado a través del puerto de apagado. Parando la instancia del Servidor.
14-Jan-2021 13:56:31.297 INFORMACIÓN [main] org.apache.coyote.AbstractProtocol.pause Pausing ProtocolHandler ["http-nio-8084"]
14-Jan-2021 13:56:31.304 INFORMACIÓN [main] org.apache.catalina.core.StandardService.stopInternal Parando servicio [Catalina]
14-Jan-2021 13:56:31.334 ADVERTENCIA [main] org.apache.catalina.loader.WebappClassLoaderBase.clearReferencesThreads The web application [AgendaWebJPA] appears to have started a thread named [mysql-cj-abandoned-connection-cleanup] but has failed to stop it. This is very likely to create a memory leak. Stack trace of thread:
 java.base@11.0.9.1/java.lang.Object.wait(Native Method)
 java.base@11.0.9.1/java.lang.ref.ReferenceQueue.remove(ReferenceQueue.java:155)
 com.mysql.cj.jdbc.AbandonedConnectionCleanupThread.run(AbandonedConnectionCleanupThread.java:85)
 java.base@11.0.9.1/java.util.concurrent.ThreadPoolExecutor.runWorker(ThreadPoolExecutor.java:1128)
 java.base@11.0.9.1/java.util.concurrent.ThreadPoolExecutor$Worker.run(ThreadPoolExecutor.java:628)
 java.base@11.0.9.1/java.lang.Thread.run(Thread.java:834)
14-Jan-2021 13:56:31.354 ADVERTENCIA [main] org.apache.catalina.loader.WebappClassLoaderBase.clearReferencesJdbc La aplicación web [SuperComprinJPA] registró el conductor JDBC [com.mysql.cj.jdbc.Driver] pero falló al anular el registro mientras la aplicación web estaba parada. Para prevenir un fallo de memoria, se ha anulado el registro del conductor JDBC por la fuerza.
14-Jan-2021 13:56:31.355 ADVERTENCIA [main] org.apache.catalina.loader.WebappClassLoaderBase.clearReferencesThreads The web application [SuperComprinJPA] appears to have started a thread named [mysql-cj-abandoned-connection-cleanup] but has failed to stop it. This is very likely to create a memory leak. Stack trace of thread:
 java.base@11.0.9.1/java.lang.Object.wait(Native Method)
 java.base@11.0.9.1/java.lang.ref.ReferenceQueue.remove(ReferenceQueue.java:155)
 com.mysql.cj.jdbc.AbandonedConnectionCleanupThread.run(AbandonedConnectionCleanupThread.java:85)
 java.base@11.0.9.1/java.util.concurrent.ThreadPoolExecutor.runWorker(ThreadPoolExecutor.java:1128)
 java.base@11.0.9.1/java.util.concurrent.ThreadPoolExecutor$Worker.run(ThreadPoolExecutor.java:628)
 java.base@11.0.9.1/java.lang.Thread.run(Thread.java:834)
14-Jan-2021 13:56:31.375 INFORMACIÓN [main] org.apache.coyote.AbstractProtocol.stop Stopping ProtocolHandler ["http-nio-8084"]
14-Jan-2021 13:56:31.398 INFORMACIÓN [mysql-cj-abandoned-connection-cleanup] org.apache.catalina.loader.WebappClassLoaderBase.checkStateForResourceLoading Acceso ilegal: esta instancia de aplicación web ya ha sido parada.  Could not load [].  La eventual traza de pila que sigue ha sido motivada por un error lanzado con motivos de depuración así como para intentar terminar el hilo que motivó el acceso ilegal y no tiene impacto funcional.
	java.lang.IllegalStateException: Acceso ilegal: esta instancia de aplicación web ya ha sido parada.  Could not load [].  La eventual traza de pila que sigue ha sido motivada por un error lanzado con motivos de depuración así como para intentar terminar el hilo que motivó el acceso ilegal y no tiene impacto funcional.
		at org.apache.catalina.loader.WebappClassLoaderBase.checkStateForResourceLoading(WebappClassLoaderBase.java:1385)
		at org.apache.catalina.loader.WebappClassLoaderBase.getResource(WebappClassLoaderBase.java:1038)
		at com.mysql.cj.jdbc.AbandonedConnectionCleanupThread.checkThreadContextClassLoader(AbandonedConnectionCleanupThread.java:117)
		at com.mysql.cj.jdbc.AbandonedConnectionCleanupThread.run(AbandonedConnectionCleanupThread.java:84)
		at java.base/java.util.concurrent.ThreadPoolExecutor.runWorker(ThreadPoolExecutor.java:1128)
		at java.base/java.util.concurrent.ThreadPoolExecutor$Worker.run(ThreadPoolExecutor.java:628)
		at java.base/java.lang.Thread.run(Thread.java:834)
14-Jan-2021 13:56:31.408 INFORMACIÓN [main] org.apache.coyote.AbstractProtocol.destroy Destroying ProtocolHandler ["http-nio-8084"]
