08-Jan-2021 10:08:29.631 INFORMACIÓN [http-nio-8084-exec-5] org.apache.catalina.core.ApplicationContext.log Manager: init: Associated with Deployer 'Catalina:type=Deployer,host=localhost'
08-Jan-2021 10:08:29.632 INFORMACIÓN [http-nio-8084-exec-5] org.apache.catalina.core.ApplicationContext.log Manager: init: Global resources are available
08-Jan-2021 10:08:29.786 INFORMACIÓN [http-nio-8084-exec-7] org.apache.catalina.core.ApplicationContext.log Manager: list: Listing contexts for virtual host 'localhost'
08-Jan-2021 10:08:29.866 INFORMACIÓN [http-nio-8084-exec-10] org.apache.catalina.core.ApplicationContext.log Manager: list: Listing contexts for virtual host 'localhost'
08-Jan-2021 10:08:29.950 INFORMACIÓN [http-nio-8084-exec-3] org.apache.catalina.core.ApplicationContext.log Manager: undeploy: Undeploying web application at '/AgendaWebJPA'
08-Jan-2021 10:08:30.569 INFORMACIÓN [http-nio-8084-exec-9] org.apache.catalina.core.ApplicationContext.log Manager: install: Installing context configuration at 'file:/tmp/context4667288722311021378.xml'
08-Jan-2021 10:08:31.837 INFORMACIÓN [http-nio-8084-exec-6] org.apache.catalina.core.ApplicationContext.log Manager: start: Starting web application '/AgendaWebJPA'
08-Jan-2021 10:08:32.332 INFORMACIÓN [http-nio-8084-exec-11] org.apache.catalina.core.ApplicationContext.log Manager: list: Listing contexts for virtual host 'localhost'
08-Jan-2021 10:08:32.393 INFORMACIÓN [http-nio-8084-exec-7] org.apache.catalina.core.ApplicationContext.log Manager: list: Listing contexts for virtual host 'localhost'
08-Jan-2021 10:08:32.455 INFORMACIÓN [http-nio-8084-exec-1] org.apache.catalina.core.ApplicationContext.log Manager: undeploy: Undeploying web application at '/AgendaWebJPA'
08-Jan-2021 10:08:33.119 INFORMACIÓN [http-nio-8084-exec-2] org.apache.catalina.core.ApplicationContext.log Manager: install: Installing context configuration at 'file:/tmp/context8244844902611102009.xml'
08-Jan-2021 10:08:34.790 INFORMACIÓN [http-nio-8084-exec-5] org.apache.catalina.core.ApplicationContext.log Manager: start: Starting web application '/AgendaWebJPA'
08-Jan-2021 10:08:59.861 INFORMACIÓN [http-nio-8084-exec-15] org.apache.catalina.core.ApplicationContext.log Manager: list: Listing contexts for virtual host 'localhost'
08-Jan-2021 10:08:59.955 INFORMACIÓN [http-nio-8084-exec-5] org.apache.catalina.core.ApplicationContext.log Manager: list: Listing contexts for virtual host 'localhost'
08-Jan-2021 10:09:00.026 INFORMACIÓN [http-nio-8084-exec-18] org.apache.catalina.core.ApplicationContext.log Manager: undeploy: Undeploying web application at '/AgendaWebJPA'
08-Jan-2021 10:09:00.590 INFORMACIÓN [http-nio-8084-exec-5] org.apache.catalina.core.ApplicationContext.log Manager: install: Installing context configuration at 'file:/tmp/context14840324047131453648.xml'
08-Jan-2021 10:09:01.550 INFORMACIÓN [http-nio-8084-exec-15] org.apache.catalina.core.ApplicationContext.log Manager: start: Starting web application '/AgendaWebJPA'
08-Jan-2021 10:09:01.719 INFORMACIÓN [http-nio-8084-exec-14] org.apache.catalina.core.ApplicationContext.log Manager: list: Listing contexts for virtual host 'localhost'
08-Jan-2021 10:09:01.786 INFORMACIÓN [http-nio-8084-exec-17] org.apache.catalina.core.ApplicationContext.log Manager: list: Listing contexts for virtual host 'localhost'
08-Jan-2021 10:09:01.833 INFORMACIÓN [http-nio-8084-exec-10] org.apache.catalina.core.ApplicationContext.log Manager: undeploy: Undeploying web application at '/AgendaWebJPA'
08-Jan-2021 10:09:02.400 INFORMACIÓN [http-nio-8084-exec-19] org.apache.catalina.core.ApplicationContext.log Manager: install: Installing context configuration at 'file:/tmp/context15217966131637168477.xml'
08-Jan-2021 10:09:03.762 INFORMACIÓN [http-nio-8084-exec-15] org.apache.catalina.core.ApplicationContext.log Manager: start: Starting web application '/AgendaWebJPA'
08-Jan-2021 10:12:36.359 INFORMACIÓN [http-nio-8084-exec-27] org.apache.catalina.core.ApplicationContext.log Manager: list: Listing contexts for virtual host 'localhost'
08-Jan-2021 10:12:36.392 INFORMACIÓN [http-nio-8084-exec-29] org.apache.catalina.core.ApplicationContext.log Manager: list: Listing contexts for virtual host 'localhost'
08-Jan-2021 10:12:36.433 INFORMACIÓN [http-nio-8084-exec-24] org.apache.catalina.core.ApplicationContext.log Manager: undeploy: Undeploying web application at '/AgendaWebJPA'
08-Jan-2021 10:12:37.001 INFORMACIÓN [http-nio-8084-exec-27] org.apache.catalina.core.ApplicationContext.log Manager: install: Installing context configuration at 'file:/tmp/context16277363383062482950.xml'
08-Jan-2021 10:12:38.109 INFORMACIÓN [http-nio-8084-exec-30] org.apache.catalina.core.ApplicationContext.log Manager: start: Starting web application '/AgendaWebJPA'
08-Jan-2021 10:12:38.241 INFORMACIÓN [http-nio-8084-exec-29] org.apache.catalina.core.ApplicationContext.log Manager: list: Listing contexts for virtual host 'localhost'
08-Jan-2021 10:12:38.278 INFORMACIÓN [http-nio-8084-exec-32] org.apache.catalina.core.ApplicationContext.log Manager: list: Listing contexts for virtual host 'localhost'
08-Jan-2021 10:12:38.314 INFORMACIÓN [http-nio-8084-exec-21] org.apache.catalina.core.ApplicationContext.log Manager: undeploy: Undeploying web application at '/AgendaWebJPA'
08-Jan-2021 10:12:38.879 INFORMACIÓN [http-nio-8084-exec-32] org.apache.catalina.core.ApplicationContext.log Manager: install: Installing context configuration at 'file:/tmp/context9877073552986196992.xml'
08-Jan-2021 10:12:40.110 INFORMACIÓN [http-nio-8084-exec-31] org.apache.catalina.core.ApplicationContext.log Manager: start: Starting web application '/AgendaWebJPA'
08-Jan-2021 10:15:19.295 INFORMACIÓN [http-nio-8084-exec-40] org.apache.catalina.core.ApplicationContext.log Manager: list: Listing contexts for virtual host 'localhost'
08-Jan-2021 10:15:19.368 INFORMACIÓN [http-nio-8084-exec-35] org.apache.catalina.core.ApplicationContext.log Manager: undeploy: Undeploying web application at '/AgendaWebJPA'
08-Jan-2021 10:15:40.223 INFORMACIÓN [http-nio-8084-exec-39] org.apache.catalina.core.ApplicationContext.log Manager: list: Listing contexts for virtual host 'localhost'
08-Jan-2021 10:15:40.247 INFORMACIÓN [http-nio-8084-exec-33] org.apache.catalina.core.ApplicationContext.log Manager: list: Listing contexts for virtual host 'localhost'
08-Jan-2021 10:15:40.345 INFORMACIÓN [http-nio-8084-exec-42] org.apache.catalina.core.ApplicationContext.log Manager: install: Installing context configuration at 'file:/tmp/context5497886490153670075.xml'
08-Jan-2021 10:15:41.254 INFORMACIÓN [http-nio-8084-exec-23] org.apache.catalina.core.ApplicationContext.log Manager: start: Starting web application '/AgendaWebJPA'
08-Jan-2021 10:15:41.387 INFORMACIÓN [http-nio-8084-exec-35] org.apache.catalina.core.ApplicationContext.log Manager: list: Listing contexts for virtual host 'localhost'
08-Jan-2021 10:15:41.421 INFORMACIÓN [http-nio-8084-exec-23] org.apache.catalina.core.ApplicationContext.log Manager: list: Listing contexts for virtual host 'localhost'
08-Jan-2021 10:15:41.497 INFORMACIÓN [http-nio-8084-exec-33] org.apache.catalina.core.ApplicationContext.log Manager: undeploy: Undeploying web application at '/AgendaWebJPA'
08-Jan-2021 10:15:42.082 INFORMACIÓN [http-nio-8084-exec-40] org.apache.catalina.core.ApplicationContext.log Manager: install: Installing context configuration at 'file:/tmp/context11148321798662722518.xml'
08-Jan-2021 10:15:43.166 INFORMACIÓN [http-nio-8084-exec-42] org.apache.catalina.core.ApplicationContext.log Manager: start: Starting web application '/AgendaWebJPA'
08-Jan-2021 10:17:18.496 INFORMACIÓN [http-nio-8084-exec-47] org.apache.catalina.core.ApplicationContext.log Manager: list: Listing contexts for virtual host 'localhost'
08-Jan-2021 10:17:18.519 INFORMACIÓN [http-nio-8084-exec-23] org.apache.catalina.core.ApplicationContext.log Manager: list: Listing contexts for virtual host 'localhost'
08-Jan-2021 10:17:18.546 INFORMACIÓN [http-nio-8084-exec-44] org.apache.catalina.core.ApplicationContext.log Manager: undeploy: Undeploying web application at '/AgendaWebJPA'
08-Jan-2021 10:17:19.100 INFORMACIÓN [http-nio-8084-exec-46] org.apache.catalina.core.ApplicationContext.log Manager: install: Installing context configuration at 'file:/tmp/context5213493326445710168.xml'
08-Jan-2021 10:17:19.963 INFORMACIÓN [http-nio-8084-exec-49] org.apache.catalina.core.ApplicationContext.log Manager: start: Starting web application '/AgendaWebJPA'
08-Jan-2021 10:17:20.071 INFORMACIÓN [http-nio-8084-exec-47] org.apache.catalina.core.ApplicationContext.log Manager: list: Listing contexts for virtual host 'localhost'
08-Jan-2021 10:17:20.110 INFORMACIÓN [http-nio-8084-exec-49] org.apache.catalina.core.ApplicationContext.log Manager: list: Listing contexts for virtual host 'localhost'
08-Jan-2021 10:17:20.144 INFORMACIÓN [http-nio-8084-exec-23] org.apache.catalina.core.ApplicationContext.log Manager: undeploy: Undeploying web application at '/AgendaWebJPA'
08-Jan-2021 10:17:20.712 INFORMACIÓN [http-nio-8084-exec-44] org.apache.catalina.core.ApplicationContext.log Manager: install: Installing context configuration at 'file:/tmp/context16120547740506260696.xml'
08-Jan-2021 10:17:21.798 INFORMACIÓN [http-nio-8084-exec-48] org.apache.catalina.core.ApplicationContext.log Manager: start: Starting web application '/AgendaWebJPA'
08-Jan-2021 10:18:03.624 INFORMACIÓN [http-nio-8084-exec-53] org.apache.catalina.core.ApplicationContext.log Manager: list: Listing contexts for virtual host 'localhost'
08-Jan-2021 10:18:03.650 INFORMACIÓN [http-nio-8084-exec-57] org.apache.catalina.core.ApplicationContext.log Manager: list: Listing contexts for virtual host 'localhost'
08-Jan-2021 10:18:03.675 INFORMACIÓN [http-nio-8084-exec-45] org.apache.catalina.core.ApplicationContext.log Manager: undeploy: Undeploying web application at '/AgendaWebJPA'
08-Jan-2021 10:18:04.253 INFORMACIÓN [http-nio-8084-exec-48] org.apache.catalina.core.ApplicationContext.log Manager: install: Installing context configuration at 'file:/tmp/context4767206507955765044.xml'
08-Jan-2021 10:18:05.069 INFORMACIÓN [http-nio-8084-exec-55] org.apache.catalina.core.ApplicationContext.log Manager: start: Starting web application '/AgendaWebJPA'
08-Jan-2021 10:18:05.186 INFORMACIÓN [http-nio-8084-exec-56] org.apache.catalina.core.ApplicationContext.log Manager: list: Listing contexts for virtual host 'localhost'
08-Jan-2021 10:18:05.214 INFORMACIÓN [http-nio-8084-exec-58] org.apache.catalina.core.ApplicationContext.log Manager: list: Listing contexts for virtual host 'localhost'
08-Jan-2021 10:18:05.275 INFORMACIÓN [http-nio-8084-exec-45] org.apache.catalina.core.ApplicationContext.log Manager: undeploy: Undeploying web application at '/AgendaWebJPA'
08-Jan-2021 10:18:05.835 INFORMACIÓN [http-nio-8084-exec-53] org.apache.catalina.core.ApplicationContext.log Manager: install: Installing context configuration at 'file:/tmp/context6452162055493806009.xml'
08-Jan-2021 10:18:07.113 INFORMACIÓN [http-nio-8084-exec-54] org.apache.catalina.core.ApplicationContext.log Manager: start: Starting web application '/AgendaWebJPA'
08-Jan-2021 10:53:19.670 INFORMACIÓN [http-nio-8084-exec-59] org.apache.catalina.core.ApplicationContext.log Manager: list: Listing contexts for virtual host 'localhost'
08-Jan-2021 10:53:19.696 INFORMACIÓN [http-nio-8084-exec-65] org.apache.catalina.core.ApplicationContext.log Manager: list: Listing contexts for virtual host 'localhost'
08-Jan-2021 10:53:19.716 INFORMACIÓN [http-nio-8084-exec-61] org.apache.catalina.core.ApplicationContext.log Manager: undeploy: Undeploying web application at '/AgendaWebJPA'
08-Jan-2021 10:53:20.267 INFORMACIÓN [http-nio-8084-exec-62] org.apache.catalina.core.ApplicationContext.log Manager: install: Installing context configuration at 'file:/tmp/context12333452368592749279.xml'
08-Jan-2021 10:53:21.251 INFORMACIÓN [http-nio-8084-exec-70] org.apache.catalina.core.ApplicationContext.log Manager: start: Starting web application '/AgendaWebJPA'
08-Jan-2021 10:53:21.378 INFORMACIÓN [http-nio-8084-exec-67] org.apache.catalina.core.ApplicationContext.log Manager: list: Listing contexts for virtual host 'localhost'
08-Jan-2021 10:53:21.447 INFORMACIÓN [http-nio-8084-exec-70] org.apache.catalina.core.ApplicationContext.log Manager: list: Listing contexts for virtual host 'localhost'
08-Jan-2021 10:53:21.477 INFORMACIÓN [http-nio-8084-exec-69] org.apache.catalina.core.ApplicationContext.log Manager: undeploy: Undeploying web application at '/AgendaWebJPA'
08-Jan-2021 10:53:22.042 INFORMACIÓN [http-nio-8084-exec-66] org.apache.catalina.core.ApplicationContext.log Manager: install: Installing context configuration at 'file:/tmp/context11100475672382326808.xml'
08-Jan-2021 10:53:23.055 INFORMACIÓN [http-nio-8084-exec-63] org.apache.catalina.core.ApplicationContext.log Manager: start: Starting web application '/AgendaWebJPA'
08-Jan-2021 10:54:37.799 INFORMACIÓN [http-nio-8084-exec-60] org.apache.catalina.core.ApplicationContext.log Manager: list: Listing contexts for virtual host 'localhost'
08-Jan-2021 10:54:37.823 INFORMACIÓN [http-nio-8084-exec-68] org.apache.catalina.core.ApplicationContext.log Manager: list: Listing contexts for virtual host 'localhost'
08-Jan-2021 10:54:37.860 INFORMACIÓN [http-nio-8084-exec-67] org.apache.catalina.core.ApplicationContext.log Manager: undeploy: Undeploying web application at '/AgendaWebJPA'
08-Jan-2021 10:54:38.395 INFORMACIÓN [http-nio-8084-exec-72] org.apache.catalina.core.ApplicationContext.log Manager: install: Installing context configuration at 'file:/tmp/context5327470651521695884.xml'
08-Jan-2021 10:54:39.215 INFORMACIÓN [http-nio-8084-exec-74] org.apache.catalina.core.ApplicationContext.log Manager: start: Starting web application '/AgendaWebJPA'
08-Jan-2021 10:54:39.341 INFORMACIÓN [http-nio-8084-exec-71] org.apache.catalina.core.ApplicationContext.log Manager: list: Listing contexts for virtual host 'localhost'
08-Jan-2021 10:54:39.373 INFORMACIÓN [http-nio-8084-exec-77] org.apache.catalina.core.ApplicationContext.log Manager: list: Listing contexts for virtual host 'localhost'
08-Jan-2021 10:54:39.420 INFORMACIÓN [http-nio-8084-exec-76] org.apache.catalina.core.ApplicationContext.log Manager: undeploy: Undeploying web application at '/AgendaWebJPA'
08-Jan-2021 10:54:39.992 INFORMACIÓN [http-nio-8084-exec-75] org.apache.catalina.core.ApplicationContext.log Manager: install: Installing context configuration at 'file:/tmp/context792758338806510256.xml'
08-Jan-2021 10:54:40.988 INFORMACIÓN [http-nio-8084-exec-63] org.apache.catalina.core.ApplicationContext.log Manager: start: Starting web application '/AgendaWebJPA'
08-Jan-2021 10:54:58.578 INFORMACIÓN [http-nio-8084-exec-67] org.apache.catalina.core.ApplicationContext.log Manager: list: Listing contexts for virtual host 'localhost'
08-Jan-2021 10:54:58.608 INFORMACIÓN [http-nio-8084-exec-74] org.apache.catalina.core.ApplicationContext.log Manager: list: Listing contexts for virtual host 'localhost'
08-Jan-2021 10:54:58.630 INFORMACIÓN [http-nio-8084-exec-63] org.apache.catalina.core.ApplicationContext.log Manager: undeploy: Undeploying web application at '/AgendaWebJPA'
08-Jan-2021 10:54:59.161 INFORMACIÓN [http-nio-8084-exec-79] org.apache.catalina.core.ApplicationContext.log Manager: install: Installing context configuration at 'file:/tmp/context9261527458585828906.xml'
08-Jan-2021 10:54:59.954 INFORMACIÓN [http-nio-8084-exec-76] org.apache.catalina.core.ApplicationContext.log Manager: start: Starting web application '/AgendaWebJPA'
08-Jan-2021 10:55:00.062 INFORMACIÓN [http-nio-8084-exec-67] org.apache.catalina.core.ApplicationContext.log Manager: list: Listing contexts for virtual host 'localhost'
08-Jan-2021 10:55:00.087 INFORMACIÓN [http-nio-8084-exec-76] org.apache.catalina.core.ApplicationContext.log Manager: list: Listing contexts for virtual host 'localhost'
08-Jan-2021 10:55:00.114 INFORMACIÓN [http-nio-8084-exec-68] org.apache.catalina.core.ApplicationContext.log Manager: undeploy: Undeploying web application at '/AgendaWebJPA'
08-Jan-2021 10:55:00.657 INFORMACIÓN [http-nio-8084-exec-67] org.apache.catalina.core.ApplicationContext.log Manager: install: Installing context configuration at 'file:/tmp/context728642978882719384.xml'
08-Jan-2021 10:55:01.811 INFORMACIÓN [http-nio-8084-exec-63] org.apache.catalina.core.ApplicationContext.log Manager: start: Starting web application '/AgendaWebJPA'
08-Jan-2021 11:01:45.354 INFORMACIÓN [http-nio-8084-exec-88] org.apache.catalina.core.ApplicationContext.log Manager: list: Listing contexts for virtual host 'localhost'
08-Jan-2021 11:01:45.404 INFORMACIÓN [http-nio-8084-exec-90] org.apache.catalina.core.ApplicationContext.log Manager: list: Listing contexts for virtual host 'localhost'
08-Jan-2021 11:01:45.424 INFORMACIÓN [http-nio-8084-exec-84] org.apache.catalina.core.ApplicationContext.log Manager: undeploy: Undeploying web application at '/AgendaWebJPA'
08-Jan-2021 11:01:45.964 INFORMACIÓN [http-nio-8084-exec-85] org.apache.catalina.core.ApplicationContext.log Manager: install: Installing context configuration at 'file:/tmp/context7697992389706097038.xml'
08-Jan-2021 11:01:46.802 INFORMACIÓN [http-nio-8084-exec-87] org.apache.catalina.core.ApplicationContext.log Manager: start: Starting web application '/AgendaWebJPA'
08-Jan-2021 11:01:46.903 INFORMACIÓN [http-nio-8084-exec-89] org.apache.catalina.core.ApplicationContext.log Manager: list: Listing contexts for virtual host 'localhost'
08-Jan-2021 11:01:46.946 INFORMACIÓN [http-nio-8084-exec-85] org.apache.catalina.core.ApplicationContext.log Manager: list: Listing contexts for virtual host 'localhost'
08-Jan-2021 11:01:46.983 INFORMACIÓN [http-nio-8084-exec-88] org.apache.catalina.core.ApplicationContext.log Manager: undeploy: Undeploying web application at '/AgendaWebJPA'
08-Jan-2021 11:01:47.548 INFORMACIÓN [http-nio-8084-exec-83] org.apache.catalina.core.ApplicationContext.log Manager: install: Installing context configuration at 'file:/tmp/context3423286586020688768.xml'
08-Jan-2021 11:01:48.420 INFORMACIÓN [http-nio-8084-exec-82] org.apache.catalina.core.ApplicationContext.log Manager: start: Starting web application '/AgendaWebJPA'
08-Jan-2021 11:06:37.890 INFORMACIÓN [http-nio-8084-exec-99] org.apache.catalina.core.ApplicationContext.log Manager: list: Listing contexts for virtual host 'localhost'
08-Jan-2021 11:06:37.917 INFORMACIÓN [http-nio-8084-exec-95] org.apache.catalina.core.ApplicationContext.log Manager: list: Listing contexts for virtual host 'localhost'
08-Jan-2021 11:06:37.938 INFORMACIÓN [http-nio-8084-exec-103] org.apache.catalina.core.ApplicationContext.log Manager: undeploy: Undeploying web application at '/AgendaWebJPA'
08-Jan-2021 11:06:38.474 INFORMACIÓN [http-nio-8084-exec-94] org.apache.catalina.core.ApplicationContext.log Manager: install: Installing context configuration at 'file:/tmp/context4030067919565042270.xml'
08-Jan-2021 11:06:39.236 INFORMACIÓN [http-nio-8084-exec-100] org.apache.catalina.core.ApplicationContext.log Manager: start: Starting web application '/AgendaWebJPA'
08-Jan-2021 11:06:39.322 INFORMACIÓN [http-nio-8084-exec-98] org.apache.catalina.core.ApplicationContext.log Manager: list: Listing contexts for virtual host 'localhost'
08-Jan-2021 11:06:39.360 INFORMACIÓN [http-nio-8084-exec-104] org.apache.catalina.core.ApplicationContext.log Manager: list: Listing contexts for virtual host 'localhost'
08-Jan-2021 11:06:39.392 INFORMACIÓN [http-nio-8084-exec-95] org.apache.catalina.core.ApplicationContext.log Manager: undeploy: Undeploying web application at '/AgendaWebJPA'
08-Jan-2021 11:06:39.938 INFORMACIÓN [http-nio-8084-exec-100] org.apache.catalina.core.ApplicationContext.log Manager: install: Installing context configuration at 'file:/tmp/context4230815049685818502.xml'
08-Jan-2021 11:06:40.842 INFORMACIÓN [http-nio-8084-exec-98] org.apache.catalina.core.ApplicationContext.log Manager: start: Starting web application '/AgendaWebJPA'
08-Jan-2021 11:07:44.572 INFORMACIÓN [http-nio-8084-exec-107] org.apache.catalina.core.ApplicationContext.log Manager: list: Listing contexts for virtual host 'localhost'
08-Jan-2021 11:07:44.595 INFORMACIÓN [http-nio-8084-exec-109] org.apache.catalina.core.ApplicationContext.log Manager: list: Listing contexts for virtual host 'localhost'
08-Jan-2021 11:07:44.620 INFORMACIÓN [http-nio-8084-exec-108] org.apache.catalina.core.ApplicationContext.log Manager: undeploy: Undeploying web application at '/AgendaWebJPA'
08-Jan-2021 11:07:45.152 INFORMACIÓN [http-nio-8084-exec-98] org.apache.catalina.core.ApplicationContext.log Manager: install: Installing context configuration at 'file:/tmp/context3853160702505711509.xml'
08-Jan-2021 11:07:45.985 INFORMACIÓN [http-nio-8084-exec-110] org.apache.catalina.core.ApplicationContext.log Manager: start: Starting web application '/AgendaWebJPA/contactos.jsp'
08-Jan-2021 11:07:46.063 INFORMACIÓN [http-nio-8084-exec-95] org.apache.catalina.core.ApplicationContext.log Manager: list: Listing contexts for virtual host 'localhost'
08-Jan-2021 11:07:46.094 INFORMACIÓN [http-nio-8084-exec-107] org.apache.catalina.core.ApplicationContext.log Manager: list: Listing contexts for virtual host 'localhost'
08-Jan-2021 11:07:46.124 INFORMACIÓN [http-nio-8084-exec-105] org.apache.catalina.core.ApplicationContext.log Manager: undeploy: Undeploying web application at '/AgendaWebJPA/contactos.jsp'
08-Jan-2021 11:07:46.665 INFORMACIÓN [http-nio-8084-exec-109] org.apache.catalina.core.ApplicationContext.log Manager: install: Installing context configuration at 'file:/tmp/context8990856672897672609.xml'
08-Jan-2021 11:07:47.522 INFORMACIÓN [http-nio-8084-exec-111] org.apache.catalina.core.ApplicationContext.log Manager: start: Starting web application '/AgendaWebJPA/contactos.jsp'
08-Jan-2021 11:09:07.205 INFORMACIÓN [http-nio-8084-exec-110] org.apache.catalina.core.ApplicationContext.log Manager: list: Listing contexts for virtual host 'localhost'
08-Jan-2021 11:09:07.231 INFORMACIÓN [http-nio-8084-exec-112] org.apache.catalina.core.ApplicationContext.log Manager: list: Listing contexts for virtual host 'localhost'
08-Jan-2021 11:09:07.258 INFORMACIÓN [http-nio-8084-exec-114] org.apache.catalina.core.ApplicationContext.log Manager: undeploy: Undeploying web application at '/AgendaWebJPA/contactos.jsp'
08-Jan-2021 11:09:07.806 INFORMACIÓN [http-nio-8084-exec-115] org.apache.catalina.core.ApplicationContext.log Manager: install: Installing context configuration at 'file:/tmp/context2560689781412639262.xml'
08-Jan-2021 11:09:08.618 INFORMACIÓN [http-nio-8084-exec-111] org.apache.catalina.core.ApplicationContext.log Manager: start: Starting web application '/AgendaWebJPA/login.html'
08-Jan-2021 11:09:08.693 INFORMACIÓN [http-nio-8084-exec-116] org.apache.catalina.core.ApplicationContext.log Manager: list: Listing contexts for virtual host 'localhost'
08-Jan-2021 11:09:08.729 INFORMACIÓN [http-nio-8084-exec-114] org.apache.catalina.core.ApplicationContext.log Manager: list: Listing contexts for virtual host 'localhost'
08-Jan-2021 11:09:08.767 INFORMACIÓN [http-nio-8084-exec-111] org.apache.catalina.core.ApplicationContext.log Manager: undeploy: Undeploying web application at '/AgendaWebJPA/login.html'
08-Jan-2021 11:09:09.320 INFORMACIÓN [http-nio-8084-exec-119] org.apache.catalina.core.ApplicationContext.log Manager: install: Installing context configuration at 'file:/tmp/context7391374785193371468.xml'
08-Jan-2021 11:09:10.271 INFORMACIÓN [http-nio-8084-exec-116] org.apache.catalina.core.ApplicationContext.log Manager: start: Starting web application '/AgendaWebJPA/login.html'
08-Jan-2021 11:11:07.996 INFORMACIÓN [http-nio-8084-exec-125] org.apache.catalina.core.ApplicationContext.log Manager: list: Listing contexts for virtual host 'localhost'
08-Jan-2021 11:11:08.012 INFORMACIÓN [http-nio-8084-exec-112] org.apache.catalina.core.ApplicationContext.log Manager: list: Listing contexts for virtual host 'localhost'
08-Jan-2021 11:11:08.070 INFORMACIÓN [http-nio-8084-exec-123] org.apache.catalina.core.ApplicationContext.log Manager: undeploy: Undeploying web application at '/AgendaWebJPA/login.html'
08-Jan-2021 11:11:08.605 INFORMACIÓN [http-nio-8084-exec-122] org.apache.catalina.core.ApplicationContext.log Manager: install: Installing context configuration at 'file:/tmp/context207034109469491664.xml'
08-Jan-2021 11:11:09.395 INFORMACIÓN [http-nio-8084-exec-120] org.apache.catalina.core.ApplicationContext.log Manager: start: Starting web application '/AgendaWebJPA'
08-Jan-2021 11:11:09.494 INFORMACIÓN [http-nio-8084-exec-116] org.apache.catalina.core.ApplicationContext.log Manager: list: Listing contexts for virtual host 'localhost'
08-Jan-2021 11:11:09.515 INFORMACIÓN [http-nio-8084-exec-120] org.apache.catalina.core.ApplicationContext.log Manager: list: Listing contexts for virtual host 'localhost'
08-Jan-2021 11:11:09.542 INFORMACIÓN [http-nio-8084-exec-124] org.apache.catalina.core.ApplicationContext.log Manager: undeploy: Undeploying web application at '/AgendaWebJPA'
08-Jan-2021 11:11:10.085 INFORMACIÓN [http-nio-8084-exec-125] org.apache.catalina.core.ApplicationContext.log Manager: install: Installing context configuration at 'file:/tmp/context1965918669372460217.xml'
08-Jan-2021 11:11:11.243 INFORMACIÓN [http-nio-8084-exec-123] org.apache.catalina.core.ApplicationContext.log Manager: start: Starting web application '/AgendaWebJPA'
08-Jan-2021 11:12:53.069 INFORMACIÓN [http-nio-8084-exec-128] org.apache.catalina.core.ApplicationContext.log Manager: list: Listing contexts for virtual host 'localhost'
08-Jan-2021 11:12:53.094 INFORMACIÓN [http-nio-8084-exec-120] org.apache.catalina.core.ApplicationContext.log Manager: list: Listing contexts for virtual host 'localhost'
08-Jan-2021 11:12:53.113 INFORMACIÓN [http-nio-8084-exec-130] org.apache.catalina.core.ApplicationContext.log Manager: undeploy: Undeploying web application at '/AgendaWebJPA'
08-Jan-2021 11:12:53.646 INFORMACIÓN [http-nio-8084-exec-133] org.apache.catalina.core.ApplicationContext.log Manager: install: Installing context configuration at 'file:/tmp/context8844620943716342789.xml'
08-Jan-2021 11:12:54.401 INFORMACIÓN [http-nio-8084-exec-123] org.apache.catalina.core.ApplicationContext.log Manager: start: Starting web application '/AgendaWebJPA'
08-Jan-2021 11:12:54.502 INFORMACIÓN [http-nio-8084-exec-121] org.apache.catalina.core.ApplicationContext.log Manager: list: Listing contexts for virtual host 'localhost'
08-Jan-2021 11:12:54.528 INFORMACIÓN [http-nio-8084-exec-123] org.apache.catalina.core.ApplicationContext.log Manager: list: Listing contexts for virtual host 'localhost'
08-Jan-2021 11:12:54.564 INFORMACIÓN [http-nio-8084-exec-120] org.apache.catalina.core.ApplicationContext.log Manager: undeploy: Undeploying web application at '/AgendaWebJPA'
08-Jan-2021 11:12:55.100 INFORMACIÓN [http-nio-8084-exec-134] org.apache.catalina.core.ApplicationContext.log Manager: install: Installing context configuration at 'file:/tmp/context4481076981288783713.xml'
08-Jan-2021 11:12:56.014 INFORMACIÓN [http-nio-8084-exec-132] org.apache.catalina.core.ApplicationContext.log Manager: start: Starting web application '/AgendaWebJPA'
08-Jan-2021 11:13:25.704 INFORMACIÓN [http-nio-8084-exec-132] org.apache.catalina.core.ApplicationContext.log Manager: list: Listing contexts for virtual host 'localhost'
08-Jan-2021 11:13:25.751 INFORMACIÓN [http-nio-8084-exec-136] org.apache.catalina.core.ApplicationContext.log Manager: list: Listing contexts for virtual host 'localhost'
08-Jan-2021 11:13:25.773 INFORMACIÓN [http-nio-8084-exec-137] org.apache.catalina.core.ApplicationContext.log Manager: undeploy: Undeploying web application at '/AgendaWebJPA'
08-Jan-2021 11:13:26.301 INFORMACIÓN [http-nio-8084-exec-121] org.apache.catalina.core.ApplicationContext.log Manager: install: Installing context configuration at 'file:/tmp/context16634453528728488654.xml'
08-Jan-2021 11:13:27.100 INFORMACIÓN [http-nio-8084-exec-132] org.apache.catalina.core.ApplicationContext.log Manager: start: Starting web application '/AgendaWebJPA'
08-Jan-2021 11:13:27.181 INFORMACIÓN [http-nio-8084-exec-135] org.apache.catalina.core.ApplicationContext.log Manager: list: Listing contexts for virtual host 'localhost'
08-Jan-2021 11:13:27.215 INFORMACIÓN [http-nio-8084-exec-138] org.apache.catalina.core.ApplicationContext.log Manager: list: Listing contexts for virtual host 'localhost'
08-Jan-2021 11:13:27.237 INFORMACIÓN [http-nio-8084-exec-123] org.apache.catalina.core.ApplicationContext.log Manager: undeploy: Undeploying web application at '/AgendaWebJPA'
08-Jan-2021 11:13:27.773 INFORMACIÓN [http-nio-8084-exec-132] org.apache.catalina.core.ApplicationContext.log Manager: install: Installing context configuration at 'file:/tmp/context951916401889446038.xml'
08-Jan-2021 11:13:28.684 INFORMACIÓN [http-nio-8084-exec-138] org.apache.catalina.core.ApplicationContext.log Manager: start: Starting web application '/AgendaWebJPA'
08-Jan-2021 11:15:09.677 INFORMACIÓN [http-nio-8084-exec-136] org.apache.catalina.core.ApplicationContext.log Manager: list: Listing contexts for virtual host 'localhost'
08-Jan-2021 11:15:09.717 INFORMACIÓN [http-nio-8084-exec-139] org.apache.catalina.core.ApplicationContext.log Manager: undeploy: Undeploying web application at '/AgendaWebJPA'
08-Jan-2021 11:15:28.026 INFORMACIÓN [http-nio-8084-exec-143] org.apache.catalina.core.ApplicationContext.log Manager: list: Listing contexts for virtual host 'localhost'
08-Jan-2021 11:15:28.052 INFORMACIÓN [http-nio-8084-exec-140] org.apache.catalina.core.ApplicationContext.log Manager: list: Listing contexts for virtual host 'localhost'
08-Jan-2021 11:15:28.088 INFORMACIÓN [http-nio-8084-exec-142] org.apache.catalina.core.ApplicationContext.log Manager: install: Installing context configuration at 'file:/tmp/context11890138356028659520.xml'
08-Jan-2021 11:15:28.827 INFORMACIÓN [http-nio-8084-exec-136] org.apache.catalina.core.ApplicationContext.log Manager: start: Starting web application '/AgendaWebJPA/index.html'
08-Jan-2021 11:15:28.907 INFORMACIÓN [http-nio-8084-exec-139] org.apache.catalina.core.ApplicationContext.log Manager: list: Listing contexts for virtual host 'localhost'
08-Jan-2021 11:15:28.929 INFORMACIÓN [http-nio-8084-exec-142] org.apache.catalina.core.ApplicationContext.log Manager: list: Listing contexts for virtual host 'localhost'
08-Jan-2021 11:15:28.959 INFORMACIÓN [http-nio-8084-exec-136] org.apache.catalina.core.ApplicationContext.log Manager: undeploy: Undeploying web application at '/AgendaWebJPA/index.html'
08-Jan-2021 11:15:29.500 INFORMACIÓN [http-nio-8084-exec-139] org.apache.catalina.core.ApplicationContext.log Manager: install: Installing context configuration at 'file:/tmp/context723397758121367360.xml'
08-Jan-2021 11:15:30.337 INFORMACIÓN [http-nio-8084-exec-138] org.apache.catalina.core.ApplicationContext.log Manager: start: Starting web application '/AgendaWebJPA/index.html'
08-Jan-2021 11:16:32.934 INFORMACIÓN [http-nio-8084-exec-152] org.apache.catalina.core.ApplicationContext.log Manager: list: Listing contexts for virtual host 'localhost'
08-Jan-2021 11:16:32.952 INFORMACIÓN [http-nio-8084-exec-146] org.apache.catalina.core.ApplicationContext.log Manager: list: Listing contexts for virtual host 'localhost'
08-Jan-2021 11:16:32.973 INFORMACIÓN [http-nio-8084-exec-147] org.apache.catalina.core.ApplicationContext.log Manager: undeploy: Undeploying web application at '/AgendaWebJPA/index.html'
08-Jan-2021 11:16:33.508 INFORMACIÓN [http-nio-8084-exec-146] org.apache.catalina.core.ApplicationContext.log Manager: install: Installing context configuration at 'file:/tmp/context15259313500680020840.xml'
08-Jan-2021 11:16:34.244 INFORMACIÓN [http-nio-8084-exec-127] org.apache.catalina.core.ApplicationContext.log Manager: start: Starting web application '/AgendaWebJPA/login.html'
08-Jan-2021 11:16:34.322 INFORMACIÓN [http-nio-8084-exec-147] org.apache.catalina.core.ApplicationContext.log Manager: list: Listing contexts for virtual host 'localhost'
08-Jan-2021 11:16:34.346 INFORMACIÓN [http-nio-8084-exec-141] org.apache.catalina.core.ApplicationContext.log Manager: list: Listing contexts for virtual host 'localhost'
08-Jan-2021 11:16:34.382 INFORMACIÓN [http-nio-8084-exec-151] org.apache.catalina.core.ApplicationContext.log Manager: undeploy: Undeploying web application at '/AgendaWebJPA/login.html'
08-Jan-2021 11:16:35.000 INFORMACIÓN [http-nio-8084-exec-152] org.apache.catalina.core.ApplicationContext.log Manager: install: Installing context configuration at 'file:/tmp/context217515823969179415.xml'
08-Jan-2021 11:16:36.136 INFORMACIÓN [http-nio-8084-exec-150] org.apache.catalina.core.ApplicationContext.log Manager: start: Starting web application '/AgendaWebJPA/login.html'
08-Jan-2021 11:18:11.440 INFORMACIÓN [http-nio-8084-exec-147] org.apache.catalina.core.ApplicationContext.log Manager: list: Listing contexts for virtual host 'localhost'
08-Jan-2021 11:18:11.459 INFORMACIÓN [http-nio-8084-exec-161] org.apache.catalina.core.ApplicationContext.log Manager: undeploy: Undeploying web application at '/AgendaWebJPA/login.html'
08-Jan-2021 11:18:32.883 INFORMACIÓN [http-nio-8084-exec-147] org.apache.catalina.core.ApplicationContext.log Manager: list: Listing contexts for virtual host 'localhost'
08-Jan-2021 11:18:32.903 INFORMACIÓN [http-nio-8084-exec-163] org.apache.catalina.core.ApplicationContext.log Manager: list: Listing contexts for virtual host 'localhost'
08-Jan-2021 11:18:32.921 INFORMACIÓN [http-nio-8084-exec-154] org.apache.catalina.core.ApplicationContext.log Manager: install: Installing context configuration at 'file:/tmp/context14598656155853021557.xml'
08-Jan-2021 11:18:33.666 INFORMACIÓN [http-nio-8084-exec-158] org.apache.catalina.core.ApplicationContext.log Manager: start: Starting web application '/AgendaWebJPA/login.html'
08-Jan-2021 11:18:33.745 INFORMACIÓN [http-nio-8084-exec-159] org.apache.catalina.core.ApplicationContext.log Manager: list: Listing contexts for virtual host 'localhost'
08-Jan-2021 11:18:33.766 INFORMACIÓN [http-nio-8084-exec-163] org.apache.catalina.core.ApplicationContext.log Manager: list: Listing contexts for virtual host 'localhost'
08-Jan-2021 11:18:33.798 INFORMACIÓN [http-nio-8084-exec-160] org.apache.catalina.core.ApplicationContext.log Manager: undeploy: Undeploying web application at '/AgendaWebJPA/login.html'
08-Jan-2021 11:18:34.344 INFORMACIÓN [http-nio-8084-exec-156] org.apache.catalina.core.ApplicationContext.log Manager: install: Installing context configuration at 'file:/tmp/context11049571667291173996.xml'
08-Jan-2021 11:18:35.268 INFORMACIÓN [http-nio-8084-exec-162] org.apache.catalina.core.ApplicationContext.log Manager: start: Starting web application '/AgendaWebJPA/login.html'
08-Jan-2021 11:19:04.665 INFORMACIÓN [http-nio-8084-exec-147] org.apache.catalina.core.ApplicationContext.log Manager: list: Listing contexts for virtual host 'localhost'
08-Jan-2021 11:19:04.683 INFORMACIÓN [http-nio-8084-exec-166] org.apache.catalina.core.ApplicationContext.log Manager: list: Listing contexts for virtual host 'localhost'
08-Jan-2021 11:19:04.707 INFORMACIÓN [http-nio-8084-exec-168] org.apache.catalina.core.ApplicationContext.log Manager: undeploy: Undeploying web application at '/AgendaWebJPA/login.html'
08-Jan-2021 11:19:05.234 INFORMACIÓN [http-nio-8084-exec-160] org.apache.catalina.core.ApplicationContext.log Manager: install: Installing context configuration at 'file:/tmp/context1249444226434506315.xml'
08-Jan-2021 11:19:05.984 INFORMACIÓN [http-nio-8084-exec-157] org.apache.catalina.core.ApplicationContext.log Manager: start: Starting web application '/AgendaWebJPA/login.html'
08-Jan-2021 11:19:06.071 INFORMACIÓN [http-nio-8084-exec-161] org.apache.catalina.core.ApplicationContext.log Manager: list: Listing contexts for virtual host 'localhost'
08-Jan-2021 11:19:06.100 INFORMACIÓN [http-nio-8084-exec-169] org.apache.catalina.core.ApplicationContext.log Manager: list: Listing contexts for virtual host 'localhost'
08-Jan-2021 11:19:06.132 INFORMACIÓN [http-nio-8084-exec-147] org.apache.catalina.core.ApplicationContext.log Manager: undeploy: Undeploying web application at '/AgendaWebJPA/login.html'
08-Jan-2021 11:19:06.672 INFORMACIÓN [http-nio-8084-exec-157] org.apache.catalina.core.ApplicationContext.log Manager: install: Installing context configuration at 'file:/tmp/context17773162091497873771.xml'
08-Jan-2021 11:19:07.594 INFORMACIÓN [http-nio-8084-exec-163] org.apache.catalina.core.ApplicationContext.log Manager: start: Starting web application '/AgendaWebJPA/login.html'
08-Jan-2021 11:19:43.602 INFORMACIÓN [http-nio-8084-exec-162] org.apache.catalina.core.ApplicationContext.log Manager: list: Listing contexts for virtual host 'localhost'
08-Jan-2021 11:19:43.618 INFORMACIÓN [http-nio-8084-exec-161] org.apache.catalina.core.ApplicationContext.log Manager: list: Listing contexts for virtual host 'localhost'
08-Jan-2021 11:19:43.642 INFORMACIÓN [http-nio-8084-exec-170] org.apache.catalina.core.ApplicationContext.log Manager: undeploy: Undeploying web application at '/AgendaWebJPA/login.html'
08-Jan-2021 11:19:44.175 INFORMACIÓN [http-nio-8084-exec-169] org.apache.catalina.core.ApplicationContext.log Manager: install: Installing context configuration at 'file:/tmp/context6866131343662557954.xml'
08-Jan-2021 11:19:44.930 INFORMACIÓN [http-nio-8084-exec-172] org.apache.catalina.core.ApplicationContext.log Manager: start: Starting web application '/AgendaWebJPA'
08-Jan-2021 11:19:45.031 INFORMACIÓN [http-nio-8084-exec-170] org.apache.catalina.core.ApplicationContext.log Manager: list: Listing contexts for virtual host 'localhost'
08-Jan-2021 11:19:45.061 INFORMACIÓN [http-nio-8084-exec-172] org.apache.catalina.core.ApplicationContext.log Manager: list: Listing contexts for virtual host 'localhost'
08-Jan-2021 11:19:45.096 INFORMACIÓN [http-nio-8084-exec-171] org.apache.catalina.core.ApplicationContext.log Manager: undeploy: Undeploying web application at '/AgendaWebJPA'
08-Jan-2021 11:19:45.635 INFORMACIÓN [http-nio-8084-exec-162] org.apache.catalina.core.ApplicationContext.log Manager: install: Installing context configuration at 'file:/tmp/context2873738734434775684.xml'
08-Jan-2021 11:19:46.680 INFORMACIÓN [http-nio-8084-exec-163] org.apache.catalina.core.ApplicationContext.log Manager: start: Starting web application '/AgendaWebJPA'
08-Jan-2021 11:20:32.255 INFORMACIÓN [http-nio-8084-exec-165] org.apache.catalina.core.ApplicationContext.log Manager: list: Listing contexts for virtual host 'localhost'
08-Jan-2021 11:20:32.276 INFORMACIÓN [http-nio-8084-exec-178] org.apache.catalina.core.ApplicationContext.log Manager: list: Listing contexts for virtual host 'localhost'
08-Jan-2021 11:20:32.304 INFORMACIÓN [http-nio-8084-exec-171] org.apache.catalina.core.ApplicationContext.log Manager: undeploy: Undeploying web application at '/AgendaWebJPA'
08-Jan-2021 11:20:32.846 INFORMACIÓN [http-nio-8084-exec-163] org.apache.catalina.core.ApplicationContext.log Manager: install: Installing context configuration at 'file:/tmp/context33112124502146990.xml'
08-Jan-2021 11:20:33.616 INFORMACIÓN [http-nio-8084-exec-175] org.apache.catalina.core.ApplicationContext.log Manager: start: Starting web application '/AgendaWebJPA'
08-Jan-2021 11:20:33.697 INFORMACIÓN [http-nio-8084-exec-172] org.apache.catalina.core.ApplicationContext.log Manager: list: Listing contexts for virtual host 'localhost'
08-Jan-2021 11:20:33.721 INFORMACIÓN [http-nio-8084-exec-180] org.apache.catalina.core.ApplicationContext.log Manager: list: Listing contexts for virtual host 'localhost'
08-Jan-2021 11:20:33.762 INFORMACIÓN [http-nio-8084-exec-179] org.apache.catalina.core.ApplicationContext.log Manager: undeploy: Undeploying web application at '/AgendaWebJPA'
08-Jan-2021 11:20:34.294 INFORMACIÓN [http-nio-8084-exec-180] org.apache.catalina.core.ApplicationContext.log Manager: install: Installing context configuration at 'file:/tmp/context5351524514686391866.xml'
08-Jan-2021 11:20:35.146 INFORMACIÓN [http-nio-8084-exec-175] org.apache.catalina.core.ApplicationContext.log Manager: start: Starting web application '/AgendaWebJPA'
