13-Jan-2021 16:40:21.621 INFORMACIÓN [http-nio-8084-exec-6] org.apache.catalina.core.ApplicationContext.log Manager: init: Associated with Deployer 'Catalina:type=Deployer,host=localhost'
13-Jan-2021 16:40:21.621 INFORMACIÓN [http-nio-8084-exec-6] org.apache.catalina.core.ApplicationContext.log Manager: init: Global resources are available
13-Jan-2021 16:40:21.851 INFORMACIÓN [http-nio-8084-exec-10] org.apache.catalina.core.ApplicationContext.log Manager: list: Listing contexts for virtual host 'localhost'
13-Jan-2021 16:40:21.907 INFORMACIÓN [http-nio-8084-exec-9] org.apache.catalina.core.ApplicationContext.log Manager: list: Listing contexts for virtual host 'localhost'
13-Jan-2021 16:40:21.962 INFORMACIÓN [http-nio-8084-exec-4] org.apache.catalina.core.ApplicationContext.log Manager: undeploy: Undeploying web application at '/SuperComprinJPA'
13-Jan-2021 16:40:22.572 INFORMACIÓN [http-nio-8084-exec-3] org.apache.catalina.core.ApplicationContext.log Manager: install: Installing context configuration at 'file:/tmp/context116385951506530894.xml'
13-Jan-2021 16:40:23.810 INFORMACIÓN [http-nio-8084-exec-5] org.apache.catalina.core.ApplicationContext.log Manager: start: Starting web application '/SuperComprinJPA'
13-Jan-2021 16:40:24.361 INFORMACIÓN [http-nio-8084-exec-9] org.apache.catalina.core.ApplicationContext.log Manager: list: Listing contexts for virtual host 'localhost'
13-Jan-2021 16:40:24.412 INFORMACIÓN [http-nio-8084-exec-7] org.apache.catalina.core.ApplicationContext.log Manager: list: Listing contexts for virtual host 'localhost'
13-Jan-2021 16:40:24.472 INFORMACIÓN [http-nio-8084-exec-5] org.apache.catalina.core.ApplicationContext.log Manager: undeploy: Undeploying web application at '/SuperComprinJPA'
13-Jan-2021 16:40:25.022 INFORMACIÓN [http-nio-8084-exec-2] org.apache.catalina.core.ApplicationContext.log Manager: install: Installing context configuration at 'file:/tmp/context13757124523096855620.xml'
13-Jan-2021 16:40:26.698 INFORMACIÓN [http-nio-8084-exec-1] org.apache.catalina.core.ApplicationContext.log Manager: start: Starting web application '/SuperComprinJPA'
13-Jan-2021 16:43:23.649 INFORMACIÓN [http-nio-8084-exec-19] org.apache.catalina.core.ApplicationContext.log Manager: list: Listing contexts for virtual host 'localhost'
13-Jan-2021 16:43:23.682 INFORMACIÓN [http-nio-8084-exec-15] org.apache.catalina.core.ApplicationContext.log Manager: list: Listing contexts for virtual host 'localhost'
13-Jan-2021 16:43:23.715 INFORMACIÓN [http-nio-8084-exec-13] org.apache.catalina.core.ApplicationContext.log Manager: undeploy: Undeploying web application at '/SuperComprinJPA'
13-Jan-2021 16:43:24.330 INFORMACIÓN [http-nio-8084-exec-16] org.apache.catalina.core.ApplicationContext.log Manager: install: Installing context configuration at 'file:/tmp/context8502023987759122596.xml'
13-Jan-2021 16:43:24.548 INFORMACIÓN [http-nio-8084-exec-20] org.apache.catalina.core.ApplicationContext.log Manager: list: Listing contexts for virtual host 'localhost'
13-Jan-2021 16:43:24.623 INFORMACIÓN [http-nio-8084-exec-16] org.apache.catalina.core.ApplicationContext.log Manager: list: Listing contexts for virtual host 'localhost'
13-Jan-2021 16:43:24.666 INFORMACIÓN [http-nio-8084-exec-17] org.apache.catalina.core.ApplicationContext.log Manager: undeploy: Undeploying web application at '/SuperComprinJPA'
13-Jan-2021 16:43:25.232 INFORMACIÓN [http-nio-8084-exec-21] org.apache.catalina.core.ApplicationContext.log Manager: install: Installing context configuration at 'file:/tmp/context4853567060518895740.xml'
13-Jan-2021 16:44:55.388 INFORMACIÓN [http-nio-8084-exec-25] org.apache.catalina.core.ApplicationContext.log Manager: list: Listing contexts for virtual host 'localhost'
13-Jan-2021 16:44:55.421 INFORMACIÓN [http-nio-8084-exec-21] org.apache.catalina.core.ApplicationContext.log Manager: list: Listing contexts for virtual host 'localhost'
13-Jan-2021 16:44:55.459 INFORMACIÓN [http-nio-8084-exec-15] org.apache.catalina.core.ApplicationContext.log Manager: undeploy: Undeploying web application at '/SuperComprinJPA'
13-Jan-2021 16:44:55.998 INFORMACIÓN [http-nio-8084-exec-21] org.apache.catalina.core.ApplicationContext.log Manager: install: Installing context configuration at 'file:/tmp/context4947456918530984125.xml'
13-Jan-2021 16:44:56.899 INFORMACIÓN [http-nio-8084-exec-17] org.apache.catalina.core.ApplicationContext.log Manager: start: Starting web application '/SuperComprinJPA'
13-Jan-2021 16:44:57.031 INFORMACIÓN [http-nio-8084-exec-27] org.apache.catalina.core.ApplicationContext.log Manager: list: Listing contexts for virtual host 'localhost'
13-Jan-2021 16:44:57.079 INFORMACIÓN [http-nio-8084-exec-13] org.apache.catalina.core.ApplicationContext.log Manager: list: Listing contexts for virtual host 'localhost'
13-Jan-2021 16:44:57.140 INFORMACIÓN [http-nio-8084-exec-17] org.apache.catalina.core.ApplicationContext.log Manager: undeploy: Undeploying web application at '/SuperComprinJPA'
13-Jan-2021 16:44:57.732 INFORMACIÓN [http-nio-8084-exec-26] org.apache.catalina.core.ApplicationContext.log Manager: install: Installing context configuration at 'file:/tmp/context18392039006873500914.xml'
13-Jan-2021 16:44:58.890 INFORMACIÓN [http-nio-8084-exec-27] org.apache.catalina.core.ApplicationContext.log Manager: start: Starting web application '/SuperComprinJPA'
13-Jan-2021 16:47:35.738 INFORMACIÓN [http-nio-8084-exec-28] org.apache.catalina.core.ApplicationContext.log Manager: list: Listing contexts for virtual host 'localhost'
13-Jan-2021 16:47:35.776 INFORMACIÓN [http-nio-8084-exec-36] org.apache.catalina.core.ApplicationContext.log Manager: list: Listing contexts for virtual host 'localhost'
13-Jan-2021 16:47:35.817 INFORMACIÓN [http-nio-8084-exec-35] org.apache.catalina.core.ApplicationContext.log Manager: undeploy: Undeploying web application at '/SuperComprinJPA'
13-Jan-2021 16:47:36.364 INFORMACIÓN [http-nio-8084-exec-28] org.apache.catalina.core.ApplicationContext.log Manager: install: Installing context configuration at 'file:/tmp/context844487217951482838.xml'
13-Jan-2021 16:47:37.280 INFORMACIÓN [http-nio-8084-exec-34] org.apache.catalina.core.ApplicationContext.log Manager: start: Starting web application '/SuperComprinJPA'
13-Jan-2021 16:47:37.411 INFORMACIÓN [http-nio-8084-exec-37] org.apache.catalina.core.ApplicationContext.log Manager: list: Listing contexts for virtual host 'localhost'
13-Jan-2021 16:47:37.438 INFORMACIÓN [http-nio-8084-exec-39] org.apache.catalina.core.ApplicationContext.log Manager: list: Listing contexts for virtual host 'localhost'
13-Jan-2021 16:47:37.485 INFORMACIÓN [http-nio-8084-exec-32] org.apache.catalina.core.ApplicationContext.log Manager: undeploy: Undeploying web application at '/SuperComprinJPA'
13-Jan-2021 16:47:38.050 INFORMACIÓN [http-nio-8084-exec-36] org.apache.catalina.core.ApplicationContext.log Manager: install: Installing context configuration at 'file:/tmp/context12313984091985592747.xml'
13-Jan-2021 16:47:39.351 INFORMACIÓN [http-nio-8084-exec-37] org.apache.catalina.core.ApplicationContext.log Manager: start: Starting web application '/SuperComprinJPA'
13-Jan-2021 17:08:44.300 INFORMACIÓN [http-nio-8084-exec-43] org.apache.catalina.core.ApplicationContext.log Manager: list: Listing contexts for virtual host 'localhost'
13-Jan-2021 17:08:44.335 INFORMACIÓN [http-nio-8084-exec-44] org.apache.catalina.core.ApplicationContext.log Manager: list: Listing contexts for virtual host 'localhost'
13-Jan-2021 17:08:44.372 INFORMACIÓN [http-nio-8084-exec-40] org.apache.catalina.core.ApplicationContext.log Manager: undeploy: Undeploying web application at '/SuperComprinJPA'
13-Jan-2021 17:08:44.927 INFORMACIÓN [http-nio-8084-exec-42] org.apache.catalina.core.ApplicationContext.log Manager: install: Installing context configuration at 'file:/tmp/context12751071366700264904.xml'
13-Jan-2021 17:08:45.048 INFORMACIÓN [http-nio-8084-exec-49] org.apache.catalina.core.ApplicationContext.log Manager: list: Listing contexts for virtual host 'localhost'
13-Jan-2021 17:08:45.084 INFORMACIÓN [http-nio-8084-exec-43] org.apache.catalina.core.ApplicationContext.log Manager: list: Listing contexts for virtual host 'localhost'
13-Jan-2021 17:08:45.123 INFORMACIÓN [http-nio-8084-exec-44] org.apache.catalina.core.ApplicationContext.log Manager: undeploy: Undeploying web application at '/SuperComprinJPA'
13-Jan-2021 17:08:45.663 INFORMACIÓN [http-nio-8084-exec-50] org.apache.catalina.core.ApplicationContext.log Manager: install: Installing context configuration at 'file:/tmp/context10217130929753757022.xml'
13-Jan-2021 17:09:23.765 INFORMACIÓN [http-nio-8084-exec-48] org.apache.catalina.core.ApplicationContext.log Manager: list: Listing contexts for virtual host 'localhost'
13-Jan-2021 17:09:23.791 INFORMACIÓN [http-nio-8084-exec-46] org.apache.catalina.core.ApplicationContext.log Manager: list: Listing contexts for virtual host 'localhost'
13-Jan-2021 17:09:23.816 INFORMACIÓN [http-nio-8084-exec-44] org.apache.catalina.core.ApplicationContext.log Manager: undeploy: Undeploying web application at '/SuperComprinJPA'
13-Jan-2021 17:09:24.346 INFORMACIÓN [http-nio-8084-exec-41] org.apache.catalina.core.ApplicationContext.log Manager: install: Installing context configuration at 'file:/tmp/context12510652595540491291.xml'
13-Jan-2021 17:09:24.461 INFORMACIÓN [http-nio-8084-exec-48] org.apache.catalina.core.ApplicationContext.log Manager: list: Listing contexts for virtual host 'localhost'
13-Jan-2021 17:09:24.498 INFORMACIÓN [http-nio-8084-exec-52] org.apache.catalina.core.ApplicationContext.log Manager: list: Listing contexts for virtual host 'localhost'
13-Jan-2021 17:09:24.536 INFORMACIÓN [http-nio-8084-exec-45] org.apache.catalina.core.ApplicationContext.log Manager: undeploy: Undeploying web application at '/SuperComprinJPA'
13-Jan-2021 17:09:25.086 INFORMACIÓN [http-nio-8084-exec-41] org.apache.catalina.core.ApplicationContext.log Manager: install: Installing context configuration at 'file:/tmp/context17734280350129339941.xml'
13-Jan-2021 17:09:58.308 INFORMACIÓN [http-nio-8084-exec-53] org.apache.catalina.core.ApplicationContext.log Manager: list: Listing contexts for virtual host 'localhost'
13-Jan-2021 17:09:58.335 INFORMACIÓN [http-nio-8084-exec-55] org.apache.catalina.core.ApplicationContext.log Manager: list: Listing contexts for virtual host 'localhost'
13-Jan-2021 17:09:58.361 INFORMACIÓN [http-nio-8084-exec-42] org.apache.catalina.core.ApplicationContext.log Manager: undeploy: Undeploying web application at '/SuperComprinJPA'
13-Jan-2021 17:09:58.900 INFORMACIÓN [http-nio-8084-exec-41] org.apache.catalina.core.ApplicationContext.log Manager: install: Installing context configuration at 'file:/tmp/context12148626846753551319.xml'
13-Jan-2021 17:09:59.071 INFORMACIÓN [http-nio-8084-exec-52] org.apache.catalina.core.ApplicationContext.log Manager: list: Listing contexts for virtual host 'localhost'
13-Jan-2021 17:09:59.107 INFORMACIÓN [http-nio-8084-exec-46] org.apache.catalina.core.ApplicationContext.log Manager: list: Listing contexts for virtual host 'localhost'
13-Jan-2021 17:09:59.138 INFORMACIÓN [http-nio-8084-exec-41] org.apache.catalina.core.ApplicationContext.log Manager: undeploy: Undeploying web application at '/SuperComprinJPA'
13-Jan-2021 17:09:59.673 INFORMACIÓN [http-nio-8084-exec-53] org.apache.catalina.core.ApplicationContext.log Manager: install: Installing context configuration at 'file:/tmp/context415381432320461862.xml'
13-Jan-2021 17:11:41.769 INFORMACIÓN [http-nio-8084-exec-57] org.apache.catalina.core.ApplicationContext.log Manager: list: Listing contexts for virtual host 'localhost'
13-Jan-2021 17:11:41.817 INFORMACIÓN [http-nio-8084-exec-56] org.apache.catalina.core.ApplicationContext.log Manager: list: Listing contexts for virtual host 'localhost'
13-Jan-2021 17:11:41.850 INFORMACIÓN [http-nio-8084-exec-55] org.apache.catalina.core.ApplicationContext.log Manager: undeploy: Undeploying web application at '/SuperComprinJPA'
13-Jan-2021 17:11:42.380 INFORMACIÓN [http-nio-8084-exec-46] org.apache.catalina.core.ApplicationContext.log Manager: install: Installing context configuration at 'file:/tmp/context16048999272147803134.xml'
13-Jan-2021 17:11:42.472 INFORMACIÓN [http-nio-8084-exec-59] org.apache.catalina.core.ApplicationContext.log Manager: list: Listing contexts for virtual host 'localhost'
13-Jan-2021 17:11:42.493 INFORMACIÓN [http-nio-8084-exec-55] org.apache.catalina.core.ApplicationContext.log Manager: list: Listing contexts for virtual host 'localhost'
13-Jan-2021 17:11:42.526 INFORMACIÓN [http-nio-8084-exec-53] org.apache.catalina.core.ApplicationContext.log Manager: undeploy: Undeploying web application at '/SuperComprinJPA'
13-Jan-2021 17:11:43.057 INFORMACIÓN [http-nio-8084-exec-58] org.apache.catalina.core.ApplicationContext.log Manager: install: Installing context configuration at 'file:/tmp/context9215034674095722687.xml'
13-Jan-2021 17:12:28.428 INFORMACIÓN [http-nio-8084-exec-51] org.apache.catalina.core.ApplicationContext.log Manager: list: Listing contexts for virtual host 'localhost'
13-Jan-2021 17:12:28.450 INFORMACIÓN [http-nio-8084-exec-55] org.apache.catalina.core.ApplicationContext.log Manager: list: Listing contexts for virtual host 'localhost'
13-Jan-2021 17:12:28.471 INFORMACIÓN [http-nio-8084-exec-58] org.apache.catalina.core.ApplicationContext.log Manager: undeploy: Undeploying web application at '/SuperComprinJPA'
13-Jan-2021 17:12:29.003 INFORMACIÓN [http-nio-8084-exec-61] org.apache.catalina.core.ApplicationContext.log Manager: install: Installing context configuration at 'file:/tmp/context4503595408383859033.xml'
13-Jan-2021 17:12:29.094 INFORMACIÓN [http-nio-8084-exec-60] org.apache.catalina.core.ApplicationContext.log Manager: list: Listing contexts for virtual host 'localhost'
13-Jan-2021 17:12:29.115 INFORMACIÓN [http-nio-8084-exec-51] org.apache.catalina.core.ApplicationContext.log Manager: list: Listing contexts for virtual host 'localhost'
13-Jan-2021 17:12:29.141 INFORMACIÓN [http-nio-8084-exec-56] org.apache.catalina.core.ApplicationContext.log Manager: undeploy: Undeploying web application at '/SuperComprinJPA'
13-Jan-2021 17:12:29.675 INFORMACIÓN [http-nio-8084-exec-58] org.apache.catalina.core.ApplicationContext.log Manager: install: Installing context configuration at 'file:/tmp/context2445303782910664864.xml'
13-Jan-2021 17:12:38.192 INFORMACIÓN [http-nio-8084-exec-63] org.apache.catalina.core.ApplicationContext.log Manager: list: Listing contexts for virtual host 'localhost'
13-Jan-2021 17:12:38.234 INFORMACIÓN [http-nio-8084-exec-59] org.apache.catalina.core.ApplicationContext.log Manager: undeploy: Undeploying web application at '/SuperComprinJPA'
13-Jan-2021 17:13:02.861 INFORMACIÓN [http-nio-8084-exec-64] org.apache.catalina.core.ApplicationContext.log Manager: list: Listing contexts for virtual host 'localhost'
13-Jan-2021 17:13:02.882 INFORMACIÓN [http-nio-8084-exec-65] org.apache.catalina.core.ApplicationContext.log Manager: list: Listing contexts for virtual host 'localhost'
13-Jan-2021 17:13:02.905 INFORMACIÓN [http-nio-8084-exec-51] org.apache.catalina.core.ApplicationContext.log Manager: install: Installing context configuration at 'file:/tmp/context14127404175682915266.xml'
13-Jan-2021 17:13:03.032 INFORMACIÓN [http-nio-8084-exec-52] org.apache.catalina.core.ApplicationContext.log Manager: list: Listing contexts for virtual host 'localhost'
13-Jan-2021 17:13:03.055 INFORMACIÓN [http-nio-8084-exec-65] org.apache.catalina.core.ApplicationContext.log Manager: list: Listing contexts for virtual host 'localhost'
13-Jan-2021 17:13:03.087 INFORMACIÓN [http-nio-8084-exec-46] org.apache.catalina.core.ApplicationContext.log Manager: undeploy: Undeploying web application at '/SuperComprinJPA'
13-Jan-2021 17:13:03.671 INFORMACIÓN [http-nio-8084-exec-66] org.apache.catalina.core.ApplicationContext.log Manager: install: Installing context configuration at 'file:/tmp/context5944221544411508937.xml'
13-Jan-2021 17:16:32.130 INFORMACIÓN [http-nio-8084-exec-70] org.apache.catalina.core.ApplicationContext.log Manager: list: Listing contexts for virtual host 'localhost'
13-Jan-2021 17:16:32.151 INFORMACIÓN [http-nio-8084-exec-58] org.apache.catalina.core.ApplicationContext.log Manager: list: Listing contexts for virtual host 'localhost'
13-Jan-2021 17:16:32.175 INFORMACIÓN [http-nio-8084-exec-71] org.apache.catalina.core.ApplicationContext.log Manager: undeploy: Undeploying web application at '/SuperComprinJPA'
13-Jan-2021 17:16:32.707 INFORMACIÓN [http-nio-8084-exec-69] org.apache.catalina.core.ApplicationContext.log Manager: install: Installing context configuration at 'file:/tmp/context10661335361553570704.xml'
13-Jan-2021 17:16:32.850 INFORMACIÓN [http-nio-8084-exec-58] org.apache.catalina.core.ApplicationContext.log Manager: list: Listing contexts for virtual host 'localhost'
13-Jan-2021 17:16:32.885 INFORMACIÓN [http-nio-8084-exec-70] org.apache.catalina.core.ApplicationContext.log Manager: list: Listing contexts for virtual host 'localhost'
13-Jan-2021 17:16:32.923 INFORMACIÓN [http-nio-8084-exec-66] org.apache.catalina.core.ApplicationContext.log Manager: undeploy: Undeploying web application at '/SuperComprinJPA'
13-Jan-2021 17:16:33.462 INFORMACIÓN [http-nio-8084-exec-59] org.apache.catalina.core.ApplicationContext.log Manager: install: Installing context configuration at 'file:/tmp/context8287711254567956161.xml'
13-Jan-2021 17:20:18.904 INFORMACIÓN [http-nio-8084-exec-5] org.apache.catalina.core.ApplicationContext.log Manager: init: Associated with Deployer 'Catalina:type=Deployer,host=localhost'
13-Jan-2021 17:20:18.904 INFORMACIÓN [http-nio-8084-exec-5] org.apache.catalina.core.ApplicationContext.log Manager: init: Global resources are available
13-Jan-2021 17:20:19.123 INFORMACIÓN [http-nio-8084-exec-9] org.apache.catalina.core.ApplicationContext.log Manager: list: Listing contexts for virtual host 'localhost'
13-Jan-2021 17:20:19.211 INFORMACIÓN [http-nio-8084-exec-10] org.apache.catalina.core.ApplicationContext.log Manager: list: Listing contexts for virtual host 'localhost'
13-Jan-2021 17:20:19.295 INFORMACIÓN [http-nio-8084-exec-7] org.apache.catalina.core.ApplicationContext.log Manager: undeploy: Undeploying web application at '/SuperComprinJPA'
13-Jan-2021 17:20:19.933 INFORMACIÓN [http-nio-8084-exec-5] org.apache.catalina.core.ApplicationContext.log Manager: install: Installing context configuration at 'file:/tmp/context16341178036467429737.xml'
13-Jan-2021 17:20:20.300 INFORMACIÓN [http-nio-8084-exec-10] org.apache.catalina.core.ApplicationContext.log Manager: list: Listing contexts for virtual host 'localhost'
13-Jan-2021 17:20:20.369 INFORMACIÓN [http-nio-8084-exec-2] org.apache.catalina.core.ApplicationContext.log Manager: list: Listing contexts for virtual host 'localhost'
13-Jan-2021 17:20:20.485 INFORMACIÓN [http-nio-8084-exec-5] org.apache.catalina.core.ApplicationContext.log Manager: undeploy: Undeploying web application at '/SuperComprinJPA'
13-Jan-2021 17:20:21.116 INFORMACIÓN [http-nio-8084-exec-10] org.apache.catalina.core.ApplicationContext.log Manager: install: Installing context configuration at 'file:/tmp/context11691586463401092205.xml'
13-Jan-2021 17:24:33.831 INFORMACIÓN [http-nio-8084-exec-11] org.apache.catalina.core.ApplicationContext.log Manager: list: Listing contexts for virtual host 'localhost'
13-Jan-2021 17:24:33.884 INFORMACIÓN [http-nio-8084-exec-10] org.apache.catalina.core.ApplicationContext.log Manager: list: Listing contexts for virtual host 'localhost'
13-Jan-2021 17:24:33.938 INFORMACIÓN [http-nio-8084-exec-1] org.apache.catalina.core.ApplicationContext.log Manager: undeploy: Undeploying web application at '/SuperComprinJPA'
13-Jan-2021 17:24:34.511 INFORMACIÓN [http-nio-8084-exec-15] org.apache.catalina.core.ApplicationContext.log Manager: install: Installing context configuration at 'file:/tmp/context4117849145282487729.xml'
13-Jan-2021 17:24:34.797 INFORMACIÓN [http-nio-8084-exec-10] org.apache.catalina.core.ApplicationContext.log Manager: list: Listing contexts for virtual host 'localhost'
13-Jan-2021 17:24:34.839 INFORMACIÓN [http-nio-8084-exec-16] org.apache.catalina.core.ApplicationContext.log Manager: list: Listing contexts for virtual host 'localhost'
13-Jan-2021 17:24:34.889 INFORMACIÓN [http-nio-8084-exec-14] org.apache.catalina.core.ApplicationContext.log Manager: undeploy: Undeploying web application at '/SuperComprinJPA'
13-Jan-2021 17:24:35.442 INFORMACIÓN [http-nio-8084-exec-18] org.apache.catalina.core.ApplicationContext.log Manager: install: Installing context configuration at 'file:/tmp/context10446169251232275468.xml'
13-Jan-2021 17:25:56.998 INFORMACIÓN [http-nio-8084-exec-11] org.apache.catalina.core.ApplicationContext.log Manager: list: Listing contexts for virtual host 'localhost'
13-Jan-2021 17:25:57.036 INFORMACIÓN [http-nio-8084-exec-20] org.apache.catalina.core.ApplicationContext.log Manager: undeploy: Undeploying web application at '/SuperComprinJPA'
13-Jan-2021 17:26:04.912 INFORMACIÓN [http-nio-8084-exec-18] org.apache.catalina.core.ApplicationContext.log Manager: list: Listing contexts for virtual host 'localhost'
13-Jan-2021 17:26:30.080 INFORMACIÓN [http-nio-8084-exec-14] org.apache.catalina.core.ApplicationContext.log Manager: list: Listing contexts for virtual host 'localhost'
13-Jan-2021 17:26:30.112 INFORMACIÓN [http-nio-8084-exec-11] org.apache.catalina.core.ApplicationContext.log Manager: list: Listing contexts for virtual host 'localhost'
13-Jan-2021 17:26:30.207 INFORMACIÓN [http-nio-8084-exec-23] org.apache.catalina.core.ApplicationContext.log Manager: install: Installing context configuration at 'file:/tmp/context2056206981192711292.xml'
13-Jan-2021 17:26:31.385 INFORMACIÓN [http-nio-8084-exec-18] org.apache.catalina.core.ApplicationContext.log Manager: start: Starting web application '/SuperComprinJPA'
13-Jan-2021 17:26:32.003 INFORMACIÓN [http-nio-8084-exec-11] org.apache.catalina.core.ApplicationContext.log Manager: list: Listing contexts for virtual host 'localhost'
13-Jan-2021 17:26:32.056 INFORMACIÓN [http-nio-8084-exec-10] org.apache.catalina.core.ApplicationContext.log Manager: list: Listing contexts for virtual host 'localhost'
13-Jan-2021 17:26:32.128 INFORMACIÓN [http-nio-8084-exec-26] org.apache.catalina.core.ApplicationContext.log Manager: undeploy: Undeploying web application at '/SuperComprinJPA'
13-Jan-2021 17:26:32.712 INFORMACIÓN [http-nio-8084-exec-24] org.apache.catalina.core.ApplicationContext.log Manager: install: Installing context configuration at 'file:/tmp/context17879046016873175681.xml'
13-Jan-2021 17:26:34.158 INFORMACIÓN [http-nio-8084-exec-22] org.apache.catalina.core.ApplicationContext.log Manager: start: Starting web application '/SuperComprinJPA'
13-Jan-2021 17:47:02.808 INFORMACIÓN [http-nio-8084-exec-30] org.apache.catalina.core.ApplicationContext.log Manager: list: Listing contexts for virtual host 'localhost'
13-Jan-2021 17:47:02.866 INFORMACIÓN [http-nio-8084-exec-33] org.apache.catalina.core.ApplicationContext.log Manager: undeploy: Undeploying web application at '/SuperComprinJPA'
13-Jan-2021 17:47:33.155 INFORMACIÓN [http-nio-8084-exec-37] org.apache.catalina.core.ApplicationContext.log Manager: list: Listing contexts for virtual host 'localhost'
13-Jan-2021 17:48:06.934 INFORMACIÓN [http-nio-8084-exec-30] org.apache.catalina.core.ApplicationContext.log Manager: list: Listing contexts for virtual host 'localhost'
13-Jan-2021 17:48:06.967 INFORMACIÓN [http-nio-8084-exec-27] org.apache.catalina.core.ApplicationContext.log Manager: list: Listing contexts for virtual host 'localhost'
13-Jan-2021 17:48:06.991 INFORMACIÓN [http-nio-8084-exec-38] org.apache.catalina.core.ApplicationContext.log Manager: install: Installing context configuration at 'file:/tmp/context7483044967218514498.xml'
13-Jan-2021 17:48:07.890 INFORMACIÓN [http-nio-8084-exec-39] org.apache.catalina.core.ApplicationContext.log Manager: start: Starting web application '/SuperComprinJPA'
13-Jan-2021 17:48:07.995 INFORMACIÓN [http-nio-8084-exec-41] org.apache.catalina.core.ApplicationContext.log Manager: list: Listing contexts for virtual host 'localhost'
13-Jan-2021 17:48:08.041 INFORMACIÓN [http-nio-8084-exec-37] org.apache.catalina.core.ApplicationContext.log Manager: list: Listing contexts for virtual host 'localhost'
13-Jan-2021 17:48:08.094 INFORMACIÓN [http-nio-8084-exec-29] org.apache.catalina.core.ApplicationContext.log Manager: undeploy: Undeploying web application at '/SuperComprinJPA'
13-Jan-2021 17:48:08.672 INFORMACIÓN [http-nio-8084-exec-35] org.apache.catalina.core.ApplicationContext.log Manager: install: Installing context configuration at 'file:/tmp/context10271942375776546688.xml'
13-Jan-2021 17:48:09.740 INFORMACIÓN [http-nio-8084-exec-27] org.apache.catalina.core.ApplicationContext.log Manager: start: Starting web application '/SuperComprinJPA'
13-Jan-2021 18:32:52.979 INFORMACIÓN [http-nio-8084-exec-50] org.apache.catalina.core.ApplicationContext.log Manager: list: Listing contexts for virtual host 'localhost'
13-Jan-2021 18:32:53.040 INFORMACIÓN [http-nio-8084-exec-44] org.apache.catalina.core.ApplicationContext.log Manager: undeploy: Undeploying web application at '/SuperComprinJPA'
13-Jan-2021 18:33:15.189 INFORMACIÓN [http-nio-8084-exec-51] org.apache.catalina.core.ApplicationContext.log Manager: list: Listing contexts for virtual host 'localhost'
13-Jan-2021 18:33:15.216 INFORMACIÓN [http-nio-8084-exec-47] org.apache.catalina.core.ApplicationContext.log Manager: list: Listing contexts for virtual host 'localhost'
13-Jan-2021 18:33:15.254 INFORMACIÓN [http-nio-8084-exec-54] org.apache.catalina.core.ApplicationContext.log Manager: install: Installing context configuration at 'file:/tmp/context5461848255394420701.xml'
13-Jan-2021 18:33:16.272 INFORMACIÓN [http-nio-8084-exec-53] org.apache.catalina.core.ApplicationContext.log Manager: start: Starting web application '/SuperComprinJPA'
13-Jan-2021 18:33:16.464 INFORMACIÓN [http-nio-8084-exec-54] org.apache.catalina.core.ApplicationContext.log Manager: list: Listing contexts for virtual host 'localhost'
13-Jan-2021 18:33:16.508 INFORMACIÓN [http-nio-8084-exec-51] org.apache.catalina.core.ApplicationContext.log Manager: list: Listing contexts for virtual host 'localhost'
13-Jan-2021 18:33:16.553 INFORMACIÓN [http-nio-8084-exec-47] org.apache.catalina.core.ApplicationContext.log Manager: undeploy: Undeploying web application at '/SuperComprinJPA'
13-Jan-2021 18:33:17.117 INFORMACIÓN [http-nio-8084-exec-54] org.apache.catalina.core.ApplicationContext.log Manager: install: Installing context configuration at 'file:/tmp/context7818702521623852979.xml'
13-Jan-2021 18:33:18.432 INFORMACIÓN [http-nio-8084-exec-42] org.apache.catalina.core.ApplicationContext.log Manager: start: Starting web application '/SuperComprinJPA'
13-Jan-2021 18:47:22.235 INFORMACIÓN [http-nio-8084-exec-64] org.apache.catalina.core.ApplicationContext.log Manager: list: Listing contexts for virtual host 'localhost'
13-Jan-2021 18:47:22.274 INFORMACIÓN [http-nio-8084-exec-65] org.apache.catalina.core.ApplicationContext.log Manager: undeploy: Undeploying web application at '/SuperComprinJPA'
13-Jan-2021 18:47:51.595 INFORMACIÓN [http-nio-8084-exec-61] org.apache.catalina.core.ApplicationContext.log Manager: list: Listing contexts for virtual host 'localhost'
13-Jan-2021 18:47:51.619 INFORMACIÓN [http-nio-8084-exec-57] org.apache.catalina.core.ApplicationContext.log Manager: list: Listing contexts for virtual host 'localhost'
13-Jan-2021 18:47:51.648 INFORMACIÓN [http-nio-8084-exec-62] org.apache.catalina.core.ApplicationContext.log Manager: install: Installing context configuration at 'file:/tmp/context6554426987003372818.xml'
13-Jan-2021 18:47:51.776 INFORMACIÓN [http-nio-8084-exec-67] org.apache.catalina.core.ApplicationContext.log Manager: list: Listing contexts for virtual host 'localhost'
13-Jan-2021 18:47:51.829 INFORMACIÓN [http-nio-8084-exec-68] org.apache.catalina.core.ApplicationContext.log Manager: list: Listing contexts for virtual host 'localhost'
13-Jan-2021 18:47:51.891 INFORMACIÓN [http-nio-8084-exec-64] org.apache.catalina.core.ApplicationContext.log Manager: undeploy: Undeploying web application at '/SuperComprinJPA'
13-Jan-2021 18:47:52.440 INFORMACIÓN [http-nio-8084-exec-59] org.apache.catalina.core.ApplicationContext.log Manager: install: Installing context configuration at 'file:/tmp/context2403959605951539303.xml'
13-Jan-2021 18:48:00.455 INFORMACIÓN [http-nio-8084-exec-64] org.apache.catalina.core.ApplicationContext.log Manager: list: Listing contexts for virtual host 'localhost'
13-Jan-2021 18:48:00.512 INFORMACIÓN [http-nio-8084-exec-66] org.apache.catalina.core.ApplicationContext.log Manager: undeploy: Undeploying web application at '/SuperComprinJPA'
13-Jan-2021 18:48:27.758 INFORMACIÓN [http-nio-8084-exec-61] org.apache.catalina.core.ApplicationContext.log Manager: list: Listing contexts for virtual host 'localhost'
13-Jan-2021 18:48:27.783 INFORMACIÓN [http-nio-8084-exec-61] org.apache.catalina.core.ApplicationContext.log Manager: list: Listing contexts for virtual host 'localhost'
13-Jan-2021 18:48:27.811 INFORMACIÓN [http-nio-8084-exec-66] org.apache.catalina.core.ApplicationContext.log Manager: install: Installing context configuration at 'file:/tmp/context1406217537773034416.xml'
13-Jan-2021 18:48:28.008 INFORMACIÓN [http-nio-8084-exec-60] org.apache.catalina.core.ApplicationContext.log Manager: list: Listing contexts for virtual host 'localhost'
13-Jan-2021 18:48:28.073 INFORMACIÓN [http-nio-8084-exec-59] org.apache.catalina.core.ApplicationContext.log Manager: list: Listing contexts for virtual host 'localhost'
13-Jan-2021 18:48:28.139 INFORMACIÓN [http-nio-8084-exec-66] org.apache.catalina.core.ApplicationContext.log Manager: undeploy: Undeploying web application at '/SuperComprinJPA'
13-Jan-2021 18:48:28.671 INFORMACIÓN [http-nio-8084-exec-64] org.apache.catalina.core.ApplicationContext.log Manager: install: Installing context configuration at 'file:/tmp/context1803617473645516962.xml'
13-Jan-2021 18:48:55.994 INFORMACIÓN [http-nio-8084-exec-3] org.apache.catalina.core.ApplicationContext.log Manager: init: Associated with Deployer 'Catalina:type=Deployer,host=localhost'
13-Jan-2021 18:48:55.996 INFORMACIÓN [http-nio-8084-exec-3] org.apache.catalina.core.ApplicationContext.log Manager: init: Global resources are available
13-Jan-2021 18:49:06.276 INFORMACIÓN [http-nio-8084-exec-6] org.apache.catalina.core.ApplicationContext.log Manager: list: Listing contexts for virtual host 'localhost'
13-Jan-2021 18:49:06.343 INFORMACIÓN [http-nio-8084-exec-5] org.apache.catalina.core.ApplicationContext.log Manager: undeploy: Undeploying web application at '/SuperComprinJPA'
13-Jan-2021 18:49:14.560 INFORMACIÓN [http-nio-8084-exec-1] org.apache.catalina.core.ApplicationContext.log Manager: list: Listing contexts for virtual host 'localhost'
13-Jan-2021 18:49:32.571 INFORMACIÓN [http-nio-8084-exec-3] org.apache.catalina.core.ApplicationContext.log Manager: list: Listing contexts for virtual host 'localhost'
13-Jan-2021 18:49:32.613 INFORMACIÓN [http-nio-8084-exec-12] org.apache.catalina.core.ApplicationContext.log Manager: list: Listing contexts for virtual host 'localhost'
13-Jan-2021 18:49:32.653 INFORMACIÓN [http-nio-8084-exec-2] org.apache.catalina.core.ApplicationContext.log Manager: install: Installing context configuration at 'file:/tmp/context11384570049310290530.xml'
13-Jan-2021 18:49:32.866 INFORMACIÓN [http-nio-8084-exec-3] org.apache.catalina.core.ApplicationContext.log Manager: list: Listing contexts for virtual host 'localhost'
13-Jan-2021 18:49:32.940 INFORMACIÓN [http-nio-8084-exec-9] org.apache.catalina.core.ApplicationContext.log Manager: list: Listing contexts for virtual host 'localhost'
13-Jan-2021 18:49:32.995 INFORMACIÓN [http-nio-8084-exec-2] org.apache.catalina.core.ApplicationContext.log Manager: undeploy: Undeploying web application at '/SuperComprinJPA'
13-Jan-2021 18:49:33.553 INFORMACIÓN [http-nio-8084-exec-9] org.apache.catalina.core.ApplicationContext.log Manager: install: Installing context configuration at 'file:/tmp/context8447803832348160181.xml'
13-Jan-2021 18:50:17.853 INFORMACIÓN [http-nio-8084-exec-1] org.apache.catalina.core.ApplicationContext.log Manager: list: Listing contexts for virtual host 'localhost'
13-Jan-2021 18:50:17.890 INFORMACIÓN [http-nio-8084-exec-15] org.apache.catalina.core.ApplicationContext.log Manager: list: Listing contexts for virtual host 'localhost'
13-Jan-2021 18:50:17.914 INFORMACIÓN [http-nio-8084-exec-3] org.apache.catalina.core.ApplicationContext.log Manager: undeploy: Undeploying web application at '/SuperComprinJPA'
13-Jan-2021 18:50:18.460 INFORMACIÓN [http-nio-8084-exec-13] org.apache.catalina.core.ApplicationContext.log Manager: install: Installing context configuration at 'file:/tmp/context12532505861267662000.xml'
13-Jan-2021 18:50:18.573 INFORMACIÓN [http-nio-8084-exec-9] org.apache.catalina.core.ApplicationContext.log Manager: list: Listing contexts for virtual host 'localhost'
13-Jan-2021 18:50:18.598 INFORMACIÓN [http-nio-8084-exec-13] org.apache.catalina.core.ApplicationContext.log Manager: list: Listing contexts for virtual host 'localhost'
13-Jan-2021 18:50:18.628 INFORMACIÓN [http-nio-8084-exec-11] org.apache.catalina.core.ApplicationContext.log Manager: undeploy: Undeploying web application at '/SuperComprinJPA'
13-Jan-2021 18:50:19.184 INFORMACIÓN [http-nio-8084-exec-3] org.apache.catalina.core.ApplicationContext.log Manager: install: Installing context configuration at 'file:/tmp/context10729118247043524164.xml'
13-Jan-2021 18:51:22.409 INFORMACIÓN [http-nio-8084-exec-16] org.apache.catalina.core.ApplicationContext.log Manager: list: Listing contexts for virtual host 'localhost'
13-Jan-2021 18:51:22.435 INFORMACIÓN [http-nio-8084-exec-13] org.apache.catalina.core.ApplicationContext.log Manager: list: Listing contexts for virtual host 'localhost'
13-Jan-2021 18:51:22.462 INFORMACIÓN [http-nio-8084-exec-3] org.apache.catalina.core.ApplicationContext.log Manager: undeploy: Undeploying web application at '/SuperComprinJPA'
13-Jan-2021 18:51:23.002 INFORMACIÓN [http-nio-8084-exec-10] org.apache.catalina.core.ApplicationContext.log Manager: install: Installing context configuration at 'file:/tmp/context18430694562079476482.xml'
13-Jan-2021 18:51:23.180 INFORMACIÓN [http-nio-8084-exec-17] org.apache.catalina.core.ApplicationContext.log Manager: list: Listing contexts for virtual host 'localhost'
13-Jan-2021 18:51:23.237 INFORMACIÓN [http-nio-8084-exec-10] org.apache.catalina.core.ApplicationContext.log Manager: list: Listing contexts for virtual host 'localhost'
13-Jan-2021 18:51:23.323 INFORMACIÓN [http-nio-8084-exec-15] org.apache.catalina.core.ApplicationContext.log Manager: undeploy: Undeploying web application at '/SuperComprinJPA'
13-Jan-2021 18:51:23.878 INFORMACIÓN [http-nio-8084-exec-10] org.apache.catalina.core.ApplicationContext.log Manager: install: Installing context configuration at 'file:/tmp/context2214743552382688926.xml'
13-Jan-2021 18:52:14.169 INFORMACIÓN [http-nio-8084-exec-10] org.apache.catalina.core.ApplicationContext.log Manager: list: Listing contexts for virtual host 'localhost'
13-Jan-2021 18:52:14.225 INFORMACIÓN [http-nio-8084-exec-23] org.apache.catalina.core.ApplicationContext.log Manager: undeploy: Undeploying web application at '/SuperComprinJPA'
13-Jan-2021 18:52:37.678 INFORMACIÓN [http-nio-8084-exec-17] org.apache.catalina.core.ApplicationContext.log Manager: list: Listing contexts for virtual host 'localhost'
13-Jan-2021 18:52:37.711 INFORMACIÓN [http-nio-8084-exec-23] org.apache.catalina.core.ApplicationContext.log Manager: list: Listing contexts for virtual host 'localhost'
13-Jan-2021 18:52:37.754 INFORMACIÓN [http-nio-8084-exec-13] org.apache.catalina.core.ApplicationContext.log Manager: install: Installing context configuration at 'file:/tmp/context9030286162095623091.xml'
13-Jan-2021 18:52:39.216 INFORMACIÓN [http-nio-8084-exec-18] org.apache.catalina.core.ApplicationContext.log Manager: start: Starting web application '/SuperComprinJPA'
13-Jan-2021 18:52:39.377 INFORMACIÓN [http-nio-8084-exec-23] org.apache.catalina.core.ApplicationContext.log Manager: list: Listing contexts for virtual host 'localhost'
13-Jan-2021 18:52:39.419 INFORMACIÓN [http-nio-8084-exec-24] org.apache.catalina.core.ApplicationContext.log Manager: list: Listing contexts for virtual host 'localhost'
13-Jan-2021 18:52:39.465 INFORMACIÓN [http-nio-8084-exec-16] org.apache.catalina.core.ApplicationContext.log Manager: undeploy: Undeploying web application at '/SuperComprinJPA'
13-Jan-2021 18:52:40.047 INFORMACIÓN [http-nio-8084-exec-21] org.apache.catalina.core.ApplicationContext.log Manager: install: Installing context configuration at 'file:/tmp/context149772449109701614.xml'
13-Jan-2021 18:52:41.426 INFORMACIÓN [http-nio-8084-exec-26] org.apache.catalina.core.ApplicationContext.log Manager: start: Starting web application '/SuperComprinJPA'
13-Jan-2021 18:56:29.528 INFORMACIÓN [http-nio-8084-exec-33] org.apache.catalina.core.ApplicationContext.log Manager: list: Listing contexts for virtual host 'localhost'
13-Jan-2021 18:56:29.556 INFORMACIÓN [http-nio-8084-exec-32] org.apache.catalina.core.ApplicationContext.log Manager: list: Listing contexts for virtual host 'localhost'
13-Jan-2021 18:56:29.584 INFORMACIÓN [http-nio-8084-exec-31] org.apache.catalina.core.ApplicationContext.log Manager: undeploy: Undeploying web application at '/SuperComprinJPA'
13-Jan-2021 18:56:30.140 INFORMACIÓN [http-nio-8084-exec-27] org.apache.catalina.core.ApplicationContext.log Manager: install: Installing context configuration at 'file:/tmp/context13366749343191500001.xml'
13-Jan-2021 18:56:30.324 INFORMACIÓN [http-nio-8084-exec-28] org.apache.catalina.core.ApplicationContext.log Manager: list: Listing contexts for virtual host 'localhost'
13-Jan-2021 18:56:30.383 INFORMACIÓN [http-nio-8084-exec-29] org.apache.catalina.core.ApplicationContext.log Manager: list: Listing contexts for virtual host 'localhost'
13-Jan-2021 18:56:30.447 INFORMACIÓN [http-nio-8084-exec-34] org.apache.catalina.core.ApplicationContext.log Manager: undeploy: Undeploying web application at '/SuperComprinJPA'
13-Jan-2021 18:56:30.991 INFORMACIÓN [http-nio-8084-exec-32] org.apache.catalina.core.ApplicationContext.log Manager: install: Installing context configuration at 'file:/tmp/context3066699915254415218.xml'
13-Jan-2021 18:57:05.686 INFORMACIÓN [http-nio-8084-exec-32] org.apache.catalina.core.ApplicationContext.log Manager: list: Listing contexts for virtual host 'localhost'
13-Jan-2021 18:57:05.750 INFORMACIÓN [http-nio-8084-exec-36] org.apache.catalina.core.ApplicationContext.log Manager: undeploy: Undeploying web application at '/SuperComprinJPA'
13-Jan-2021 18:57:26.833 INFORMACIÓN [http-nio-8084-exec-38] org.apache.catalina.core.ApplicationContext.log Manager: list: Listing contexts for virtual host 'localhost'
13-Jan-2021 18:57:26.862 INFORMACIÓN [http-nio-8084-exec-37] org.apache.catalina.core.ApplicationContext.log Manager: list: Listing contexts for virtual host 'localhost'
13-Jan-2021 18:57:26.897 INFORMACIÓN [http-nio-8084-exec-37] org.apache.catalina.core.ApplicationContext.log Manager: install: Installing context configuration at 'file:/tmp/context9356726334334551494.xml'
13-Jan-2021 18:57:27.905 INFORMACIÓN [http-nio-8084-exec-29] org.apache.catalina.core.ApplicationContext.log Manager: start: Starting web application '/SuperComprinJPA'
13-Jan-2021 18:57:28.049 INFORMACIÓN [http-nio-8084-exec-32] org.apache.catalina.core.ApplicationContext.log Manager: list: Listing contexts for virtual host 'localhost'
13-Jan-2021 18:57:28.099 INFORMACIÓN [http-nio-8084-exec-29] org.apache.catalina.core.ApplicationContext.log Manager: list: Listing contexts for virtual host 'localhost'
13-Jan-2021 18:57:28.148 INFORMACIÓN [http-nio-8084-exec-38] org.apache.catalina.core.ApplicationContext.log Manager: undeploy: Undeploying web application at '/SuperComprinJPA'
13-Jan-2021 18:57:28.699 INFORMACIÓN [http-nio-8084-exec-34] org.apache.catalina.core.ApplicationContext.log Manager: install: Installing context configuration at 'file:/tmp/context6718878397380362316.xml'
13-Jan-2021 18:57:29.930 INFORMACIÓN [http-nio-8084-exec-36] org.apache.catalina.core.ApplicationContext.log Manager: start: Starting web application '/SuperComprinJPA'
13-Jan-2021 19:55:09.425 INFORMACIÓN [http-nio-8084-exec-42] org.apache.catalina.core.ApplicationContext.log Manager: list: Listing contexts for virtual host 'localhost'
13-Jan-2021 19:55:09.454 INFORMACIÓN [http-nio-8084-exec-43] org.apache.catalina.core.ApplicationContext.log Manager: list: Listing contexts for virtual host 'localhost'
13-Jan-2021 19:55:09.484 INFORMACIÓN [http-nio-8084-exec-46] org.apache.catalina.core.ApplicationContext.log Manager: undeploy: Undeploying web application at '/SuperComprinJPA'
13-Jan-2021 19:55:10.038 INFORMACIÓN [http-nio-8084-exec-47] org.apache.catalina.core.ApplicationContext.log Manager: install: Installing context configuration at 'file:/tmp/context2946239416737279984.xml'
13-Jan-2021 19:55:10.897 INFORMACIÓN [http-nio-8084-exec-43] org.apache.catalina.core.ApplicationContext.log Manager: start: Starting web application '/SuperComprinJPA'
13-Jan-2021 19:55:11.000 INFORMACIÓN [http-nio-8084-exec-47] org.apache.catalina.core.ApplicationContext.log Manager: list: Listing contexts for virtual host 'localhost'
13-Jan-2021 19:55:11.039 INFORMACIÓN [http-nio-8084-exec-49] org.apache.catalina.core.ApplicationContext.log Manager: list: Listing contexts for virtual host 'localhost'
13-Jan-2021 19:55:11.078 INFORMACIÓN [http-nio-8084-exec-50] org.apache.catalina.core.ApplicationContext.log Manager: undeploy: Undeploying web application at '/SuperComprinJPA'
13-Jan-2021 19:55:11.666 INFORMACIÓN [http-nio-8084-exec-49] org.apache.catalina.core.ApplicationContext.log Manager: install: Installing context configuration at 'file:/tmp/context15887752111206929654.xml'
13-Jan-2021 19:55:12.716 INFORMACIÓN [http-nio-8084-exec-44] org.apache.catalina.core.ApplicationContext.log Manager: start: Starting web application '/SuperComprinJPA'
13-Jan-2021 21:20:20.859 INFORMACIÓN [http-nio-8084-exec-56] org.apache.catalina.core.ApplicationContext.log Manager: list: Listing contexts for virtual host 'localhost'
13-Jan-2021 21:20:20.933 INFORMACIÓN [http-nio-8084-exec-59] org.apache.catalina.core.ApplicationContext.log Manager: undeploy: Undeploying web application at '/SuperComprinJPA'
13-Jan-2021 21:20:39.912 INFORMACIÓN [http-nio-8084-exec-58] org.apache.catalina.core.ApplicationContext.log Manager: list: Listing contexts for virtual host 'localhost'
13-Jan-2021 21:20:39.931 INFORMACIÓN [http-nio-8084-exec-64] org.apache.catalina.core.ApplicationContext.log Manager: list: Listing contexts for virtual host 'localhost'
13-Jan-2021 21:20:39.956 INFORMACIÓN [http-nio-8084-exec-57] org.apache.catalina.core.ApplicationContext.log Manager: install: Installing context configuration at 'file:/tmp/context16129793057066320062.xml'
13-Jan-2021 21:20:40.907 INFORMACIÓN [http-nio-8084-exec-54] org.apache.catalina.core.ApplicationContext.log Manager: start: Starting web application '/SuperComprinJPA'
13-Jan-2021 21:20:41.023 INFORMACIÓN [http-nio-8084-exec-60] org.apache.catalina.core.ApplicationContext.log Manager: list: Listing contexts for virtual host 'localhost'
13-Jan-2021 21:20:41.060 INFORMACIÓN [http-nio-8084-exec-61] org.apache.catalina.core.ApplicationContext.log Manager: list: Listing contexts for virtual host 'localhost'
13-Jan-2021 21:20:41.125 INFORMACIÓN [http-nio-8084-exec-58] org.apache.catalina.core.ApplicationContext.log Manager: undeploy: Undeploying web application at '/SuperComprinJPA'
13-Jan-2021 21:20:41.679 INFORMACIÓN [http-nio-8084-exec-62] org.apache.catalina.core.ApplicationContext.log Manager: install: Installing context configuration at 'file:/tmp/context15736667226494346860.xml'
13-Jan-2021 21:20:42.868 INFORMACIÓN [http-nio-8084-exec-54] org.apache.catalina.core.ApplicationContext.log Manager: start: Starting web application '/SuperComprinJPA'
13-Jan-2021 21:25:38.412 INFORMACIÓN [http-nio-8084-exec-72] org.apache.catalina.core.ApplicationContext.log Manager: list: Listing contexts for virtual host 'localhost'
13-Jan-2021 21:25:38.482 INFORMACIÓN [http-nio-8084-exec-76] org.apache.catalina.core.ApplicationContext.log Manager: undeploy: Undeploying web application at '/SuperComprinJPA'
13-Jan-2021 21:25:56.746 INFORMACIÓN [http-nio-8084-exec-68] org.apache.catalina.core.ApplicationContext.log Manager: list: Listing contexts for virtual host 'localhost'
13-Jan-2021 21:25:56.770 INFORMACIÓN [http-nio-8084-exec-73] org.apache.catalina.core.ApplicationContext.log Manager: list: Listing contexts for virtual host 'localhost'
13-Jan-2021 21:25:56.792 INFORMACIÓN [http-nio-8084-exec-78] org.apache.catalina.core.ApplicationContext.log Manager: install: Installing context configuration at 'file:/tmp/context17868020139029188495.xml'
13-Jan-2021 21:25:57.590 INFORMACIÓN [http-nio-8084-exec-74] org.apache.catalina.core.ApplicationContext.log Manager: start: Starting web application '/SuperComprinJPA'
13-Jan-2021 21:25:57.693 INFORMACIÓN [http-nio-8084-exec-69] org.apache.catalina.core.ApplicationContext.log Manager: list: Listing contexts for virtual host 'localhost'
13-Jan-2021 21:25:57.723 INFORMACIÓN [http-nio-8084-exec-75] org.apache.catalina.core.ApplicationContext.log Manager: list: Listing contexts for virtual host 'localhost'
13-Jan-2021 21:25:57.755 INFORMACIÓN [http-nio-8084-exec-70] org.apache.catalina.core.ApplicationContext.log Manager: undeploy: Undeploying web application at '/SuperComprinJPA'
13-Jan-2021 21:25:58.321 INFORMACIÓN [http-nio-8084-exec-73] org.apache.catalina.core.ApplicationContext.log Manager: install: Installing context configuration at 'file:/tmp/context17699520264372257798.xml'
13-Jan-2021 21:25:59.206 INFORMACIÓN [http-nio-8084-exec-68] org.apache.catalina.core.ApplicationContext.log Manager: start: Starting web application '/SuperComprinJPA'
13-Jan-2021 21:31:13.285 INFORMACIÓN [http-nio-8084-exec-87] org.apache.catalina.core.ApplicationContext.log Manager: list: Listing contexts for virtual host 'localhost'
13-Jan-2021 21:31:13.344 INFORMACIÓN [http-nio-8084-exec-89] org.apache.catalina.core.ApplicationContext.log Manager: undeploy: Undeploying web application at '/SuperComprinJPA'
13-Jan-2021 21:31:35.866 INFORMACIÓN [http-nio-8084-exec-91] org.apache.catalina.core.ApplicationContext.log Manager: list: Listing contexts for virtual host 'localhost'
13-Jan-2021 21:31:35.886 INFORMACIÓN [http-nio-8084-exec-88] org.apache.catalina.core.ApplicationContext.log Manager: list: Listing contexts for virtual host 'localhost'
13-Jan-2021 21:31:35.915 INFORMACIÓN [http-nio-8084-exec-83] org.apache.catalina.core.ApplicationContext.log Manager: install: Installing context configuration at 'file:/tmp/context13866138979872129678.xml'
13-Jan-2021 21:31:36.678 INFORMACIÓN [http-nio-8084-exec-81] org.apache.catalina.core.ApplicationContext.log Manager: start: Starting web application '/SuperComprinJPA'
13-Jan-2021 21:31:36.765 INFORMACIÓN [http-nio-8084-exec-90] org.apache.catalina.core.ApplicationContext.log Manager: list: Listing contexts for virtual host 'localhost'
13-Jan-2021 21:31:36.787 INFORMACIÓN [http-nio-8084-exec-81] org.apache.catalina.core.ApplicationContext.log Manager: list: Listing contexts for virtual host 'localhost'
13-Jan-2021 21:31:36.825 INFORMACIÓN [http-nio-8084-exec-92] org.apache.catalina.core.ApplicationContext.log Manager: undeploy: Undeploying web application at '/SuperComprinJPA'
13-Jan-2021 21:31:37.384 INFORMACIÓN [http-nio-8084-exec-91] org.apache.catalina.core.ApplicationContext.log Manager: install: Installing context configuration at 'file:/tmp/context347969928190354193.xml'
13-Jan-2021 21:31:38.559 INFORMACIÓN [http-nio-8084-exec-90] org.apache.catalina.core.ApplicationContext.log Manager: start: Starting web application '/SuperComprinJPA'
13-Jan-2021 21:32:25.367 INFORMACIÓN [http-nio-8084-exec-95] org.apache.catalina.core.ApplicationContext.log Manager: list: Listing contexts for virtual host 'localhost'
13-Jan-2021 21:32:25.389 INFORMACIÓN [http-nio-8084-exec-94] org.apache.catalina.core.ApplicationContext.log Manager: list: Listing contexts for virtual host 'localhost'
13-Jan-2021 21:32:25.440 INFORMACIÓN [http-nio-8084-exec-97] org.apache.catalina.core.ApplicationContext.log Manager: undeploy: Undeploying web application at '/SuperComprinJPA'
13-Jan-2021 21:32:25.985 INFORMACIÓN [http-nio-8084-exec-91] org.apache.catalina.core.ApplicationContext.log Manager: install: Installing context configuration at 'file:/tmp/context13259143099552421729.xml'
13-Jan-2021 21:32:26.780 INFORMACIÓN [http-nio-8084-exec-94] org.apache.catalina.core.ApplicationContext.log Manager: start: Starting web application '/SuperComprinJPA'
13-Jan-2021 21:32:26.894 INFORMACIÓN [http-nio-8084-exec-88] org.apache.catalina.core.ApplicationContext.log Manager: list: Listing contexts for virtual host 'localhost'
13-Jan-2021 21:32:26.921 INFORMACIÓN [http-nio-8084-exec-96] org.apache.catalina.core.ApplicationContext.log Manager: list: Listing contexts for virtual host 'localhost'
13-Jan-2021 21:32:26.963 INFORMACIÓN [http-nio-8084-exec-97] org.apache.catalina.core.ApplicationContext.log Manager: undeploy: Undeploying web application at '/SuperComprinJPA'
13-Jan-2021 21:32:27.520 INFORMACIÓN [http-nio-8084-exec-98] org.apache.catalina.core.ApplicationContext.log Manager: install: Installing context configuration at 'file:/tmp/context16724893715311172345.xml'
13-Jan-2021 21:32:28.459 INFORMACIÓN [http-nio-8084-exec-90] org.apache.catalina.core.ApplicationContext.log Manager: start: Starting web application '/SuperComprinJPA'
13-Jan-2021 21:33:39.417 INFORMACIÓN [http-nio-8084-exec-95] org.apache.catalina.core.ApplicationContext.log Manager: list: Listing contexts for virtual host 'localhost'
13-Jan-2021 21:33:39.443 INFORMACIÓN [http-nio-8084-exec-85] org.apache.catalina.core.ApplicationContext.log Manager: list: Listing contexts for virtual host 'localhost'
13-Jan-2021 21:33:39.469 INFORMACIÓN [http-nio-8084-exec-103] org.apache.catalina.core.ApplicationContext.log Manager: undeploy: Undeploying web application at '/SuperComprinJPA'
13-Jan-2021 21:33:40.006 INFORMACIÓN [http-nio-8084-exec-105] org.apache.catalina.core.ApplicationContext.log Manager: install: Installing context configuration at 'file:/tmp/context10444208055071630766.xml'
13-Jan-2021 21:33:40.764 INFORMACIÓN [http-nio-8084-exec-100] org.apache.catalina.core.ApplicationContext.log Manager: start: Starting web application '/SuperComprinJPA'
13-Jan-2021 21:33:40.859 INFORMACIÓN [http-nio-8084-exec-103] org.apache.catalina.core.ApplicationContext.log Manager: list: Listing contexts for virtual host 'localhost'
13-Jan-2021 21:33:40.892 INFORMACIÓN [http-nio-8084-exec-97] org.apache.catalina.core.ApplicationContext.log Manager: list: Listing contexts for virtual host 'localhost'
13-Jan-2021 21:33:40.936 INFORMACIÓN [http-nio-8084-exec-104] org.apache.catalina.core.ApplicationContext.log Manager: undeploy: Undeploying web application at '/SuperComprinJPA'
13-Jan-2021 21:33:41.493 INFORMACIÓN [http-nio-8084-exec-101] org.apache.catalina.core.ApplicationContext.log Manager: install: Installing context configuration at 'file:/tmp/context6253124018350177732.xml'
13-Jan-2021 21:33:42.662 INFORMACIÓN [http-nio-8084-exec-103] org.apache.catalina.core.ApplicationContext.log Manager: start: Starting web application '/SuperComprinJPA'
13-Jan-2021 21:35:00.405 INFORMACIÓN [http-nio-8084-exec-103] org.apache.catalina.core.ApplicationContext.log Manager: list: Listing contexts for virtual host 'localhost'
13-Jan-2021 21:35:00.434 INFORMACIÓN [http-nio-8084-exec-107] org.apache.catalina.core.ApplicationContext.log Manager: undeploy: Undeploying web application at '/SuperComprinJPA'
13-Jan-2021 21:35:22.497 INFORMACIÓN [http-nio-8084-exec-107] org.apache.catalina.core.ApplicationContext.log Manager: list: Listing contexts for virtual host 'localhost'
13-Jan-2021 21:35:42.605 INFORMACIÓN [http-nio-8084-exec-103] org.apache.catalina.core.ApplicationContext.log Manager: list: Listing contexts for virtual host 'localhost'
13-Jan-2021 21:35:42.624 INFORMACIÓN [http-nio-8084-exec-115] org.apache.catalina.core.ApplicationContext.log Manager: list: Listing contexts for virtual host 'localhost'
13-Jan-2021 21:35:42.650 INFORMACIÓN [http-nio-8084-exec-112] org.apache.catalina.core.ApplicationContext.log Manager: install: Installing context configuration at 'file:/tmp/context5938581035289577706.xml'
13-Jan-2021 21:35:43.494 INFORMACIÓN [http-nio-8084-exec-116] org.apache.catalina.core.ApplicationContext.log Manager: start: Starting web application '/SuperComprinJPA'
13-Jan-2021 21:35:43.710 INFORMACIÓN [http-nio-8084-exec-109] org.apache.catalina.core.ApplicationContext.log Manager: list: Listing contexts for virtual host 'localhost'
13-Jan-2021 21:35:43.731 INFORMACIÓN [http-nio-8084-exec-117] org.apache.catalina.core.ApplicationContext.log Manager: list: Listing contexts for virtual host 'localhost'
13-Jan-2021 21:35:43.770 INFORMACIÓN [http-nio-8084-exec-118] org.apache.catalina.core.ApplicationContext.log Manager: undeploy: Undeploying web application at '/SuperComprinJPA'
13-Jan-2021 21:35:44.383 INFORMACIÓN [http-nio-8084-exec-117] org.apache.catalina.core.ApplicationContext.log Manager: install: Installing context configuration at 'file:/tmp/context17309014585656255607.xml'
13-Jan-2021 21:35:45.538 INFORMACIÓN [http-nio-8084-exec-112] org.apache.catalina.core.ApplicationContext.log Manager: start: Starting web application '/SuperComprinJPA'
13-Jan-2021 21:37:35.055 INFORMACIÓN [http-nio-8084-exec-119] org.apache.catalina.core.ApplicationContext.log Manager: list: Listing contexts for virtual host 'localhost'
13-Jan-2021 21:37:35.074 INFORMACIÓN [http-nio-8084-exec-121] org.apache.catalina.core.ApplicationContext.log Manager: list: Listing contexts for virtual host 'localhost'
13-Jan-2021 21:37:35.094 INFORMACIÓN [http-nio-8084-exec-122] org.apache.catalina.core.ApplicationContext.log Manager: undeploy: Undeploying web application at '/SuperComprinJPA'
13-Jan-2021 21:37:35.635 INFORMACIÓN [http-nio-8084-exec-127] org.apache.catalina.core.ApplicationContext.log Manager: install: Installing context configuration at 'file:/tmp/context17486552513986713148.xml'
13-Jan-2021 21:37:36.399 INFORMACIÓN [http-nio-8084-exec-120] org.apache.catalina.core.ApplicationContext.log Manager: start: Starting web application '/SuperComprinJPA'
13-Jan-2021 21:37:36.500 INFORMACIÓN [http-nio-8084-exec-129] org.apache.catalina.core.ApplicationContext.log Manager: list: Listing contexts for virtual host 'localhost'
13-Jan-2021 21:37:36.538 INFORMACIÓN [http-nio-8084-exec-125] org.apache.catalina.core.ApplicationContext.log Manager: list: Listing contexts for virtual host 'localhost'
13-Jan-2021 21:37:36.573 INFORMACIÓN [http-nio-8084-exec-120] org.apache.catalina.core.ApplicationContext.log Manager: undeploy: Undeploying web application at '/SuperComprinJPA'
13-Jan-2021 21:37:37.133 INFORMACIÓN [http-nio-8084-exec-123] org.apache.catalina.core.ApplicationContext.log Manager: install: Installing context configuration at 'file:/tmp/context17066425805791520881.xml'
13-Jan-2021 21:37:38.289 INFORMACIÓN [http-nio-8084-exec-121] org.apache.catalina.core.ApplicationContext.log Manager: start: Starting web application '/SuperComprinJPA'
13-Jan-2021 21:56:15.522 INFORMACIÓN [http-nio-8084-exec-132] org.apache.catalina.core.ApplicationContext.log Manager: list: Listing contexts for virtual host 'localhost'
13-Jan-2021 21:56:15.549 INFORMACIÓN [http-nio-8084-exec-134] org.apache.catalina.core.ApplicationContext.log Manager: list: Listing contexts for virtual host 'localhost'
13-Jan-2021 21:56:15.576 INFORMACIÓN [http-nio-8084-exec-130] org.apache.catalina.core.ApplicationContext.log Manager: undeploy: Undeploying web application at '/SuperComprinJPA'
13-Jan-2021 21:56:16.121 INFORMACIÓN [http-nio-8084-exec-138] org.apache.catalina.core.ApplicationContext.log Manager: install: Installing context configuration at 'file:/tmp/context8728267768011564268.xml'
13-Jan-2021 21:56:16.890 INFORMACIÓN [http-nio-8084-exec-133] org.apache.catalina.core.ApplicationContext.log Manager: start: Starting web application '/SuperComprinJPA'
13-Jan-2021 21:56:16.962 INFORMACIÓN [http-nio-8084-exec-132] org.apache.catalina.core.ApplicationContext.log Manager: list: Listing contexts for virtual host 'localhost'
13-Jan-2021 21:56:16.991 INFORMACIÓN [http-nio-8084-exec-139] org.apache.catalina.core.ApplicationContext.log Manager: list: Listing contexts for virtual host 'localhost'
13-Jan-2021 21:56:17.046 INFORMACIÓN [http-nio-8084-exec-140] org.apache.catalina.core.ApplicationContext.log Manager: undeploy: Undeploying web application at '/SuperComprinJPA'
13-Jan-2021 21:56:17.592 INFORMACIÓN [http-nio-8084-exec-137] org.apache.catalina.core.ApplicationContext.log Manager: install: Installing context configuration at 'file:/tmp/context18437746273897518985.xml'
13-Jan-2021 21:56:18.464 INFORMACIÓN [http-nio-8084-exec-132] org.apache.catalina.core.ApplicationContext.log Manager: start: Starting web application '/SuperComprinJPA'
13-Jan-2021 22:01:10.588 INFORMACIÓN [http-nio-8084-exec-149] org.apache.catalina.core.ApplicationContext.log Manager: list: Listing contexts for virtual host 'localhost'
13-Jan-2021 22:01:10.632 INFORMACIÓN [http-nio-8084-exec-142] org.apache.catalina.core.ApplicationContext.log Manager: undeploy: Undeploying web application at '/SuperComprinJPA'
13-Jan-2021 22:03:11.079 INFORMACIÓN [http-nio-8084-exec-148] org.apache.catalina.core.ApplicationContext.log Manager: list: Listing contexts for virtual host 'localhost'
13-Jan-2021 22:03:11.097 INFORMACIÓN [http-nio-8084-exec-154] org.apache.catalina.core.ApplicationContext.log Manager: list: Listing contexts for virtual host 'localhost'
13-Jan-2021 22:03:11.123 INFORMACIÓN [http-nio-8084-exec-152] org.apache.catalina.core.ApplicationContext.log Manager: install: Installing context configuration at 'file:/tmp/context15634358952698855275.xml'
13-Jan-2021 22:03:11.946 INFORMACIÓN [http-nio-8084-exec-143] org.apache.catalina.core.ApplicationContext.log Manager: start: Starting web application '/SuperComprinJPA'
13-Jan-2021 22:03:12.040 INFORMACIÓN [http-nio-8084-exec-146] org.apache.catalina.core.ApplicationContext.log Manager: list: Listing contexts for virtual host 'localhost'
13-Jan-2021 22:03:12.062 INFORMACIÓN [http-nio-8084-exec-143] org.apache.catalina.core.ApplicationContext.log Manager: list: Listing contexts for virtual host 'localhost'
13-Jan-2021 22:03:12.090 INFORMACIÓN [http-nio-8084-exec-154] org.apache.catalina.core.ApplicationContext.log Manager: undeploy: Undeploying web application at '/SuperComprinJPA'
13-Jan-2021 22:03:12.641 INFORMACIÓN [http-nio-8084-exec-151] org.apache.catalina.core.ApplicationContext.log Manager: install: Installing context configuration at 'file:/tmp/context4449119405301341307.xml'
13-Jan-2021 22:03:13.774 INFORMACIÓN [http-nio-8084-exec-151] org.apache.catalina.core.ApplicationContext.log Manager: start: Starting web application '/SuperComprinJPA'
13-Jan-2021 22:09:21.501 INFORMACIÓN [http-nio-8084-exec-157] org.apache.catalina.core.ApplicationContext.log Manager: list: Listing contexts for virtual host 'localhost'
13-Jan-2021 22:09:21.518 INFORMACIÓN [http-nio-8084-exec-160] org.apache.catalina.core.ApplicationContext.log Manager: list: Listing contexts for virtual host 'localhost'
13-Jan-2021 22:09:21.539 INFORMACIÓN [http-nio-8084-exec-161] org.apache.catalina.core.ApplicationContext.log Manager: undeploy: Undeploying web application at '/SuperComprinJPA'
13-Jan-2021 22:09:22.076 INFORMACIÓN [http-nio-8084-exec-162] org.apache.catalina.core.ApplicationContext.log Manager: install: Installing context configuration at 'file:/tmp/context5909588148656400439.xml'
13-Jan-2021 22:09:22.839 INFORMACIÓN [http-nio-8084-exec-157] org.apache.catalina.core.ApplicationContext.log Manager: start: Starting web application '/SuperComprinJPA'
13-Jan-2021 22:09:22.914 INFORMACIÓN [http-nio-8084-exec-156] org.apache.catalina.core.ApplicationContext.log Manager: list: Listing contexts for virtual host 'localhost'
13-Jan-2021 22:09:22.941 INFORMACIÓN [http-nio-8084-exec-157] org.apache.catalina.core.ApplicationContext.log Manager: list: Listing contexts for virtual host 'localhost'
13-Jan-2021 22:09:22.971 INFORMACIÓN [http-nio-8084-exec-164] org.apache.catalina.core.ApplicationContext.log Manager: undeploy: Undeploying web application at '/SuperComprinJPA'
13-Jan-2021 22:09:23.515 INFORMACIÓN [http-nio-8084-exec-162] org.apache.catalina.core.ApplicationContext.log Manager: install: Installing context configuration at 'file:/tmp/context15998941055315654846.xml'
13-Jan-2021 22:09:24.646 INFORMACIÓN [http-nio-8084-exec-166] org.apache.catalina.core.ApplicationContext.log Manager: start: Starting web application '/SuperComprinJPA'
13-Jan-2021 22:10:38.214 INFORMACIÓN [http-nio-8084-exec-173] org.apache.catalina.core.ApplicationContext.log Manager: list: Listing contexts for virtual host 'localhost'
13-Jan-2021 22:10:38.238 INFORMACIÓN [http-nio-8084-exec-168] org.apache.catalina.core.ApplicationContext.log Manager: list: Listing contexts for virtual host 'localhost'
13-Jan-2021 22:10:38.336 INFORMACIÓN [http-nio-8084-exec-167] org.apache.catalina.core.ApplicationContext.log Manager: undeploy: Undeploying web application at '/SuperComprinJPA'
13-Jan-2021 22:10:38.887 INFORMACIÓN [http-nio-8084-exec-170] org.apache.catalina.core.ApplicationContext.log Manager: install: Installing context configuration at 'file:/tmp/context17842746290838591401.xml'
13-Jan-2021 22:10:39.668 INFORMACIÓN [http-nio-8084-exec-168] org.apache.catalina.core.ApplicationContext.log Manager: start: Starting web application '/SuperComprinJPA'
13-Jan-2021 22:10:39.756 INFORMACIÓN [http-nio-8084-exec-173] org.apache.catalina.core.ApplicationContext.log Manager: list: Listing contexts for virtual host 'localhost'
13-Jan-2021 22:10:39.777 INFORMACIÓN [http-nio-8084-exec-168] org.apache.catalina.core.ApplicationContext.log Manager: list: Listing contexts for virtual host 'localhost'
13-Jan-2021 22:10:39.808 INFORMACIÓN [http-nio-8084-exec-175] org.apache.catalina.core.ApplicationContext.log Manager: undeploy: Undeploying web application at '/SuperComprinJPA'
13-Jan-2021 22:10:40.365 INFORMACIÓN [http-nio-8084-exec-167] org.apache.catalina.core.ApplicationContext.log Manager: install: Installing context configuration at 'file:/tmp/context14832739065732702517.xml'
13-Jan-2021 22:10:41.239 INFORMACIÓN [http-nio-8084-exec-176] org.apache.catalina.core.ApplicationContext.log Manager: start: Starting web application '/SuperComprinJPA'
13-Jan-2021 22:15:49.389 INFORMACIÓN [http-nio-8084-exec-185] org.apache.catalina.core.ApplicationContext.log Manager: list: Listing contexts for virtual host 'localhost'
13-Jan-2021 22:15:49.422 INFORMACIÓN [http-nio-8084-exec-177] org.apache.catalina.core.ApplicationContext.log Manager: undeploy: Undeploying web application at '/SuperComprinJPA'
13-Jan-2021 22:16:10.561 INFORMACIÓN [http-nio-8084-exec-186] org.apache.catalina.core.ApplicationContext.log Manager: list: Listing contexts for virtual host 'localhost'
13-Jan-2021 22:16:10.580 INFORMACIÓN [http-nio-8084-exec-184] org.apache.catalina.core.ApplicationContext.log Manager: list: Listing contexts for virtual host 'localhost'
13-Jan-2021 22:16:10.600 INFORMACIÓN [http-nio-8084-exec-183] org.apache.catalina.core.ApplicationContext.log Manager: install: Installing context configuration at 'file:/tmp/context14326122547194016323.xml'
13-Jan-2021 22:16:11.361 INFORMACIÓN [http-nio-8084-exec-189] org.apache.catalina.core.ApplicationContext.log Manager: start: Starting web application '/SuperComprinJPA'
13-Jan-2021 22:16:11.427 INFORMACIÓN [http-nio-8084-exec-186] org.apache.catalina.core.ApplicationContext.log Manager: list: Listing contexts for virtual host 'localhost'
13-Jan-2021 22:16:11.455 INFORMACIÓN [http-nio-8084-exec-184] org.apache.catalina.core.ApplicationContext.log Manager: list: Listing contexts for virtual host 'localhost'
13-Jan-2021 22:16:11.479 INFORMACIÓN [http-nio-8084-exec-185] org.apache.catalina.core.ApplicationContext.log Manager: undeploy: Undeploying web application at '/SuperComprinJPA'
13-Jan-2021 22:16:12.016 INFORMACIÓN [http-nio-8084-exec-189] org.apache.catalina.core.ApplicationContext.log Manager: install: Installing context configuration at 'file:/tmp/context7163981393745736337.xml'
13-Jan-2021 22:16:13.250 INFORMACIÓN [http-nio-8084-exec-187] org.apache.catalina.core.ApplicationContext.log Manager: start: Starting web application '/SuperComprinJPA'
13-Jan-2021 22:20:06.141 INFORMACIÓN [http-nio-8084-exec-196] org.apache.catalina.core.ApplicationContext.log Manager: list: Listing contexts for virtual host 'localhost'
13-Jan-2021 22:20:06.164 INFORMACIÓN [http-nio-8084-exec-191] org.apache.catalina.core.ApplicationContext.log Manager: list: Listing contexts for virtual host 'localhost'
13-Jan-2021 22:20:06.186 INFORMACIÓN [http-nio-8084-exec-195] org.apache.catalina.core.ApplicationContext.log Manager: undeploy: Undeploying web application at '/SuperComprinJPA'
13-Jan-2021 22:20:06.722 INFORMACIÓN [http-nio-8084-exec-192] org.apache.catalina.core.ApplicationContext.log Manager: install: Installing context configuration at 'file:/tmp/context7029590253173510099.xml'
13-Jan-2021 22:20:07.483 INFORMACIÓN [http-nio-8084-exec-196] org.apache.catalina.core.ApplicationContext.log Manager: start: Starting web application '/SuperComprinJPA'
13-Jan-2021 22:20:07.566 INFORMACIÓN [http-nio-8084-exec-198] org.apache.catalina.core.ApplicationContext.log Manager: list: Listing contexts for virtual host 'localhost'
13-Jan-2021 22:20:07.584 INFORMACIÓN [http-nio-8084-exec-200] org.apache.catalina.core.ApplicationContext.log Manager: list: Listing contexts for virtual host 'localhost'
13-Jan-2021 22:20:07.607 INFORMACIÓN [http-nio-8084-exec-194] org.apache.catalina.core.ApplicationContext.log Manager: undeploy: Undeploying web application at '/SuperComprinJPA'
13-Jan-2021 22:20:08.150 INFORMACIÓN [http-nio-8084-exec-198] org.apache.catalina.core.ApplicationContext.log Manager: install: Installing context configuration at 'file:/tmp/context13353271141993653156.xml'
13-Jan-2021 22:20:09.044 INFORMACIÓN [http-nio-8084-exec-193] org.apache.catalina.core.ApplicationContext.log Manager: start: Starting web application '/SuperComprinJPA'
13-Jan-2021 22:43:18.425 INFORMACIÓN [http-nio-8084-exec-207] org.apache.catalina.core.ApplicationContext.log Manager: list: Listing contexts for virtual host 'localhost'
13-Jan-2021 22:43:18.457 INFORMACIÓN [http-nio-8084-exec-210] org.apache.catalina.core.ApplicationContext.log Manager: list: Listing contexts for virtual host 'localhost'
13-Jan-2021 22:43:18.482 INFORMACIÓN [http-nio-8084-exec-205] org.apache.catalina.core.ApplicationContext.log Manager: undeploy: Undeploying web application at '/SuperComprinJPA'
13-Jan-2021 22:43:19.026 INFORMACIÓN [http-nio-8084-exec-209] org.apache.catalina.core.ApplicationContext.log Manager: install: Installing context configuration at 'file:/tmp/context6150271077739920309.xml'
13-Jan-2021 22:43:19.832 INFORMACIÓN [http-nio-8084-exec-202] org.apache.catalina.core.ApplicationContext.log Manager: start: Starting web application '/SuperComprinJPA'
13-Jan-2021 22:43:19.935 INFORMACIÓN [http-nio-8084-exec-211] org.apache.catalina.core.ApplicationContext.log Manager: list: Listing contexts for virtual host 'localhost'
13-Jan-2021 22:43:19.965 INFORMACIÓN [http-nio-8084-exec-209] org.apache.catalina.core.ApplicationContext.log Manager: list: Listing contexts for virtual host 'localhost'
13-Jan-2021 22:43:20.025 INFORMACIÓN [http-nio-8084-exec-202] org.apache.catalina.core.ApplicationContext.log Manager: undeploy: Undeploying web application at '/SuperComprinJPA'
13-Jan-2021 22:43:20.604 INFORMACIÓN [http-nio-8084-exec-210] org.apache.catalina.core.ApplicationContext.log Manager: install: Installing context configuration at 'file:/tmp/context7321778449436303223.xml'
13-Jan-2021 22:43:21.918 INFORMACIÓN [http-nio-8084-exec-205] org.apache.catalina.core.ApplicationContext.log Manager: start: Starting web application '/SuperComprinJPA'
13-Jan-2021 22:53:40.750 INFORMACIÓN [http-nio-8084-exec-219] org.apache.catalina.core.ApplicationContext.log Manager: list: Listing contexts for virtual host 'localhost'
13-Jan-2021 22:53:40.768 INFORMACIÓN [http-nio-8084-exec-213] org.apache.catalina.core.ApplicationContext.log Manager: list: Listing contexts for virtual host 'localhost'
13-Jan-2021 22:53:40.788 INFORMACIÓN [http-nio-8084-exec-216] org.apache.catalina.core.ApplicationContext.log Manager: undeploy: Undeploying web application at '/SuperComprinJPA'
13-Jan-2021 22:53:41.322 INFORMACIÓN [http-nio-8084-exec-215] org.apache.catalina.core.ApplicationContext.log Manager: install: Installing context configuration at 'file:/tmp/context3112675222848745074.xml'
13-Jan-2021 22:53:42.073 INFORMACIÓN [http-nio-8084-exec-212] org.apache.catalina.core.ApplicationContext.log Manager: start: Starting web application '/SuperComprinJPA'
13-Jan-2021 22:53:42.171 INFORMACIÓN [http-nio-8084-exec-221] org.apache.catalina.core.ApplicationContext.log Manager: list: Listing contexts for virtual host 'localhost'
13-Jan-2021 22:53:42.201 INFORMACIÓN [http-nio-8084-exec-212] org.apache.catalina.core.ApplicationContext.log Manager: list: Listing contexts for virtual host 'localhost'
13-Jan-2021 22:53:42.236 INFORMACIÓN [http-nio-8084-exec-214] org.apache.catalina.core.ApplicationContext.log Manager: undeploy: Undeploying web application at '/SuperComprinJPA'
13-Jan-2021 22:53:42.782 INFORMACIÓN [http-nio-8084-exec-215] org.apache.catalina.core.ApplicationContext.log Manager: install: Installing context configuration at 'file:/tmp/context15816922147250593065.xml'
13-Jan-2021 22:53:43.619 INFORMACIÓN [http-nio-8084-exec-218] org.apache.catalina.core.ApplicationContext.log Manager: start: Starting web application '/SuperComprinJPA'
13-Jan-2021 22:54:46.935 INFORMACIÓN [http-nio-8084-exec-226] org.apache.catalina.core.ApplicationContext.log Manager: list: Listing contexts for virtual host 'localhost'
13-Jan-2021 22:54:46.960 INFORMACIÓN [http-nio-8084-exec-223] org.apache.catalina.core.ApplicationContext.log Manager: list: Listing contexts for virtual host 'localhost'
13-Jan-2021 22:54:47.039 INFORMACIÓN [http-nio-8084-exec-224] org.apache.catalina.core.ApplicationContext.log Manager: undeploy: Undeploying web application at '/SuperComprinJPA'
13-Jan-2021 22:54:47.572 INFORMACIÓN [http-nio-8084-exec-223] org.apache.catalina.core.ApplicationContext.log Manager: install: Installing context configuration at 'file:/tmp/context839159821907166439.xml'
13-Jan-2021 22:54:48.335 INFORMACIÓN [http-nio-8084-exec-220] org.apache.catalina.core.ApplicationContext.log Manager: start: Starting web application '/SuperComprinJPA'
13-Jan-2021 22:54:48.405 INFORMACIÓN [http-nio-8084-exec-225] org.apache.catalina.core.ApplicationContext.log Manager: list: Listing contexts for virtual host 'localhost'
13-Jan-2021 22:54:48.434 INFORMACIÓN [http-nio-8084-exec-229] org.apache.catalina.core.ApplicationContext.log Manager: list: Listing contexts for virtual host 'localhost'
13-Jan-2021 22:54:48.479 INFORMACIÓN [http-nio-8084-exec-219] org.apache.catalina.core.ApplicationContext.log Manager: undeploy: Undeploying web application at '/SuperComprinJPA'
13-Jan-2021 22:54:49.041 INFORMACIÓN [http-nio-8084-exec-227] org.apache.catalina.core.ApplicationContext.log Manager: install: Installing context configuration at 'file:/tmp/context9789969369794215888.xml'
13-Jan-2021 22:54:50.109 INFORMACIÓN [http-nio-8084-exec-220] org.apache.catalina.core.ApplicationContext.log Manager: start: Starting web application '/SuperComprinJPA'
13-Jan-2021 22:58:58.550 INFORMACIÓN [http-nio-8084-exec-236] org.apache.catalina.core.ApplicationContext.log Manager: list: Listing contexts for virtual host 'localhost'
13-Jan-2021 22:58:58.576 INFORMACIÓN [http-nio-8084-exec-232] org.apache.catalina.core.ApplicationContext.log Manager: list: Listing contexts for virtual host 'localhost'
13-Jan-2021 22:58:58.603 INFORMACIÓN [http-nio-8084-exec-234] org.apache.catalina.core.ApplicationContext.log Manager: undeploy: Undeploying web application at '/SuperComprinJPA'
13-Jan-2021 22:58:59.157 INFORMACIÓN [http-nio-8084-exec-236] org.apache.catalina.core.ApplicationContext.log Manager: install: Installing context configuration at 'file:/tmp/context10415092814907937348.xml'
13-Jan-2021 22:58:59.884 INFORMACIÓN [http-nio-8084-exec-237] org.apache.catalina.core.ApplicationContext.log Manager: start: Starting web application '/SuperComprinJPA'
13-Jan-2021 22:58:59.970 INFORMACIÓN [http-nio-8084-exec-231] org.apache.catalina.core.ApplicationContext.log Manager: list: Listing contexts for virtual host 'localhost'
13-Jan-2021 22:58:59.992 INFORMACIÓN [http-nio-8084-exec-237] org.apache.catalina.core.ApplicationContext.log Manager: list: Listing contexts for virtual host 'localhost'
13-Jan-2021 22:59:00.016 INFORMACIÓN [http-nio-8084-exec-239] org.apache.catalina.core.ApplicationContext.log Manager: undeploy: Undeploying web application at '/SuperComprinJPA'
13-Jan-2021 22:59:00.560 INFORMACIÓN [http-nio-8084-exec-230] org.apache.catalina.core.ApplicationContext.log Manager: install: Installing context configuration at 'file:/tmp/context13883827134052776146.xml'
13-Jan-2021 22:59:01.760 INFORMACIÓN [http-nio-8084-exec-233] org.apache.catalina.core.ApplicationContext.log Manager: start: Starting web application '/SuperComprinJPA'
13-Jan-2021 22:59:35.815 INFORMACIÓN [http-nio-8084-exec-242] org.apache.catalina.core.ApplicationContext.log Manager: list: Listing contexts for virtual host 'localhost'
13-Jan-2021 22:59:35.838 INFORMACIÓN [http-nio-8084-exec-230] org.apache.catalina.core.ApplicationContext.log Manager: list: Listing contexts for virtual host 'localhost'
13-Jan-2021 22:59:35.876 INFORMACIÓN [http-nio-8084-exec-234] org.apache.catalina.core.ApplicationContext.log Manager: undeploy: Undeploying web application at '/SuperComprinJPA'
13-Jan-2021 22:59:36.424 INFORMACIÓN [http-nio-8084-exec-238] org.apache.catalina.core.ApplicationContext.log Manager: install: Installing context configuration at 'file:/tmp/context13159279027715092963.xml'
13-Jan-2021 22:59:37.173 INFORMACIÓN [http-nio-8084-exec-243] org.apache.catalina.core.ApplicationContext.log Manager: start: Starting web application '/SuperComprinJPA'
13-Jan-2021 22:59:37.263 INFORMACIÓN [http-nio-8084-exec-233] org.apache.catalina.core.ApplicationContext.log Manager: list: Listing contexts for virtual host 'localhost'
13-Jan-2021 22:59:37.342 INFORMACIÓN [http-nio-8084-exec-242] org.apache.catalina.core.ApplicationContext.log Manager: list: Listing contexts for virtual host 'localhost'
13-Jan-2021 22:59:37.426 INFORMACIÓN [http-nio-8084-exec-243] org.apache.catalina.core.ApplicationContext.log Manager: undeploy: Undeploying web application at '/SuperComprinJPA'
13-Jan-2021 22:59:37.971 INFORMACIÓN [http-nio-8084-exec-233] org.apache.catalina.core.ApplicationContext.log Manager: install: Installing context configuration at 'file:/tmp/context1387881761709173810.xml'
13-Jan-2021 22:59:38.834 INFORMACIÓN [http-nio-8084-exec-245] org.apache.catalina.core.ApplicationContext.log Manager: start: Starting web application '/SuperComprinJPA'
13-Jan-2021 23:01:00.550 INFORMACIÓN [http-nio-8084-exec-250] org.apache.catalina.core.ApplicationContext.log Manager: list: Listing contexts for virtual host 'localhost'
13-Jan-2021 23:01:00.569 INFORMACIÓN [http-nio-8084-exec-251] org.apache.catalina.core.ApplicationContext.log Manager: list: Listing contexts for virtual host 'localhost'
13-Jan-2021 23:01:00.590 INFORMACIÓN [http-nio-8084-exec-243] org.apache.catalina.core.ApplicationContext.log Manager: undeploy: Undeploying web application at '/SuperComprinJPA'
13-Jan-2021 23:01:01.125 INFORMACIÓN [http-nio-8084-exec-251] org.apache.catalina.core.ApplicationContext.log Manager: install: Installing context configuration at 'file:/tmp/context17283146712208282686.xml'
13-Jan-2021 23:01:01.878 INFORMACIÓN [http-nio-8084-exec-246] org.apache.catalina.core.ApplicationContext.log Manager: start: Starting web application '/SuperComprinJPA'
13-Jan-2021 23:01:01.958 INFORMACIÓN [http-nio-8084-exec-243] org.apache.catalina.core.ApplicationContext.log Manager: list: Listing contexts for virtual host 'localhost'
13-Jan-2021 23:01:01.987 INFORMACIÓN [http-nio-8084-exec-252] org.apache.catalina.core.ApplicationContext.log Manager: list: Listing contexts for virtual host 'localhost'
13-Jan-2021 23:01:02.020 INFORMACIÓN [http-nio-8084-exec-250] org.apache.catalina.core.ApplicationContext.log Manager: undeploy: Undeploying web application at '/SuperComprinJPA'
13-Jan-2021 23:01:02.565 INFORMACIÓN [http-nio-8084-exec-247] org.apache.catalina.core.ApplicationContext.log Manager: install: Installing context configuration at 'file:/tmp/context14403466429109862178.xml'
13-Jan-2021 23:01:03.394 INFORMACIÓN [http-nio-8084-exec-245] org.apache.catalina.core.ApplicationContext.log Manager: start: Starting web application '/SuperComprinJPA'
13-Jan-2021 23:01:16.903 INFORMACIÓN [http-nio-8084-exec-249] org.apache.catalina.core.ApplicationContext.log Manager: list: Listing contexts for virtual host 'localhost'
13-Jan-2021 23:01:16.968 INFORMACIÓN [http-nio-8084-exec-254] org.apache.catalina.core.ApplicationContext.log Manager: list: Listing contexts for virtual host 'localhost'
13-Jan-2021 23:01:16.999 INFORMACIÓN [http-nio-8084-exec-248] org.apache.catalina.core.ApplicationContext.log Manager: undeploy: Undeploying web application at '/SuperComprinJPA'
13-Jan-2021 23:01:17.542 INFORMACIÓN [http-nio-8084-exec-254] org.apache.catalina.core.ApplicationContext.log Manager: install: Installing context configuration at 'file:/tmp/context17218232689748317551.xml'
13-Jan-2021 23:01:18.315 INFORMACIÓN [http-nio-8084-exec-240] org.apache.catalina.core.ApplicationContext.log Manager: start: Starting web application '/SuperComprinJPA'
13-Jan-2021 23:01:18.386 INFORMACIÓN [http-nio-8084-exec-252] org.apache.catalina.core.ApplicationContext.log Manager: list: Listing contexts for virtual host 'localhost'
13-Jan-2021 23:01:18.427 INFORMACIÓN [http-nio-8084-exec-255] org.apache.catalina.core.ApplicationContext.log Manager: list: Listing contexts for virtual host 'localhost'
13-Jan-2021 23:01:18.463 INFORMACIÓN [http-nio-8084-exec-245] org.apache.catalina.core.ApplicationContext.log Manager: undeploy: Undeploying web application at '/SuperComprinJPA'
13-Jan-2021 23:01:19.029 INFORMACIÓN [http-nio-8084-exec-253] org.apache.catalina.core.ApplicationContext.log Manager: install: Installing context configuration at 'file:/tmp/context9126095371029435429.xml'
13-Jan-2021 23:01:20.011 INFORMACIÓN [http-nio-8084-exec-248] org.apache.catalina.core.ApplicationContext.log Manager: start: Starting web application '/SuperComprinJPA'
13-Jan-2021 23:02:20.723 INFORMACIÓN [http-nio-8084-exec-245] org.apache.catalina.core.ApplicationContext.log Manager: list: Listing contexts for virtual host 'localhost'
13-Jan-2021 23:02:20.741 INFORMACIÓN [http-nio-8084-exec-246] org.apache.catalina.core.ApplicationContext.log Manager: list: Listing contexts for virtual host 'localhost'
13-Jan-2021 23:02:20.764 INFORMACIÓN [http-nio-8084-exec-258] org.apache.catalina.core.ApplicationContext.log Manager: undeploy: Undeploying web application at '/SuperComprinJPA'
13-Jan-2021 23:02:21.294 INFORMACIÓN [http-nio-8084-exec-240] org.apache.catalina.core.ApplicationContext.log Manager: install: Installing context configuration at 'file:/tmp/context10151206925074043238.xml'
13-Jan-2021 23:02:22.093 INFORMACIÓN [http-nio-8084-exec-259] org.apache.catalina.core.ApplicationContext.log Manager: start: Starting web application '/SuperComprinJPA'
13-Jan-2021 23:02:22.340 INFORMACIÓN [http-nio-8084-exec-246] org.apache.catalina.core.ApplicationContext.log Manager: list: Listing contexts for virtual host 'localhost'
13-Jan-2021 23:02:22.360 INFORMACIÓN [http-nio-8084-exec-257] org.apache.catalina.core.ApplicationContext.log Manager: list: Listing contexts for virtual host 'localhost'
13-Jan-2021 23:02:22.387 INFORMACIÓN [http-nio-8084-exec-249] org.apache.catalina.core.ApplicationContext.log Manager: undeploy: Undeploying web application at '/SuperComprinJPA'
13-Jan-2021 23:02:22.914 INFORMACIÓN [http-nio-8084-exec-246] org.apache.catalina.core.ApplicationContext.log Manager: install: Installing context configuration at 'file:/tmp/context16583041437737832967.xml'
13-Jan-2021 23:02:23.794 INFORMACIÓN [http-nio-8084-exec-240] org.apache.catalina.core.ApplicationContext.log Manager: start: Starting web application '/SuperComprinJPA'
13-Jan-2021 23:03:40.734 INFORMACIÓN [http-nio-8084-exec-248] org.apache.catalina.core.ApplicationContext.log Manager: list: Listing contexts for virtual host 'localhost'
13-Jan-2021 23:03:40.753 INFORMACIÓN [http-nio-8084-exec-262] org.apache.catalina.core.ApplicationContext.log Manager: list: Listing contexts for virtual host 'localhost'
13-Jan-2021 23:03:40.773 INFORMACIÓN [http-nio-8084-exec-260] org.apache.catalina.core.ApplicationContext.log Manager: undeploy: Undeploying web application at '/SuperComprinJPA'
13-Jan-2021 23:03:41.303 INFORMACIÓN [http-nio-8084-exec-265] org.apache.catalina.core.ApplicationContext.log Manager: install: Installing context configuration at 'file:/tmp/context5244993443773612421.xml'
13-Jan-2021 23:03:42.037 INFORMACIÓN [http-nio-8084-exec-264] org.apache.catalina.core.ApplicationContext.log Manager: start: Starting web application '/SuperComprinJPA'
13-Jan-2021 23:03:42.138 INFORMACIÓN [http-nio-8084-exec-260] org.apache.catalina.core.ApplicationContext.log Manager: list: Listing contexts for virtual host 'localhost'
13-Jan-2021 23:03:42.172 INFORMACIÓN [http-nio-8084-exec-264] org.apache.catalina.core.ApplicationContext.log Manager: list: Listing contexts for virtual host 'localhost'
13-Jan-2021 23:03:42.208 INFORMACIÓN [http-nio-8084-exec-249] org.apache.catalina.core.ApplicationContext.log Manager: undeploy: Undeploying web application at '/SuperComprinJPA'
13-Jan-2021 23:03:42.750 INFORMACIÓN [http-nio-8084-exec-240] org.apache.catalina.core.ApplicationContext.log Manager: install: Installing context configuration at 'file:/tmp/context18384587310892726157.xml'
13-Jan-2021 23:03:43.475 INFORMACIÓN [http-nio-8084-exec-260] org.apache.catalina.core.ApplicationContext.log Manager: start: Starting web application '/SuperComprinJPA'
13-Jan-2021 23:05:19.259 INFORMACIÓN [http-nio-8084-exec-267] org.apache.catalina.core.ApplicationContext.log Manager: list: Listing contexts for virtual host 'localhost'
13-Jan-2021 23:05:19.279 INFORMACIÓN [http-nio-8084-exec-268] org.apache.catalina.core.ApplicationContext.log Manager: list: Listing contexts for virtual host 'localhost'
13-Jan-2021 23:05:19.302 INFORMACIÓN [http-nio-8084-exec-271] org.apache.catalina.core.ApplicationContext.log Manager: undeploy: Undeploying web application at '/SuperComprinJPA'
13-Jan-2021 23:05:19.860 INFORMACIÓN [http-nio-8084-exec-267] org.apache.catalina.core.ApplicationContext.log Manager: install: Installing context configuration at 'file:/tmp/context14970954635203866490.xml'
13-Jan-2021 23:05:20.589 INFORMACIÓN [http-nio-8084-exec-269] org.apache.catalina.core.ApplicationContext.log Manager: start: Starting web application '/SuperComprinJPA'
13-Jan-2021 23:05:20.671 INFORMACIÓN [http-nio-8084-exec-266] org.apache.catalina.core.ApplicationContext.log Manager: list: Listing contexts for virtual host 'localhost'
13-Jan-2021 23:05:20.712 INFORMACIÓN [http-nio-8084-exec-273] org.apache.catalina.core.ApplicationContext.log Manager: list: Listing contexts for virtual host 'localhost'
13-Jan-2021 23:05:20.749 INFORMACIÓN [http-nio-8084-exec-268] org.apache.catalina.core.ApplicationContext.log Manager: undeploy: Undeploying web application at '/SuperComprinJPA'
13-Jan-2021 23:05:21.283 INFORMACIÓN [http-nio-8084-exec-272] org.apache.catalina.core.ApplicationContext.log Manager: install: Installing context configuration at 'file:/tmp/context1557438897554505462.xml'
13-Jan-2021 23:05:22.044 INFORMACIÓN [http-nio-8084-exec-273] org.apache.catalina.core.ApplicationContext.log Manager: start: Starting web application '/SuperComprinJPA'
13-Jan-2021 23:07:31.066 INFORMACIÓN [http-nio-8084-exec-283] org.apache.catalina.core.ApplicationContext.log Manager: list: Listing contexts for virtual host 'localhost'
13-Jan-2021 23:07:31.085 INFORMACIÓN [http-nio-8084-exec-275] org.apache.catalina.core.ApplicationContext.log Manager: list: Listing contexts for virtual host 'localhost'
13-Jan-2021 23:07:31.109 INFORMACIÓN [http-nio-8084-exec-279] org.apache.catalina.core.ApplicationContext.log Manager: undeploy: Undeploying web application at '/SuperComprinJPA'
13-Jan-2021 23:07:31.639 INFORMACIÓN [http-nio-8084-exec-276] org.apache.catalina.core.ApplicationContext.log Manager: install: Installing context configuration at 'file:/tmp/context17791315830162719083.xml'
13-Jan-2021 23:07:32.387 INFORMACIÓN [http-nio-8084-exec-277] org.apache.catalina.core.ApplicationContext.log Manager: start: Starting web application '/SuperComprinJPA'
13-Jan-2021 23:07:32.461 INFORMACIÓN [http-nio-8084-exec-281] org.apache.catalina.core.ApplicationContext.log Manager: list: Listing contexts for virtual host 'localhost'
13-Jan-2021 23:07:32.507 INFORMACIÓN [http-nio-8084-exec-278] org.apache.catalina.core.ApplicationContext.log Manager: list: Listing contexts for virtual host 'localhost'
13-Jan-2021 23:07:32.546 INFORMACIÓN [http-nio-8084-exec-282] org.apache.catalina.core.ApplicationContext.log Manager: undeploy: Undeploying web application at '/SuperComprinJPA'
13-Jan-2021 23:07:33.077 INFORMACIÓN [http-nio-8084-exec-277] org.apache.catalina.core.ApplicationContext.log Manager: install: Installing context configuration at 'file:/tmp/context11185014316898323165.xml'
13-Jan-2021 23:07:33.846 INFORMACIÓN [http-nio-8084-exec-278] org.apache.catalina.core.ApplicationContext.log Manager: start: Starting web application '/SuperComprinJPA'
13-Jan-2021 23:16:51.913 INFORMACIÓN [http-nio-8084-exec-285] org.apache.catalina.core.ApplicationContext.log Manager: list: Listing contexts for virtual host 'localhost'
13-Jan-2021 23:16:51.931 INFORMACIÓN [http-nio-8084-exec-288] org.apache.catalina.core.ApplicationContext.log Manager: list: Listing contexts for virtual host 'localhost'
13-Jan-2021 23:16:51.950 INFORMACIÓN [http-nio-8084-exec-290] org.apache.catalina.core.ApplicationContext.log Manager: undeploy: Undeploying web application at '/SuperComprinJPA'
13-Jan-2021 23:16:52.490 INFORMACIÓN [http-nio-8084-exec-287] org.apache.catalina.core.ApplicationContext.log Manager: install: Installing context configuration at 'file:/tmp/context10632362515953195413.xml'
13-Jan-2021 23:16:53.358 INFORMACIÓN [http-nio-8084-exec-285] org.apache.catalina.core.ApplicationContext.log Manager: start: Starting web application '/SuperComprinJPA'
13-Jan-2021 23:16:53.455 INFORMACIÓN [http-nio-8084-exec-288] org.apache.catalina.core.ApplicationContext.log Manager: list: Listing contexts for virtual host 'localhost'
13-Jan-2021 23:16:53.485 INFORMACIÓN [http-nio-8084-exec-285] org.apache.catalina.core.ApplicationContext.log Manager: list: Listing contexts for virtual host 'localhost'
13-Jan-2021 23:16:53.539 INFORMACIÓN [http-nio-8084-exec-294] org.apache.catalina.core.ApplicationContext.log Manager: undeploy: Undeploying web application at '/SuperComprinJPA'
13-Jan-2021 23:16:54.075 INFORMACIÓN [http-nio-8084-exec-295] org.apache.catalina.core.ApplicationContext.log Manager: install: Installing context configuration at 'file:/tmp/context2673636580125846399.xml'
13-Jan-2021 23:16:54.983 INFORMACIÓN [http-nio-8084-exec-289] org.apache.catalina.core.ApplicationContext.log Manager: start: Starting web application '/SuperComprinJPA'
13-Jan-2021 23:19:01.642 INFORMACIÓN [http-nio-8084-exec-304] org.apache.catalina.core.ApplicationContext.log Manager: list: Listing contexts for virtual host 'localhost'
13-Jan-2021 23:19:01.660 INFORMACIÓN [http-nio-8084-exec-298] org.apache.catalina.core.ApplicationContext.log Manager: list: Listing contexts for virtual host 'localhost'
13-Jan-2021 23:19:01.684 INFORMACIÓN [http-nio-8084-exec-301] org.apache.catalina.core.ApplicationContext.log Manager: undeploy: Undeploying web application at '/SuperComprinJPA'
13-Jan-2021 23:19:02.217 INFORMACIÓN [http-nio-8084-exec-302] org.apache.catalina.core.ApplicationContext.log Manager: install: Installing context configuration at 'file:/tmp/context9981220203317875482.xml'
13-Jan-2021 23:19:03.083 INFORMACIÓN [http-nio-8084-exec-305] org.apache.catalina.core.ApplicationContext.log Manager: start: Starting web application '/SuperComprinJPA'
13-Jan-2021 23:19:03.171 INFORMACIÓN [http-nio-8084-exec-299] org.apache.catalina.core.ApplicationContext.log Manager: list: Listing contexts for virtual host 'localhost'
13-Jan-2021 23:19:03.301 INFORMACIÓN [http-nio-8084-exec-305] org.apache.catalina.core.ApplicationContext.log Manager: list: Listing contexts for virtual host 'localhost'
13-Jan-2021 23:19:03.345 INFORMACIÓN [http-nio-8084-exec-305] org.apache.catalina.core.ApplicationContext.log Manager: undeploy: Undeploying web application at '/SuperComprinJPA'
13-Jan-2021 23:19:03.895 INFORMACIÓN [http-nio-8084-exec-307] org.apache.catalina.core.ApplicationContext.log Manager: install: Installing context configuration at 'file:/tmp/context6577548029220214605.xml'
13-Jan-2021 23:19:04.901 INFORMACIÓN [http-nio-8084-exec-303] org.apache.catalina.core.ApplicationContext.log Manager: start: Starting web application '/SuperComprinJPA'
13-Jan-2021 23:21:45.786 INFORMACIÓN [http-nio-8084-exec-316] org.apache.catalina.core.ApplicationContext.log Manager: list: Listing contexts for virtual host 'localhost'
13-Jan-2021 23:21:45.819 INFORMACIÓN [http-nio-8084-exec-308] org.apache.catalina.core.ApplicationContext.log Manager: list: Listing contexts for virtual host 'localhost'
13-Jan-2021 23:21:45.848 INFORMACIÓN [http-nio-8084-exec-312] org.apache.catalina.core.ApplicationContext.log Manager: undeploy: Undeploying web application at '/SuperComprinJPA'
13-Jan-2021 23:21:46.384 INFORMACIÓN [http-nio-8084-exec-309] org.apache.catalina.core.ApplicationContext.log Manager: install: Installing context configuration at 'file:/tmp/context1197982184073309558.xml'
13-Jan-2021 23:21:47.353 INFORMACIÓN [http-nio-8084-exec-310] org.apache.catalina.core.ApplicationContext.log Manager: start: Starting web application '/SuperComprinJPA'
13-Jan-2021 23:21:47.447 INFORMACIÓN [http-nio-8084-exec-316] org.apache.catalina.core.ApplicationContext.log Manager: list: Listing contexts for virtual host 'localhost'
13-Jan-2021 23:21:47.485 INFORMACIÓN [http-nio-8084-exec-310] org.apache.catalina.core.ApplicationContext.log Manager: list: Listing contexts for virtual host 'localhost'
13-Jan-2021 23:21:47.510 INFORMACIÓN [http-nio-8084-exec-315] org.apache.catalina.core.ApplicationContext.log Manager: undeploy: Undeploying web application at '/SuperComprinJPA'
13-Jan-2021 23:21:48.047 INFORMACIÓN [http-nio-8084-exec-314] org.apache.catalina.core.ApplicationContext.log Manager: install: Installing context configuration at 'file:/tmp/context10746782392219544628.xml'
13-Jan-2021 23:21:49.094 INFORMACIÓN [http-nio-8084-exec-310] org.apache.catalina.core.ApplicationContext.log Manager: start: Starting web application '/SuperComprinJPA'
13-Jan-2021 23:23:28.385 INFORMACIÓN [http-nio-8084-exec-312] org.apache.catalina.core.ApplicationContext.log Manager: list: Listing contexts for virtual host 'localhost'
13-Jan-2021 23:23:28.411 INFORMACIÓN [http-nio-8084-exec-318] org.apache.catalina.core.ApplicationContext.log Manager: list: Listing contexts for virtual host 'localhost'
13-Jan-2021 23:23:28.430 INFORMACIÓN [http-nio-8084-exec-322] org.apache.catalina.core.ApplicationContext.log Manager: undeploy: Undeploying web application at '/SuperComprinJPA'
13-Jan-2021 23:23:28.964 INFORMACIÓN [http-nio-8084-exec-320] org.apache.catalina.core.ApplicationContext.log Manager: install: Installing context configuration at 'file:/tmp/context7878950921243224503.xml'
13-Jan-2021 23:23:29.859 INFORMACIÓN [http-nio-8084-exec-311] org.apache.catalina.core.ApplicationContext.log Manager: start: Starting web application '/SuperComprinJPA'
13-Jan-2021 23:23:29.948 INFORMACIÓN [http-nio-8084-exec-319] org.apache.catalina.core.ApplicationContext.log Manager: list: Listing contexts for virtual host 'localhost'
13-Jan-2021 23:23:29.982 INFORMACIÓN [http-nio-8084-exec-311] org.apache.catalina.core.ApplicationContext.log Manager: list: Listing contexts for virtual host 'localhost'
13-Jan-2021 23:23:30.015 INFORMACIÓN [http-nio-8084-exec-323] org.apache.catalina.core.ApplicationContext.log Manager: undeploy: Undeploying web application at '/SuperComprinJPA'
13-Jan-2021 23:23:30.553 INFORMACIÓN [http-nio-8084-exec-312] org.apache.catalina.core.ApplicationContext.log Manager: install: Installing context configuration at 'file:/tmp/context4833452478924988223.xml'
13-Jan-2021 23:23:31.585 INFORMACIÓN [http-nio-8084-exec-318] org.apache.catalina.core.ApplicationContext.log Manager: start: Starting web application '/SuperComprinJPA'
13-Jan-2021 23:25:29.538 INFORMACIÓN [http-nio-8084-exec-332] org.apache.catalina.core.ApplicationContext.log Manager: list: Listing contexts for virtual host 'localhost'
13-Jan-2021 23:25:29.559 INFORMACIÓN [http-nio-8084-exec-311] org.apache.catalina.core.ApplicationContext.log Manager: list: Listing contexts for virtual host 'localhost'
13-Jan-2021 23:25:29.578 INFORMACIÓN [http-nio-8084-exec-330] org.apache.catalina.core.ApplicationContext.log Manager: undeploy: Undeploying web application at '/SuperComprinJPA'
13-Jan-2021 23:25:30.117 INFORMACIÓN [http-nio-8084-exec-318] org.apache.catalina.core.ApplicationContext.log Manager: install: Installing context configuration at 'file:/tmp/context14531443222064751618.xml'
13-Jan-2021 23:25:30.981 INFORMACIÓN [http-nio-8084-exec-323] org.apache.catalina.core.ApplicationContext.log Manager: start: Starting web application '/SuperComprinJPA'
13-Jan-2021 23:25:31.111 INFORMACIÓN [http-nio-8084-exec-330] org.apache.catalina.core.ApplicationContext.log Manager: list: Listing contexts for virtual host 'localhost'
13-Jan-2021 23:25:31.245 INFORMACIÓN [http-nio-8084-exec-323] org.apache.catalina.core.ApplicationContext.log Manager: list: Listing contexts for virtual host 'localhost'
13-Jan-2021 23:25:31.279 INFORMACIÓN [http-nio-8084-exec-331] org.apache.catalina.core.ApplicationContext.log Manager: undeploy: Undeploying web application at '/SuperComprinJPA'
13-Jan-2021 23:25:31.811 INFORMACIÓN [http-nio-8084-exec-323] org.apache.catalina.core.ApplicationContext.log Manager: install: Installing context configuration at 'file:/tmp/context2823259196397360050.xml'
13-Jan-2021 23:25:32.731 INFORMACIÓN [http-nio-8084-exec-329] org.apache.catalina.core.ApplicationContext.log Manager: start: Starting web application '/SuperComprinJPA'
13-Jan-2021 23:26:57.037 INFORMACIÓN [http-nio-8084-exec-311] org.apache.catalina.core.ApplicationContext.log Manager: list: Listing contexts for virtual host 'localhost'
13-Jan-2021 23:26:57.057 INFORMACIÓN [http-nio-8084-exec-333] org.apache.catalina.core.ApplicationContext.log Manager: list: Listing contexts for virtual host 'localhost'
13-Jan-2021 23:26:57.084 INFORMACIÓN [http-nio-8084-exec-338] org.apache.catalina.core.ApplicationContext.log Manager: undeploy: Undeploying web application at '/SuperComprinJPA'
13-Jan-2021 23:26:57.616 INFORMACIÓN [http-nio-8084-exec-329] org.apache.catalina.core.ApplicationContext.log Manager: install: Installing context configuration at 'file:/tmp/context11693620224102579550.xml'
13-Jan-2021 23:26:58.516 INFORMACIÓN [http-nio-8084-exec-339] org.apache.catalina.core.ApplicationContext.log Manager: start: Starting web application '/SuperComprinJPA'
13-Jan-2021 23:26:58.668 INFORMACIÓN [http-nio-8084-exec-311] org.apache.catalina.core.ApplicationContext.log Manager: list: Listing contexts for virtual host 'localhost'
13-Jan-2021 23:26:58.747 INFORMACIÓN [http-nio-8084-exec-339] org.apache.catalina.core.ApplicationContext.log Manager: list: Listing contexts for virtual host 'localhost'
13-Jan-2021 23:26:58.787 INFORMACIÓN [http-nio-8084-exec-340] org.apache.catalina.core.ApplicationContext.log Manager: undeploy: Undeploying web application at '/SuperComprinJPA'
13-Jan-2021 23:26:59.317 INFORMACIÓN [http-nio-8084-exec-311] org.apache.catalina.core.ApplicationContext.log Manager: install: Installing context configuration at 'file:/tmp/context15007327300664777727.xml'
13-Jan-2021 23:27:00.578 INFORMACIÓN [http-nio-8084-exec-338] org.apache.catalina.core.ApplicationContext.log Manager: start: Starting web application '/SuperComprinJPA'
13-Jan-2021 23:28:05.806 INFORMACIÓN [http-nio-8084-exec-348] org.apache.catalina.core.ApplicationContext.log Manager: list: Listing contexts for virtual host 'localhost'
13-Jan-2021 23:28:05.843 INFORMACIÓN [http-nio-8084-exec-342] org.apache.catalina.core.ApplicationContext.log Manager: list: Listing contexts for virtual host 'localhost'
13-Jan-2021 23:28:05.868 INFORMACIÓN [http-nio-8084-exec-345] org.apache.catalina.core.ApplicationContext.log Manager: undeploy: Undeploying web application at '/SuperComprinJPA'
13-Jan-2021 23:28:06.404 INFORMACIÓN [http-nio-8084-exec-342] org.apache.catalina.core.ApplicationContext.log Manager: install: Installing context configuration at 'file:/tmp/context9360588950810242685.xml'
13-Jan-2021 23:28:07.226 INFORMACIÓN [http-nio-8084-exec-338] org.apache.catalina.core.ApplicationContext.log Manager: start: Starting web application '/SuperComprinJPA'
13-Jan-2021 23:28:07.309 INFORMACIÓN [http-nio-8084-exec-349] org.apache.catalina.core.ApplicationContext.log Manager: list: Listing contexts for virtual host 'localhost'
13-Jan-2021 23:28:07.330 INFORMACIÓN [http-nio-8084-exec-350] org.apache.catalina.core.ApplicationContext.log Manager: list: Listing contexts for virtual host 'localhost'
13-Jan-2021 23:28:07.361 INFORMACIÓN [http-nio-8084-exec-347] org.apache.catalina.core.ApplicationContext.log Manager: undeploy: Undeploying web application at '/SuperComprinJPA'
13-Jan-2021 23:28:07.902 INFORMACIÓN [http-nio-8084-exec-339] org.apache.catalina.core.ApplicationContext.log Manager: install: Installing context configuration at 'file:/tmp/context722472835597137624.xml'
13-Jan-2021 23:28:08.951 INFORMACIÓN [http-nio-8084-exec-338] org.apache.catalina.core.ApplicationContext.log Manager: start: Starting web application '/SuperComprinJPA'
