11-Jan-2021 14:40:50.813 INFORMACIÓN [http-nio-8084-exec-5] org.apache.catalina.core.ApplicationContext.log Manager: init: Associated with Deployer 'Catalina:type=Deployer,host=localhost'
11-Jan-2021 14:40:50.817 INFORMACIÓN [http-nio-8084-exec-5] org.apache.catalina.core.ApplicationContext.log Manager: init: Global resources are available
11-Jan-2021 14:40:50.948 INFORMACIÓN [http-nio-8084-exec-2] org.apache.catalina.core.ApplicationContext.log Manager: list: Listing contexts for virtual host 'localhost'
11-Jan-2021 14:40:50.992 INFORMACIÓN [http-nio-8084-exec-9] org.apache.catalina.core.ApplicationContext.log Manager: list: Listing contexts for virtual host 'localhost'
11-Jan-2021 14:40:51.049 INFORMACIÓN [http-nio-8084-exec-5] org.apache.catalina.core.ApplicationContext.log Manager: undeploy: Undeploying web application at '/SuperComprinJPA'
11-Jan-2021 14:40:51.664 INFORMACIÓN [http-nio-8084-exec-9] org.apache.catalina.core.ApplicationContext.log Manager: install: Installing context configuration at 'file:/tmp/context9358301864316820893.xml'
11-Jan-2021 14:40:52.940 INFORMACIÓN [http-nio-8084-exec-3] org.apache.catalina.core.ApplicationContext.log Manager: start: Starting web application '/SuperComprinJPA/index.html'
11-Jan-2021 14:40:53.452 INFORMACIÓN [http-nio-8084-exec-4] org.apache.catalina.core.ApplicationContext.log Manager: list: Listing contexts for virtual host 'localhost'
11-Jan-2021 14:40:53.503 INFORMACIÓN [http-nio-8084-exec-2] org.apache.catalina.core.ApplicationContext.log Manager: list: Listing contexts for virtual host 'localhost'
11-Jan-2021 14:40:53.572 INFORMACIÓN [http-nio-8084-exec-3] org.apache.catalina.core.ApplicationContext.log Manager: undeploy: Undeploying web application at '/SuperComprinJPA/index.html'
11-Jan-2021 14:40:54.184 INFORMACIÓN [http-nio-8084-exec-6] org.apache.catalina.core.ApplicationContext.log Manager: install: Installing context configuration at 'file:/tmp/context11061462622492711779.xml'
11-Jan-2021 14:40:55.479 INFORMACIÓN [http-nio-8084-exec-12] org.apache.catalina.core.ApplicationContext.log Manager: start: Starting web application '/SuperComprinJPA/index.html'
11-Jan-2021 14:45:10.063 INFORMACIÓN [http-nio-8084-exec-18] org.apache.catalina.core.ApplicationContext.log Manager: list: Listing contexts for virtual host 'localhost'
11-Jan-2021 14:45:10.104 INFORMACIÓN [http-nio-8084-exec-19] org.apache.catalina.core.ApplicationContext.log Manager: list: Listing contexts for virtual host 'localhost'
11-Jan-2021 14:45:10.141 INFORMACIÓN [http-nio-8084-exec-14] org.apache.catalina.core.ApplicationContext.log Manager: undeploy: Undeploying web application at '/SuperComprinJPA/index.html'
11-Jan-2021 14:45:10.690 INFORMACIÓN [http-nio-8084-exec-17] org.apache.catalina.core.ApplicationContext.log Manager: install: Installing context configuration at 'file:/tmp/context4285375920935431048.xml'
11-Jan-2021 14:45:11.624 INFORMACIÓN [http-nio-8084-exec-20] org.apache.catalina.core.ApplicationContext.log Manager: start: Starting web application '/SuperComprinJPA/index.html'
11-Jan-2021 14:45:11.790 INFORMACIÓN [http-nio-8084-exec-23] org.apache.catalina.core.ApplicationContext.log Manager: list: Listing contexts for virtual host 'localhost'
11-Jan-2021 14:45:11.874 INFORMACIÓN [http-nio-8084-exec-13] org.apache.catalina.core.ApplicationContext.log Manager: list: Listing contexts for virtual host 'localhost'
11-Jan-2021 14:45:11.940 INFORMACIÓN [http-nio-8084-exec-16] org.apache.catalina.core.ApplicationContext.log Manager: undeploy: Undeploying web application at '/SuperComprinJPA/index.html'
11-Jan-2021 14:45:12.544 INFORMACIÓN [http-nio-8084-exec-22] org.apache.catalina.core.ApplicationContext.log Manager: install: Installing context configuration at 'file:/tmp/context13244296324665907111.xml'
11-Jan-2021 14:45:13.940 INFORMACIÓN [http-nio-8084-exec-13] org.apache.catalina.core.ApplicationContext.log Manager: start: Starting web application '/SuperComprinJPA/index.html'
11-Jan-2021 14:52:34.787 INFORMACIÓN [http-nio-8084-exec-28] org.apache.catalina.core.ApplicationContext.log Manager: list: Listing contexts for virtual host 'localhost'
11-Jan-2021 14:52:34.817 INFORMACIÓN [http-nio-8084-exec-31] org.apache.catalina.core.ApplicationContext.log Manager: list: Listing contexts for virtual host 'localhost'
11-Jan-2021 14:52:34.851 INFORMACIÓN [http-nio-8084-exec-30] org.apache.catalina.core.ApplicationContext.log Manager: undeploy: Undeploying web application at '/SuperComprinJPA/index.html'
11-Jan-2021 14:52:35.396 INFORMACIÓN [http-nio-8084-exec-33] org.apache.catalina.core.ApplicationContext.log Manager: install: Installing context configuration at 'file:/tmp/context8345149470828645811.xml'
11-Jan-2021 14:52:36.408 INFORMACIÓN [http-nio-8084-exec-32] org.apache.catalina.core.ApplicationContext.log Manager: start: Starting web application '/SuperComprinJPA/index.html'
11-Jan-2021 14:52:36.542 INFORMACIÓN [http-nio-8084-exec-35] org.apache.catalina.core.ApplicationContext.log Manager: list: Listing contexts for virtual host 'localhost'
11-Jan-2021 14:52:36.587 INFORMACIÓN [http-nio-8084-exec-32] org.apache.catalina.core.ApplicationContext.log Manager: list: Listing contexts for virtual host 'localhost'
11-Jan-2021 14:52:36.645 INFORMACIÓN [http-nio-8084-exec-36] org.apache.catalina.core.ApplicationContext.log Manager: undeploy: Undeploying web application at '/SuperComprinJPA/index.html'
11-Jan-2021 14:52:37.219 INFORMACIÓN [http-nio-8084-exec-26] org.apache.catalina.core.ApplicationContext.log Manager: install: Installing context configuration at 'file:/tmp/context722476459207612422.xml'
11-Jan-2021 14:52:38.397 INFORMACIÓN [http-nio-8084-exec-35] org.apache.catalina.core.ApplicationContext.log Manager: start: Starting web application '/SuperComprinJPA/index.html'
11-Jan-2021 14:59:42.370 INFORMACIÓN [http-nio-8084-exec-42] org.apache.catalina.core.ApplicationContext.log Manager: list: Listing contexts for virtual host 'localhost'
11-Jan-2021 14:59:42.404 INFORMACIÓN [http-nio-8084-exec-46] org.apache.catalina.core.ApplicationContext.log Manager: list: Listing contexts for virtual host 'localhost'
11-Jan-2021 14:59:42.433 INFORMACIÓN [http-nio-8084-exec-44] org.apache.catalina.core.ApplicationContext.log Manager: undeploy: Undeploying web application at '/SuperComprinJPA/index.html'
11-Jan-2021 14:59:42.984 INFORMACIÓN [http-nio-8084-exec-42] org.apache.catalina.core.ApplicationContext.log Manager: install: Installing context configuration at 'file:/tmp/context13371033776039219238.xml'
11-Jan-2021 14:59:43.823 INFORMACIÓN [http-nio-8084-exec-45] org.apache.catalina.core.ApplicationContext.log Manager: start: Starting web application '/SuperComprinJPA/index.html'
11-Jan-2021 14:59:43.957 INFORMACIÓN [http-nio-8084-exec-47] org.apache.catalina.core.ApplicationContext.log Manager: list: Listing contexts for virtual host 'localhost'
11-Jan-2021 14:59:44.005 INFORMACIÓN [http-nio-8084-exec-45] org.apache.catalina.core.ApplicationContext.log Manager: list: Listing contexts for virtual host 'localhost'
11-Jan-2021 14:59:44.052 INFORMACIÓN [http-nio-8084-exec-42] org.apache.catalina.core.ApplicationContext.log Manager: undeploy: Undeploying web application at '/SuperComprinJPA/index.html'
11-Jan-2021 14:59:44.602 INFORMACIÓN [http-nio-8084-exec-40] org.apache.catalina.core.ApplicationContext.log Manager: install: Installing context configuration at 'file:/tmp/context11687990437888357297.xml'
11-Jan-2021 14:59:45.755 INFORMACIÓN [http-nio-8084-exec-47] org.apache.catalina.core.ApplicationContext.log Manager: start: Starting web application '/SuperComprinJPA/index.html'
11-Jan-2021 15:01:03.953 INFORMACIÓN [http-nio-8084-exec-54] org.apache.catalina.core.ApplicationContext.log Manager: list: Listing contexts for virtual host 'localhost'
11-Jan-2021 15:01:04.004 INFORMACIÓN [http-nio-8084-exec-50] org.apache.catalina.core.ApplicationContext.log Manager: list: Listing contexts for virtual host 'localhost'
11-Jan-2021 15:01:04.043 INFORMACIÓN [http-nio-8084-exec-49] org.apache.catalina.core.ApplicationContext.log Manager: undeploy: Undeploying web application at '/SuperComprinJPA/index.html'
11-Jan-2021 15:01:04.601 INFORMACIÓN [http-nio-8084-exec-52] org.apache.catalina.core.ApplicationContext.log Manager: install: Installing context configuration at 'file:/tmp/context14375164003962103398.xml'
11-Jan-2021 15:01:05.417 INFORMACIÓN [http-nio-8084-exec-41] org.apache.catalina.core.ApplicationContext.log Manager: start: Starting web application '/SuperComprinJPA/index.html'
11-Jan-2021 15:01:05.495 INFORMACIÓN [http-nio-8084-exec-55] org.apache.catalina.core.ApplicationContext.log Manager: list: Listing contexts for virtual host 'localhost'
11-Jan-2021 15:01:05.528 INFORMACIÓN [http-nio-8084-exec-54] org.apache.catalina.core.ApplicationContext.log Manager: list: Listing contexts for virtual host 'localhost'
11-Jan-2021 15:01:05.560 INFORMACIÓN [http-nio-8084-exec-41] org.apache.catalina.core.ApplicationContext.log Manager: undeploy: Undeploying web application at '/SuperComprinJPA/index.html'
11-Jan-2021 15:01:06.115 INFORMACIÓN [http-nio-8084-exec-57] org.apache.catalina.core.ApplicationContext.log Manager: install: Installing context configuration at 'file:/tmp/context4487594298074500085.xml'
11-Jan-2021 15:01:07.015 INFORMACIÓN [http-nio-8084-exec-56] org.apache.catalina.core.ApplicationContext.log Manager: start: Starting web application '/SuperComprinJPA/index.html'
11-Jan-2021 15:12:16.731 INFORMACIÓN [http-nio-8084-exec-63] org.apache.catalina.core.ApplicationContext.log Manager: list: Listing contexts for virtual host 'localhost'
11-Jan-2021 15:12:16.754 INFORMACIÓN [http-nio-8084-exec-67] org.apache.catalina.core.ApplicationContext.log Manager: list: Listing contexts for virtual host 'localhost'
11-Jan-2021 15:12:16.782 INFORMACIÓN [http-nio-8084-exec-61] org.apache.catalina.core.ApplicationContext.log Manager: undeploy: Undeploying web application at '/SuperComprinJPA/index.html'
11-Jan-2021 15:12:17.326 INFORMACIÓN [http-nio-8084-exec-67] org.apache.catalina.core.ApplicationContext.log Manager: install: Installing context configuration at 'file:/tmp/context17364341054001888728.xml'
11-Jan-2021 15:12:18.160 INFORMACIÓN [http-nio-8084-exec-65] org.apache.catalina.core.ApplicationContext.log Manager: start: Starting web application '/SuperComprinJPA/index.html'
11-Jan-2021 15:12:18.230 INFORMACIÓN [http-nio-8084-exec-66] org.apache.catalina.core.ApplicationContext.log Manager: list: Listing contexts for virtual host 'localhost'
11-Jan-2021 15:12:18.357 INFORMACIÓN [http-nio-8084-exec-60] org.apache.catalina.core.ApplicationContext.log Manager: list: Listing contexts for virtual host 'localhost'
11-Jan-2021 15:12:18.413 INFORMACIÓN [http-nio-8084-exec-65] org.apache.catalina.core.ApplicationContext.log Manager: undeploy: Undeploying web application at '/SuperComprinJPA/index.html'
11-Jan-2021 15:12:18.969 INFORMACIÓN [http-nio-8084-exec-63] org.apache.catalina.core.ApplicationContext.log Manager: install: Installing context configuration at 'file:/tmp/context5176638231474228836.xml'
11-Jan-2021 15:12:19.874 INFORMACIÓN [http-nio-8084-exec-58] org.apache.catalina.core.ApplicationContext.log Manager: start: Starting web application '/SuperComprinJPA/index.html'
11-Jan-2021 15:14:14.536 INFORMACIÓN [http-nio-8084-exec-75] org.apache.catalina.core.ApplicationContext.log Manager: list: Listing contexts for virtual host 'localhost'
11-Jan-2021 15:14:14.604 INFORMACIÓN [http-nio-8084-exec-72] org.apache.catalina.core.ApplicationContext.log Manager: undeploy: Undeploying web application at '/SuperComprinJPA/index.html'
11-Jan-2021 15:16:07.380 INFORMACIÓN [http-nio-8084-exec-76] org.apache.catalina.core.ApplicationContext.log Manager: list: Listing contexts for virtual host 'localhost'
11-Jan-2021 15:16:07.417 INFORMACIÓN [http-nio-8084-exec-77] org.apache.catalina.core.ApplicationContext.log Manager: list: Listing contexts for virtual host 'localhost'
11-Jan-2021 15:16:07.451 INFORMACIÓN [http-nio-8084-exec-72] org.apache.catalina.core.ApplicationContext.log Manager: install: Installing context configuration at 'file:/tmp/context4318093780575808000.xml'
11-Jan-2021 15:16:08.480 INFORMACIÓN [http-nio-8084-exec-79] org.apache.catalina.core.ApplicationContext.log Manager: start: Starting web application '/SuperComprinJPA'
11-Jan-2021 15:16:08.657 INFORMACIÓN [http-nio-8084-exec-77] org.apache.catalina.core.ApplicationContext.log Manager: list: Listing contexts for virtual host 'localhost'
11-Jan-2021 15:16:08.707 INFORMACIÓN [http-nio-8084-exec-78] org.apache.catalina.core.ApplicationContext.log Manager: list: Listing contexts for virtual host 'localhost'
11-Jan-2021 15:16:08.758 INFORMACIÓN [http-nio-8084-exec-69] org.apache.catalina.core.ApplicationContext.log Manager: undeploy: Undeploying web application at '/SuperComprinJPA'
11-Jan-2021 15:16:09.322 INFORMACIÓN [http-nio-8084-exec-77] org.apache.catalina.core.ApplicationContext.log Manager: install: Installing context configuration at 'file:/tmp/context8884757170642787128.xml'
11-Jan-2021 15:16:10.230 INFORMACIÓN [http-nio-8084-exec-78] org.apache.catalina.core.ApplicationContext.log Manager: start: Starting web application '/SuperComprinJPA'
11-Jan-2021 15:19:43.482 INFORMACIÓN [http-nio-8084-exec-86] org.apache.catalina.core.ApplicationContext.log Manager: list: Listing contexts for virtual host 'localhost'
11-Jan-2021 15:19:43.501 INFORMACIÓN [http-nio-8084-exec-87] org.apache.catalina.core.ApplicationContext.log Manager: list: Listing contexts for virtual host 'localhost'
11-Jan-2021 15:19:43.542 INFORMACIÓN [http-nio-8084-exec-81] org.apache.catalina.core.ApplicationContext.log Manager: undeploy: Undeploying web application at '/SuperComprinJPA'
11-Jan-2021 15:19:44.078 INFORMACIÓN [http-nio-8084-exec-83] org.apache.catalina.core.ApplicationContext.log Manager: install: Installing context configuration at 'file:/tmp/context8150073062802609285.xml'
11-Jan-2021 15:19:44.880 INFORMACIÓN [http-nio-8084-exec-86] org.apache.catalina.core.ApplicationContext.log Manager: start: Starting web application '/SuperComprinJPA/index.html'
11-Jan-2021 15:19:45.010 INFORMACIÓN [http-nio-8084-exec-85] org.apache.catalina.core.ApplicationContext.log Manager: list: Listing contexts for virtual host 'localhost'
11-Jan-2021 15:19:45.053 INFORMACIÓN [http-nio-8084-exec-86] org.apache.catalina.core.ApplicationContext.log Manager: list: Listing contexts for virtual host 'localhost'
11-Jan-2021 15:19:45.095 INFORMACIÓN [http-nio-8084-exec-88] org.apache.catalina.core.ApplicationContext.log Manager: undeploy: Undeploying web application at '/SuperComprinJPA/index.html'
11-Jan-2021 15:19:45.664 INFORMACIÓN [http-nio-8084-exec-86] org.apache.catalina.core.ApplicationContext.log Manager: install: Installing context configuration at 'file:/tmp/context2756394435973609387.xml'
11-Jan-2021 15:19:46.582 INFORMACIÓN [http-nio-8084-exec-90] org.apache.catalina.core.ApplicationContext.log Manager: start: Starting web application '/SuperComprinJPA/index.html'
11-Jan-2021 15:24:18.967 INFORMACIÓN [http-nio-8084-exec-93] org.apache.catalina.core.ApplicationContext.log Manager: list: Listing contexts for virtual host 'localhost'
11-Jan-2021 15:24:18.988 INFORMACIÓN [http-nio-8084-exec-96] org.apache.catalina.core.ApplicationContext.log Manager: list: Listing contexts for virtual host 'localhost'
11-Jan-2021 15:24:19.010 INFORMACIÓN [http-nio-8084-exec-92] org.apache.catalina.core.ApplicationContext.log Manager: undeploy: Undeploying web application at '/SuperComprinJPA/index.html'
11-Jan-2021 15:24:19.543 INFORMACIÓN [http-nio-8084-exec-93] org.apache.catalina.core.ApplicationContext.log Manager: install: Installing context configuration at 'file:/tmp/context4310782666501146097.xml'
11-Jan-2021 15:24:20.293 INFORMACIÓN [http-nio-8084-exec-99] org.apache.catalina.core.ApplicationContext.log Manager: start: Starting web application '/SuperComprinJPA/index.html'
11-Jan-2021 15:24:20.385 INFORMACIÓN [http-nio-8084-exec-102] org.apache.catalina.core.ApplicationContext.log Manager: list: Listing contexts for virtual host 'localhost'
11-Jan-2021 15:24:20.416 INFORMACIÓN [http-nio-8084-exec-97] org.apache.catalina.core.ApplicationContext.log Manager: list: Listing contexts for virtual host 'localhost'
11-Jan-2021 15:24:20.457 INFORMACIÓN [http-nio-8084-exec-95] org.apache.catalina.core.ApplicationContext.log Manager: undeploy: Undeploying web application at '/SuperComprinJPA/index.html'
11-Jan-2021 15:24:21.010 INFORMACIÓN [http-nio-8084-exec-96] org.apache.catalina.core.ApplicationContext.log Manager: install: Installing context configuration at 'file:/tmp/context1889796996585081734.xml'
11-Jan-2021 15:24:21.788 INFORMACIÓN [http-nio-8084-exec-101] org.apache.catalina.core.ApplicationContext.log Manager: start: Starting web application '/SuperComprinJPA/index.html'
11-Jan-2021 15:28:00.600 INFORMACIÓN [http-nio-8084-exec-109] org.apache.catalina.core.ApplicationContext.log Manager: list: Listing contexts for virtual host 'localhost'
11-Jan-2021 15:28:00.625 INFORMACIÓN [http-nio-8084-exec-111] org.apache.catalina.core.ApplicationContext.log Manager: list: Listing contexts for virtual host 'localhost'
11-Jan-2021 15:28:00.650 INFORMACIÓN [http-nio-8084-exec-103] org.apache.catalina.core.ApplicationContext.log Manager: undeploy: Undeploying web application at '/SuperComprinJPA/index.html'
11-Jan-2021 15:28:01.199 INFORMACIÓN [http-nio-8084-exec-109] org.apache.catalina.core.ApplicationContext.log Manager: install: Installing context configuration at 'file:/tmp/context3094239273955213990.xml'
11-Jan-2021 15:28:02.055 INFORMACIÓN [http-nio-8084-exec-110] org.apache.catalina.core.ApplicationContext.log Manager: start: Starting web application '/SuperComprinJPA/index.html'
11-Jan-2021 15:28:02.138 INFORMACIÓN [http-nio-8084-exec-113] org.apache.catalina.core.ApplicationContext.log Manager: list: Listing contexts for virtual host 'localhost'
11-Jan-2021 15:28:02.176 INFORMACIÓN [http-nio-8084-exec-110] org.apache.catalina.core.ApplicationContext.log Manager: list: Listing contexts for virtual host 'localhost'
11-Jan-2021 15:28:02.221 INFORMACIÓN [http-nio-8084-exec-108] org.apache.catalina.core.ApplicationContext.log Manager: undeploy: Undeploying web application at '/SuperComprinJPA/index.html'
11-Jan-2021 15:28:02.757 INFORMACIÓN [http-nio-8084-exec-103] org.apache.catalina.core.ApplicationContext.log Manager: install: Installing context configuration at 'file:/tmp/context17423524098560283836.xml'
11-Jan-2021 15:28:03.632 INFORMACIÓN [http-nio-8084-exec-111] org.apache.catalina.core.ApplicationContext.log Manager: start: Starting web application '/SuperComprinJPA/index.html'
11-Jan-2021 15:28:47.475 INFORMACIÓN [http-nio-8084-exec-111] org.apache.catalina.core.ApplicationContext.log Manager: list: Listing contexts for virtual host 'localhost'
11-Jan-2021 15:28:47.495 INFORMACIÓN [http-nio-8084-exec-116] org.apache.catalina.core.ApplicationContext.log Manager: list: Listing contexts for virtual host 'localhost'
11-Jan-2021 15:28:47.529 INFORMACIÓN [http-nio-8084-exec-115] org.apache.catalina.core.ApplicationContext.log Manager: undeploy: Undeploying web application at '/SuperComprinJPA/index.html'
11-Jan-2021 15:28:48.071 INFORMACIÓN [http-nio-8084-exec-110] org.apache.catalina.core.ApplicationContext.log Manager: install: Installing context configuration at 'file:/tmp/context2567011317973336669.xml'
11-Jan-2021 15:28:48.814 INFORMACIÓN [http-nio-8084-exec-116] org.apache.catalina.core.ApplicationContext.log Manager: start: Starting web application '/SuperComprinJPA'
11-Jan-2021 15:28:48.915 INFORMACIÓN [http-nio-8084-exec-113] org.apache.catalina.core.ApplicationContext.log Manager: list: Listing contexts for virtual host 'localhost'
11-Jan-2021 15:28:48.956 INFORMACIÓN [http-nio-8084-exec-115] org.apache.catalina.core.ApplicationContext.log Manager: list: Listing contexts for virtual host 'localhost'
11-Jan-2021 15:28:48.990 INFORMACIÓN [http-nio-8084-exec-116] org.apache.catalina.core.ApplicationContext.log Manager: undeploy: Undeploying web application at '/SuperComprinJPA'
11-Jan-2021 15:28:49.561 INFORMACIÓN [http-nio-8084-exec-115] org.apache.catalina.core.ApplicationContext.log Manager: install: Installing context configuration at 'file:/tmp/context5737225653952454376.xml'
11-Jan-2021 15:28:50.446 INFORMACIÓN [http-nio-8084-exec-104] org.apache.catalina.core.ApplicationContext.log Manager: start: Starting web application '/SuperComprinJPA'
11-Jan-2021 15:29:57.771 INFORMACIÓN [http-nio-8084-exec-117] org.apache.catalina.core.ApplicationContext.log Manager: list: Listing contexts for virtual host 'localhost'
11-Jan-2021 15:29:57.788 INFORMACIÓN [http-nio-8084-exec-111] org.apache.catalina.core.ApplicationContext.log Manager: list: Listing contexts for virtual host 'localhost'
11-Jan-2021 15:29:57.807 INFORMACIÓN [http-nio-8084-exec-106] org.apache.catalina.core.ApplicationContext.log Manager: undeploy: Undeploying web application at '/SuperComprinJPA'
11-Jan-2021 15:29:58.350 INFORMACIÓN [http-nio-8084-exec-119] org.apache.catalina.core.ApplicationContext.log Manager: install: Installing context configuration at 'file:/tmp/context4990012883753444597.xml'
11-Jan-2021 15:29:59.113 INFORMACIÓN [http-nio-8084-exec-117] org.apache.catalina.core.ApplicationContext.log Manager: start: Starting web application '/SuperComprinJPA'
11-Jan-2021 15:29:59.211 INFORMACIÓN [http-nio-8084-exec-111] org.apache.catalina.core.ApplicationContext.log Manager: list: Listing contexts for virtual host 'localhost'
11-Jan-2021 15:29:59.236 INFORMACIÓN [http-nio-8084-exec-108] org.apache.catalina.core.ApplicationContext.log Manager: list: Listing contexts for virtual host 'localhost'
11-Jan-2021 15:29:59.267 INFORMACIÓN [http-nio-8084-exec-123] org.apache.catalina.core.ApplicationContext.log Manager: undeploy: Undeploying web application at '/SuperComprinJPA'
11-Jan-2021 15:29:59.820 INFORMACIÓN [http-nio-8084-exec-122] org.apache.catalina.core.ApplicationContext.log Manager: install: Installing context configuration at 'file:/tmp/context5823900257529183353.xml'
11-Jan-2021 15:30:00.702 INFORMACIÓN [http-nio-8084-exec-121] org.apache.catalina.core.ApplicationContext.log Manager: start: Starting web application '/SuperComprinJPA'
11-Jan-2021 15:32:38.977 INFORMACIÓN [http-nio-8084-exec-128] org.apache.catalina.core.ApplicationContext.log Manager: list: Listing contexts for virtual host 'localhost'
11-Jan-2021 15:32:39.006 INFORMACIÓN [http-nio-8084-exec-124] org.apache.catalina.core.ApplicationContext.log Manager: list: Listing contexts for virtual host 'localhost'
11-Jan-2021 15:32:39.034 INFORMACIÓN [http-nio-8084-exec-127] org.apache.catalina.core.ApplicationContext.log Manager: undeploy: Undeploying web application at '/SuperComprinJPA'
11-Jan-2021 15:32:39.564 INFORMACIÓN [http-nio-8084-exec-123] org.apache.catalina.core.ApplicationContext.log Manager: install: Installing context configuration at 'file:/tmp/context7705270492774541079.xml'
11-Jan-2021 15:32:40.286 INFORMACIÓN [http-nio-8084-exec-130] org.apache.catalina.core.ApplicationContext.log Manager: start: Starting web application '/SuperComprinJPA'
11-Jan-2021 15:32:40.392 INFORMACIÓN [http-nio-8084-exec-127] org.apache.catalina.core.ApplicationContext.log Manager: list: Listing contexts for virtual host 'localhost'
11-Jan-2021 15:32:40.418 INFORMACIÓN [http-nio-8084-exec-125] org.apache.catalina.core.ApplicationContext.log Manager: list: Listing contexts for virtual host 'localhost'
11-Jan-2021 15:32:40.453 INFORMACIÓN [http-nio-8084-exec-128] org.apache.catalina.core.ApplicationContext.log Manager: undeploy: Undeploying web application at '/SuperComprinJPA'
11-Jan-2021 15:32:41.007 INFORMACIÓN [http-nio-8084-exec-126] org.apache.catalina.core.ApplicationContext.log Manager: install: Installing context configuration at 'file:/tmp/context5407591556851922518.xml'
11-Jan-2021 15:32:41.820 INFORMACIÓN [http-nio-8084-exec-125] org.apache.catalina.core.ApplicationContext.log Manager: start: Starting web application '/SuperComprinJPA'
11-Jan-2021 15:48:18.129 INFORMACIÓN [http-nio-8084-exec-141] org.apache.catalina.core.ApplicationContext.log Manager: list: Listing contexts for virtual host 'localhost'
11-Jan-2021 15:48:18.152 INFORMACIÓN [http-nio-8084-exec-134] org.apache.catalina.core.ApplicationContext.log Manager: list: Listing contexts for virtual host 'localhost'
11-Jan-2021 15:48:18.183 INFORMACIÓN [http-nio-8084-exec-139] org.apache.catalina.core.ApplicationContext.log Manager: undeploy: Undeploying web application at '/SuperComprinJPA'
11-Jan-2021 15:48:18.718 INFORMACIÓN [http-nio-8084-exec-140] org.apache.catalina.core.ApplicationContext.log Manager: install: Installing context configuration at 'file:/tmp/context9632382225383666355.xml'
11-Jan-2021 15:48:19.466 INFORMACIÓN [http-nio-8084-exec-133] org.apache.catalina.core.ApplicationContext.log Manager: start: Starting web application '/SuperComprinJPA'
11-Jan-2021 15:48:19.548 INFORMACIÓN [http-nio-8084-exec-140] org.apache.catalina.core.ApplicationContext.log Manager: list: Listing contexts for virtual host 'localhost'
11-Jan-2021 15:48:19.573 INFORMACIÓN [http-nio-8084-exec-136] org.apache.catalina.core.ApplicationContext.log Manager: list: Listing contexts for virtual host 'localhost'
11-Jan-2021 15:48:19.604 INFORMACIÓN [http-nio-8084-exec-134] org.apache.catalina.core.ApplicationContext.log Manager: undeploy: Undeploying web application at '/SuperComprinJPA'
11-Jan-2021 15:48:20.142 INFORMACIÓN [http-nio-8084-exec-135] org.apache.catalina.core.ApplicationContext.log Manager: install: Installing context configuration at 'file:/tmp/context8857919905498655870.xml'
11-Jan-2021 15:48:21.447 INFORMACIÓN [http-nio-8084-exec-140] org.apache.catalina.core.ApplicationContext.log Manager: start: Starting web application '/SuperComprinJPA'
11-Jan-2021 15:50:52.817 INFORMACIÓN [http-nio-8084-exec-149] org.apache.catalina.core.ApplicationContext.log Manager: list: Listing contexts for virtual host 'localhost'
11-Jan-2021 15:50:52.836 INFORMACIÓN [http-nio-8084-exec-148] org.apache.catalina.core.ApplicationContext.log Manager: list: Listing contexts for virtual host 'localhost'
11-Jan-2021 15:50:52.855 INFORMACIÓN [http-nio-8084-exec-151] org.apache.catalina.core.ApplicationContext.log Manager: undeploy: Undeploying web application at '/SuperComprinJPA'
11-Jan-2021 15:50:53.384 INFORMACIÓN [http-nio-8084-exec-152] org.apache.catalina.core.ApplicationContext.log Manager: install: Installing context configuration at 'file:/tmp/context2557198780609841540.xml'
11-Jan-2021 15:50:54.139 INFORMACIÓN [http-nio-8084-exec-149] org.apache.catalina.core.ApplicationContext.log Manager: start: Starting web application '/SuperComprinJPA'
11-Jan-2021 15:50:54.225 INFORMACIÓN [http-nio-8084-exec-147] org.apache.catalina.core.ApplicationContext.log Manager: list: Listing contexts for virtual host 'localhost'
11-Jan-2021 15:50:54.272 INFORMACIÓN [http-nio-8084-exec-145] org.apache.catalina.core.ApplicationContext.log Manager: list: Listing contexts for virtual host 'localhost'
11-Jan-2021 15:50:54.303 INFORMACIÓN [http-nio-8084-exec-149] org.apache.catalina.core.ApplicationContext.log Manager: undeploy: Undeploying web application at '/SuperComprinJPA'
11-Jan-2021 15:50:54.856 INFORMACIÓN [http-nio-8084-exec-146] org.apache.catalina.core.ApplicationContext.log Manager: install: Installing context configuration at 'file:/tmp/context16187403926247463701.xml'
11-Jan-2021 15:50:55.738 INFORMACIÓN [http-nio-8084-exec-150] org.apache.catalina.core.ApplicationContext.log Manager: start: Starting web application '/SuperComprinJPA'
11-Jan-2021 16:00:38.394 INFORMACIÓN [http-nio-8084-exec-160] org.apache.catalina.core.ApplicationContext.log Manager: list: Listing contexts for virtual host 'localhost'
11-Jan-2021 16:00:38.413 INFORMACIÓN [http-nio-8084-exec-156] org.apache.catalina.core.ApplicationContext.log Manager: list: Listing contexts for virtual host 'localhost'
11-Jan-2021 16:00:38.435 INFORMACIÓN [http-nio-8084-exec-163] org.apache.catalina.core.ApplicationContext.log Manager: undeploy: Undeploying web application at '/SuperComprinJPA'
11-Jan-2021 16:00:38.965 INFORMACIÓN [http-nio-8084-exec-157] org.apache.catalina.core.ApplicationContext.log Manager: install: Installing context configuration at 'file:/tmp/context9314109290846499984.xml'
11-Jan-2021 16:00:39.733 INFORMACIÓN [http-nio-8084-exec-164] org.apache.catalina.core.ApplicationContext.log Manager: start: Starting web application '/SuperComprinJPA'
11-Jan-2021 16:00:39.818 INFORMACIÓN [http-nio-8084-exec-158] org.apache.catalina.core.ApplicationContext.log Manager: list: Listing contexts for virtual host 'localhost'
11-Jan-2021 16:00:39.866 INFORMACIÓN [http-nio-8084-exec-165] org.apache.catalina.core.ApplicationContext.log Manager: list: Listing contexts for virtual host 'localhost'
11-Jan-2021 16:00:39.905 INFORMACIÓN [http-nio-8084-exec-160] org.apache.catalina.core.ApplicationContext.log Manager: undeploy: Undeploying web application at '/SuperComprinJPA'
11-Jan-2021 16:00:40.465 INFORMACIÓN [http-nio-8084-exec-158] org.apache.catalina.core.ApplicationContext.log Manager: install: Installing context configuration at 'file:/tmp/context14592647459472799338.xml'
11-Jan-2021 16:00:41.468 INFORMACIÓN [http-nio-8084-exec-159] org.apache.catalina.core.ApplicationContext.log Manager: start: Starting web application '/SuperComprinJPA'
11-Jan-2021 16:09:03.157 INFORMACIÓN [http-nio-8084-exec-172] org.apache.catalina.core.ApplicationContext.log Manager: list: Listing contexts for virtual host 'localhost'
11-Jan-2021 16:09:03.180 INFORMACIÓN [http-nio-8084-exec-169] org.apache.catalina.core.ApplicationContext.log Manager: list: Listing contexts for virtual host 'localhost'
11-Jan-2021 16:09:03.201 INFORMACIÓN [http-nio-8084-exec-168] org.apache.catalina.core.ApplicationContext.log Manager: undeploy: Undeploying web application at '/SuperComprinJPA'
11-Jan-2021 16:09:03.740 INFORMACIÓN [http-nio-8084-exec-170] org.apache.catalina.core.ApplicationContext.log Manager: install: Installing context configuration at 'file:/tmp/context8867474158535608655.xml'
11-Jan-2021 16:09:04.527 INFORMACIÓN [http-nio-8084-exec-172] org.apache.catalina.core.ApplicationContext.log Manager: start: Starting web application '/SuperComprinJPA'
11-Jan-2021 16:09:04.629 INFORMACIÓN [http-nio-8084-exec-176] org.apache.catalina.core.ApplicationContext.log Manager: list: Listing contexts for virtual host 'localhost'
11-Jan-2021 16:09:04.666 INFORMACIÓN [http-nio-8084-exec-174] org.apache.catalina.core.ApplicationContext.log Manager: list: Listing contexts for virtual host 'localhost'
11-Jan-2021 16:09:04.710 INFORMACIÓN [http-nio-8084-exec-173] org.apache.catalina.core.ApplicationContext.log Manager: undeploy: Undeploying web application at '/SuperComprinJPA'
11-Jan-2021 16:09:05.248 INFORMACIÓN [http-nio-8084-exec-170] org.apache.catalina.core.ApplicationContext.log Manager: install: Installing context configuration at 'file:/tmp/context12980968589245159740.xml'
11-Jan-2021 16:09:06.040 INFORMACIÓN [http-nio-8084-exec-171] org.apache.catalina.core.ApplicationContext.log Manager: start: Starting web application '/SuperComprinJPA'
11-Jan-2021 16:14:38.976 INFORMACIÓN [http-nio-8084-exec-185] org.apache.catalina.core.ApplicationContext.log Manager: list: Listing contexts for virtual host 'localhost'
11-Jan-2021 16:14:39.001 INFORMACIÓN [http-nio-8084-exec-186] org.apache.catalina.core.ApplicationContext.log Manager: undeploy: Undeploying web application at '/SuperComprinJPA'
11-Jan-2021 16:15:14.137 INFORMACIÓN [http-nio-8084-exec-181] org.apache.catalina.core.ApplicationContext.log Manager: list: Listing contexts for virtual host 'localhost'
11-Jan-2021 16:15:14.160 INFORMACIÓN [http-nio-8084-exec-189] org.apache.catalina.core.ApplicationContext.log Manager: list: Listing contexts for virtual host 'localhost'
11-Jan-2021 16:15:14.189 INFORMACIÓN [http-nio-8084-exec-177] org.apache.catalina.core.ApplicationContext.log Manager: install: Installing context configuration at 'file:/tmp/context12985093889105060912.xml'
11-Jan-2021 16:15:14.938 INFORMACIÓN [http-nio-8084-exec-182] org.apache.catalina.core.ApplicationContext.log Manager: start: Starting web application '/SuperComprinJPA'
11-Jan-2021 16:15:15.037 INFORMACIÓN [http-nio-8084-exec-183] org.apache.catalina.core.ApplicationContext.log Manager: list: Listing contexts for virtual host 'localhost'
11-Jan-2021 16:15:15.058 INFORMACIÓN [http-nio-8084-exec-185] org.apache.catalina.core.ApplicationContext.log Manager: list: Listing contexts for virtual host 'localhost'
11-Jan-2021 16:15:15.092 INFORMACIÓN [http-nio-8084-exec-179] org.apache.catalina.core.ApplicationContext.log Manager: undeploy: Undeploying web application at '/SuperComprinJPA'
11-Jan-2021 16:15:15.643 INFORMACIÓN [http-nio-8084-exec-187] org.apache.catalina.core.ApplicationContext.log Manager: install: Installing context configuration at 'file:/tmp/context5389072513913004602.xml'
11-Jan-2021 16:15:16.662 INFORMACIÓN [http-nio-8084-exec-177] org.apache.catalina.core.ApplicationContext.log Manager: start: Starting web application '/SuperComprinJPA'
11-Jan-2021 16:18:31.469 INFORMACIÓN [http-nio-8084-exec-196] org.apache.catalina.core.ApplicationContext.log Manager: list: Listing contexts for virtual host 'localhost'
11-Jan-2021 16:18:31.494 INFORMACIÓN [http-nio-8084-exec-191] org.apache.catalina.core.ApplicationContext.log Manager: list: Listing contexts for virtual host 'localhost'
11-Jan-2021 16:18:31.535 INFORMACIÓN [http-nio-8084-exec-195] org.apache.catalina.core.ApplicationContext.log Manager: undeploy: Undeploying web application at '/SuperComprinJPA'
11-Jan-2021 16:18:32.091 INFORMACIÓN [http-nio-8084-exec-199] org.apache.catalina.core.ApplicationContext.log Manager: install: Installing context configuration at 'file:/tmp/context16008080601522236011.xml'
11-Jan-2021 16:18:32.846 INFORMACIÓN [http-nio-8084-exec-193] org.apache.catalina.core.ApplicationContext.log Manager: start: Starting web application '/SuperComprinJPA'
11-Jan-2021 16:18:32.956 INFORMACIÓN [http-nio-8084-exec-200] org.apache.catalina.core.ApplicationContext.log Manager: list: Listing contexts for virtual host 'localhost'
11-Jan-2021 16:18:32.990 INFORMACIÓN [http-nio-8084-exec-196] org.apache.catalina.core.ApplicationContext.log Manager: list: Listing contexts for virtual host 'localhost'
11-Jan-2021 16:18:33.028 INFORMACIÓN [http-nio-8084-exec-197] org.apache.catalina.core.ApplicationContext.log Manager: undeploy: Undeploying web application at '/SuperComprinJPA'
11-Jan-2021 16:18:33.578 INFORMACIÓN [http-nio-8084-exec-200] org.apache.catalina.core.ApplicationContext.log Manager: install: Installing context configuration at 'file:/tmp/context1488820038983277899.xml'
11-Jan-2021 16:18:34.646 INFORMACIÓN [http-nio-8084-exec-198] org.apache.catalina.core.ApplicationContext.log Manager: start: Starting web application '/SuperComprinJPA'
11-Jan-2021 16:19:01.614 INFORMACIÓN [http-nio-8084-exec-196] org.apache.catalina.core.ApplicationContext.log Manager: list: Listing contexts for virtual host 'localhost'
11-Jan-2021 16:19:01.649 INFORMACIÓN [http-nio-8084-exec-194] org.apache.catalina.core.ApplicationContext.log Manager: list: Listing contexts for virtual host 'localhost'
11-Jan-2021 16:19:01.679 INFORMACIÓN [http-nio-8084-exec-204] org.apache.catalina.core.ApplicationContext.log Manager: undeploy: Undeploying web application at '/SuperComprinJPA'
11-Jan-2021 16:19:02.231 INFORMACIÓN [http-nio-8084-exec-205] org.apache.catalina.core.ApplicationContext.log Manager: install: Installing context configuration at 'file:/tmp/context1135177235793004694.xml'
11-Jan-2021 16:19:02.964 INFORMACIÓN [http-nio-8084-exec-200] org.apache.catalina.core.ApplicationContext.log Manager: start: Starting web application '/SuperComprinJPA'
11-Jan-2021 16:19:03.042 INFORMACIÓN [http-nio-8084-exec-206] org.apache.catalina.core.ApplicationContext.log Manager: list: Listing contexts for virtual host 'localhost'
11-Jan-2021 16:19:03.065 INFORMACIÓN [http-nio-8084-exec-207] org.apache.catalina.core.ApplicationContext.log Manager: list: Listing contexts for virtual host 'localhost'
11-Jan-2021 16:19:03.093 INFORMACIÓN [http-nio-8084-exec-200] org.apache.catalina.core.ApplicationContext.log Manager: undeploy: Undeploying web application at '/SuperComprinJPA'
11-Jan-2021 16:19:03.627 INFORMACIÓN [http-nio-8084-exec-196] org.apache.catalina.core.ApplicationContext.log Manager: install: Installing context configuration at 'file:/tmp/context8350313220686233811.xml'
11-Jan-2021 16:19:04.750 INFORMACIÓN [http-nio-8084-exec-203] org.apache.catalina.core.ApplicationContext.log Manager: start: Starting web application '/SuperComprinJPA'
11-Jan-2021 16:20:53.161 INFORMACIÓN [http-nio-8084-exec-215] org.apache.catalina.core.ApplicationContext.log Manager: list: Listing contexts for virtual host 'localhost'
11-Jan-2021 16:20:53.186 INFORMACIÓN [http-nio-8084-exec-209] org.apache.catalina.core.ApplicationContext.log Manager: list: Listing contexts for virtual host 'localhost'
11-Jan-2021 16:20:53.207 INFORMACIÓN [http-nio-8084-exec-214] org.apache.catalina.core.ApplicationContext.log Manager: undeploy: Undeploying web application at '/SuperComprinJPA'
11-Jan-2021 16:20:53.736 INFORMACIÓN [http-nio-8084-exec-213] org.apache.catalina.core.ApplicationContext.log Manager: install: Installing context configuration at 'file:/tmp/context8303889574210332637.xml'
11-Jan-2021 16:20:54.466 INFORMACIÓN [http-nio-8084-exec-208] org.apache.catalina.core.ApplicationContext.log Manager: start: Starting web application '/SuperComprinJPA'
11-Jan-2021 16:20:54.563 INFORMACIÓN [http-nio-8084-exec-215] org.apache.catalina.core.ApplicationContext.log Manager: list: Listing contexts for virtual host 'localhost'
11-Jan-2021 16:20:54.588 INFORMACIÓN [http-nio-8084-exec-216] org.apache.catalina.core.ApplicationContext.log Manager: list: Listing contexts for virtual host 'localhost'
11-Jan-2021 16:20:54.619 INFORMACIÓN [http-nio-8084-exec-218] org.apache.catalina.core.ApplicationContext.log Manager: undeploy: Undeploying web application at '/SuperComprinJPA'
11-Jan-2021 16:20:55.167 INFORMACIÓN [http-nio-8084-exec-216] org.apache.catalina.core.ApplicationContext.log Manager: install: Installing context configuration at 'file:/tmp/context16403770243252185484.xml'
11-Jan-2021 16:20:56.143 INFORMACIÓN [http-nio-8084-exec-217] org.apache.catalina.core.ApplicationContext.log Manager: start: Starting web application '/SuperComprinJPA'
11-Jan-2021 16:21:17.838 INFORMACIÓN [http-nio-8084-exec-221] org.apache.catalina.core.ApplicationContext.log Manager: list: Listing contexts for virtual host 'localhost'
11-Jan-2021 16:21:17.875 INFORMACIÓN [http-nio-8084-exec-218] org.apache.catalina.core.ApplicationContext.log Manager: undeploy: Undeploying web application at '/SuperComprinJPA'
11-Jan-2021 16:21:39.397 INFORMACIÓN [http-nio-8084-exec-215] org.apache.catalina.core.ApplicationContext.log Manager: list: Listing contexts for virtual host 'localhost'
11-Jan-2021 16:21:39.419 INFORMACIÓN [http-nio-8084-exec-219] org.apache.catalina.core.ApplicationContext.log Manager: list: Listing contexts for virtual host 'localhost'
11-Jan-2021 16:21:39.443 INFORMACIÓN [http-nio-8084-exec-210] org.apache.catalina.core.ApplicationContext.log Manager: install: Installing context configuration at 'file:/tmp/context5848131525319339489.xml'
11-Jan-2021 16:21:40.175 INFORMACIÓN [http-nio-8084-exec-225] org.apache.catalina.core.ApplicationContext.log Manager: start: Starting web application '/SuperComprinJPA'
11-Jan-2021 16:21:40.249 INFORMACIÓN [http-nio-8084-exec-222] org.apache.catalina.core.ApplicationContext.log Manager: list: Listing contexts for virtual host 'localhost'
11-Jan-2021 16:21:40.281 INFORMACIÓN [http-nio-8084-exec-217] org.apache.catalina.core.ApplicationContext.log Manager: list: Listing contexts for virtual host 'localhost'
11-Jan-2021 16:21:40.312 INFORMACIÓN [http-nio-8084-exec-211] org.apache.catalina.core.ApplicationContext.log Manager: undeploy: Undeploying web application at '/SuperComprinJPA'
11-Jan-2021 16:21:40.874 INFORMACIÓN [http-nio-8084-exec-224] org.apache.catalina.core.ApplicationContext.log Manager: install: Installing context configuration at 'file:/tmp/context6418761166535812095.xml'
11-Jan-2021 16:21:41.700 INFORMACIÓN [http-nio-8084-exec-215] org.apache.catalina.core.ApplicationContext.log Manager: start: Starting web application '/SuperComprinJPA'
11-Jan-2021 16:22:18.374 INFORMACIÓN [http-nio-8084-exec-219] org.apache.catalina.core.ApplicationContext.log Manager: list: Listing contexts for virtual host 'localhost'
11-Jan-2021 16:22:18.394 INFORMACIÓN [http-nio-8084-exec-230] org.apache.catalina.core.ApplicationContext.log Manager: list: Listing contexts for virtual host 'localhost'
11-Jan-2021 16:22:18.414 INFORMACIÓN [http-nio-8084-exec-226] org.apache.catalina.core.ApplicationContext.log Manager: undeploy: Undeploying web application at '/SuperComprinJPA'
11-Jan-2021 16:22:18.950 INFORMACIÓN [http-nio-8084-exec-223] org.apache.catalina.core.ApplicationContext.log Manager: install: Installing context configuration at 'file:/tmp/context3253575400634164270.xml'
11-Jan-2021 16:22:19.678 INFORMACIÓN [http-nio-8084-exec-229] org.apache.catalina.core.ApplicationContext.log Manager: start: Starting web application '/SuperComprinJPA'
11-Jan-2021 16:22:19.756 INFORMACIÓN [http-nio-8084-exec-226] org.apache.catalina.core.ApplicationContext.log Manager: list: Listing contexts for virtual host 'localhost'
11-Jan-2021 16:22:19.786 INFORMACIÓN [http-nio-8084-exec-229] org.apache.catalina.core.ApplicationContext.log Manager: list: Listing contexts for virtual host 'localhost'
11-Jan-2021 16:22:19.824 INFORMACIÓN [http-nio-8084-exec-219] org.apache.catalina.core.ApplicationContext.log Manager: undeploy: Undeploying web application at '/SuperComprinJPA'
11-Jan-2021 16:22:20.360 INFORMACIÓN [http-nio-8084-exec-231] org.apache.catalina.core.ApplicationContext.log Manager: install: Installing context configuration at 'file:/tmp/context5645073398395562290.xml'
11-Jan-2021 16:22:21.191 INFORMACIÓN [http-nio-8084-exec-215] org.apache.catalina.core.ApplicationContext.log Manager: start: Starting web application '/SuperComprinJPA'
11-Jan-2021 16:24:24.885 INFORMACIÓN [http-nio-8084-exec-238] org.apache.catalina.core.ApplicationContext.log Manager: list: Listing contexts for virtual host 'localhost'
11-Jan-2021 16:24:24.904 INFORMACIÓN [http-nio-8084-exec-232] org.apache.catalina.core.ApplicationContext.log Manager: list: Listing contexts for virtual host 'localhost'
11-Jan-2021 16:24:24.920 INFORMACIÓN [http-nio-8084-exec-235] org.apache.catalina.core.ApplicationContext.log Manager: undeploy: Undeploying web application at '/SuperComprinJPA'
11-Jan-2021 16:24:25.447 INFORMACIÓN [http-nio-8084-exec-233] org.apache.catalina.core.ApplicationContext.log Manager: install: Installing context configuration at 'file:/tmp/context4136154412817133914.xml'
11-Jan-2021 16:24:26.176 INFORMACIÓN [http-nio-8084-exec-236] org.apache.catalina.core.ApplicationContext.log Manager: start: Starting web application '/SuperComprinJPA'
11-Jan-2021 16:24:26.277 INFORMACIÓN [http-nio-8084-exec-235] org.apache.catalina.core.ApplicationContext.log Manager: list: Listing contexts for virtual host 'localhost'
11-Jan-2021 16:24:26.298 INFORMACIÓN [http-nio-8084-exec-242] org.apache.catalina.core.ApplicationContext.log Manager: list: Listing contexts for virtual host 'localhost'
11-Jan-2021 16:24:26.329 INFORMACIÓN [http-nio-8084-exec-238] org.apache.catalina.core.ApplicationContext.log Manager: undeploy: Undeploying web application at '/SuperComprinJPA'
11-Jan-2021 16:24:26.871 INFORMACIÓN [http-nio-8084-exec-232] org.apache.catalina.core.ApplicationContext.log Manager: install: Installing context configuration at 'file:/tmp/context6825429129954041683.xml'
11-Jan-2021 16:24:27.670 INFORMACIÓN [http-nio-8084-exec-234] org.apache.catalina.core.ApplicationContext.log Manager: start: Starting web application '/SuperComprinJPA'
11-Jan-2021 16:26:43.193 INFORMACIÓN [http-nio-8084-exec-251] org.apache.catalina.core.ApplicationContext.log Manager: list: Listing contexts for virtual host 'localhost'
11-Jan-2021 16:26:43.210 INFORMACIÓN [http-nio-8084-exec-243] org.apache.catalina.core.ApplicationContext.log Manager: list: Listing contexts for virtual host 'localhost'
11-Jan-2021 16:26:43.227 INFORMACIÓN [http-nio-8084-exec-247] org.apache.catalina.core.ApplicationContext.log Manager: undeploy: Undeploying web application at '/SuperComprinJPA'
11-Jan-2021 16:26:43.760 INFORMACIÓN [http-nio-8084-exec-234] org.apache.catalina.core.ApplicationContext.log Manager: install: Installing context configuration at 'file:/tmp/context948002282873302569.xml'
11-Jan-2021 16:26:44.518 INFORMACIÓN [http-nio-8084-exec-243] org.apache.catalina.core.ApplicationContext.log Manager: start: Starting web application '/SuperComprinJPA'
11-Jan-2021 16:26:44.619 INFORMACIÓN [http-nio-8084-exec-247] org.apache.catalina.core.ApplicationContext.log Manager: list: Listing contexts for virtual host 'localhost'
11-Jan-2021 16:26:44.641 INFORMACIÓN [http-nio-8084-exec-249] org.apache.catalina.core.ApplicationContext.log Manager: list: Listing contexts for virtual host 'localhost'
11-Jan-2021 16:26:44.685 INFORMACIÓN [http-nio-8084-exec-251] org.apache.catalina.core.ApplicationContext.log Manager: undeploy: Undeploying web application at '/SuperComprinJPA'
11-Jan-2021 16:26:45.243 INFORMACIÓN [http-nio-8084-exec-245] org.apache.catalina.core.ApplicationContext.log Manager: install: Installing context configuration at 'file:/tmp/context17495735666108881707.xml'
11-Jan-2021 16:26:46.125 INFORMACIÓN [http-nio-8084-exec-250] org.apache.catalina.core.ApplicationContext.log Manager: start: Starting web application '/SuperComprinJPA'
11-Jan-2021 16:32:49.583 INFORMACIÓN [http-nio-8084-exec-4] org.apache.catalina.core.ApplicationContext.log Manager: init: Associated with Deployer 'Catalina:type=Deployer,host=localhost'
11-Jan-2021 16:32:49.583 INFORMACIÓN [http-nio-8084-exec-4] org.apache.catalina.core.ApplicationContext.log Manager: init: Global resources are available
11-Jan-2021 16:32:51.323 INFORMACIÓN [http-nio-8084-exec-9] org.apache.catalina.core.ApplicationContext.log Manager: list: Listing contexts for virtual host 'localhost'
11-Jan-2021 16:32:51.409 INFORMACIÓN [http-nio-8084-exec-4] org.apache.catalina.core.ApplicationContext.log Manager: list: Listing contexts for virtual host 'localhost'
11-Jan-2021 16:32:51.484 INFORMACIÓN [http-nio-8084-exec-8] org.apache.catalina.core.ApplicationContext.log Manager: undeploy: Undeploying web application at '/SuperComprinJPA'
11-Jan-2021 16:32:52.083 INFORMACIÓN [http-nio-8084-exec-6] org.apache.catalina.core.ApplicationContext.log Manager: install: Installing context configuration at 'file:/tmp/context6403135725291737507.xml'
11-Jan-2021 16:32:53.965 INFORMACIÓN [http-nio-8084-exec-4] org.apache.catalina.core.ApplicationContext.log Manager: start: Starting web application '/SuperComprinJPA'
11-Jan-2021 16:32:54.533 INFORMACIÓN [http-nio-8084-exec-5] org.apache.catalina.core.ApplicationContext.log Manager: list: Listing contexts for virtual host 'localhost'
11-Jan-2021 16:32:54.609 INFORMACIÓN [http-nio-8084-exec-2] org.apache.catalina.core.ApplicationContext.log Manager: list: Listing contexts for virtual host 'localhost'
11-Jan-2021 16:32:54.679 INFORMACIÓN [http-nio-8084-exec-1] org.apache.catalina.core.ApplicationContext.log Manager: undeploy: Undeploying web application at '/SuperComprinJPA'
11-Jan-2021 16:32:55.303 INFORMACIÓN [http-nio-8084-exec-12] org.apache.catalina.core.ApplicationContext.log Manager: install: Installing context configuration at 'file:/tmp/context14673131858105573688.xml'
11-Jan-2021 16:32:57.093 INFORMACIÓN [http-nio-8084-exec-5] org.apache.catalina.core.ApplicationContext.log Manager: start: Starting web application '/SuperComprinJPA'
11-Jan-2021 16:34:18.742 INFORMACIÓN [http-nio-8084-exec-15] org.apache.catalina.core.ApplicationContext.log Manager: list: Listing contexts for virtual host 'localhost'
11-Jan-2021 16:34:18.776 INFORMACIÓN [http-nio-8084-exec-18] org.apache.catalina.core.ApplicationContext.log Manager: list: Listing contexts for virtual host 'localhost'
11-Jan-2021 16:34:18.810 INFORMACIÓN [http-nio-8084-exec-4] org.apache.catalina.core.ApplicationContext.log Manager: undeploy: Undeploying web application at '/SuperComprinJPA'
11-Jan-2021 16:34:19.360 INFORMACIÓN [http-nio-8084-exec-14] org.apache.catalina.core.ApplicationContext.log Manager: install: Installing context configuration at 'file:/tmp/context6247942662088788959.xml'
11-Jan-2021 16:34:20.508 INFORMACIÓN [http-nio-8084-exec-19] org.apache.catalina.core.ApplicationContext.log Manager: start: Starting web application '/SuperComprinJPA'
11-Jan-2021 16:34:20.642 INFORMACIÓN [http-nio-8084-exec-15] org.apache.catalina.core.ApplicationContext.log Manager: list: Listing contexts for virtual host 'localhost'
11-Jan-2021 16:34:20.734 INFORMACIÓN [http-nio-8084-exec-16] org.apache.catalina.core.ApplicationContext.log Manager: list: Listing contexts for virtual host 'localhost'
11-Jan-2021 16:34:20.814 INFORMACIÓN [http-nio-8084-exec-11] org.apache.catalina.core.ApplicationContext.log Manager: undeploy: Undeploying web application at '/SuperComprinJPA'
11-Jan-2021 16:34:21.433 INFORMACIÓN [http-nio-8084-exec-13] org.apache.catalina.core.ApplicationContext.log Manager: install: Installing context configuration at 'file:/tmp/context6242152034477889894.xml'
11-Jan-2021 16:34:22.840 INFORMACIÓN [http-nio-8084-exec-19] org.apache.catalina.core.ApplicationContext.log Manager: start: Starting web application '/SuperComprinJPA'
11-Jan-2021 16:36:03.614 INFORMACIÓN [http-nio-8084-exec-16] org.apache.catalina.core.ApplicationContext.log Manager: list: Listing contexts for virtual host 'localhost'
11-Jan-2021 16:36:03.662 INFORMACIÓN [http-nio-8084-exec-23] org.apache.catalina.core.ApplicationContext.log Manager: undeploy: Undeploying web application at '/SuperComprinJPA'
11-Jan-2021 16:36:50.072 INFORMACIÓN [http-nio-8084-exec-4] org.apache.catalina.core.ApplicationContext.log Manager: list: Listing contexts for virtual host 'localhost'
11-Jan-2021 16:36:50.126 INFORMACIÓN [http-nio-8084-exec-23] org.apache.catalina.core.ApplicationContext.log Manager: list: Listing contexts for virtual host 'localhost'
11-Jan-2021 16:36:50.195 INFORMACIÓN [http-nio-8084-exec-27] org.apache.catalina.core.ApplicationContext.log Manager: install: Installing context configuration at 'file:/tmp/context15410459985639305461.xml'
11-Jan-2021 16:36:51.236 INFORMACIÓN [http-nio-8084-exec-16] org.apache.catalina.core.ApplicationContext.log Manager: start: Starting web application '/SuperComprinJPA'
11-Jan-2021 16:36:51.379 INFORMACIÓN [http-nio-8084-exec-28] org.apache.catalina.core.ApplicationContext.log Manager: list: Listing contexts for virtual host 'localhost'
11-Jan-2021 16:36:51.464 INFORMACIÓN [http-nio-8084-exec-29] org.apache.catalina.core.ApplicationContext.log Manager: list: Listing contexts for virtual host 'localhost'
11-Jan-2021 16:36:51.521 INFORMACIÓN [http-nio-8084-exec-16] org.apache.catalina.core.ApplicationContext.log Manager: undeploy: Undeploying web application at '/SuperComprinJPA'
11-Jan-2021 16:36:52.098 INFORMACIÓN [http-nio-8084-exec-26] org.apache.catalina.core.ApplicationContext.log Manager: install: Installing context configuration at 'file:/tmp/context9038627907612961476.xml'
11-Jan-2021 16:36:53.452 INFORMACIÓN [http-nio-8084-exec-28] org.apache.catalina.core.ApplicationContext.log Manager: start: Starting web application '/SuperComprinJPA'
11-Jan-2021 16:42:05.330 INFORMACIÓN [http-nio-8084-exec-37] org.apache.catalina.core.ApplicationContext.log Manager: list: Listing contexts for virtual host 'localhost'
11-Jan-2021 16:42:05.357 INFORMACIÓN [http-nio-8084-exec-40] org.apache.catalina.core.ApplicationContext.log Manager: list: Listing contexts for virtual host 'localhost'
11-Jan-2021 16:42:05.396 INFORMACIÓN [http-nio-8084-exec-31] org.apache.catalina.core.ApplicationContext.log Manager: undeploy: Undeploying web application at '/SuperComprinJPA'
11-Jan-2021 16:42:05.946 INFORMACIÓN [http-nio-8084-exec-40] org.apache.catalina.core.ApplicationContext.log Manager: install: Installing context configuration at 'file:/tmp/context14996509096253421178.xml'
11-Jan-2021 16:42:06.822 INFORMACIÓN [http-nio-8084-exec-36] org.apache.catalina.core.ApplicationContext.log Manager: start: Starting web application '/SuperComprinJPA/index.html'
11-Jan-2021 16:42:06.911 INFORMACIÓN [http-nio-8084-exec-35] org.apache.catalina.core.ApplicationContext.log Manager: list: Listing contexts for virtual host 'localhost'
11-Jan-2021 16:42:06.935 INFORMACIÓN [http-nio-8084-exec-38] org.apache.catalina.core.ApplicationContext.log Manager: list: Listing contexts for virtual host 'localhost'
11-Jan-2021 16:42:06.997 INFORMACIÓN [http-nio-8084-exec-39] org.apache.catalina.core.ApplicationContext.log Manager: undeploy: Undeploying web application at '/SuperComprinJPA/index.html'
11-Jan-2021 16:42:07.586 INFORMACIÓN [http-nio-8084-exec-37] org.apache.catalina.core.ApplicationContext.log Manager: install: Installing context configuration at 'file:/tmp/context1312515160839266266.xml'
11-Jan-2021 16:42:08.777 INFORMACIÓN [http-nio-8084-exec-42] org.apache.catalina.core.ApplicationContext.log Manager: start: Starting web application '/SuperComprinJPA/index.html'
11-Jan-2021 16:45:29.688 INFORMACIÓN [http-nio-8084-exec-49] org.apache.catalina.core.ApplicationContext.log Manager: list: Listing contexts for virtual host 'localhost'
11-Jan-2021 16:45:29.714 INFORMACIÓN [http-nio-8084-exec-43] org.apache.catalina.core.ApplicationContext.log Manager: list: Listing contexts for virtual host 'localhost'
11-Jan-2021 16:45:29.750 INFORMACIÓN [http-nio-8084-exec-43] org.apache.catalina.core.ApplicationContext.log Manager: undeploy: Undeploying web application at '/SuperComprinJPA/index.html'
11-Jan-2021 16:45:30.288 INFORMACIÓN [http-nio-8084-exec-51] org.apache.catalina.core.ApplicationContext.log Manager: install: Installing context configuration at 'file:/tmp/context13079892958805381430.xml'
11-Jan-2021 16:45:31.166 INFORMACIÓN [http-nio-8084-exec-48] org.apache.catalina.core.ApplicationContext.log Manager: start: Starting web application '/SuperComprinJPA'
11-Jan-2021 16:45:31.261 INFORMACIÓN [http-nio-8084-exec-53] org.apache.catalina.core.ApplicationContext.log Manager: list: Listing contexts for virtual host 'localhost'
11-Jan-2021 16:45:31.289 INFORMACIÓN [http-nio-8084-exec-50] org.apache.catalina.core.ApplicationContext.log Manager: list: Listing contexts for virtual host 'localhost'
11-Jan-2021 16:45:31.413 INFORMACIÓN [http-nio-8084-exec-51] org.apache.catalina.core.ApplicationContext.log Manager: undeploy: Undeploying web application at '/SuperComprinJPA'
11-Jan-2021 16:45:31.969 INFORMACIÓN [http-nio-8084-exec-50] org.apache.catalina.core.ApplicationContext.log Manager: install: Installing context configuration at 'file:/tmp/context14266288688781734630.xml'
11-Jan-2021 16:45:32.992 INFORMACIÓN [http-nio-8084-exec-44] org.apache.catalina.core.ApplicationContext.log Manager: start: Starting web application '/SuperComprinJPA'
11-Jan-2021 16:47:19.818 INFORMACIÓN [http-nio-8084-exec-56] org.apache.catalina.core.ApplicationContext.log Manager: list: Listing contexts for virtual host 'localhost'
11-Jan-2021 16:47:19.869 INFORMACIÓN [http-nio-8084-exec-59] org.apache.catalina.core.ApplicationContext.log Manager: list: Listing contexts for virtual host 'localhost'
11-Jan-2021 16:47:19.899 INFORMACIÓN [http-nio-8084-exec-61] org.apache.catalina.core.ApplicationContext.log Manager: undeploy: Undeploying web application at '/SuperComprinJPA'
11-Jan-2021 16:47:20.440 INFORMACIÓN [http-nio-8084-exec-58] org.apache.catalina.core.ApplicationContext.log Manager: install: Installing context configuration at 'file:/tmp/context8424651520130638390.xml'
11-Jan-2021 16:47:21.234 INFORMACIÓN [http-nio-8084-exec-57] org.apache.catalina.core.ApplicationContext.log Manager: start: Starting web application '/SuperComprinJPA'
11-Jan-2021 16:47:21.377 INFORMACIÓN [http-nio-8084-exec-59] org.apache.catalina.core.ApplicationContext.log Manager: list: Listing contexts for virtual host 'localhost'
11-Jan-2021 16:47:21.445 INFORMACIÓN [http-nio-8084-exec-56] org.apache.catalina.core.ApplicationContext.log Manager: list: Listing contexts for virtual host 'localhost'
11-Jan-2021 16:47:21.483 INFORMACIÓN [http-nio-8084-exec-60] org.apache.catalina.core.ApplicationContext.log Manager: undeploy: Undeploying web application at '/SuperComprinJPA'
11-Jan-2021 16:47:22.026 INFORMACIÓN [http-nio-8084-exec-44] org.apache.catalina.core.ApplicationContext.log Manager: install: Installing context configuration at 'file:/tmp/context11759595071746961663.xml'
11-Jan-2021 16:47:23.309 INFORMACIÓN [http-nio-8084-exec-59] org.apache.catalina.core.ApplicationContext.log Manager: start: Starting web application '/SuperComprinJPA'
11-Jan-2021 16:48:50.154 INFORMACIÓN [http-nio-8084-exec-72] org.apache.catalina.core.ApplicationContext.log Manager: list: Listing contexts for virtual host 'localhost'
11-Jan-2021 16:48:50.176 INFORMACIÓN [http-nio-8084-exec-71] org.apache.catalina.core.ApplicationContext.log Manager: list: Listing contexts for virtual host 'localhost'
11-Jan-2021 16:48:50.198 INFORMACIÓN [http-nio-8084-exec-67] org.apache.catalina.core.ApplicationContext.log Manager: undeploy: Undeploying web application at '/SuperComprinJPA'
11-Jan-2021 16:48:50.738 INFORMACIÓN [http-nio-8084-exec-68] org.apache.catalina.core.ApplicationContext.log Manager: install: Installing context configuration at 'file:/tmp/context18235991884379649346.xml'
11-Jan-2021 16:48:51.681 INFORMACIÓN [http-nio-8084-exec-71] org.apache.catalina.core.ApplicationContext.log Manager: start: Starting web application '/SuperComprinJPA'
11-Jan-2021 16:48:51.825 INFORMACIÓN [http-nio-8084-exec-64] org.apache.catalina.core.ApplicationContext.log Manager: list: Listing contexts for virtual host 'localhost'
11-Jan-2021 16:48:51.885 INFORMACIÓN [http-nio-8084-exec-72] org.apache.catalina.core.ApplicationContext.log Manager: list: Listing contexts for virtual host 'localhost'
11-Jan-2021 16:48:51.942 INFORMACIÓN [http-nio-8084-exec-59] org.apache.catalina.core.ApplicationContext.log Manager: undeploy: Undeploying web application at '/SuperComprinJPA'
11-Jan-2021 16:48:52.519 INFORMACIÓN [http-nio-8084-exec-71] org.apache.catalina.core.ApplicationContext.log Manager: install: Installing context configuration at 'file:/tmp/context180840903685131389.xml'
11-Jan-2021 16:48:53.731 INFORMACIÓN [http-nio-8084-exec-69] org.apache.catalina.core.ApplicationContext.log Manager: start: Starting web application '/SuperComprinJPA'
11-Jan-2021 16:58:11.836 INFORMACIÓN [http-nio-8084-exec-79] org.apache.catalina.core.ApplicationContext.log Manager: list: Listing contexts for virtual host 'localhost'
11-Jan-2021 16:58:11.872 INFORMACIÓN [http-nio-8084-exec-83] org.apache.catalina.core.ApplicationContext.log Manager: list: Listing contexts for virtual host 'localhost'
11-Jan-2021 16:58:11.919 INFORMACIÓN [http-nio-8084-exec-78] org.apache.catalina.core.ApplicationContext.log Manager: undeploy: Undeploying web application at '/SuperComprinJPA'
11-Jan-2021 16:58:12.477 INFORMACIÓN [http-nio-8084-exec-76] org.apache.catalina.core.ApplicationContext.log Manager: install: Installing context configuration at 'file:/tmp/context8837515616218202436.xml'
11-Jan-2021 16:58:13.369 INFORMACIÓN [http-nio-8084-exec-77] org.apache.catalina.core.ApplicationContext.log Manager: start: Starting web application '/SuperComprinJPA'
11-Jan-2021 16:58:13.555 INFORMACIÓN [http-nio-8084-exec-74] org.apache.catalina.core.ApplicationContext.log Manager: list: Listing contexts for virtual host 'localhost'
11-Jan-2021 16:58:13.640 INFORMACIÓN [http-nio-8084-exec-84] org.apache.catalina.core.ApplicationContext.log Manager: list: Listing contexts for virtual host 'localhost'
11-Jan-2021 16:58:13.680 INFORMACIÓN [http-nio-8084-exec-79] org.apache.catalina.core.ApplicationContext.log Manager: undeploy: Undeploying web application at '/SuperComprinJPA'
11-Jan-2021 16:58:14.266 INFORMACIÓN [http-nio-8084-exec-74] org.apache.catalina.core.ApplicationContext.log Manager: install: Installing context configuration at 'file:/tmp/context12609652663483656380.xml'
11-Jan-2021 16:58:15.869 INFORMACIÓN [http-nio-8084-exec-83] org.apache.catalina.core.ApplicationContext.log Manager: start: Starting web application '/SuperComprinJPA'
