04-Jan-2021 12:42:36.103 INFORMACIÓN [http-nio-8084-exec-6] org.apache.catalina.core.ApplicationContext.log Manager: init: Associated with Deployer 'Catalina:type=Deployer,host=localhost'
04-Jan-2021 12:42:36.103 INFORMACIÓN [http-nio-8084-exec-6] org.apache.catalina.core.ApplicationContext.log Manager: init: Global resources are available
04-Jan-2021 12:42:36.266 INFORMACIÓN [http-nio-8084-exec-8] org.apache.catalina.core.ApplicationContext.log Manager: list: Listing contexts for virtual host 'localhost'
04-Jan-2021 12:42:36.374 INFORMACIÓN [http-nio-8084-exec-6] org.apache.catalina.core.ApplicationContext.log Manager: list: Listing contexts for virtual host 'localhost'
04-Jan-2021 12:42:36.443 INFORMACIÓN [http-nio-8084-exec-2] org.apache.catalina.core.ApplicationContext.log Manager: install: Installing context configuration at 'file:/tmp/context14990025045674828732.xml'
04-Jan-2021 12:42:36.722 INFORMACIÓN [http-nio-8084-exec-4] org.apache.catalina.core.ApplicationContext.log Manager: start: Starting web application '/SuperComprinJPA'
04-Jan-2021 12:42:36.980 INFORMACIÓN [http-nio-8084-exec-6] org.apache.catalina.core.ApplicationContext.log Manager: list: Listing contexts for virtual host 'localhost'
04-Jan-2021 12:42:37.062 INFORMACIÓN [http-nio-8084-exec-10] org.apache.catalina.core.ApplicationContext.log Manager: list: Listing contexts for virtual host 'localhost'
04-Jan-2021 12:42:37.144 INFORMACIÓN [http-nio-8084-exec-7] org.apache.catalina.core.ApplicationContext.log Manager: undeploy: Undeploying web application at '/SuperComprinJPA'
04-Jan-2021 12:42:37.737 INFORMACIÓN [http-nio-8084-exec-1] org.apache.catalina.core.ApplicationContext.log Manager: install: Installing context configuration at 'file:/tmp/context13104534173809101963.xml'
04-Jan-2021 12:42:37.971 INFORMACIÓN [http-nio-8084-exec-4] org.apache.catalina.core.ApplicationContext.log Manager: start: Starting web application '/SuperComprinJPA'
04-Jan-2021 12:47:48.711 INFORMACIÓN [http-nio-8084-exec-11] org.apache.catalina.core.ApplicationContext.log Manager: list: Listing contexts for virtual host 'localhost'
04-Jan-2021 12:47:49.026 INFORMACIÓN [http-nio-8084-exec-16] org.apache.catalina.core.ApplicationContext.log Manager: restart: Reloading web application '/SuperComprinJPA'
04-Jan-2021 12:48:32.295 INFORMACIÓN [http-nio-8084-exec-17] org.apache.catalina.core.ApplicationContext.log Manager: list: Listing contexts for virtual host 'localhost'
04-Jan-2021 12:48:32.360 INFORMACIÓN [http-nio-8084-exec-11] org.apache.catalina.core.ApplicationContext.log Manager: restart: Reloading web application '/SuperComprinJPA'
04-Jan-2021 12:48:35.218 INFORMACIÓN [http-nio-8084-exec-18] org.apache.catalina.core.ApplicationContext.log Manager: list: Listing contexts for virtual host 'localhost'
04-Jan-2021 12:48:35.271 INFORMACIÓN [http-nio-8084-exec-21] org.apache.catalina.core.ApplicationContext.log Manager: restart: Reloading web application '/SuperComprinJPA'
04-Jan-2021 12:48:36.415 INFORMACIÓN [http-nio-8084-exec-22] org.apache.catalina.core.ApplicationContext.log Manager: list: Listing contexts for virtual host 'localhost'
04-Jan-2021 12:48:36.493 INFORMACIÓN [http-nio-8084-exec-18] org.apache.catalina.core.ApplicationContext.log Manager: restart: Reloading web application '/SuperComprinJPA'
04-Jan-2021 12:48:37.345 INFORMACIÓN [http-nio-8084-exec-24] org.apache.catalina.core.ApplicationContext.log Manager: list: Listing contexts for virtual host 'localhost'
04-Jan-2021 12:48:37.425 INFORMACIÓN [http-nio-8084-exec-18] org.apache.catalina.core.ApplicationContext.log Manager: restart: Reloading web application '/SuperComprinJPA'
04-Jan-2021 12:49:28.324 INFORMACIÓN [http-nio-8084-exec-11] org.apache.catalina.core.ApplicationContext.log Manager: list: Listing contexts for virtual host 'localhost'
04-Jan-2021 12:49:28.378 INFORMACIÓN [http-nio-8084-exec-20] org.apache.catalina.core.ApplicationContext.log Manager: restart: Reloading web application '/SuperComprinJPA'
04-Jan-2021 12:49:48.351 INFORMACIÓN [http-nio-8084-exec-19] org.apache.catalina.core.ApplicationContext.log Manager: list: Listing contexts for virtual host 'localhost'
04-Jan-2021 12:49:48.411 INFORMACIÓN [http-nio-8084-exec-16] org.apache.catalina.core.ApplicationContext.log Manager: restart: Reloading web application '/SuperComprinJPA'
04-Jan-2021 12:49:49.765 INFORMACIÓN [http-nio-8084-exec-18] org.apache.catalina.core.ApplicationContext.log Manager: list: Listing contexts for virtual host 'localhost'
04-Jan-2021 12:49:49.842 INFORMACIÓN [http-nio-8084-exec-28] org.apache.catalina.core.ApplicationContext.log Manager: restart: Reloading web application '/SuperComprinJPA'
04-Jan-2021 12:49:50.696 INFORMACIÓN [http-nio-8084-exec-17] org.apache.catalina.core.ApplicationContext.log Manager: list: Listing contexts for virtual host 'localhost'
04-Jan-2021 12:49:50.762 INFORMACIÓN [http-nio-8084-exec-22] org.apache.catalina.core.ApplicationContext.log Manager: restart: Reloading web application '/SuperComprinJPA'
04-Jan-2021 12:50:47.009 INFORMACIÓN [http-nio-8084-exec-18] org.apache.catalina.core.ApplicationContext.log Manager: list: Listing contexts for virtual host 'localhost'
04-Jan-2021 12:50:47.053 INFORMACIÓN [http-nio-8084-exec-16] org.apache.catalina.core.ApplicationContext.log Manager: restart: Reloading web application '/SuperComprinJPA'
04-Jan-2021 12:52:04.388 INFORMACIÓN [http-nio-8084-exec-26] org.apache.catalina.core.ApplicationContext.log Manager: list: Listing contexts for virtual host 'localhost'
04-Jan-2021 12:52:04.436 INFORMACIÓN [http-nio-8084-exec-11] org.apache.catalina.core.ApplicationContext.log Manager: restart: Reloading web application '/SuperComprinJPA'
04-Jan-2021 12:52:16.747 INFORMACIÓN [http-nio-8084-exec-19] org.apache.catalina.core.ApplicationContext.log Manager: list: Listing contexts for virtual host 'localhost'
04-Jan-2021 12:52:16.790 INFORMACIÓN [http-nio-8084-exec-32] org.apache.catalina.core.ApplicationContext.log Manager: restart: Reloading web application '/SuperComprinJPA'
04-Jan-2021 12:52:25.883 INFORMACIÓN [http-nio-8084-exec-16] org.apache.catalina.core.ApplicationContext.log Manager: list: Listing contexts for virtual host 'localhost'
04-Jan-2021 12:52:25.920 INFORMACIÓN [http-nio-8084-exec-20] org.apache.catalina.core.ApplicationContext.log Manager: restart: Reloading web application '/SuperComprinJPA'
04-Jan-2021 12:53:21.037 INFORMACIÓN [http-nio-8084-exec-26] org.apache.catalina.core.ApplicationContext.log Manager: list: Listing contexts for virtual host 'localhost'
04-Jan-2021 12:53:21.093 INFORMACIÓN [http-nio-8084-exec-31] org.apache.catalina.core.ApplicationContext.log Manager: restart: Reloading web application '/SuperComprinJPA'
04-Jan-2021 12:56:12.823 INFORMACIÓN [http-nio-8084-exec-38] org.apache.catalina.core.ApplicationContext.log Manager: list: Listing contexts for virtual host 'localhost'
04-Jan-2021 12:56:12.870 INFORMACIÓN [http-nio-8084-exec-35] org.apache.catalina.core.ApplicationContext.log Manager: restart: Reloading web application '/SuperComprinJPA'
04-Jan-2021 12:59:11.026 INFORMACIÓN [http-nio-8084-exec-40] org.apache.catalina.core.ApplicationContext.log Manager: list: Listing contexts for virtual host 'localhost'
04-Jan-2021 12:59:11.068 INFORMACIÓN [http-nio-8084-exec-31] org.apache.catalina.core.ApplicationContext.log Manager: restart: Reloading web application '/SuperComprinJPA'
04-Jan-2021 13:02:49.439 INFORMACIÓN [http-nio-8084-exec-20] org.apache.catalina.core.ApplicationContext.log Manager: list: Listing contexts for virtual host 'localhost'
04-Jan-2021 13:02:49.506 INFORMACIÓN [http-nio-8084-exec-45] org.apache.catalina.core.ApplicationContext.log Manager: restart: Reloading web application '/SuperComprinJPA'
04-Jan-2021 13:19:59.344 INFORMACIÓN [http-nio-8084-exec-48] org.apache.catalina.core.ApplicationContext.log Manager: list: Listing contexts for virtual host 'localhost'
04-Jan-2021 13:19:59.437 INFORMACIÓN [http-nio-8084-exec-51] org.apache.catalina.core.ApplicationContext.log Manager: restart: Reloading web application '/SuperComprinJPA'
04-Jan-2021 13:19:59.999 INFORMACIÓN [http-nio-8084-exec-53] org.apache.catalina.core.ApplicationContext.log Manager: list: Listing contexts for virtual host 'localhost'
04-Jan-2021 13:20:00.057 INFORMACIÓN [http-nio-8084-exec-52] org.apache.catalina.core.ApplicationContext.log Manager: restart: Reloading web application '/SuperComprinJPA'
04-Jan-2021 13:20:29.780 INFORMACIÓN [http-nio-8084-exec-56] org.apache.catalina.core.ApplicationContext.log Manager: list: Listing contexts for virtual host 'localhost'
04-Jan-2021 13:20:29.826 INFORMACIÓN [http-nio-8084-exec-54] org.apache.catalina.core.ApplicationContext.log Manager: restart: Reloading web application '/SuperComprinJPA'
04-Jan-2021 13:22:16.276 INFORMACIÓN [http-nio-8084-exec-47] org.apache.catalina.core.ApplicationContext.log Manager: list: Listing contexts for virtual host 'localhost'
04-Jan-2021 13:22:16.302 INFORMACIÓN [http-nio-8084-exec-48] org.apache.catalina.core.ApplicationContext.log Manager: restart: Reloading web application '/SuperComprinJPA'
04-Jan-2021 13:22:43.449 INFORMACIÓN [http-nio-8084-exec-60] org.apache.catalina.core.ApplicationContext.log Manager: list: Listing contexts for virtual host 'localhost'
04-Jan-2021 13:22:43.481 INFORMACIÓN [http-nio-8084-exec-57] org.apache.catalina.core.ApplicationContext.log Manager: restart: Reloading web application '/SuperComprinJPA'
04-Jan-2021 13:22:43.934 INFORMACIÓN [http-nio-8084-exec-59] org.apache.catalina.core.ApplicationContext.log Manager: list: Listing contexts for virtual host 'localhost'
04-Jan-2021 13:22:43.962 INFORMACIÓN [http-nio-8084-exec-54] org.apache.catalina.core.ApplicationContext.log Manager: restart: Reloading web application '/SuperComprinJPA'
04-Jan-2021 13:23:04.833 INFORMACIÓN [http-nio-8084-exec-48] org.apache.catalina.core.ApplicationContext.log Manager: list: Listing contexts for virtual host 'localhost'
04-Jan-2021 13:23:50.388 INFORMACIÓN [http-nio-8084-exec-55] org.apache.catalina.core.ApplicationContext.log Manager: list: Listing contexts for virtual host 'localhost'
04-Jan-2021 13:23:50.422 INFORMACIÓN [http-nio-8084-exec-59] org.apache.catalina.core.ApplicationContext.log Manager: restart: Reloading web application '/SuperComprinJPA'
04-Jan-2021 13:23:50.823 INFORMACIÓN [http-nio-8084-exec-48] org.apache.catalina.core.ApplicationContext.log Manager: list: Listing contexts for virtual host 'localhost'
04-Jan-2021 13:24:41.715 INFORMACIÓN [http-nio-8084-exec-55] org.apache.catalina.core.ApplicationContext.log Manager: list: Listing contexts for virtual host 'localhost'
04-Jan-2021 13:24:41.762 INFORMACIÓN [http-nio-8084-exec-58] org.apache.catalina.core.ApplicationContext.log Manager: restart: Reloading web application '/SuperComprinJPA'
04-Jan-2021 13:25:16.314 INFORMACIÓN [http-nio-8084-exec-48] org.apache.catalina.core.ApplicationContext.log Manager: list: Listing contexts for virtual host 'localhost'
04-Jan-2021 13:25:16.415 INFORMACIÓN [http-nio-8084-exec-62] org.apache.catalina.core.ApplicationContext.log Manager: restart: Reloading web application '/SuperComprinJPA'
04-Jan-2021 13:25:55.516 INFORMACIÓN [http-nio-8084-exec-54] org.apache.catalina.core.ApplicationContext.log Manager: list: Listing contexts for virtual host 'localhost'
04-Jan-2021 13:25:55.541 INFORMACIÓN [http-nio-8084-exec-48] org.apache.catalina.core.ApplicationContext.log Manager: restart: Reloading web application '/SuperComprinJPA'
04-Jan-2021 13:27:10.548 INFORMACIÓN [http-nio-8084-exec-62] org.apache.catalina.core.ApplicationContext.log Manager: list: Listing contexts for virtual host 'localhost'
04-Jan-2021 13:27:10.593 INFORMACIÓN [http-nio-8084-exec-54] org.apache.catalina.core.ApplicationContext.log Manager: restart: Reloading web application '/SuperComprinJPA'
04-Jan-2021 13:27:11.040 INFORMACIÓN [http-nio-8084-exec-47] org.apache.catalina.core.ApplicationContext.log Manager: list: Listing contexts for virtual host 'localhost'
04-Jan-2021 13:27:11.060 INFORMACIÓN [http-nio-8084-exec-48] org.apache.catalina.core.ApplicationContext.log Manager: restart: Reloading web application '/SuperComprinJPA'
04-Jan-2021 13:28:04.818 INFORMACIÓN [http-nio-8084-exec-47] org.apache.catalina.core.ApplicationContext.log Manager: list: Listing contexts for virtual host 'localhost'
04-Jan-2021 13:28:04.850 INFORMACIÓN [http-nio-8084-exec-56] org.apache.catalina.core.ApplicationContext.log Manager: restart: Reloading web application '/SuperComprinJPA'
04-Jan-2021 13:28:30.383 INFORMACIÓN [http-nio-8084-exec-67] org.apache.catalina.core.ApplicationContext.log Manager: list: Listing contexts for virtual host 'localhost'
04-Jan-2021 13:28:30.413 INFORMACIÓN [http-nio-8084-exec-65] org.apache.catalina.core.ApplicationContext.log Manager: restart: Reloading web application '/SuperComprinJPA'
04-Jan-2021 13:37:54.740 INFORMACIÓN [http-nio-8084-exec-72] org.apache.catalina.core.ApplicationContext.log Manager: list: Listing contexts for virtual host 'localhost'
04-Jan-2021 13:37:54.776 INFORMACIÓN [http-nio-8084-exec-75] org.apache.catalina.core.ApplicationContext.log Manager: restart: Reloading web application '/SuperComprinJPA'
04-Jan-2021 13:37:55.635 INFORMACIÓN [http-nio-8084-exec-71] org.apache.catalina.core.ApplicationContext.log Manager: list: Listing contexts for virtual host 'localhost'
04-Jan-2021 13:37:55.671 INFORMACIÓN [http-nio-8084-exec-78] org.apache.catalina.core.ApplicationContext.log Manager: restart: Reloading web application '/SuperComprinJPA'
04-Jan-2021 13:37:56.703 INFORMACIÓN [http-nio-8084-exec-80] org.apache.catalina.core.ApplicationContext.log Manager: list: Listing contexts for virtual host 'localhost'
04-Jan-2021 13:37:56.748 INFORMACIÓN [http-nio-8084-exec-79] org.apache.catalina.core.ApplicationContext.log Manager: restart: Reloading web application '/SuperComprinJPA'
04-Jan-2021 13:46:11.114 INFORMACIÓN [http-nio-8084-exec-85] org.apache.catalina.core.ApplicationContext.log Manager: list: Listing contexts for virtual host 'localhost'
04-Jan-2021 13:46:11.144 INFORMACIÓN [http-nio-8084-exec-88] org.apache.catalina.core.ApplicationContext.log Manager: restart: Reloading web application '/SuperComprinJPA'
04-Jan-2021 13:46:22.424 INFORMACIÓN [http-nio-8084-exec-87] org.apache.catalina.core.ApplicationContext.log Manager: list: Listing contexts for virtual host 'localhost'
04-Jan-2021 13:46:22.463 INFORMACIÓN [http-nio-8084-exec-90] org.apache.catalina.core.ApplicationContext.log Manager: restart: Reloading web application '/SuperComprinJPA'
04-Jan-2021 13:47:24.337 INFORMACIÓN [http-nio-8084-exec-83] org.apache.catalina.core.ApplicationContext.log Manager: list: Listing contexts for virtual host 'localhost'
04-Jan-2021 13:47:24.378 INFORMACIÓN [http-nio-8084-exec-92] org.apache.catalina.core.ApplicationContext.log Manager: restart: Reloading web application '/SuperComprinJPA'
04-Jan-2021 13:49:01.851 INFORMACIÓN [http-nio-8084-exec-84] org.apache.catalina.core.ApplicationContext.log Manager: list: Listing contexts for virtual host 'localhost'
04-Jan-2021 13:49:01.906 INFORMACIÓN [http-nio-8084-exec-85] org.apache.catalina.core.ApplicationContext.log Manager: restart: Reloading web application '/SuperComprinJPA'
04-Jan-2021 13:49:02.907 INFORMACIÓN [http-nio-8084-exec-94] org.apache.catalina.core.ApplicationContext.log Manager: list: Listing contexts for virtual host 'localhost'
04-Jan-2021 13:49:02.944 INFORMACIÓN [http-nio-8084-exec-95] org.apache.catalina.core.ApplicationContext.log Manager: restart: Reloading web application '/SuperComprinJPA'
04-Jan-2021 13:49:04.156 INFORMACIÓN [http-nio-8084-exec-94] org.apache.catalina.core.ApplicationContext.log Manager: list: Listing contexts for virtual host 'localhost'
04-Jan-2021 13:49:04.200 INFORMACIÓN [http-nio-8084-exec-97] org.apache.catalina.core.ApplicationContext.log Manager: restart: Reloading web application '/SuperComprinJPA'
04-Jan-2021 13:49:07.915 INFORMACIÓN [http-nio-8084-exec-84] org.apache.catalina.core.ApplicationContext.log Manager: list: Listing contexts for virtual host 'localhost'
04-Jan-2021 13:49:07.945 INFORMACIÓN [http-nio-8084-exec-85] org.apache.catalina.core.ApplicationContext.log Manager: restart: Reloading web application '/SuperComprinJPA'
04-Jan-2021 13:49:11.194 INFORMACIÓN [http-nio-8084-exec-84] org.apache.catalina.core.ApplicationContext.log Manager: list: Listing contexts for virtual host 'localhost'
04-Jan-2021 13:49:11.230 INFORMACIÓN [http-nio-8084-exec-97] org.apache.catalina.core.ApplicationContext.log Manager: restart: Reloading web application '/SuperComprinJPA'
04-Jan-2021 13:49:14.453 INFORMACIÓN [http-nio-8084-exec-96] org.apache.catalina.core.ApplicationContext.log Manager: list: Listing contexts for virtual host 'localhost'
04-Jan-2021 13:49:14.490 INFORMACIÓN [http-nio-8084-exec-92] org.apache.catalina.core.ApplicationContext.log Manager: restart: Reloading web application '/SuperComprinJPA'
04-Jan-2021 13:56:30.126 INFORMACIÓN [http-nio-8084-exec-103] org.apache.catalina.core.ApplicationContext.log Manager: list: Listing contexts for virtual host 'localhost'
04-Jan-2021 13:56:30.146 INFORMACIÓN [http-nio-8084-exec-106] org.apache.catalina.core.ApplicationContext.log Manager: restart: Reloading web application '/SuperComprinJPA'
04-Jan-2021 13:57:09.144 INFORMACIÓN [http-nio-8084-exec-102] org.apache.catalina.core.ApplicationContext.log Manager: list: Listing contexts for virtual host 'localhost'
04-Jan-2021 13:57:09.168 INFORMACIÓN [http-nio-8084-exec-92] org.apache.catalina.core.ApplicationContext.log Manager: restart: Reloading web application '/SuperComprinJPA'
04-Jan-2021 14:49:53.619 INFORMACIÓN [http-nio-8084-exec-112] org.apache.catalina.core.ApplicationContext.log Manager: list: Listing contexts for virtual host 'localhost'
04-Jan-2021 14:49:53.765 INFORMACIÓN [http-nio-8084-exec-114] org.apache.catalina.core.ApplicationContext.log Manager: restart: Reloading web application '/SuperComprinJPA'
04-Jan-2021 14:50:18.855 INFORMACIÓN [http-nio-8084-exec-113] org.apache.catalina.core.ApplicationContext.log Manager: list: Listing contexts for virtual host 'localhost'
04-Jan-2021 14:50:18.904 INFORMACIÓN [http-nio-8084-exec-115] org.apache.catalina.core.ApplicationContext.log Manager: restart: Reloading web application '/SuperComprinJPA'
04-Jan-2021 14:50:42.648 INFORMACIÓN [http-nio-8084-exec-114] org.apache.catalina.core.ApplicationContext.log Manager: list: Listing contexts for virtual host 'localhost'
04-Jan-2021 14:50:42.775 INFORMACIÓN [http-nio-8084-exec-121] org.apache.catalina.core.ApplicationContext.log Manager: restart: Reloading web application '/SuperComprinJPA'
04-Jan-2021 14:51:04.894 INFORMACIÓN [http-nio-8084-exec-117] org.apache.catalina.core.ApplicationContext.log Manager: list: Listing contexts for virtual host 'localhost'
04-Jan-2021 14:51:05.068 INFORMACIÓN [http-nio-8084-exec-123] org.apache.catalina.core.ApplicationContext.log Manager: restart: Reloading web application '/SuperComprinJPA'
04-Jan-2021 14:51:05.357 INFORMACIÓN [http-nio-8084-exec-112] org.apache.catalina.core.ApplicationContext.log Manager: list: Listing contexts for virtual host 'localhost'
04-Jan-2021 14:51:05.409 INFORMACIÓN [http-nio-8084-exec-114] org.apache.catalina.core.ApplicationContext.log Manager: restart: Reloading web application '/SuperComprinJPA'
04-Jan-2021 14:52:22.838 INFORMACIÓN [http-nio-8084-exec-122] org.apache.catalina.core.ApplicationContext.log Manager: list: Listing contexts for virtual host 'localhost'
04-Jan-2021 14:52:22.960 INFORMACIÓN [http-nio-8084-exec-124] org.apache.catalina.core.ApplicationContext.log Manager: restart: Reloading web application '/SuperComprinJPA'
04-Jan-2021 14:52:23.438 INFORMACIÓN [http-nio-8084-exec-125] org.apache.catalina.core.ApplicationContext.log Manager: list: Listing contexts for virtual host 'localhost'
04-Jan-2021 14:52:23.472 INFORMACIÓN [http-nio-8084-exec-114] org.apache.catalina.core.ApplicationContext.log Manager: restart: Reloading web application '/SuperComprinJPA'
04-Jan-2021 14:52:52.853 INFORMACIÓN [http-nio-8084-exec-126] org.apache.catalina.core.ApplicationContext.log Manager: list: Listing contexts for virtual host 'localhost'
04-Jan-2021 14:52:52.968 INFORMACIÓN [http-nio-8084-exec-121] org.apache.catalina.core.ApplicationContext.log Manager: restart: Reloading web application '/SuperComprinJPA'
04-Jan-2021 14:52:53.901 INFORMACIÓN [http-nio-8084-exec-125] org.apache.catalina.core.ApplicationContext.log Manager: list: Listing contexts for virtual host 'localhost'
04-Jan-2021 14:52:53.949 INFORMACIÓN [http-nio-8084-exec-127] org.apache.catalina.core.ApplicationContext.log Manager: restart: Reloading web application '/SuperComprinJPA'
04-Jan-2021 14:52:54.993 INFORMACIÓN [http-nio-8084-exec-125] org.apache.catalina.core.ApplicationContext.log Manager: list: Listing contexts for virtual host 'localhost'
04-Jan-2021 14:52:55.057 INFORMACIÓN [http-nio-8084-exec-114] org.apache.catalina.core.ApplicationContext.log Manager: restart: Reloading web application '/SuperComprinJPA'
04-Jan-2021 14:53:07.983 INFORMACIÓN [http-nio-8084-exec-128] org.apache.catalina.core.ApplicationContext.log Manager: list: Listing contexts for virtual host 'localhost'
04-Jan-2021 14:53:08.149 INFORMACIÓN [http-nio-8084-exec-110] org.apache.catalina.core.ApplicationContext.log Manager: restart: Reloading web application '/SuperComprinJPA'
04-Jan-2021 14:53:08.476 INFORMACIÓN [http-nio-8084-exec-114] org.apache.catalina.core.ApplicationContext.log Manager: list: Listing contexts for virtual host 'localhost'
04-Jan-2021 14:53:08.520 INFORMACIÓN [http-nio-8084-exec-128] org.apache.catalina.core.ApplicationContext.log Manager: restart: Reloading web application '/SuperComprinJPA'
04-Jan-2021 14:53:09.106 INFORMACIÓN [http-nio-8084-exec-114] org.apache.catalina.core.ApplicationContext.log Manager: list: Listing contexts for virtual host 'localhost'
04-Jan-2021 14:53:09.153 INFORMACIÓN [http-nio-8084-exec-130] org.apache.catalina.core.ApplicationContext.log Manager: restart: Reloading web application '/SuperComprinJPA'
04-Jan-2021 14:53:19.052 INFORMACIÓN [http-nio-8084-exec-110] org.apache.catalina.core.ApplicationContext.log Manager: list: Listing contexts for virtual host 'localhost'
04-Jan-2021 14:53:19.237 INFORMACIÓN [http-nio-8084-exec-121] org.apache.catalina.core.ApplicationContext.log Manager: restart: Reloading web application '/SuperComprinJPA'
04-Jan-2021 14:53:20.124 INFORMACIÓN [http-nio-8084-exec-125] org.apache.catalina.core.ApplicationContext.log Manager: list: Listing contexts for virtual host 'localhost'
04-Jan-2021 14:53:20.178 INFORMACIÓN [http-nio-8084-exec-132] org.apache.catalina.core.ApplicationContext.log Manager: restart: Reloading web application '/SuperComprinJPA'
04-Jan-2021 14:53:20.440 INFORMACIÓN [http-nio-8084-exec-114] org.apache.catalina.core.ApplicationContext.log Manager: list: Listing contexts for virtual host 'localhost'
04-Jan-2021 14:53:20.473 INFORMACIÓN [http-nio-8084-exec-122] org.apache.catalina.core.ApplicationContext.log Manager: restart: Reloading web application '/SuperComprinJPA'
04-Jan-2021 14:53:33.677 INFORMACIÓN [http-nio-8084-exec-115] org.apache.catalina.core.ApplicationContext.log Manager: list: Listing contexts for virtual host 'localhost'
04-Jan-2021 14:53:33.726 INFORMACIÓN [http-nio-8084-exec-130] org.apache.catalina.core.ApplicationContext.log Manager: restart: Reloading web application '/SuperComprinJPA'
04-Jan-2021 16:20:53.026 INFORMACIÓN [http-nio-8084-exec-136] org.apache.catalina.core.ApplicationContext.log Manager: list: Listing contexts for virtual host 'localhost'
04-Jan-2021 16:20:53.065 INFORMACIÓN [http-nio-8084-exec-140] org.apache.catalina.core.ApplicationContext.log Manager: restart: Reloading web application '/SuperComprinJPA'
04-Jan-2021 18:34:25.086 INFORMACIÓN [http-nio-8084-exec-146] org.apache.catalina.core.ApplicationContext.log Manager: list: Listing contexts for virtual host 'localhost'
04-Jan-2021 18:34:25.114 INFORMACIÓN [http-nio-8084-exec-138] org.apache.catalina.core.ApplicationContext.log Manager: restart: Reloading web application '/SuperComprinJPA'
04-Jan-2021 18:38:44.898 INFORMACIÓN [http-nio-8084-exec-149] org.apache.catalina.core.ApplicationContext.log Manager: list: Listing contexts for virtual host 'localhost'
04-Jan-2021 18:38:44.927 INFORMACIÓN [http-nio-8084-exec-152] org.apache.catalina.core.ApplicationContext.log Manager: restart: Reloading web application '/SuperComprinJPA'
04-Jan-2021 18:41:01.152 INFORMACIÓN [http-nio-8084-exec-156] org.apache.catalina.core.ApplicationContext.log Manager: list: Listing contexts for virtual host 'localhost'
04-Jan-2021 18:41:01.177 INFORMACIÓN [http-nio-8084-exec-155] org.apache.catalina.core.ApplicationContext.log Manager: restart: Reloading web application '/SuperComprinJPA'
04-Jan-2021 18:42:23.213 INFORMACIÓN [http-nio-8084-exec-148] org.apache.catalina.core.ApplicationContext.log Manager: list: Listing contexts for virtual host 'localhost'
04-Jan-2021 18:42:23.257 INFORMACIÓN [http-nio-8084-exec-157] org.apache.catalina.core.ApplicationContext.log Manager: restart: Reloading web application '/SuperComprinJPA'
04-Jan-2021 18:43:19.110 INFORMACIÓN [http-nio-8084-exec-151] org.apache.catalina.core.ApplicationContext.log Manager: list: Listing contexts for virtual host 'localhost'
04-Jan-2021 18:43:19.137 INFORMACIÓN [http-nio-8084-exec-158] org.apache.catalina.core.ApplicationContext.log Manager: restart: Reloading web application '/SuperComprinJPA'
04-Jan-2021 18:44:37.969 INFORMACIÓN [http-nio-8084-exec-154] org.apache.catalina.core.ApplicationContext.log Manager: list: Listing contexts for virtual host 'localhost'
04-Jan-2021 18:44:37.996 INFORMACIÓN [http-nio-8084-exec-160] org.apache.catalina.core.ApplicationContext.log Manager: restart: Reloading web application '/SuperComprinJPA'
04-Jan-2021 18:45:25.692 INFORMACIÓN [http-nio-8084-exec-157] org.apache.catalina.core.ApplicationContext.log Manager: list: Listing contexts for virtual host 'localhost'
04-Jan-2021 18:45:25.721 INFORMACIÓN [http-nio-8084-exec-158] org.apache.catalina.core.ApplicationContext.log Manager: restart: Reloading web application '/SuperComprinJPA'
04-Jan-2021 18:49:13.042 INFORMACIÓN [http-nio-8084-exec-161] org.apache.catalina.core.ApplicationContext.log Manager: list: Listing contexts for virtual host 'localhost'
04-Jan-2021 18:49:13.083 INFORMACIÓN [http-nio-8084-exec-165] org.apache.catalina.core.ApplicationContext.log Manager: restart: Reloading web application '/SuperComprinJPA'
04-Jan-2021 18:49:25.809 INFORMACIÓN [http-nio-8084-exec-167] org.apache.catalina.core.ApplicationContext.log Manager: list: Listing contexts for virtual host 'localhost'
04-Jan-2021 18:49:25.846 INFORMACIÓN [http-nio-8084-exec-166] org.apache.catalina.core.ApplicationContext.log Manager: restart: Reloading web application '/SuperComprinJPA'
04-Jan-2021 18:50:48.761 INFORMACIÓN [http-nio-8084-exec-169] org.apache.catalina.core.ApplicationContext.log Manager: list: Listing contexts for virtual host 'localhost'
04-Jan-2021 18:50:48.787 INFORMACIÓN [http-nio-8084-exec-168] org.apache.catalina.core.ApplicationContext.log Manager: restart: Reloading web application '/SuperComprinJPA'
04-Jan-2021 18:54:31.697 INFORMACIÓN [http-nio-8084-exec-165] org.apache.catalina.core.ApplicationContext.log Manager: list: Listing contexts for virtual host 'localhost'
04-Jan-2021 18:54:31.727 INFORMACIÓN [http-nio-8084-exec-172] org.apache.catalina.core.ApplicationContext.log Manager: restart: Reloading web application '/SuperComprinJPA'
04-Jan-2021 18:55:00.465 INFORMACIÓN [http-nio-8084-exec-170] org.apache.catalina.core.ApplicationContext.log Manager: list: Listing contexts for virtual host 'localhost'
04-Jan-2021 18:55:00.510 INFORMACIÓN [http-nio-8084-exec-158] org.apache.catalina.core.ApplicationContext.log Manager: restart: Reloading web application '/SuperComprinJPA'
04-Jan-2021 18:56:04.784 INFORMACIÓN [http-nio-8084-exec-166] org.apache.catalina.core.ApplicationContext.log Manager: list: Listing contexts for virtual host 'localhost'
04-Jan-2021 18:56:04.812 INFORMACIÓN [http-nio-8084-exec-165] org.apache.catalina.core.ApplicationContext.log Manager: restart: Reloading web application '/SuperComprinJPA'
04-Jan-2021 18:56:04.813 GRAVE [http-nio-8084-exec-165] org.apache.catalina.core.ApplicationContext.log Manager: Error reloading [/SuperComprinJPA]
	java.lang.IllegalStateException: Aún no se ha arrancado el Contexto [/SuperComprinJPA]
		at org.apache.catalina.core.StandardContext.reload(StandardContext.java:3775)
		at org.apache.catalina.manager.ManagerServlet.reload(ManagerServlet.java:1127)
		at org.apache.catalina.manager.ManagerServlet.doGet(ManagerServlet.java:366)
		at javax.servlet.http.HttpServlet.service(HttpServlet.java:626)
		at javax.servlet.http.HttpServlet.service(HttpServlet.java:733)
		at org.apache.catalina.core.ApplicationFilterChain.internalDoFilter(ApplicationFilterChain.java:231)
		at org.apache.catalina.core.ApplicationFilterChain.doFilter(ApplicationFilterChain.java:166)
		at org.apache.tomcat.websocket.server.WsFilter.doFilter(WsFilter.java:53)
		at org.apache.catalina.core.ApplicationFilterChain.internalDoFilter(ApplicationFilterChain.java:193)
		at org.apache.catalina.core.ApplicationFilterChain.doFilter(ApplicationFilterChain.java:166)
		at org.netbeans.modules.web.monitor.server.MonitorFilter.doFilter(MonitorFilter.java:368)
		at org.apache.catalina.core.ApplicationFilterChain.internalDoFilter(ApplicationFilterChain.java:193)
		at org.apache.catalina.core.ApplicationFilterChain.doFilter(ApplicationFilterChain.java:166)
		at org.apache.catalina.filters.HttpHeaderSecurityFilter.doFilter(HttpHeaderSecurityFilter.java:126)
		at org.apache.catalina.core.ApplicationFilterChain.internalDoFilter(ApplicationFilterChain.java:193)
		at org.apache.catalina.core.ApplicationFilterChain.doFilter(ApplicationFilterChain.java:166)
		at org.apache.catalina.core.StandardWrapperValve.invoke(StandardWrapperValve.java:202)
		at org.apache.catalina.core.StandardContextValve.invoke(StandardContextValve.java:97)
		at org.apache.catalina.authenticator.AuthenticatorBase.invoke(AuthenticatorBase.java:667)
		at org.apache.catalina.valves.RequestFilterValve.process(RequestFilterValve.java:348)
		at org.apache.catalina.valves.RemoteAddrValve.invoke(RemoteAddrValve.java:53)
		at org.apache.catalina.core.StandardHostValve.invoke(StandardHostValve.java:143)
		at org.apache.catalina.valves.ErrorReportValve.invoke(ErrorReportValve.java:92)
		at org.apache.catalina.valves.AbstractAccessLogValve.invoke(AbstractAccessLogValve.java:690)
		at org.apache.catalina.core.StandardEngineValve.invoke(StandardEngineValve.java:78)
		at org.apache.catalina.connector.CoyoteAdapter.service(CoyoteAdapter.java:343)
		at org.apache.coyote.http11.Http11Processor.service(Http11Processor.java:374)
		at org.apache.coyote.AbstractProcessorLight.process(AbstractProcessorLight.java:65)
		at org.apache.coyote.AbstractProtocol$ConnectionHandler.process(AbstractProtocol.java:888)
		at org.apache.tomcat.util.net.NioEndpoint$SocketProcessor.doRun(NioEndpoint.java:1597)
		at org.apache.tomcat.util.net.SocketProcessorBase.run(SocketProcessorBase.java:49)
		at java.base/java.util.concurrent.ThreadPoolExecutor.runWorker(ThreadPoolExecutor.java:1128)
		at java.base/java.util.concurrent.ThreadPoolExecutor$Worker.run(ThreadPoolExecutor.java:628)
		at org.apache.tomcat.util.threads.TaskThread$WrappingRunnable.run(TaskThread.java:61)
		at java.base/java.lang.Thread.run(Thread.java:834)
04-Jan-2021 19:24:17.629 INFORMACIÓN [http-nio-8084-exec-181] org.apache.catalina.core.ApplicationContext.log Manager: list: Listing contexts for virtual host 'localhost'
04-Jan-2021 19:24:17.663 INFORMACIÓN [http-nio-8084-exec-176] org.apache.catalina.core.ApplicationContext.log Manager: list: Listing contexts for virtual host 'localhost'
04-Jan-2021 19:24:17.703 INFORMACIÓN [http-nio-8084-exec-179] org.apache.catalina.core.ApplicationContext.log Manager: undeploy: Undeploying web application at '/SuperComprinJPA'
04-Jan-2021 19:24:18.254 INFORMACIÓN [http-nio-8084-exec-176] org.apache.catalina.core.ApplicationContext.log Manager: install: Installing context configuration at 'file:/tmp/context11241938122164540510.xml'
04-Jan-2021 19:24:18.370 INFORMACIÓN [http-nio-8084-exec-177] org.apache.catalina.core.ApplicationContext.log Manager: start: Starting web application '/SuperComprinJPA'
04-Jan-2021 19:25:28.087 INFORMACIÓN [http-nio-8084-exec-180] org.apache.catalina.core.ApplicationContext.log Manager: list: Listing contexts for virtual host 'localhost'
04-Jan-2021 19:25:28.115 INFORMACIÓN [http-nio-8084-exec-181] org.apache.catalina.core.ApplicationContext.log Manager: restart: Reloading web application '/SuperComprinJPA'
04-Jan-2021 19:25:48.240 INFORMACIÓN [http-nio-8084-exec-175] org.apache.catalina.core.ApplicationContext.log Manager: list: Listing contexts for virtual host 'localhost'
04-Jan-2021 19:25:48.274 INFORMACIÓN [http-nio-8084-exec-186] org.apache.catalina.core.ApplicationContext.log Manager: restart: Reloading web application '/SuperComprinJPA'
04-Jan-2021 21:45:57.601 INFORMACIÓN [http-nio-8084-exec-191] org.apache.catalina.core.ApplicationContext.log Manager: list: Listing contexts for virtual host 'localhost'
04-Jan-2021 21:45:57.656 INFORMACIÓN [http-nio-8084-exec-195] org.apache.catalina.core.ApplicationContext.log Manager: restart: Reloading web application '/SuperComprinJPA'
04-Jan-2021 21:46:11.879 INFORMACIÓN [http-nio-8084-exec-190] org.apache.catalina.core.ApplicationContext.log Manager: list: Listing contexts for virtual host 'localhost'
04-Jan-2021 21:46:11.919 INFORMACIÓN [http-nio-8084-exec-192] org.apache.catalina.core.ApplicationContext.log Manager: restart: Reloading web application '/SuperComprinJPA'
