15-Dec-2020 11:02:10.680 INFORMACIÓN [http-nio-8084-exec-5] org.apache.catalina.core.ApplicationContext.log Manager: init: Associated with Deployer 'Catalina:type=Deployer,host=localhost'
15-Dec-2020 11:02:10.680 INFORMACIÓN [http-nio-8084-exec-5] org.apache.catalina.core.ApplicationContext.log Manager: init: Global resources are available
15-Dec-2020 11:02:10.867 INFORMACIÓN [http-nio-8084-exec-10] org.apache.catalina.core.ApplicationContext.log Manager: list: Listing contexts for virtual host 'localhost'
15-Dec-2020 11:02:10.925 INFORMACIÓN [http-nio-8084-exec-5] org.apache.catalina.core.ApplicationContext.log Manager: list: Listing contexts for virtual host 'localhost'
15-Dec-2020 11:02:10.983 INFORMACIÓN [http-nio-8084-exec-1] org.apache.catalina.core.ApplicationContext.log Manager: undeploy: Undeploying web application at '/AgendaWebJPA'
15-Dec-2020 11:02:11.576 INFORMACIÓN [http-nio-8084-exec-7] org.apache.catalina.core.ApplicationContext.log Manager: install: Installing context configuration at 'file:/tmp/context5248042732536520481.xml'
15-Dec-2020 11:02:12.814 INFORMACIÓN [http-nio-8084-exec-6] org.apache.catalina.core.ApplicationContext.log Manager: start: Starting web application '/AgendaWebJPA'
15-Dec-2020 11:02:13.307 INFORMACIÓN [http-nio-8084-exec-9] org.apache.catalina.core.ApplicationContext.log Manager: list: Listing contexts for virtual host 'localhost'
15-Dec-2020 11:02:13.361 INFORMACIÓN [http-nio-8084-exec-10] org.apache.catalina.core.ApplicationContext.log Manager: list: Listing contexts for virtual host 'localhost'
15-Dec-2020 11:02:13.430 INFORMACIÓN [http-nio-8084-exec-2] org.apache.catalina.core.ApplicationContext.log Manager: undeploy: Undeploying web application at '/AgendaWebJPA'
15-Dec-2020 11:02:14.040 INFORMACIÓN [http-nio-8084-exec-11] org.apache.catalina.core.ApplicationContext.log Manager: install: Installing context configuration at 'file:/tmp/context6980017624260233347.xml'
15-Dec-2020 11:02:15.262 INFORMACIÓN [http-nio-8084-exec-10] org.apache.catalina.core.ApplicationContext.log Manager: start: Starting web application '/AgendaWebJPA'
15-Dec-2020 11:04:20.594 INFORMACIÓN [http-nio-8084-exec-15] org.apache.catalina.core.ApplicationContext.log Manager: list: Listing contexts for virtual host 'localhost'
15-Dec-2020 11:04:20.706 INFORMACIÓN [http-nio-8084-exec-20] org.apache.catalina.core.ApplicationContext.log Manager: restart: Reloading web application '/AgendaWebJPA'
15-Dec-2020 11:04:34.508 INFORMACIÓN [http-nio-8084-exec-14] org.apache.catalina.core.ApplicationContext.log Manager: list: Listing contexts for virtual host 'localhost'
15-Dec-2020 11:04:34.543 INFORMACIÓN [http-nio-8084-exec-16] org.apache.catalina.core.ApplicationContext.log Manager: list: Listing contexts for virtual host 'localhost'
15-Dec-2020 11:04:34.586 INFORMACIÓN [http-nio-8084-exec-20] org.apache.catalina.core.ApplicationContext.log Manager: undeploy: Undeploying web application at '/AgendaWebJPA'
15-Dec-2020 11:04:35.134 INFORMACIÓN [http-nio-8084-exec-23] org.apache.catalina.core.ApplicationContext.log Manager: install: Installing context configuration at 'file:/tmp/context9029389002795316248.xml'
15-Dec-2020 11:04:36.842 INFORMACIÓN [http-nio-8084-exec-21] org.apache.catalina.core.ApplicationContext.log Manager: start: Starting web application '/AgendaWebJPA'
15-Dec-2020 11:04:37.029 INFORMACIÓN [http-nio-8084-exec-3] org.apache.catalina.core.ApplicationContext.log Manager: list: Listing contexts for virtual host 'localhost'
15-Dec-2020 11:04:37.073 INFORMACIÓN [http-nio-8084-exec-20] org.apache.catalina.core.ApplicationContext.log Manager: list: Listing contexts for virtual host 'localhost'
15-Dec-2020 11:04:37.143 INFORMACIÓN [http-nio-8084-exec-19] org.apache.catalina.core.ApplicationContext.log Manager: undeploy: Undeploying web application at '/AgendaWebJPA'
15-Dec-2020 11:04:37.768 INFORMACIÓN [http-nio-8084-exec-3] org.apache.catalina.core.ApplicationContext.log Manager: install: Installing context configuration at 'file:/tmp/context12466919723455413622.xml'
15-Dec-2020 11:04:38.882 INFORMACIÓN [http-nio-8084-exec-17] org.apache.catalina.core.ApplicationContext.log Manager: start: Starting web application '/AgendaWebJPA'
15-Dec-2020 11:08:14.603 INFORMACIÓN [http-nio-8084-exec-31] org.apache.catalina.core.ApplicationContext.log Manager: list: Listing contexts for virtual host 'localhost'
15-Dec-2020 11:08:14.637 INFORMACIÓN [http-nio-8084-exec-29] org.apache.catalina.core.ApplicationContext.log Manager: list: Listing contexts for virtual host 'localhost'
15-Dec-2020 11:08:14.685 INFORMACIÓN [http-nio-8084-exec-25] org.apache.catalina.core.ApplicationContext.log Manager: undeploy: Undeploying web application at '/AgendaWebJPA'
15-Dec-2020 11:08:15.239 INFORMACIÓN [http-nio-8084-exec-28] org.apache.catalina.core.ApplicationContext.log Manager: install: Installing context configuration at 'file:/tmp/context6896253783759354221.xml'
15-Dec-2020 11:08:16.220 INFORMACIÓN [http-nio-8084-exec-26] org.apache.catalina.core.ApplicationContext.log Manager: start: Starting web application '/AgendaWebJPA'
15-Dec-2020 11:08:16.421 INFORMACIÓN [http-nio-8084-exec-34] org.apache.catalina.core.ApplicationContext.log Manager: list: Listing contexts for virtual host 'localhost'
15-Dec-2020 11:08:16.477 INFORMACIÓN [http-nio-8084-exec-27] org.apache.catalina.core.ApplicationContext.log Manager: list: Listing contexts for virtual host 'localhost'
15-Dec-2020 11:08:16.523 INFORMACIÓN [http-nio-8084-exec-31] org.apache.catalina.core.ApplicationContext.log Manager: undeploy: Undeploying web application at '/AgendaWebJPA'
15-Dec-2020 11:08:17.081 INFORMACIÓN [http-nio-8084-exec-33] org.apache.catalina.core.ApplicationContext.log Manager: install: Installing context configuration at 'file:/tmp/context5961951021672069167.xml'
15-Dec-2020 11:08:18.131 INFORMACIÓN [http-nio-8084-exec-25] org.apache.catalina.core.ApplicationContext.log Manager: start: Starting web application '/AgendaWebJPA'
15-Dec-2020 11:09:54.378 INFORMACIÓN [http-nio-8084-exec-35] org.apache.catalina.core.ApplicationContext.log Manager: list: Listing contexts for virtual host 'localhost'
15-Dec-2020 11:09:54.406 INFORMACIÓN [http-nio-8084-exec-31] org.apache.catalina.core.ApplicationContext.log Manager: list: Listing contexts for virtual host 'localhost'
15-Dec-2020 11:09:54.442 INFORMACIÓN [http-nio-8084-exec-39] org.apache.catalina.core.ApplicationContext.log Manager: undeploy: Undeploying web application at '/AgendaWebJPA'
15-Dec-2020 11:09:54.983 INFORMACIÓN [http-nio-8084-exec-36] org.apache.catalina.core.ApplicationContext.log Manager: install: Installing context configuration at 'file:/tmp/context3269665889816436930.xml'
15-Dec-2020 11:09:55.828 INFORMACIÓN [http-nio-8084-exec-30] org.apache.catalina.core.ApplicationContext.log Manager: start: Starting web application '/AgendaWebJPA'
15-Dec-2020 11:09:55.965 INFORMACIÓN [http-nio-8084-exec-25] org.apache.catalina.core.ApplicationContext.log Manager: list: Listing contexts for virtual host 'localhost'
15-Dec-2020 11:09:56.023 INFORMACIÓN [http-nio-8084-exec-31] org.apache.catalina.core.ApplicationContext.log Manager: list: Listing contexts for virtual host 'localhost'
15-Dec-2020 11:09:56.054 INFORMACIÓN [http-nio-8084-exec-40] org.apache.catalina.core.ApplicationContext.log Manager: undeploy: Undeploying web application at '/AgendaWebJPA'
15-Dec-2020 11:09:56.631 INFORMACIÓN [http-nio-8084-exec-25] org.apache.catalina.core.ApplicationContext.log Manager: install: Installing context configuration at 'file:/tmp/context8200124470991290513.xml'
15-Dec-2020 11:09:57.690 INFORMACIÓN [http-nio-8084-exec-31] org.apache.catalina.core.ApplicationContext.log Manager: start: Starting web application '/AgendaWebJPA'
15-Dec-2020 11:13:36.164 INFORMACIÓN [http-nio-8084-exec-50] org.apache.catalina.core.ApplicationContext.log Manager: list: Listing contexts for virtual host 'localhost'
15-Dec-2020 11:13:36.212 INFORMACIÓN [http-nio-8084-exec-43] org.apache.catalina.core.ApplicationContext.log Manager: undeploy: Undeploying web application at '/AgendaWebJPA'
15-Dec-2020 11:13:50.634 INFORMACIÓN [http-nio-8084-exec-49] org.apache.catalina.core.ApplicationContext.log Manager: list: Listing contexts for virtual host 'localhost'
15-Dec-2020 11:13:50.701 INFORMACIÓN [http-nio-8084-exec-46] org.apache.catalina.core.ApplicationContext.log Manager: list: Listing contexts for virtual host 'localhost'
15-Dec-2020 11:13:50.744 INFORMACIÓN [http-nio-8084-exec-53] org.apache.catalina.core.ApplicationContext.log Manager: install: Installing context configuration at 'file:/tmp/context16976686204614056673.xml'
15-Dec-2020 11:13:51.627 INFORMACIÓN [http-nio-8084-exec-47] org.apache.catalina.core.ApplicationContext.log Manager: start: Starting web application '/AgendaWebJPA'
15-Dec-2020 11:14:47.765 INFORMACIÓN [http-nio-8084-exec-52] org.apache.catalina.core.ApplicationContext.log Manager: list: Listing contexts for virtual host 'localhost'
15-Dec-2020 11:14:47.909 INFORMACIÓN [http-nio-8084-exec-50] org.apache.catalina.core.ApplicationContext.log Manager: restart: Reloading web application '/AgendaWebJPA'
15-Dec-2020 11:15:01.743 INFORMACIÓN [http-nio-8084-exec-54] org.apache.catalina.core.ApplicationContext.log Manager: list: Listing contexts for virtual host 'localhost'
15-Dec-2020 11:15:01.777 INFORMACIÓN [http-nio-8084-exec-52] org.apache.catalina.core.ApplicationContext.log Manager: restart: Reloading web application '/AgendaWebJPA'
15-Dec-2020 11:15:10.070 INFORMACIÓN [http-nio-8084-exec-59] org.apache.catalina.core.ApplicationContext.log Manager: list: Listing contexts for virtual host 'localhost'
15-Dec-2020 11:15:10.131 INFORMACIÓN [http-nio-8084-exec-61] org.apache.catalina.core.ApplicationContext.log Manager: undeploy: Undeploying web application at '/AgendaWebJPA'
15-Dec-2020 11:15:23.352 INFORMACIÓN [http-nio-8084-exec-50] org.apache.catalina.core.ApplicationContext.log Manager: list: Listing contexts for virtual host 'localhost'
15-Dec-2020 11:15:23.405 INFORMACIÓN [http-nio-8084-exec-61] org.apache.catalina.core.ApplicationContext.log Manager: list: Listing contexts for virtual host 'localhost'
15-Dec-2020 11:15:23.440 INFORMACIÓN [http-nio-8084-exec-57] org.apache.catalina.core.ApplicationContext.log Manager: install: Installing context configuration at 'file:/tmp/context2239752204736979739.xml'
15-Dec-2020 11:15:24.244 INFORMACIÓN [http-nio-8084-exec-59] org.apache.catalina.core.ApplicationContext.log Manager: start: Starting web application '/AgendaWebJPA'
15-Dec-2020 11:17:35.534 INFORMACIÓN [http-nio-8084-exec-64] org.apache.catalina.core.ApplicationContext.log Manager: list: Listing contexts for virtual host 'localhost'
15-Dec-2020 11:17:35.626 INFORMACIÓN [http-nio-8084-exec-68] org.apache.catalina.core.ApplicationContext.log Manager: restart: Reloading web application '/AgendaWebJPA'
15-Dec-2020 11:17:40.050 INFORMACIÓN [http-nio-8084-exec-69] org.apache.catalina.core.ApplicationContext.log Manager: list: Listing contexts for virtual host 'localhost'
15-Dec-2020 11:17:40.082 INFORMACIÓN [http-nio-8084-exec-63] org.apache.catalina.core.ApplicationContext.log Manager: undeploy: Undeploying web application at '/AgendaWebJPA'
15-Dec-2020 11:18:01.398 INFORMACIÓN [http-nio-8084-exec-55] org.apache.catalina.core.ApplicationContext.log Manager: list: Listing contexts for virtual host 'localhost'
15-Dec-2020 11:18:01.424 INFORMACIÓN [http-nio-8084-exec-69] org.apache.catalina.core.ApplicationContext.log Manager: list: Listing contexts for virtual host 'localhost'
15-Dec-2020 11:18:01.474 INFORMACIÓN [http-nio-8084-exec-70] org.apache.catalina.core.ApplicationContext.log Manager: install: Installing context configuration at 'file:/tmp/context535931268337584382.xml'
15-Dec-2020 11:18:02.339 INFORMACIÓN [http-nio-8084-exec-62] org.apache.catalina.core.ApplicationContext.log Manager: start: Starting web application '/AgendaWebJPA'
15-Dec-2020 11:18:53.509 INFORMACIÓN [http-nio-8084-exec-63] org.apache.catalina.core.ApplicationContext.log Manager: list: Listing contexts for virtual host 'localhost'
15-Dec-2020 11:18:53.594 INFORMACIÓN [http-nio-8084-exec-57] org.apache.catalina.core.ApplicationContext.log Manager: restart: Reloading web application '/AgendaWebJPA'
15-Dec-2020 11:18:57.461 INFORMACIÓN [http-nio-8084-exec-72] org.apache.catalina.core.ApplicationContext.log Manager: list: Listing contexts for virtual host 'localhost'
15-Dec-2020 11:18:57.501 INFORMACIÓN [http-nio-8084-exec-57] org.apache.catalina.core.ApplicationContext.log Manager: list: Listing contexts for virtual host 'localhost'
15-Dec-2020 11:18:57.540 INFORMACIÓN [http-nio-8084-exec-59] org.apache.catalina.core.ApplicationContext.log Manager: undeploy: Undeploying web application at '/AgendaWebJPA'
15-Dec-2020 11:18:58.093 INFORMACIÓN [http-nio-8084-exec-62] org.apache.catalina.core.ApplicationContext.log Manager: install: Installing context configuration at 'file:/tmp/context7793006108639654080.xml'
15-Dec-2020 11:18:58.896 INFORMACIÓN [http-nio-8084-exec-71] org.apache.catalina.core.ApplicationContext.log Manager: start: Starting web application '/AgendaWebJPA'
15-Dec-2020 11:19:20.303 INFORMACIÓN [http-nio-8084-exec-72] org.apache.catalina.core.ApplicationContext.log Manager: list: Listing contexts for virtual host 'localhost'
15-Dec-2020 11:19:20.357 INFORMACIÓN [http-nio-8084-exec-78] org.apache.catalina.core.ApplicationContext.log Manager: restart: Reloading web application '/AgendaWebJPA'
15-Dec-2020 11:19:50.725 INFORMACIÓN [http-nio-8084-exec-81] org.apache.catalina.core.ApplicationContext.log Manager: list: Listing contexts for virtual host 'localhost'
15-Dec-2020 11:19:50.756 INFORMACIÓN [http-nio-8084-exec-78] org.apache.catalina.core.ApplicationContext.log Manager: list: Listing contexts for virtual host 'localhost'
15-Dec-2020 11:19:50.789 INFORMACIÓN [http-nio-8084-exec-82] org.apache.catalina.core.ApplicationContext.log Manager: undeploy: Undeploying web application at '/AgendaWebJPA'
15-Dec-2020 11:19:51.342 INFORMACIÓN [http-nio-8084-exec-59] org.apache.catalina.core.ApplicationContext.log Manager: install: Installing context configuration at 'file:/tmp/context1453464230489448776.xml'
15-Dec-2020 11:19:52.162 INFORMACIÓN [http-nio-8084-exec-78] org.apache.catalina.core.ApplicationContext.log Manager: start: Starting web application '/AgendaWebJPA'
15-Dec-2020 11:22:06.670 INFORMACIÓN [http-nio-8084-exec-86] org.apache.catalina.core.ApplicationContext.log Manager: list: Listing contexts for virtual host 'localhost'
15-Dec-2020 11:22:06.703 INFORMACIÓN [http-nio-8084-exec-91] org.apache.catalina.core.ApplicationContext.log Manager: restart: Reloading web application '/AgendaWebJPA'
15-Dec-2020 11:22:19.598 INFORMACIÓN [http-nio-8084-exec-87] org.apache.catalina.core.ApplicationContext.log Manager: list: Listing contexts for virtual host 'localhost'
15-Dec-2020 11:22:19.638 INFORMACIÓN [http-nio-8084-exec-91] org.apache.catalina.core.ApplicationContext.log Manager: list: Listing contexts for virtual host 'localhost'
15-Dec-2020 11:22:19.677 INFORMACIÓN [http-nio-8084-exec-85] org.apache.catalina.core.ApplicationContext.log Manager: undeploy: Undeploying web application at '/AgendaWebJPA'
15-Dec-2020 11:22:20.222 INFORMACIÓN [http-nio-8084-exec-89] org.apache.catalina.core.ApplicationContext.log Manager: install: Installing context configuration at 'file:/tmp/context16235254528591156268.xml'
15-Dec-2020 11:22:21.020 INFORMACIÓN [http-nio-8084-exec-78] org.apache.catalina.core.ApplicationContext.log Manager: start: Starting web application '/AgendaWebJPA'
