11-Dec-2020 13:22:17.690 INFORMACIÓN [http-nio-8084-exec-2] org.apache.catalina.core.ApplicationContext.log Manager: init: Associated with Deployer 'Catalina:type=Deployer,host=localhost'
11-Dec-2020 13:22:17.691 INFORMACIÓN [http-nio-8084-exec-2] org.apache.catalina.core.ApplicationContext.log Manager: init: Global resources are available
11-Dec-2020 13:22:17.817 INFORMACIÓN [http-nio-8084-exec-3] org.apache.catalina.core.ApplicationContext.log Manager: list: Listing contexts for virtual host 'localhost'
11-Dec-2020 13:22:17.861 INFORMACIÓN [http-nio-8084-exec-3] org.apache.catalina.core.ApplicationContext.log Manager: list: Listing contexts for virtual host 'localhost'
11-Dec-2020 13:22:17.930 INFORMACIÓN [http-nio-8084-exec-9] org.apache.catalina.core.ApplicationContext.log Manager: install: Installing context configuration at 'file:/tmp/context5948415673779768994.xml'
11-Dec-2020 13:22:18.187 INFORMACIÓN [http-nio-8084-exec-9] org.apache.catalina.core.ApplicationContext.log Manager: start: Starting web application '/AgendaWebJPA'
11-Dec-2020 13:22:18.413 INFORMACIÓN [http-nio-8084-exec-3] org.apache.catalina.core.ApplicationContext.log Manager: list: Listing contexts for virtual host 'localhost'
11-Dec-2020 13:22:18.468 INFORMACIÓN [http-nio-8084-exec-3] org.apache.catalina.core.ApplicationContext.log Manager: list: Listing contexts for virtual host 'localhost'
11-Dec-2020 13:22:18.504 INFORMACIÓN [http-nio-8084-exec-7] org.apache.catalina.core.ApplicationContext.log Manager: undeploy: Undeploying web application at '/AgendaWebJPA'
11-Dec-2020 13:22:19.111 INFORMACIÓN [http-nio-8084-exec-7] org.apache.catalina.core.ApplicationContext.log Manager: install: Installing context configuration at 'file:/tmp/context3443494815593604333.xml'
11-Dec-2020 13:22:19.230 INFORMACIÓN [http-nio-8084-exec-7] org.apache.catalina.core.ApplicationContext.log Manager: start: Starting web application '/AgendaWebJPA'
11-Dec-2020 14:02:02.737 INFORMACIÓN [http-nio-8084-exec-11] org.apache.catalina.core.ApplicationContext.log Manager: list: Listing contexts for virtual host 'localhost'
11-Dec-2020 14:02:02.892 INFORMACIÓN [http-nio-8084-exec-13] org.apache.catalina.core.ApplicationContext.log Manager: restart: Reloading web application '/AgendaWebJPA'
11-Dec-2020 14:02:08.923 INFORMACIÓN [http-nio-8084-exec-13] org.apache.catalina.core.ApplicationContext.log Manager: list: Listing contexts for virtual host 'localhost'
11-Dec-2020 14:02:08.949 INFORMACIÓN [http-nio-8084-exec-22] org.apache.catalina.core.ApplicationContext.log Manager: restart: Reloading web application '/AgendaWebJPA'
11-Dec-2020 14:02:19.420 INFORMACIÓN [http-nio-8084-exec-22] org.apache.catalina.core.ApplicationContext.log Manager: list: Listing contexts for virtual host 'localhost'
11-Dec-2020 14:02:19.462 INFORMACIÓN [http-nio-8084-exec-21] org.apache.catalina.core.ApplicationContext.log Manager: restart: Reloading web application '/AgendaWebJPA'
11-Dec-2020 14:02:19.950 INFORMACIÓN [http-nio-8084-exec-23] org.apache.catalina.core.ApplicationContext.log Manager: list: Listing contexts for virtual host 'localhost'
11-Dec-2020 14:02:19.980 INFORMACIÓN [http-nio-8084-exec-23] org.apache.catalina.core.ApplicationContext.log Manager: restart: Reloading web application '/AgendaWebJPA'
11-Dec-2020 14:03:44.747 INFORMACIÓN [http-nio-8084-exec-23] org.apache.catalina.core.ApplicationContext.log Manager: list: Listing contexts for virtual host 'localhost'
11-Dec-2020 14:03:44.770 INFORMACIÓN [http-nio-8084-exec-23] org.apache.catalina.core.ApplicationContext.log Manager: restart: Reloading web application '/AgendaWebJPA'
