12-Jan-2021 10:04:25.499 INFORMACIÓN [http-nio-8084-exec-6] org.apache.catalina.core.ApplicationContext.log Manager: init: Associated with Deployer 'Catalina:type=Deployer,host=localhost'
12-Jan-2021 10:04:25.501 INFORMACIÓN [http-nio-8084-exec-6] org.apache.catalina.core.ApplicationContext.log Manager: init: Global resources are available
12-Jan-2021 10:06:21.792 INFORMACIÓN [http-nio-8084-exec-8] org.apache.catalina.core.ApplicationContext.log Manager: list: Listing contexts for virtual host 'localhost'
12-Jan-2021 10:06:21.848 INFORMACIÓN [http-nio-8084-exec-7] org.apache.catalina.core.ApplicationContext.log Manager: list: Listing contexts for virtual host 'localhost'
12-Jan-2021 10:06:21.918 INFORMACIÓN [http-nio-8084-exec-5] org.apache.catalina.core.ApplicationContext.log Manager: undeploy: Undeploying web application at '/SuperComprinJPA'
12-Jan-2021 10:06:22.556 INFORMACIÓN [http-nio-8084-exec-2] org.apache.catalina.core.ApplicationContext.log Manager: install: Installing context configuration at 'file:/tmp/context10847151021798666104.xml'
12-Jan-2021 10:06:23.860 INFORMACIÓN [http-nio-8084-exec-6] org.apache.catalina.core.ApplicationContext.log Manager: start: Starting web application '/SuperComprinJPA'
12-Jan-2021 10:06:24.070 INFORMACIÓN [http-nio-8084-exec-4] org.apache.catalina.core.ApplicationContext.log Manager: list: Listing contexts for virtual host 'localhost'
12-Jan-2021 10:06:24.117 INFORMACIÓN [http-nio-8084-exec-3] org.apache.catalina.core.ApplicationContext.log Manager: list: Listing contexts for virtual host 'localhost'
12-Jan-2021 10:06:24.175 INFORMACIÓN [http-nio-8084-exec-8] org.apache.catalina.core.ApplicationContext.log Manager: undeploy: Undeploying web application at '/SuperComprinJPA'
12-Jan-2021 10:06:24.814 INFORMACIÓN [http-nio-8084-exec-3] org.apache.catalina.core.ApplicationContext.log Manager: install: Installing context configuration at 'file:/tmp/context7499514372440127758.xml'
12-Jan-2021 10:06:26.213 INFORMACIÓN [http-nio-8084-exec-9] org.apache.catalina.core.ApplicationContext.log Manager: start: Starting web application '/SuperComprinJPA'
12-Jan-2021 10:07:17.073 INFORMACIÓN [http-nio-8084-exec-9] org.apache.catalina.core.ApplicationContext.log Manager: list: Listing contexts for virtual host 'localhost'
12-Jan-2021 10:07:17.102 INFORMACIÓN [http-nio-8084-exec-6] org.apache.catalina.core.ApplicationContext.log Manager: list: Listing contexts for virtual host 'localhost'
12-Jan-2021 10:07:17.164 INFORMACIÓN [http-nio-8084-exec-14] org.apache.catalina.core.ApplicationContext.log Manager: undeploy: Undeploying web application at '/SuperComprinJPA'
12-Jan-2021 10:07:17.723 INFORMACIÓN [http-nio-8084-exec-9] org.apache.catalina.core.ApplicationContext.log Manager: install: Installing context configuration at 'file:/tmp/context2682140517283627347.xml'
12-Jan-2021 10:07:18.858 INFORMACIÓN [http-nio-8084-exec-13] org.apache.catalina.core.ApplicationContext.log Manager: start: Starting web application '/SuperComprinJPA'
12-Jan-2021 10:07:18.997 INFORMACIÓN [http-nio-8084-exec-8] org.apache.catalina.core.ApplicationContext.log Manager: list: Listing contexts for virtual host 'localhost'
12-Jan-2021 10:07:19.060 INFORMACIÓN [http-nio-8084-exec-4] org.apache.catalina.core.ApplicationContext.log Manager: list: Listing contexts for virtual host 'localhost'
12-Jan-2021 10:07:19.115 INFORMACIÓN [http-nio-8084-exec-13] org.apache.catalina.core.ApplicationContext.log Manager: undeploy: Undeploying web application at '/SuperComprinJPA'
12-Jan-2021 10:07:19.707 INFORMACIÓN [http-nio-8084-exec-1] org.apache.catalina.core.ApplicationContext.log Manager: install: Installing context configuration at 'file:/tmp/context11538273785753028943.xml'
12-Jan-2021 10:07:21.019 INFORMACIÓN [http-nio-8084-exec-10] org.apache.catalina.core.ApplicationContext.log Manager: start: Starting web application '/SuperComprinJPA'
12-Jan-2021 12:19:32.689 INFORMACIÓN [http-nio-8084-exec-5] org.apache.catalina.core.ApplicationContext.log Manager: init: Associated with Deployer 'Catalina:type=Deployer,host=localhost'
12-Jan-2021 12:19:32.690 INFORMACIÓN [http-nio-8084-exec-5] org.apache.catalina.core.ApplicationContext.log Manager: init: Global resources are available
12-Jan-2021 12:19:32.889 INFORMACIÓN [http-nio-8084-exec-7] org.apache.catalina.core.ApplicationContext.log Manager: list: Listing contexts for virtual host 'localhost'
12-Jan-2021 12:19:32.947 INFORMACIÓN [http-nio-8084-exec-5] org.apache.catalina.core.ApplicationContext.log Manager: list: Listing contexts for virtual host 'localhost'
12-Jan-2021 12:19:33.015 INFORMACIÓN [http-nio-8084-exec-10] org.apache.catalina.core.ApplicationContext.log Manager: undeploy: Undeploying web application at '/SuperComprinJPA'
12-Jan-2021 12:19:33.611 INFORMACIÓN [http-nio-8084-exec-7] org.apache.catalina.core.ApplicationContext.log Manager: install: Installing context configuration at 'file:/tmp/context1901483268796370682.xml'
12-Jan-2021 12:19:35.068 INFORMACIÓN [http-nio-8084-exec-12] org.apache.catalina.core.ApplicationContext.log Manager: start: Starting web application '/SuperComprinJPA'
12-Jan-2021 12:19:35.656 INFORMACIÓN [http-nio-8084-exec-5] org.apache.catalina.core.ApplicationContext.log Manager: list: Listing contexts for virtual host 'localhost'
12-Jan-2021 12:19:35.813 INFORMACIÓN [http-nio-8084-exec-12] org.apache.catalina.core.ApplicationContext.log Manager: list: Listing contexts for virtual host 'localhost'
12-Jan-2021 12:19:35.905 INFORMACIÓN [http-nio-8084-exec-4] org.apache.catalina.core.ApplicationContext.log Manager: undeploy: Undeploying web application at '/SuperComprinJPA'
12-Jan-2021 12:19:36.531 INFORMACIÓN [http-nio-8084-exec-11] org.apache.catalina.core.ApplicationContext.log Manager: install: Installing context configuration at 'file:/tmp/context14124561414205256871.xml'
12-Jan-2021 12:19:38.459 INFORMACIÓN [http-nio-8084-exec-8] org.apache.catalina.core.ApplicationContext.log Manager: start: Starting web application '/SuperComprinJPA'
12-Jan-2021 12:21:00.597 INFORMACIÓN [http-nio-8084-exec-18] org.apache.catalina.core.ApplicationContext.log Manager: list: Listing contexts for virtual host 'localhost'
12-Jan-2021 12:21:00.632 INFORMACIÓN [http-nio-8084-exec-21] org.apache.catalina.core.ApplicationContext.log Manager: list: Listing contexts for virtual host 'localhost'
12-Jan-2021 12:21:00.683 INFORMACIÓN [http-nio-8084-exec-20] org.apache.catalina.core.ApplicationContext.log Manager: undeploy: Undeploying web application at '/SuperComprinJPA'
12-Jan-2021 12:21:01.240 INFORMACIÓN [http-nio-8084-exec-16] org.apache.catalina.core.ApplicationContext.log Manager: install: Installing context configuration at 'file:/tmp/context14495825144554575725.xml'
12-Jan-2021 12:21:02.185 INFORMACIÓN [http-nio-8084-exec-18] org.apache.catalina.core.ApplicationContext.log Manager: start: Starting web application '/SuperComprinJPA'
12-Jan-2021 12:21:02.345 INFORMACIÓN [http-nio-8084-exec-15] org.apache.catalina.core.ApplicationContext.log Manager: list: Listing contexts for virtual host 'localhost'
12-Jan-2021 12:21:02.423 INFORMACIÓN [http-nio-8084-exec-20] org.apache.catalina.core.ApplicationContext.log Manager: list: Listing contexts for virtual host 'localhost'
12-Jan-2021 12:21:02.471 INFORMACIÓN [http-nio-8084-exec-19] org.apache.catalina.core.ApplicationContext.log Manager: undeploy: Undeploying web application at '/SuperComprinJPA'
12-Jan-2021 12:21:03.033 INFORMACIÓN [http-nio-8084-exec-8] org.apache.catalina.core.ApplicationContext.log Manager: install: Installing context configuration at 'file:/tmp/context17577958770567036540.xml'
12-Jan-2021 12:21:04.518 INFORMACIÓN [http-nio-8084-exec-18] org.apache.catalina.core.ApplicationContext.log Manager: start: Starting web application '/SuperComprinJPA'
12-Jan-2021 12:24:48.243 INFORMACIÓN [http-nio-8084-exec-24] org.apache.catalina.core.ApplicationContext.log Manager: list: Listing contexts for virtual host 'localhost'
12-Jan-2021 12:24:48.282 INFORMACIÓN [http-nio-8084-exec-29] org.apache.catalina.core.ApplicationContext.log Manager: list: Listing contexts for virtual host 'localhost'
12-Jan-2021 12:24:48.320 INFORMACIÓN [http-nio-8084-exec-27] org.apache.catalina.core.ApplicationContext.log Manager: undeploy: Undeploying web application at '/SuperComprinJPA'
12-Jan-2021 12:24:48.884 INFORMACIÓN [http-nio-8084-exec-28] org.apache.catalina.core.ApplicationContext.log Manager: install: Installing context configuration at 'file:/tmp/context18185820580466854090.xml'
12-Jan-2021 12:24:50.089 INFORMACIÓN [http-nio-8084-exec-25] org.apache.catalina.core.ApplicationContext.log Manager: start: Starting web application '/SuperComprinJPA'
12-Jan-2021 12:24:50.189 INFORMACIÓN [http-nio-8084-exec-24] org.apache.catalina.core.ApplicationContext.log Manager: list: Listing contexts for virtual host 'localhost'
12-Jan-2021 12:24:50.229 INFORMACIÓN [http-nio-8084-exec-30] org.apache.catalina.core.ApplicationContext.log Manager: list: Listing contexts for virtual host 'localhost'
12-Jan-2021 12:24:50.304 INFORMACIÓN [http-nio-8084-exec-33] org.apache.catalina.core.ApplicationContext.log Manager: undeploy: Undeploying web application at '/SuperComprinJPA'
12-Jan-2021 12:24:50.876 INFORMACIÓN [http-nio-8084-exec-29] org.apache.catalina.core.ApplicationContext.log Manager: install: Installing context configuration at 'file:/tmp/context14823378283570509253.xml'
12-Jan-2021 12:24:51.997 INFORMACIÓN [http-nio-8084-exec-25] org.apache.catalina.core.ApplicationContext.log Manager: start: Starting web application '/SuperComprinJPA'
12-Jan-2021 12:26:09.300 INFORMACIÓN [http-nio-8084-exec-34] org.apache.catalina.core.ApplicationContext.log Manager: list: Listing contexts for virtual host 'localhost'
12-Jan-2021 12:26:09.326 INFORMACIÓN [http-nio-8084-exec-24] org.apache.catalina.core.ApplicationContext.log Manager: list: Listing contexts for virtual host 'localhost'
12-Jan-2021 12:26:09.370 INFORMACIÓN [http-nio-8084-exec-31] org.apache.catalina.core.ApplicationContext.log Manager: undeploy: Undeploying web application at '/SuperComprinJPA'
12-Jan-2021 12:26:09.920 INFORMACIÓN [http-nio-8084-exec-38] org.apache.catalina.core.ApplicationContext.log Manager: install: Installing context configuration at 'file:/tmp/context12376644136926662751.xml'
12-Jan-2021 12:26:10.799 INFORMACIÓN [http-nio-8084-exec-34] org.apache.catalina.core.ApplicationContext.log Manager: start: Starting web application '/SuperComprinJPA'
12-Jan-2021 12:26:10.922 INFORMACIÓN [http-nio-8084-exec-36] org.apache.catalina.core.ApplicationContext.log Manager: list: Listing contexts for virtual host 'localhost'
12-Jan-2021 12:26:10.987 INFORMACIÓN [http-nio-8084-exec-33] org.apache.catalina.core.ApplicationContext.log Manager: list: Listing contexts for virtual host 'localhost'
12-Jan-2021 12:26:11.042 INFORMACIÓN [http-nio-8084-exec-40] org.apache.catalina.core.ApplicationContext.log Manager: undeploy: Undeploying web application at '/SuperComprinJPA'
12-Jan-2021 12:26:11.593 INFORMACIÓN [http-nio-8084-exec-34] org.apache.catalina.core.ApplicationContext.log Manager: install: Installing context configuration at 'file:/tmp/context17780704350700508529.xml'
12-Jan-2021 12:26:12.994 INFORMACIÓN [http-nio-8084-exec-39] org.apache.catalina.core.ApplicationContext.log Manager: start: Starting web application '/SuperComprinJPA'
12-Jan-2021 12:30:36.602 INFORMACIÓN [http-nio-8084-exec-43] org.apache.catalina.core.ApplicationContext.log Manager: list: Listing contexts for virtual host 'localhost'
12-Jan-2021 12:30:36.627 INFORMACIÓN [http-nio-8084-exec-46] org.apache.catalina.core.ApplicationContext.log Manager: list: Listing contexts for virtual host 'localhost'
12-Jan-2021 12:30:36.656 INFORMACIÓN [http-nio-8084-exec-51] org.apache.catalina.core.ApplicationContext.log Manager: undeploy: Undeploying web application at '/SuperComprinJPA'
12-Jan-2021 12:30:37.206 INFORMACIÓN [http-nio-8084-exec-48] org.apache.catalina.core.ApplicationContext.log Manager: install: Installing context configuration at 'file:/tmp/context1227540909464692807.xml'
12-Jan-2021 12:30:38.146 INFORMACIÓN [http-nio-8084-exec-46] org.apache.catalina.core.ApplicationContext.log Manager: start: Starting web application '/SuperComprinJPA'
12-Jan-2021 12:30:38.308 INFORMACIÓN [http-nio-8084-exec-47] org.apache.catalina.core.ApplicationContext.log Manager: list: Listing contexts for virtual host 'localhost'
12-Jan-2021 12:30:38.404 INFORMACIÓN [http-nio-8084-exec-42] org.apache.catalina.core.ApplicationContext.log Manager: list: Listing contexts for virtual host 'localhost'
12-Jan-2021 12:30:38.457 INFORMACIÓN [http-nio-8084-exec-46] org.apache.catalina.core.ApplicationContext.log Manager: undeploy: Undeploying web application at '/SuperComprinJPA'
12-Jan-2021 12:30:39.162 INFORMACIÓN [http-nio-8084-exec-48] org.apache.catalina.core.ApplicationContext.log Manager: install: Installing context configuration at 'file:/tmp/context8329559523417022516.xml'
12-Jan-2021 12:30:40.205 INFORMACIÓN [http-nio-8084-exec-43] org.apache.catalina.core.ApplicationContext.log Manager: start: Starting web application '/SuperComprinJPA'
12-Jan-2021 12:33:03.871 INFORMACIÓN [http-nio-8084-exec-57] org.apache.catalina.core.ApplicationContext.log Manager: list: Listing contexts for virtual host 'localhost'
12-Jan-2021 12:33:03.908 INFORMACIÓN [http-nio-8084-exec-61] org.apache.catalina.core.ApplicationContext.log Manager: list: Listing contexts for virtual host 'localhost'
12-Jan-2021 12:33:03.957 INFORMACIÓN [http-nio-8084-exec-54] org.apache.catalina.core.ApplicationContext.log Manager: undeploy: Undeploying web application at '/SuperComprinJPA'
12-Jan-2021 12:33:04.495 INFORMACIÓN [http-nio-8084-exec-55] org.apache.catalina.core.ApplicationContext.log Manager: install: Installing context configuration at 'file:/tmp/context8356360076435756896.xml'
12-Jan-2021 12:33:05.360 INFORMACIÓN [http-nio-8084-exec-47] org.apache.catalina.core.ApplicationContext.log Manager: start: Starting web application '/SuperComprinJPA'
12-Jan-2021 12:33:05.536 INFORMACIÓN [http-nio-8084-exec-61] org.apache.catalina.core.ApplicationContext.log Manager: list: Listing contexts for virtual host 'localhost'
12-Jan-2021 12:33:05.584 INFORMACIÓN [http-nio-8084-exec-53] org.apache.catalina.core.ApplicationContext.log Manager: list: Listing contexts for virtual host 'localhost'
12-Jan-2021 12:33:05.615 INFORMACIÓN [http-nio-8084-exec-62] org.apache.catalina.core.ApplicationContext.log Manager: undeploy: Undeploying web application at '/SuperComprinJPA'
12-Jan-2021 12:33:06.153 INFORMACIÓN [http-nio-8084-exec-53] org.apache.catalina.core.ApplicationContext.log Manager: install: Installing context configuration at 'file:/tmp/context8663877249024932834.xml'
12-Jan-2021 12:33:07.199 INFORMACIÓN [http-nio-8084-exec-56] org.apache.catalina.core.ApplicationContext.log Manager: start: Starting web application '/SuperComprinJPA'
12-Jan-2021 12:34:03.370 INFORMACIÓN [http-nio-8084-exec-61] org.apache.catalina.core.ApplicationContext.log Manager: list: Listing contexts for virtual host 'localhost'
12-Jan-2021 12:34:03.410 INFORMACIÓN [http-nio-8084-exec-59] org.apache.catalina.core.ApplicationContext.log Manager: list: Listing contexts for virtual host 'localhost'
12-Jan-2021 12:34:03.461 INFORMACIÓN [http-nio-8084-exec-65] org.apache.catalina.core.ApplicationContext.log Manager: undeploy: Undeploying web application at '/SuperComprinJPA'
12-Jan-2021 12:34:04.051 INFORMACIÓN [http-nio-8084-exec-66] org.apache.catalina.core.ApplicationContext.log Manager: install: Installing context configuration at 'file:/tmp/context15510992218595532536.xml'
12-Jan-2021 12:34:04.954 INFORMACIÓN [http-nio-8084-exec-67] org.apache.catalina.core.ApplicationContext.log Manager: start: Starting web application '/SuperComprinJPA'
12-Jan-2021 12:34:05.064 INFORMACIÓN [http-nio-8084-exec-64] org.apache.catalina.core.ApplicationContext.log Manager: list: Listing contexts for virtual host 'localhost'
12-Jan-2021 12:34:05.113 INFORMACIÓN [http-nio-8084-exec-67] org.apache.catalina.core.ApplicationContext.log Manager: list: Listing contexts for virtual host 'localhost'
12-Jan-2021 12:34:05.177 INFORMACIÓN [http-nio-8084-exec-47] org.apache.catalina.core.ApplicationContext.log Manager: undeploy: Undeploying web application at '/SuperComprinJPA'
12-Jan-2021 12:34:05.769 INFORMACIÓN [http-nio-8084-exec-60] org.apache.catalina.core.ApplicationContext.log Manager: install: Installing context configuration at 'file:/tmp/context11811663434179161563.xml'
12-Jan-2021 12:34:06.919 INFORMACIÓN [http-nio-8084-exec-64] org.apache.catalina.core.ApplicationContext.log Manager: start: Starting web application '/SuperComprinJPA'
12-Jan-2021 13:10:04.778 INFORMACIÓN [http-nio-8084-exec-72] org.apache.catalina.core.ApplicationContext.log Manager: list: Listing contexts for virtual host 'localhost'
12-Jan-2021 13:10:04.802 INFORMACIÓN [http-nio-8084-exec-75] org.apache.catalina.core.ApplicationContext.log Manager: list: Listing contexts for virtual host 'localhost'
12-Jan-2021 13:10:04.830 INFORMACIÓN [http-nio-8084-exec-69] org.apache.catalina.core.ApplicationContext.log Manager: undeploy: Undeploying web application at '/SuperComprinJPA'
12-Jan-2021 13:10:05.393 INFORMACIÓN [http-nio-8084-exec-74] org.apache.catalina.core.ApplicationContext.log Manager: install: Installing context configuration at 'file:/tmp/context10338786195880894602.xml'
12-Jan-2021 13:10:06.477 INFORMACIÓN [http-nio-8084-exec-76] org.apache.catalina.core.ApplicationContext.log Manager: start: Starting web application '/SuperComprinJPA'
12-Jan-2021 13:10:06.681 INFORMACIÓN [http-nio-8084-exec-78] org.apache.catalina.core.ApplicationContext.log Manager: list: Listing contexts for virtual host 'localhost'
12-Jan-2021 13:10:06.724 INFORMACIÓN [http-nio-8084-exec-72] org.apache.catalina.core.ApplicationContext.log Manager: list: Listing contexts for virtual host 'localhost'
12-Jan-2021 13:10:06.786 INFORMACIÓN [http-nio-8084-exec-70] org.apache.catalina.core.ApplicationContext.log Manager: undeploy: Undeploying web application at '/SuperComprinJPA'
12-Jan-2021 13:10:07.331 INFORMACIÓN [http-nio-8084-exec-75] org.apache.catalina.core.ApplicationContext.log Manager: install: Installing context configuration at 'file:/tmp/context12125291927543318505.xml'
12-Jan-2021 13:10:08.789 INFORMACIÓN [http-nio-8084-exec-78] org.apache.catalina.core.ApplicationContext.log Manager: start: Starting web application '/SuperComprinJPA'
