[2021-01-12T09:41:44.776+0100] [glassfish 5.1] [INFO] [NCLS-LOGGING-00009] [javax.enterprise.logging] [tid: _ThreadID=21 _ThreadName=RunLevelControllerThread-1610440904496] [timeMillis: 1610440904776] [levelValue: 800] [[
  Running GlassFish Version: GlassFish Server Open Source Edition  5.1.0  (build default-private)]]

[2021-01-12T09:41:44.781+0100] [glassfish 5.1] [INFO] [NCLS-LOGGING-00010] [javax.enterprise.logging] [tid: _ThreadID=21 _ThreadName=RunLevelControllerThread-1610440904496] [timeMillis: 1610440904781] [levelValue: 800] [[
  Server log file is using Formatter class: com.sun.enterprise.server.logging.ODLLogFormatter]]

[2021-01-12T09:41:45.492+0100] [glassfish 5.1] [INFO] [] [org.hibernate.validator.internal.util.Version] [tid: _ThreadID=20 _ThreadName=RunLevelControllerThread-1610440904492] [timeMillis: 1610440905492] [levelValue: 800] [[
  HV000001: Hibernate Validator 6.0.10.Final]]

[2021-01-12T09:41:45.517+0100] [glassfish 5.1] [INFO] [NCLS-SECURITY-01115] [javax.enterprise.system.core.security] [tid: _ThreadID=23 _ThreadName=RunLevelControllerThread-1610440904515] [timeMillis: 1610440905517] [levelValue: 800] [[
  Realm [admin-realm] of classtype [com.sun.enterprise.security.auth.realm.file.FileRealm] successfully created.]]

[2021-01-12T09:41:45.558+0100] [glassfish 5.1] [INFO] [NCLS-SECURITY-01115] [javax.enterprise.system.core.security] [tid: _ThreadID=23 _ThreadName=RunLevelControllerThread-1610440904515] [timeMillis: 1610440905558] [levelValue: 800] [[
  Realm [file] of classtype [com.sun.enterprise.security.auth.realm.file.FileRealm] successfully created.]]

[2021-01-12T09:41:45.570+0100] [glassfish 5.1] [INFO] [NCLS-SECURITY-01115] [javax.enterprise.system.core.security] [tid: _ThreadID=23 _ThreadName=RunLevelControllerThread-1610440904515] [timeMillis: 1610440905570] [levelValue: 800] [[
  Realm [certificate] of classtype [com.sun.enterprise.security.auth.realm.certificate.CertificateRealm] successfully created.]]

[2021-01-12T09:41:45.785+0100] [glassfish 5.1] [INFO] [] [org.glassfish.ha.store.spi.BackingStoreFactoryRegistry] [tid: _ThreadID=21 _ThreadName=RunLevelControllerThread-1610440904496] [timeMillis: 1610440905785] [levelValue: 800] [[
  Registered org.glassfish.ha.store.adapter.cache.ShoalBackingStoreProxy for persistence-type = replicated in BackingStoreFactoryRegistry]]

[2021-01-12T09:41:45.788+0100] [glassfish 5.1] [INFO] [SEC-SVCS-00100] [javax.enterprise.security.services] [tid: _ThreadID=23 _ThreadName=RunLevelControllerThread-1610440904515] [timeMillis: 1610440905788] [levelValue: 800] [[
  Authorization Service has successfully initialized.]]

[2021-01-12T09:41:45.914+0100] [glassfish 5.1] [INFO] [NCLS-CORE-00087] [javax.enterprise.system.core] [tid: _ThreadID=22 _ThreadName=RunLevelControllerThread-1610440904515] [timeMillis: 1610440905914] [levelValue: 800] [[
  Grizzly Framework 2.4.4 started in: 39ms - bound to [/0.0.0.0:8080]]]

[2021-01-12T09:41:45.975+0100] [glassfish 5.1] [INFO] [NCLS-CORE-00087] [javax.enterprise.system.core] [tid: _ThreadID=22 _ThreadName=RunLevelControllerThread-1610440904515] [timeMillis: 1610440905975] [levelValue: 800] [[
  Grizzly Framework 2.4.4 started in: 11ms - bound to [/0.0.0.0:8181]]]

[2021-01-12T09:41:46.013+0100] [glassfish 5.1] [INFO] [NCLS-CORE-00087] [javax.enterprise.system.core] [tid: _ThreadID=22 _ThreadName=RunLevelControllerThread-1610440904515] [timeMillis: 1610440906013] [levelValue: 800] [[
  Grizzly Framework 2.4.4 started in: 8ms - bound to [/0.0.0.0:4848]]]

[2021-01-12T09:41:46.137+0100] [glassfish 5.1] [INFO] [NCLS-CORE-00087] [javax.enterprise.system.core] [tid: _ThreadID=21 _ThreadName=RunLevelControllerThread-1610440904496] [timeMillis: 1610440906137] [levelValue: 800] [[
  Grizzly Framework 2.4.4 started in: 3ms - bound to [/0.0.0.0:3700]]]

[2021-01-12T09:41:46.651+0100] [glassfish 5.1] [INFO] [NCLS-CORE-00017] [javax.enterprise.system.core] [tid: _ThreadID=1 _ThreadName=main] [timeMillis: 1610440906651] [levelValue: 800] [[
  GlassFish Server Open Source Edition  5.1.0  (default-private) startup time : Felix (5.962ms), startup services(2.171ms), total(8.133ms)]]

[2021-01-12T09:41:47.041+0100] [glassfish 5.1] [INFO] [jts.startup_msg] [javax.enterprise.system.core.transaction.com.sun.jts.CosTransactions] [tid: _ThreadID=21 _ThreadName=RunLevelControllerThread-1610440904496] [timeMillis: 1610440907041] [levelValue: 800] [[
  JTS5014: Recoverable JTS instance, serverId = [100]]]

[2021-01-12T09:41:47.222+0100] [glassfish 5.1] [INFO] [NCLS-JMX-00005] [javax.enterprise.system.jmx] [tid: _ThreadID=65 _ThreadName=Thread-14] [timeMillis: 1610440907222] [levelValue: 800] [[
  JMXStartupService has started JMXConnector on JMXService URL service:jmx:rmi://PORTATIL-PABLO:8686/jndi/rmi://PORTATIL-PABLO:8686/jmxrmi]]

[2021-01-12T09:41:47.620+0100] [glassfish 5.1] [INFO] [NCLS-CORE-00087] [javax.enterprise.system.core] [tid: _ThreadID=21 _ThreadName=RunLevelControllerThread-1610440904496] [timeMillis: 1610440907620] [levelValue: 800] [[
  Grizzly Framework 2.4.4 started in: 1ms - bound to [/0.0.0.0:7676]]]

[2021-01-12T09:41:47.631+0100] [glassfish 5.1] [INFO] [NCLS-BOOTSTRAP-00027] [javax.enterprise.bootstrap] [tid: _ThreadID=1 _ThreadName=main] [timeMillis: 1610440907631] [levelValue: 800] [[
  Registered com.sun.enterprise.glassfish.bootstrap.osgi.EmbeddedOSGiGlassFishImpl@631cb129 as OSGi service registration: org.apache.felix.framework.ServiceRegistrationImpl@3d20e575.]]

[2021-01-12T09:41:48.579+0100] [glassfish 5.1] [INFO] [NCLS-CORE-00087] [javax.enterprise.system.core] [tid: _ThreadID=56 _ThreadName=pool-10-thread-1] [timeMillis: 1610440908579] [levelValue: 800] [[
  Grizzly Framework 2.4.4 started in: 1ms - bound to [/0.0.0.0:8080]]]

[2021-01-12T09:41:48.625+0100] [glassfish 5.1] [INFO] [NCLS-CORE-00087] [javax.enterprise.system.core] [tid: _ThreadID=56 _ThreadName=pool-10-thread-1] [timeMillis: 1610440908625] [levelValue: 800] [[
  Grizzly Framework 2.4.4 started in: 9ms - bound to [/0.0.0.0:8181]]]

[2021-01-12T09:41:50.109+0100] [glassfish 5.1] [INFO] [NCLS-CORE-00087] [javax.enterprise.system.core] [tid: _ThreadID=57 _ThreadName=pool-9-thread-1] [timeMillis: 1610440910109] [levelValue: 800] [[
  Grizzly Framework 2.4.4 started in: 56ms - bound to [/0.0.0.0:8181]]]

[2021-01-12T09:41:50.386+0100] [glassfish 5.1] [INFO] [] [javax.enterprise.system.tools.deployment.common] [tid: _ThreadID=109 _ThreadName=Thread-29] [timeMillis: 1610440910386] [levelValue: 800] [[
  visiting unvisited references]]

[2021-01-12T09:41:50.398+0100] [glassfish 5.1] [INFO] [NCLS-CORE-00087] [javax.enterprise.system.core] [tid: _ThreadID=58 _ThreadName=pool-8-thread-1] [timeMillis: 1610440910398] [levelValue: 800] [[
  Grizzly Framework 2.4.4 started in: 26ms - bound to [/0.0.0.0:8080]]]

[2021-01-12T09:41:51.704+0100] [glassfish 5.1] [INFO] [AS-WEB-GLUE-00198] [javax.enterprise.web] [tid: _ThreadID=109 _ThreadName=Thread-29] [timeMillis: 1610440911704] [levelValue: 800] [[
  Created HTTP listener http-listener-1 on host/port 0.0.0.0:8080]]

[2021-01-12T09:41:51.713+0100] [glassfish 5.1] [INFO] [AS-WEB-GLUE-00198] [javax.enterprise.web] [tid: _ThreadID=109 _ThreadName=Thread-29] [timeMillis: 1610440911713] [levelValue: 800] [[
  Created HTTP listener http-listener-2 on host/port 0.0.0.0:8181]]

[2021-01-12T09:41:51.720+0100] [glassfish 5.1] [INFO] [AS-WEB-GLUE-00198] [javax.enterprise.web] [tid: _ThreadID=109 _ThreadName=Thread-29] [timeMillis: 1610440911720] [levelValue: 800] [[
  Created HTTP listener admin-listener on host/port 0.0.0.0:4848]]

[2021-01-12T09:41:51.794+0100] [glassfish 5.1] [INFO] [AS-WEB-GLUE-00200] [javax.enterprise.web] [tid: _ThreadID=109 _ThreadName=Thread-29] [timeMillis: 1610440911794] [levelValue: 800] [[
  Created virtual server server]]

[2021-01-12T09:41:51.799+0100] [glassfish 5.1] [INFO] [AS-WEB-GLUE-00200] [javax.enterprise.web] [tid: _ThreadID=109 _ThreadName=Thread-29] [timeMillis: 1610440911799] [levelValue: 800] [[
  Created virtual server __asadmin]]

[2021-01-12T09:41:52.376+0100] [glassfish 5.1] [INFO] [AS-WEB-CORE-00306] [javax.enterprise.web.core] [tid: _ThreadID=109 _ThreadName=Thread-29] [timeMillis: 1610440912376] [levelValue: 800] [[
  Setting JAAS app name glassfish-web]]

[2021-01-12T09:41:52.386+0100] [glassfish 5.1] [INFO] [AS-WEB-GLUE-00201] [javax.enterprise.web] [tid: _ThreadID=109 _ThreadName=Thread-29] [timeMillis: 1610440912386] [levelValue: 800] [[
  Virtual server server loaded default web module ]]

[2021-01-12T09:41:53.195+0100] [glassfish 5.1] [INFO] [NCLS-SECURITY-01002] [javax.enterprise.system.core.security] [tid: _ThreadID=109 _ThreadName=Thread-29] [timeMillis: 1610440913195] [levelValue: 800] [[
  Java security manager is disabled.]]

[2021-01-12T09:41:53.196+0100] [glassfish 5.1] [INFO] [NCLS-SECURITY-01010] [javax.enterprise.system.core.security] [tid: _ThreadID=109 _ThreadName=Thread-29] [timeMillis: 1610440913196] [levelValue: 800] [[
  Entering Security Startup Service.]]

[2021-01-12T09:41:53.251+0100] [glassfish 5.1] [INFO] [NCLS-SECURITY-01143] [javax.enterprise.system.core.security] [tid: _ThreadID=109 _ThreadName=Thread-29] [timeMillis: 1610440913251] [levelValue: 800] [[
  Loading policy provider com.sun.enterprise.security.provider.PolicyWrapper.]]

[2021-01-12T09:41:53.381+0100] [glassfish 5.1] [INFO] [NCLS-SECURITY-01011] [javax.enterprise.system.core.security] [tid: _ThreadID=109 _ThreadName=Thread-29] [timeMillis: 1610440913381] [levelValue: 800] [[
  Security Service(s) started successfully.]]

[2021-01-12T09:41:54.820+0100] [glassfish 5.1] [INFO] [] [javax.enterprise.system.tools.deployment.common] [tid: _ThreadID=109 _ThreadName=Thread-29] [timeMillis: 1610440914820] [levelValue: 800] [[
  visiting unvisited references]]

[2021-01-12T09:41:54.855+0100] [glassfish 5.1] [INFO] [] [javax.enterprise.system.tools.deployment.common] [tid: _ThreadID=109 _ThreadName=Thread-29] [timeMillis: 1610440914855] [levelValue: 800] [[
  visiting unvisited references]]

[2021-01-12T09:41:54.859+0100] [glassfish 5.1] [INFO] [] [javax.enterprise.system.tools.deployment.common] [tid: _ThreadID=109 _ThreadName=Thread-29] [timeMillis: 1610440914859] [levelValue: 800] [[
  visiting unvisited references]]

[2021-01-12T09:41:56.387+0100] [glassfish 5.1] [INFO] [NCLS-REST-00001] [javax.enterprise.admin.rest] [tid: _ThreadID=46 _ThreadName=admin-listener(3)] [timeMillis: 1610440916387] [levelValue: 800] [[
  Listening to REST requests at context: /management/domain.]]

[2021-01-12T09:41:57.130+0100] [glassfish 5.1] [INFO] [jsf.config.listener.version] [javax.enterprise.resource.webcontainer.jsf.config] [tid: _ThreadID=109 _ThreadName=Thread-29] [timeMillis: 1610440917130] [levelValue: 800] [[
  Inicializando Mojarra 2.3.9 para el contexto '']]

[2021-01-12T09:41:58.614+0100] [glassfish 5.1] [INFO] [AS-WEB-GLUE-00172] [javax.enterprise.web] [tid: _ThreadID=109 _ThreadName=Thread-29] [timeMillis: 1610440918614] [levelValue: 800] [[
  Loading application [__admingui] at [/]]]

[2021-01-12T09:41:58.619+0100] [glassfish 5.1] [INFO] [NCLS-CORE-00022] [javax.enterprise.system.core] [tid: _ThreadID=109 _ThreadName=Thread-29] [timeMillis: 1610440918619] [levelValue: 800] [[
  Loading application __admingui done in 9.440 ms]]

[2021-01-12T09:41:59.383+0100] [glassfish 5.1] [WARNING] [] [javax.enterprise.system.container.web.com.sun.web.security] [tid: _ThreadID=47 _ThreadName=admin-listener(4)] [timeMillis: 1610440919383] [levelValue: 900] [[
  Context path from ServletContext:  differs from path from bundle: /]]

[2021-01-12T09:44:07.921+0100] [glassfish 5.1] [INFO] [] [javax.enterprise.system.tools.deployment.common] [tid: _ThreadID=46 _ThreadName=admin-listener(3)] [timeMillis: 1610441047921] [levelValue: 800] [[
  visiting unvisited references]]

[2021-01-12T09:44:08.119+0100] [glassfish 5.1] [INFO] [] [javax.enterprise.system.tools.deployment.common] [tid: _ThreadID=46 _ThreadName=admin-listener(3)] [timeMillis: 1610441048119] [levelValue: 800] [[
  visiting unvisited references]]

[2021-01-12T09:44:08.122+0100] [glassfish 5.1] [INFO] [] [javax.enterprise.system.tools.deployment.common] [tid: _ThreadID=46 _ThreadName=admin-listener(3)] [timeMillis: 1610441048122] [levelValue: 800] [[
  visiting unvisited references]]

[2021-01-12T09:44:08.242+0100] [glassfish 5.1] [INFO] [] [org.jboss.weld.Version] [tid: _ThreadID=46 _ThreadName=admin-listener(3)] [timeMillis: 1610441048242] [levelValue: 800] [[
  WELD-000900: 3.0.0 (Final)]]

[2021-01-12T09:44:09.222+0100] [glassfish 5.1] [INFO] [] [org.jboss.weld.Event] [tid: _ThreadID=46 _ThreadName=admin-listener(3)] [timeMillis: 1610441049222] [levelValue: 800] [[
  WELD-000411: Observer method [BackedAnnotatedMethod] org.glassfish.sse.impl.ServerSentEventCdiExtension.processAnnotatedType(@Observes ProcessAnnotatedType<T>, BeanManager) receives events for all annotated types. Consider restricting events using @WithAnnotations or a generic type with bounds.]]

[2021-01-12T09:44:09.235+0100] [glassfish 5.1] [INFO] [] [org.jboss.weld.Event] [tid: _ThreadID=46 _ThreadName=admin-listener(3)] [timeMillis: 1610441049235] [levelValue: 800] [[
  WELD-000411: Observer method [BackedAnnotatedMethod] public org.hibernate.validator.cdi.ValidationExtension.processAnnotatedType(@Observes ProcessAnnotatedType<T>) receives events for all annotated types. Consider restricting events using @WithAnnotations or a generic type with bounds.]]

[2021-01-12T09:44:09.265+0100] [glassfish 5.1] [INFO] [] [org.jboss.weld.Event] [tid: _ThreadID=46 _ThreadName=admin-listener(3)] [timeMillis: 1610441049265] [levelValue: 800] [[
  WELD-000411: Observer method [BackedAnnotatedMethod] private org.glassfish.jersey.ext.cdi1x.internal.CdiComponentProvider.processAnnotatedType(@Observes ProcessAnnotatedType) receives events for all annotated types. Consider restricting events using @WithAnnotations or a generic type with bounds.]]

[2021-01-12T09:44:09.273+0100] [glassfish 5.1] [INFO] [] [org.jboss.weld.Event] [tid: _ThreadID=46 _ThreadName=admin-listener(3)] [timeMillis: 1610441049273] [levelValue: 800] [[
  WELD-000411: Observer method [BackedAnnotatedMethod] public org.glassfish.jms.injection.JMSCDIExtension.processAnnotatedType(@Observes ProcessAnnotatedType<T>) receives events for all annotated types. Consider restricting events using @WithAnnotations or a generic type with bounds.]]

[2021-01-12T09:44:09.296+0100] [glassfish 5.1] [WARN] [] [org.jboss.weld.Bootstrap] [tid: _ThreadID=46 _ThreadName=admin-listener(3)] [timeMillis: 1610441049296] [levelValue: 900] [[
  WELD-000146: BeforeBeanDiscovery.addAnnotatedType(AnnotatedType<?>) used for class org.glassfish.jersey.ext.cdi1x.transaction.internal.WebAppExceptionHolder is deprecated from CDI 1.1!]]

[2021-01-12T09:44:09.313+0100] [glassfish 5.1] [WARN] [] [org.jboss.weld.Bootstrap] [tid: _ThreadID=46 _ThreadName=admin-listener(3)] [timeMillis: 1610441049313] [levelValue: 900] [[
  WELD-000146: BeforeBeanDiscovery.addAnnotatedType(AnnotatedType<?>) used for class org.glassfish.jersey.ext.cdi1x.transaction.internal.WebAppExceptionInterceptor is deprecated from CDI 1.1!]]

[2021-01-12T09:44:09.324+0100] [glassfish 5.1] [WARN] [] [org.jboss.weld.Bootstrap] [tid: _ThreadID=46 _ThreadName=admin-listener(3)] [timeMillis: 1610441049324] [levelValue: 900] [[
  WELD-000146: BeforeBeanDiscovery.addAnnotatedType(AnnotatedType<?>) used for class org.glassfish.jersey.ext.cdi1x.transaction.internal.TransactionalExceptionMapper is deprecated from CDI 1.1!]]

[2021-01-12T09:44:09.329+0100] [glassfish 5.1] [WARN] [] [org.jboss.weld.Bootstrap] [tid: _ThreadID=46 _ThreadName=admin-listener(3)] [timeMillis: 1610441049329] [levelValue: 900] [[
  WELD-000146: BeforeBeanDiscovery.addAnnotatedType(AnnotatedType<?>) used for class com.sun.faces.flow.FlowDiscoveryCDIHelper is deprecated from CDI 1.1!]]

[2021-01-12T09:44:09.352+0100] [glassfish 5.1] [WARN] [] [org.jboss.weld.Bootstrap] [tid: _ThreadID=46 _ThreadName=admin-listener(3)] [timeMillis: 1610441049352] [levelValue: 900] [[
  WELD-000146: BeforeBeanDiscovery.addAnnotatedType(AnnotatedType<?>) used for class org.glassfish.cdi.transaction.TransactionalInterceptorMandatory is deprecated from CDI 1.1!]]

[2021-01-12T09:44:09.362+0100] [glassfish 5.1] [WARN] [] [org.jboss.weld.Bootstrap] [tid: _ThreadID=46 _ThreadName=admin-listener(3)] [timeMillis: 1610441049362] [levelValue: 900] [[
  WELD-000146: BeforeBeanDiscovery.addAnnotatedType(AnnotatedType<?>) used for class org.glassfish.cdi.transaction.TransactionalInterceptorNever is deprecated from CDI 1.1!]]

[2021-01-12T09:44:09.368+0100] [glassfish 5.1] [WARN] [] [org.jboss.weld.Bootstrap] [tid: _ThreadID=46 _ThreadName=admin-listener(3)] [timeMillis: 1610441049368] [levelValue: 900] [[
  WELD-000146: BeforeBeanDiscovery.addAnnotatedType(AnnotatedType<?>) used for class org.glassfish.cdi.transaction.TransactionalInterceptorNotSupported is deprecated from CDI 1.1!]]

[2021-01-12T09:44:09.371+0100] [glassfish 5.1] [WARN] [] [org.jboss.weld.Bootstrap] [tid: _ThreadID=46 _ThreadName=admin-listener(3)] [timeMillis: 1610441049371] [levelValue: 900] [[
  WELD-000146: BeforeBeanDiscovery.addAnnotatedType(AnnotatedType<?>) used for class org.glassfish.cdi.transaction.TransactionalInterceptorRequired is deprecated from CDI 1.1!]]

[2021-01-12T09:44:09.375+0100] [glassfish 5.1] [WARN] [] [org.jboss.weld.Bootstrap] [tid: _ThreadID=46 _ThreadName=admin-listener(3)] [timeMillis: 1610441049375] [levelValue: 900] [[
  WELD-000146: BeforeBeanDiscovery.addAnnotatedType(AnnotatedType<?>) used for class org.glassfish.cdi.transaction.TransactionalInterceptorRequiresNew is deprecated from CDI 1.1!]]

[2021-01-12T09:44:09.377+0100] [glassfish 5.1] [WARN] [] [org.jboss.weld.Bootstrap] [tid: _ThreadID=46 _ThreadName=admin-listener(3)] [timeMillis: 1610441049377] [levelValue: 900] [[
  WELD-000146: BeforeBeanDiscovery.addAnnotatedType(AnnotatedType<?>) used for class org.glassfish.cdi.transaction.TransactionalInterceptorSupports is deprecated from CDI 1.1!]]

[2021-01-12T09:44:09.414+0100] [glassfish 5.1] [WARN] [] [org.jboss.weld.Bootstrap] [tid: _ThreadID=46 _ThreadName=admin-listener(3)] [timeMillis: 1610441049414] [levelValue: 900] [[
  WELD-000146: BeforeBeanDiscovery.addAnnotatedType(AnnotatedType<?>) used for class org.glassfish.jersey.ext.cdi1x.servlet.internal.CdiExternalRequestScope is deprecated from CDI 1.1!]]

[2021-01-12T09:44:09.440+0100] [glassfish 5.1] [WARN] [] [org.jboss.weld.Bootstrap] [tid: _ThreadID=46 _ThreadName=admin-listener(3)] [timeMillis: 1610441049440] [levelValue: 900] [[
  WELD-000146: BeforeBeanDiscovery.addAnnotatedType(AnnotatedType<?>) used for class org.glassfish.jersey.ext.cdi1x.internal.CdiComponentProvider$JaxRsParamProducer is deprecated from CDI 1.1!]]

[2021-01-12T09:44:09.464+0100] [glassfish 5.1] [WARN] [] [org.jboss.weld.Bootstrap] [tid: _ThreadID=46 _ThreadName=admin-listener(3)] [timeMillis: 1610441049464] [levelValue: 900] [[
  WELD-000146: BeforeBeanDiscovery.addAnnotatedType(AnnotatedType<?>) used for class com.ibm.jbatch.container.cdi.BatchProducerBean is deprecated from CDI 1.1!]]

[2021-01-12T09:44:10.855+0100] [glassfish 5.1] [INFO] [] [org.glassfish.soteria.servlet.SamRegistrationInstaller] [tid: _ThreadID=46 _ThreadName=admin-listener(3)] [timeMillis: 1610441050855] [levelValue: 800] [[
  Initializing Soteria 1.0.1 for context '/pruebaglassfish']]

[2021-01-12T09:44:11.180+0100] [glassfish 5.1] [INFO] [AS-WEB-GLUE-00172] [javax.enterprise.web] [tid: _ThreadID=46 _ThreadName=admin-listener(3)] [timeMillis: 1610441051180] [levelValue: 800] [[
  Loading application [pruebaglassfish-1.0] at [/pruebaglassfish]]]

[2021-01-12T09:44:11.235+0100] [glassfish 5.1] [INFO] [] [javax.enterprise.system.core] [tid: _ThreadID=46 _ThreadName=admin-listener(3)] [timeMillis: 1610441051235] [levelValue: 800] [[
  pruebaglassfish-1.0 was successfully deployed in 3.345 milliseconds.]]

[2021-01-12T09:44:12.257+0100] [glassfish 5.1] [INFO] [] [javax.enterprise.system.tools.deployment.common] [tid: _ThreadID=45 _ThreadName=admin-listener(2)] [timeMillis: 1610441052257] [levelValue: 800] [[
  visiting unvisited references]]

[2021-01-12T09:44:12.437+0100] [glassfish 5.1] [INFO] [] [javax.enterprise.system.tools.deployment.common] [tid: _ThreadID=45 _ThreadName=admin-listener(2)] [timeMillis: 1610441052437] [levelValue: 800] [[
  visiting unvisited references]]

[2021-01-12T09:44:12.441+0100] [glassfish 5.1] [INFO] [] [javax.enterprise.system.tools.deployment.common] [tid: _ThreadID=45 _ThreadName=admin-listener(2)] [timeMillis: 1610441052441] [levelValue: 800] [[
  visiting unvisited references]]

[2021-01-12T09:44:12.658+0100] [glassfish 5.1] [INFO] [] [org.jboss.weld.Event] [tid: _ThreadID=45 _ThreadName=admin-listener(2)] [timeMillis: 1610441052658] [levelValue: 800] [[
  WELD-000411: Observer method [BackedAnnotatedMethod] private org.glassfish.jersey.ext.cdi1x.internal.CdiComponentProvider.processAnnotatedType(@Observes ProcessAnnotatedType) receives events for all annotated types. Consider restricting events using @WithAnnotations or a generic type with bounds.]]

[2021-01-12T09:44:12.688+0100] [glassfish 5.1] [INFO] [] [org.jboss.weld.Event] [tid: _ThreadID=45 _ThreadName=admin-listener(2)] [timeMillis: 1610441052688] [levelValue: 800] [[
  WELD-000411: Observer method [BackedAnnotatedMethod] org.glassfish.sse.impl.ServerSentEventCdiExtension.processAnnotatedType(@Observes ProcessAnnotatedType<T>, BeanManager) receives events for all annotated types. Consider restricting events using @WithAnnotations or a generic type with bounds.]]

[2021-01-12T09:44:12.703+0100] [glassfish 5.1] [INFO] [] [org.jboss.weld.Event] [tid: _ThreadID=45 _ThreadName=admin-listener(2)] [timeMillis: 1610441052703] [levelValue: 800] [[
  WELD-000411: Observer method [BackedAnnotatedMethod] public org.glassfish.jms.injection.JMSCDIExtension.processAnnotatedType(@Observes ProcessAnnotatedType<T>) receives events for all annotated types. Consider restricting events using @WithAnnotations or a generic type with bounds.]]

[2021-01-12T09:44:12.719+0100] [glassfish 5.1] [INFO] [] [org.jboss.weld.Event] [tid: _ThreadID=45 _ThreadName=admin-listener(2)] [timeMillis: 1610441052719] [levelValue: 800] [[
  WELD-000411: Observer method [BackedAnnotatedMethod] public org.hibernate.validator.cdi.ValidationExtension.processAnnotatedType(@Observes ProcessAnnotatedType<T>) receives events for all annotated types. Consider restricting events using @WithAnnotations or a generic type with bounds.]]

[2021-01-12T09:44:12.756+0100] [glassfish 5.1] [WARN] [] [org.jboss.weld.Bootstrap] [tid: _ThreadID=45 _ThreadName=admin-listener(2)] [timeMillis: 1610441052756] [levelValue: 900] [[
  WELD-000146: BeforeBeanDiscovery.addAnnotatedType(AnnotatedType<?>) used for class org.glassfish.jersey.ext.cdi1x.transaction.internal.WebAppExceptionHolder is deprecated from CDI 1.1!]]

[2021-01-12T09:44:12.760+0100] [glassfish 5.1] [WARN] [] [org.jboss.weld.Bootstrap] [tid: _ThreadID=45 _ThreadName=admin-listener(2)] [timeMillis: 1610441052760] [levelValue: 900] [[
  WELD-000146: BeforeBeanDiscovery.addAnnotatedType(AnnotatedType<?>) used for class org.glassfish.jersey.ext.cdi1x.transaction.internal.WebAppExceptionInterceptor is deprecated from CDI 1.1!]]

[2021-01-12T09:44:12.780+0100] [glassfish 5.1] [WARN] [] [org.jboss.weld.Bootstrap] [tid: _ThreadID=45 _ThreadName=admin-listener(2)] [timeMillis: 1610441052780] [levelValue: 900] [[
  WELD-000146: BeforeBeanDiscovery.addAnnotatedType(AnnotatedType<?>) used for class org.glassfish.jersey.ext.cdi1x.transaction.internal.TransactionalExceptionMapper is deprecated from CDI 1.1!]]

[2021-01-12T09:44:12.783+0100] [glassfish 5.1] [WARN] [] [org.jboss.weld.Bootstrap] [tid: _ThreadID=45 _ThreadName=admin-listener(2)] [timeMillis: 1610441052783] [levelValue: 900] [[
  WELD-000146: BeforeBeanDiscovery.addAnnotatedType(AnnotatedType<?>) used for class com.sun.faces.flow.FlowDiscoveryCDIHelper is deprecated from CDI 1.1!]]

[2021-01-12T09:44:12.785+0100] [glassfish 5.1] [WARN] [] [org.jboss.weld.Bootstrap] [tid: _ThreadID=45 _ThreadName=admin-listener(2)] [timeMillis: 1610441052785] [levelValue: 900] [[
  WELD-000146: BeforeBeanDiscovery.addAnnotatedType(AnnotatedType<?>) used for class org.glassfish.cdi.transaction.TransactionalInterceptorMandatory is deprecated from CDI 1.1!]]

[2021-01-12T09:44:12.788+0100] [glassfish 5.1] [WARN] [] [org.jboss.weld.Bootstrap] [tid: _ThreadID=45 _ThreadName=admin-listener(2)] [timeMillis: 1610441052788] [levelValue: 900] [[
  WELD-000146: BeforeBeanDiscovery.addAnnotatedType(AnnotatedType<?>) used for class org.glassfish.cdi.transaction.TransactionalInterceptorNever is deprecated from CDI 1.1!]]

[2021-01-12T09:44:12.790+0100] [glassfish 5.1] [WARN] [] [org.jboss.weld.Bootstrap] [tid: _ThreadID=45 _ThreadName=admin-listener(2)] [timeMillis: 1610441052790] [levelValue: 900] [[
  WELD-000146: BeforeBeanDiscovery.addAnnotatedType(AnnotatedType<?>) used for class org.glassfish.cdi.transaction.TransactionalInterceptorNotSupported is deprecated from CDI 1.1!]]

[2021-01-12T09:44:12.795+0100] [glassfish 5.1] [WARN] [] [org.jboss.weld.Bootstrap] [tid: _ThreadID=45 _ThreadName=admin-listener(2)] [timeMillis: 1610441052795] [levelValue: 900] [[
  WELD-000146: BeforeBeanDiscovery.addAnnotatedType(AnnotatedType<?>) used for class org.glassfish.cdi.transaction.TransactionalInterceptorRequired is deprecated from CDI 1.1!]]

[2021-01-12T09:44:12.798+0100] [glassfish 5.1] [WARN] [] [org.jboss.weld.Bootstrap] [tid: _ThreadID=45 _ThreadName=admin-listener(2)] [timeMillis: 1610441052798] [levelValue: 900] [[
  WELD-000146: BeforeBeanDiscovery.addAnnotatedType(AnnotatedType<?>) used for class org.glassfish.cdi.transaction.TransactionalInterceptorRequiresNew is deprecated from CDI 1.1!]]

[2021-01-12T09:44:12.804+0100] [glassfish 5.1] [WARN] [] [org.jboss.weld.Bootstrap] [tid: _ThreadID=45 _ThreadName=admin-listener(2)] [timeMillis: 1610441052804] [levelValue: 900] [[
  WELD-000146: BeforeBeanDiscovery.addAnnotatedType(AnnotatedType<?>) used for class org.glassfish.cdi.transaction.TransactionalInterceptorSupports is deprecated from CDI 1.1!]]

[2021-01-12T09:44:12.815+0100] [glassfish 5.1] [WARN] [] [org.jboss.weld.Bootstrap] [tid: _ThreadID=45 _ThreadName=admin-listener(2)] [timeMillis: 1610441052815] [levelValue: 900] [[
  WELD-000146: BeforeBeanDiscovery.addAnnotatedType(AnnotatedType<?>) used for class org.glassfish.jersey.ext.cdi1x.servlet.internal.CdiExternalRequestScope is deprecated from CDI 1.1!]]

[2021-01-12T09:44:12.817+0100] [glassfish 5.1] [WARN] [] [org.jboss.weld.Bootstrap] [tid: _ThreadID=45 _ThreadName=admin-listener(2)] [timeMillis: 1610441052817] [levelValue: 900] [[
  WELD-000146: BeforeBeanDiscovery.addAnnotatedType(AnnotatedType<?>) used for class org.glassfish.jersey.ext.cdi1x.internal.CdiComponentProvider$JaxRsParamProducer is deprecated from CDI 1.1!]]

[2021-01-12T09:44:12.822+0100] [glassfish 5.1] [WARN] [] [org.jboss.weld.Bootstrap] [tid: _ThreadID=45 _ThreadName=admin-listener(2)] [timeMillis: 1610441052822] [levelValue: 900] [[
  WELD-000146: BeforeBeanDiscovery.addAnnotatedType(AnnotatedType<?>) used for class com.ibm.jbatch.container.cdi.BatchProducerBean is deprecated from CDI 1.1!]]

[2021-01-12T09:44:13.673+0100] [glassfish 5.1] [INFO] [] [org.glassfish.soteria.servlet.SamRegistrationInstaller] [tid: _ThreadID=45 _ThreadName=admin-listener(2)] [timeMillis: 1610441053673] [levelValue: 800] [[
  Initializing Soteria 1.0.1 for context '/pruebaglassfish']]

[2021-01-12T09:44:14.081+0100] [glassfish 5.1] [INFO] [AS-WEB-GLUE-00172] [javax.enterprise.web] [tid: _ThreadID=45 _ThreadName=admin-listener(2)] [timeMillis: 1610441054081] [levelValue: 800] [[
  Loading application [pruebaglassfish-1.0] at [/pruebaglassfish]]]

[2021-01-12T09:44:14.103+0100] [glassfish 5.1] [INFO] [] [javax.enterprise.system.core] [tid: _ThreadID=45 _ThreadName=admin-listener(2)] [timeMillis: 1610441054103] [levelValue: 800] [[
  pruebaglassfish-1.0 was successfully deployed in 1.857 milliseconds.]]

[2021-01-12T10:04:07.620+0100] [glassfish 5.1] [INFO] [NCLS-CORE-00092] [javax.enterprise.system.core] [tid: _ThreadID=246 _ThreadName=Thread-46] [timeMillis: 1610442247620] [levelValue: 800] [[
  Server shutdown initiated]]

[2021-01-12T10:04:07.641+0100] [glassfish 5.1] [INFO] [NCLS-BOOTSTRAP-00028] [javax.enterprise.bootstrap] [tid: _ThreadID=246 _ThreadName=Thread-46] [timeMillis: 1610442247641] [levelValue: 800] [[
  Unregistered com.sun.enterprise.glassfish.bootstrap.osgi.EmbeddedOSGiGlassFishImpl@631cb129 from service registry.]]

[2021-01-12T10:04:07.642+0100] [glassfish 5.1] [INFO] [] [] [tid: _ThreadID=246 _ThreadName=Thread-8] [timeMillis: 1610442247642] [levelValue: 800] [[
  FileMonitoring shutdown]]

[2021-01-12T10:04:07.647+0100] [glassfish 5.1] [INFO] [NCLS-JMX-00002] [javax.enterprise.system.jmx] [tid: _ThreadID=246 _ThreadName=Thread-46] [timeMillis: 1610442247647] [levelValue: 800] [[
  JMXStartupService: Stopped JMXConnectorServer: null]]

[2021-01-12T10:04:07.649+0100] [glassfish 5.1] [INFO] [NCLS-JMX-00001] [javax.enterprise.system.jmx] [tid: _ThreadID=246 _ThreadName=Thread-46] [timeMillis: 1610442247649] [levelValue: 800] [[
  JMXStartupService and JMXConnectors have been shut down.]]

[2021-01-12T10:04:07.952+0100] [glassfish 5.1] [INFO] [] [] [tid: _ThreadID=255 _ThreadName=Thread-8] [timeMillis: 1610442247952] [levelValue: 800] [[
  JdbcRuntimeExtension,  getAllSystemRAResourcesAndPools = [GlassFishConfigBean.org.glassfish.jdbc.config.JdbcResource, GlassFishConfigBean.org.glassfish.jdbc.config.JdbcResource, GlassFishConfigBean.org.glassfish.jdbc.config.JdbcConnectionPool, GlassFishConfigBean.org.glassfish.jdbc.config.JdbcConnectionPool, GlassFishConfigBean.org.glassfish.jdbc.config.JdbcConnectionPool, GlassFishConfigBean.org.glassfish.jdbc.config.JdbcResource]]]

